# JRE version: Java(TM) SE Runtime Environment (21.0.6+8) (build 21.0.6+8-LTS-188)
# Java VM: Java HotSpot(TM) 64-Bit Server VM (21.0.6+8-LTS-188, mixed mode, sharing, tiered, compressed oops, compressed class ptrs, parallel gc, windows-amd64)
GC Precious Log:
 CardTable entry size: 512
 CPUs: 12 total, 12 available
 Memory: 5996M
 Large Page Support: Disabled
 NUMA Support: Disabled
 Compressed Oops: Enabled (32-bit)
 Alignments: Space 512K, Generation 512K, Heap 2M
 Heap Min Capacity: 8M
 Heap Initial Capacity: 94M
 Heap Max Capacity: 1536M
 Pre-touch: Disabled
 Parallel Workers: 10
Heap:
 PSYoungGen      total 244736K, used 74638K [0x00000000e0000000, 0x00000000f3f80000, 0x0000000100000000)
  eden space 226304K, 24% used [0x00000000e0000000,0x00000000e36e4320,0x00000000edd00000)
  from space 18432K, 99% used [0x00000000ef700000,0x00000000f08ff6b8,0x00000000f0900000)
  to   space 26624K, 0% used [0x00000000edd00000,0x00000000edd00000,0x00000000ef700000)
 ParOldGen       total 113664K, used 82273K [0x00000000a0000000, 0x00000000a6f00000, 0x00000000e0000000)
  object space 113664K, 72% used [0x00000000a0000000,0x00000000a5058520,0x00000000a6f00000)
 Metaspace       used 91930K, committed 94208K, reserved 458752K
  class space    used 12790K, committed 13888K, reserved 327680K
GC Heap History (20 events):
Event: 7.552 GC heap before
{Heap before GC invocations=9 (full 2):
 PSYoungGen      total 108544K, used 98304K [0x00000000e0000000, 0x00000000e7500000, 0x0000000100000000)
  eden space 98304K, 100% used [0x00000000e0000000,0x00000000e6000000,0x00000000e6000000)
  from space 10240K, 0% used [0x00000000e6b00000,0x00000000e6b00000,0x00000000e7500000)
  to   space 10752K, 0% used [0x00000000e6000000,0x00000000e6000000,0x00000000e6a80000)
 ParOldGen       total 64512K, used 29143K [0x00000000a0000000, 0x00000000a3f00000, 0x00000000e0000000)
  object space 64512K, 45% used [0x00000000a0000000,0x00000000a1c75e58,0x00000000a3f00000)
 Metaspace       used 41285K, committed 42496K, reserved 393216K
  class space    used 5581K, committed 6208K, reserved 327680K
}
Event: 7.559 GC heap after
{Heap after GC invocations=9 (full 2):
 PSYoungGen      total 103424K, used 8488K [0x00000000e0000000, 0x00000000e7180000, 0x0000000100000000)
  eden space 94720K, 0% used [0x00000000e0000000,0x00000000e0000000,0x00000000e5c80000)
  from space 8704K, 97% used [0x00000000e6000000,0x00000000e684a1e0,0x00000000e6880000)
  to   space 9216K, 0% used [0x00000000e6880000,0x00000000e6880000,0x00000000e7180000)
 ParOldGen       total 64512K, used 29151K [0x00000000a0000000, 0x00000000a3f00000, 0x00000000e0000000)
  object space 64512K, 45% used [0x00000000a0000000,0x00000000a1c77e58,0x00000000a3f00000)
 Metaspace       used 41285K, committed 42496K, reserved 393216K
  class space    used 5581K, committed 6208K, reserved 327680K
}
Event: 8.470 GC heap before
{Heap before GC invocations=10 (full 2):
 PSYoungGen      total 103424K, used 103208K [0x00000000e0000000, 0x00000000e7180000, 0x0000000100000000)
  eden space 94720K, 100% used [0x00000000e0000000,0x00000000e5c80000,0x00000000e5c80000)
  from space 8704K, 97% used [0x00000000e6000000,0x00000000e684a1e0,0x00000000e6880000)
  to   space 9216K, 0% used [0x00000000e6880000,0x00000000e6880000,0x00000000e7180000)
 ParOldGen       total 64512K, used 29151K [0x00000000a0000000, 0x00000000a3f00000, 0x00000000e0000000)
  object space 64512K, 45% used [0x00000000a0000000,0x00000000a1c77e58,0x00000000a3f00000)
 Metaspace       used 48793K, committed 50560K, reserved 393216K
  class space    used 6820K, committed 7680K, reserved 327680K
}
Event: 8.482 GC heap after
{Heap after GC invocations=10 (full 2):
 PSYoungGen      total 100352K, used 9200K [0x00000000e0000000, 0x00000000e7200000, 0x0000000100000000)
  eden space 91136K, 0% used [0x00000000e0000000,0x00000000e0000000,0x00000000e5900000)
  from space 9216K, 99% used [0x00000000e6880000,0x00000000e717c040,0x00000000e7180000)
  to   space 12800K, 0% used [0x00000000e5900000,0x00000000e5900000,0x00000000e6580000)
 ParOldGen       total 64512K, used 33127K [0x00000000a0000000, 0x00000000a3f00000, 0x00000000e0000000)
  object space 64512K, 51% used [0x00000000a0000000,0x00000000a2059d18,0x00000000a3f00000)
 Metaspace       used 48793K, committed 50560K, reserved 393216K
  class space    used 6820K, committed 7680K, reserved 327680K
}
Event: 9.364 GC heap before
{Heap before GC invocations=11 (full 2):
 PSYoungGen      total 100352K, used 100336K [0x00000000e0000000, 0x00000000e7200000, 0x0000000100000000)
  eden space 91136K, 100% used [0x00000000e0000000,0x00000000e5900000,0x00000000e5900000)
  from space 9216K, 99% used [0x00000000e6880000,0x00000000e717c040,0x00000000e7180000)
  to   space 12800K, 0% used [0x00000000e5900000,0x00000000e5900000,0x00000000e6580000)
 ParOldGen       total 64512K, used 33127K [0x00000000a0000000, 0x00000000a3f00000, 0x00000000e0000000)
  object space 64512K, 51% used [0x00000000a0000000,0x00000000a2059d18,0x00000000a3f00000)
 Metaspace       used 54236K, committed 56128K, reserved 393216K
  class space    used 7645K, committed 8576K, reserved 327680K
}
Event: 9.376 GC heap after
{Heap after GC invocations=11 (full 2):
 PSYoungGen      total 103936K, used 12768K [0x00000000e0000000, 0x00000000eab80000, 0x0000000100000000)
  eden space 91136K, 0% used [0x00000000e0000000,0x00000000e0000000,0x00000000e5900000)
  from space 12800K, 99% used [0x00000000e5900000,0x00000000e6578040,0x00000000e6580000)
  to   space 14848K, 0% used [0x00000000e9d00000,0x00000000e9d00000,0x00000000eab80000)
 ParOldGen       total 64512K, used 34914K [0x00000000a0000000, 0x00000000a3f00000, 0x00000000e0000000)
  object space 64512K, 54% used [0x00000000a0000000,0x00000000a2218888,0x00000000a3f00000)
 Metaspace       used 54236K, committed 56128K, reserved 393216K
  class space    used 7645K, committed 8576K, reserved 327680K
}
Event: 9.934 GC heap before
{Heap before GC invocations=12 (full 2):
 PSYoungGen      total 103936K, used 50101K [0x00000000e0000000, 0x00000000eab80000, 0x0000000100000000)
  eden space 91136K, 40% used [0x00000000e0000000,0x00000000e2475550,0x00000000e5900000)
  from space 12800K, 99% used [0x00000000e5900000,0x00000000e6578040,0x00000000e6580000)
  to   space 14848K, 0% used [0x00000000e9d00000,0x00000000e9d00000,0x00000000eab80000)
 ParOldGen       total 64512K, used 34914K [0x00000000a0000000, 0x00000000a3f00000, 0x00000000e0000000)
  object space 64512K, 54% used [0x00000000a0000000,0x00000000a2218888,0x00000000a3f00000)
 Metaspace       used 57796K, committed 59776K, reserved 393216K
  class space    used 8271K, committed 9280K, reserved 327680K
}
Event: 9.948 GC heap after
{Heap after GC invocations=12 (full 2):
 PSYoungGen      total 159744K, used 7620K [0x00000000e0000000, 0x00000000eaa80000, 0x0000000100000000)
  eden space 145920K, 0% used [0x00000000e0000000,0x00000000e0000000,0x00000000e8e80000)
  from space 13824K, 55% used [0x00000000e9d00000,0x00000000ea471288,0x00000000eaa80000)
  to   space 14336K, 0% used [0x00000000e8e80000,0x00000000e8e80000,0x00000000e9c80000)
 ParOldGen       total 64512K, used 41846K [0x00000000a0000000, 0x00000000a3f00000, 0x00000000e0000000)
  object space 64512K, 64% used [0x00000000a0000000,0x00000000a28dda58,0x00000000a3f00000)
 Metaspace       used 57796K, committed 59776K, reserved 393216K
  class space    used 8271K, committed 9280K, reserved 327680K
}
Event: 9.948 GC heap before
{Heap before GC invocations=13 (full 3):
 PSYoungGen      total 159744K, used 7620K [0x00000000e0000000, 0x00000000eaa80000, 0x0000000100000000)
  eden space 145920K, 0% used [0x00000000e0000000,0x00000000e0000000,0x00000000e8e80000)
  from space 13824K, 55% used [0x00000000e9d00000,0x00000000ea471288,0x00000000eaa80000)
  to   space 14336K, 0% used [0x00000000e8e80000,0x00000000e8e80000,0x00000000e9c80000)
 ParOldGen       total 64512K, used 41846K [0x00000000a0000000, 0x00000000a3f00000, 0x00000000e0000000)
  object space 64512K, 64% used [0x00000000a0000000,0x00000000a28dda58,0x00000000a3f00000)
 Metaspace       used 57796K, committed 59776K, reserved 393216K
  class space    used 8271K, committed 9280K, reserved 327680K
}
Event: 10.017 GC heap after
{Heap after GC invocations=13 (full 3):
 PSYoungGen      total 159744K, used 0K [0x00000000e0000000, 0x00000000eaa80000, 0x0000000100000000)
  eden space 145920K, 0% used [0x00000000e0000000,0x00000000e0000000,0x00000000e8e80000)
  from space 13824K, 0% used [0x00000000e9d00000,0x00000000e9d00000,0x00000000eaa80000)
  to   space 14336K, 0% used [0x00000000e8e80000,0x00000000e8e80000,0x00000000e9c80000)
 ParOldGen       total 64512K, used 47554K [0x00000000a0000000, 0x00000000a3f00000, 0x00000000e0000000)
  object space 64512K, 73% used [0x00000000a0000000,0x00000000a2e70a50,0x00000000a3f00000)
 Metaspace       used 57796K, committed 59776K, reserved 393216K
  class space    used 8271K, committed 9280K, reserved 327680K
}
Event: 11.364 GC heap before
{Heap before GC invocations=14 (full 3):
 PSYoungGen      total 159744K, used 145920K [0x00000000e0000000, 0x00000000eaa80000, 0x0000000100000000)
  eden space 145920K, 100% used [0x00000000e0000000,0x00000000e8e80000,0x00000000e8e80000)
  from space 13824K, 0% used [0x00000000e9d00000,0x00000000e9d00000,0x00000000eaa80000)
  to   space 14336K, 0% used [0x00000000e8e80000,0x00000000e8e80000,0x00000000e9c80000)
 ParOldGen       total 64512K, used 47554K [0x00000000a0000000, 0x00000000a3f00000, 0x00000000e0000000)
  object space 64512K, 73% used [0x00000000a0000000,0x00000000a2e70a50,0x00000000a3f00000)
 Metaspace       used 69570K, committed 71680K, reserved 393216K
  class space    used 9840K, committed 10880K, reserved 327680K
}
Event: 11.372 GC heap after
{Heap after GC invocations=14 (full 3):
 PSYoungGen      total 160256K, used 8775K [0x00000000e0000000, 0x00000000eff00000, 0x0000000100000000)
  eden space 145920K, 0% used [0x00000000e0000000,0x00000000e0000000,0x00000000e8e80000)
  from space 14336K, 61% used [0x00000000e8e80000,0x00000000e9711cc8,0x00000000e9c80000)
  to   space 13824K, 0% used [0x00000000ef180000,0x00000000ef180000,0x00000000eff00000)
 ParOldGen       total 64512K, used 47562K [0x00000000a0000000, 0x00000000a3f00000, 0x00000000e0000000)
  object space 64512K, 73% used [0x00000000a0000000,0x00000000a2e72a50,0x00000000a3f00000)
 Metaspace       used 69570K, committed 71680K, reserved 393216K
  class space    used 9840K, committed 10880K, reserved 327680K
}
Event: 18.235 GC heap before
{Heap before GC invocations=15 (full 3):
 PSYoungGen      total 160256K, used 154695K [0x00000000e0000000, 0x00000000eff00000, 0x0000000100000000)
  eden space 145920K, 100% used [0x00000000e0000000,0x00000000e8e80000,0x00000000e8e80000)
  from space 14336K, 61% used [0x00000000e8e80000,0x00000000e9711cc8,0x00000000e9c80000)
  to   space 13824K, 0% used [0x00000000ef180000,0x00000000ef180000,0x00000000eff00000)
 ParOldGen       total 64512K, used 47562K [0x00000000a0000000, 0x00000000a3f00000, 0x00000000e0000000)
  object space 64512K, 73% used [0x00000000a0000000,0x00000000a2e72a50,0x00000000a3f00000)
 Metaspace       used 76698K, committed 78976K, reserved 458752K
  class space    used 10929K, committed 12032K, reserved 327680K
}
Event: 18.258 GC heap after
{Heap after GC invocations=15 (full 3):
 PSYoungGen      total 153600K, used 13792K [0x00000000e0000000, 0x00000000eff00000, 0x0000000100000000)
  eden space 139776K, 0% used [0x00000000e0000000,0x00000000e0000000,0x00000000e8880000)
  from space 13824K, 99% used [0x00000000ef180000,0x00000000efef8030,0x00000000eff00000)
  to   space 18944K, 0% used [0x00000000eda00000,0x00000000eda00000,0x00000000eec80000)
 ParOldGen       total 64512K, used 56941K [0x00000000a0000000, 0x00000000a3f00000, 0x00000000e0000000)
  object space 64512K, 88% used [0x00000000a0000000,0x00000000a379b468,0x00000000a3f00000)
 Metaspace       used 76698K, committed 78976K, reserved 458752K
  class space    used 10929K, committed 12032K, reserved 327680K
}
Event: 18.258 GC heap before
{Heap before GC invocations=16 (full 4):
 PSYoungGen      total 153600K, used 13792K [0x00000000e0000000, 0x00000000eff00000, 0x0000000100000000)
  eden space 139776K, 0% used [0x00000000e0000000,0x00000000e0000000,0x00000000e8880000)
  from space 13824K, 99% used [0x00000000ef180000,0x00000000efef8030,0x00000000eff00000)
  to   space 18944K, 0% used [0x00000000eda00000,0x00000000eda00000,0x00000000eec80000)
 ParOldGen       total 64512K, used 56941K [0x00000000a0000000, 0x00000000a3f00000, 0x00000000e0000000)
  object space 64512K, 88% used [0x00000000a0000000,0x00000000a379b468,0x00000000a3f00000)
 Metaspace       used 76698K, committed 78976K, reserved 458752K
  class space    used 10929K, committed 12032K, reserved 327680K
}
Event: 18.362 GC heap after
{Heap after GC invocations=16 (full 4):
 PSYoungGen      total 178688K, used 1933K [0x00000000e0000000, 0x00000000ef380000, 0x0000000100000000)
  eden space 176640K, 0% used [0x00000000e0000000,0x00000000e0000000,0x00000000eac80000)
  from space 2048K, 94% used [0x00000000ef180000,0x00000000ef3634e0,0x00000000ef380000)
  to   space 18944K, 0% used [0x00000000ece80000,0x00000000ece80000,0x00000000ee100000)
 ParOldGen       total 113664K, used 64160K [0x00000000a0000000, 0x00000000a6f00000, 0x00000000e0000000)
  object space 113664K, 56% used [0x00000000a0000000,0x00000000a3ea82d0,0x00000000a6f00000)
 Metaspace       used 76698K, committed 78976K, reserved 458752K
  class space    used 10929K, committed 12032K, reserved 327680K
}
Event: 18.913 GC heap before
{Heap before GC invocations=17 (full 4):
 PSYoungGen      total 178688K, used 178573K [0x00000000e0000000, 0x00000000ef380000, 0x0000000100000000)
  eden space 176640K, 100% used [0x00000000e0000000,0x00000000eac80000,0x00000000eac80000)
  from space 2048K, 94% used [0x00000000ef180000,0x00000000ef3634e0,0x00000000ef380000)
  to   space 18944K, 0% used [0x00000000ece80000,0x00000000ece80000,0x00000000ee100000)
 ParOldGen       total 113664K, used 64160K [0x00000000a0000000, 0x00000000a6f00000, 0x00000000e0000000)
  object space 113664K, 56% used [0x00000000a0000000,0x00000000a3ea82d0,0x00000000a6f00000)
 Metaspace       used 77188K, committed 79424K, reserved 458752K
  class space    used 10941K, committed 12032K, reserved 327680K
}
Event: 18.935 GC heap after
{Heap after GC invocations=17 (full 4):
 PSYoungGen      total 230400K, used 7744K [0x00000000e0000000, 0x00000000f0900000, 0x0000000100000000)
  eden space 211456K, 0% used [0x00000000e0000000,0x00000000e0000000,0x00000000ece80000)
  from space 18944K, 40% used [0x00000000ece80000,0x00000000ed610020,0x00000000ee100000)
  to   space 18432K, 0% used [0x00000000ef700000,0x00000000ef700000,0x00000000f0900000)
 ParOldGen       total 113664K, used 66136K [0x00000000a0000000, 0x00000000a6f00000, 0x00000000e0000000)
  object space 113664K, 58% used [0x00000000a0000000,0x00000000a4096320,0x00000000a6f00000)
 Metaspace       used 77188K, committed 79424K, reserved 458752K
  class space    used 10941K, committed 12032K, reserved 327680K
}
Event: 29.608 GC heap before
{Heap before GC invocations=18 (full 4):
 PSYoungGen      total 230400K, used 219200K [0x00000000e0000000, 0x00000000f0900000, 0x0000000100000000)
  eden space 211456K, 100% used [0x00000000e0000000,0x00000000ece80000,0x00000000ece80000)
  from space 18944K, 40% used [0x00000000ece80000,0x00000000ed610020,0x00000000ee100000)
  to   space 18432K, 0% used [0x00000000ef700000,0x00000000ef700000,0x00000000f0900000)
 ParOldGen       total 113664K, used 66136K [0x00000000a0000000, 0x00000000a6f00000, 0x00000000e0000000)
  object space 113664K, 58% used [0x00000000a0000000,0x00000000a4096320,0x00000000a6f00000)
 Metaspace       used 88007K, committed 90368K, reserved 458752K
  class space    used 12254K, committed 13376K, reserved 327680K
}
Event: 29.649 GC heap after
{Heap after GC invocations=18 (full 4):
 PSYoungGen      total 244736K, used 18429K [0x00000000e0000000, 0x00000000f3f80000, 0x0000000100000000)
  eden space 226304K, 0% used [0x00000000e0000000,0x00000000e0000000,0x00000000edd00000)
  from space 18432K, 99% used [0x00000000ef700000,0x00000000f08ff6b8,0x00000000f0900000)
  to   space 26624K, 0% used [0x00000000edd00000,0x00000000edd00000,0x00000000ef700000)
 ParOldGen       total 113664K, used 82273K [0x00000000a0000000, 0x00000000a6f00000, 0x00000000e0000000)
  object space 113664K, 72% used [0x00000000a0000000,0x00000000a5058520,0x00000000a6f00000)
 Metaspace       used 88007K, committed 90368K, reserved 458752K
  class space    used 12254K, committed 13376K, reserved 327680K
}

