# JRE version: Java(TM) SE Runtime Environment (21.0.6+8) (build 21.0.6+8-LTS-188)
# Java VM: Java HotSpot(TM) 64-Bit Server VM (21.0.6+8-LTS-188, mixed mode, sharing, tiered, compressed oops, compressed class ptrs, parallel gc, windows-amd64)
GC Precious Log:
 CardTable entry size: 512
 CPUs: 12 total, 12 available
 Memory: 5996M
 Large Page Support: Disabled
 NUMA Support: Disabled
 Compressed Oops: Enabled (32-bit)
 Alignments: Space 512K, Generation 512K, Heap 2M
 Heap Min Capacity: 8M
 Heap Initial Capacity: 94M
 Heap Max Capacity: 1536M
 Pre-touch: Disabled
 Parallel Workers: 10
Heap:
 PSYoungGen      total 178688K, used 43923K [0x00000000e0000000, 0x00000000ede80000, 0x0000000100000000)
  eden space 155136K, 13% used [0x00000000e0000000,0x00000000e146e718,0x00000000e9780000)
  from space 23552K, 97% used [0x00000000e9780000,0x00000000eadf6560,0x00000000eae80000)
  to   space 26624K, 0% used [0x00000000ec480000,0x00000000ec480000,0x00000000ede80000)
 ParOldGen       total 114176K, used 85472K [0x00000000a0000000, 0x00000000a6f80000, 0x00000000e0000000)
  object space 114176K, 74% used [0x00000000a0000000,0x00000000a5378270,0x00000000a6f80000)
 Metaspace       used 101312K, committed 103808K, reserved 458752K
  class space    used 14185K, committed 15424K, reserved 327680K
GC Heap History (20 events):
Event: 13.175 GC heap before
{Heap before GC invocations=13 (full 3):
 PSYoungGen      total 99840K, used 7652K [0x00000000e0000000, 0x00000000e7180000, 0x0000000100000000)
  eden space 87552K, 0% used [0x00000000e0000000,0x00000000e0000000,0x00000000e5580000)
  from space 12288K, 62% used [0x00000000e6580000,0x00000000e6cf9288,0x00000000e7180000)
  to   space 14336K, 0% used [0x00000000e5580000,0x00000000e5580000,0x00000000e6380000)
 ParOldGen       total 64512K, used 41579K [0x00000000a0000000, 0x00000000a3f00000, 0x00000000e0000000)
  object space 64512K, 64% used [0x00000000a0000000,0x00000000a289ada8,0x00000000a3f00000)
 Metaspace       used 57778K, committed 59776K, reserved 393216K
  class space    used 8267K, committed 9280K, reserved 327680K
}
Event: 13.246 GC heap after
{Heap after GC invocations=13 (full 3):
 PSYoungGen      total 99840K, used 0K [0x00000000e0000000, 0x00000000e7180000, 0x0000000100000000)
  eden space 87552K, 0% used [0x00000000e0000000,0x00000000e0000000,0x00000000e5580000)
  from space 12288K, 0% used [0x00000000e6580000,0x00000000e6580000,0x00000000e7180000)
  to   space 14336K, 0% used [0x00000000e5580000,0x00000000e5580000,0x00000000e6380000)
 ParOldGen       total 64512K, used 47557K [0x00000000a0000000, 0x00000000a3f00000, 0x00000000e0000000)
  object space 64512K, 73% used [0x00000000a0000000,0x00000000a2e71600,0x00000000a3f00000)
 Metaspace       used 57778K, committed 59776K, reserved 393216K
  class space    used 8267K, committed 9280K, reserved 327680K
}
Event: 14.304 GC heap before
{Heap before GC invocations=14 (full 3):
 PSYoungGen      total 99840K, used 87552K [0x00000000e0000000, 0x00000000e7180000, 0x0000000100000000)
  eden space 87552K, 100% used [0x00000000e0000000,0x00000000e5580000,0x00000000e5580000)
  from space 12288K, 0% used [0x00000000e6580000,0x00000000e6580000,0x00000000e7180000)
  to   space 14336K, 0% used [0x00000000e5580000,0x00000000e5580000,0x00000000e6380000)
 ParOldGen       total 64512K, used 47557K [0x00000000a0000000, 0x00000000a3f00000, 0x00000000e0000000)
  object space 64512K, 73% used [0x00000000a0000000,0x00000000a2e71600,0x00000000a3f00000)
 Metaspace       used 65906K, committed 67968K, reserved 393216K
  class space    used 9328K, committed 10368K, reserved 327680K
}
Event: 14.308 GC heap after
{Heap after GC invocations=14 (full 3):
 PSYoungGen      total 92160K, used 7368K [0x00000000e0000000, 0x00000000e6d80000, 0x0000000100000000)
  eden space 84480K, 0% used [0x00000000e0000000,0x00000000e0000000,0x00000000e5280000)
  from space 7680K, 95% used [0x00000000e5580000,0x00000000e5cb2018,0x00000000e5d00000)
  to   space 13824K, 0% used [0x00000000e6000000,0x00000000e6000000,0x00000000e6d80000)
 ParOldGen       total 64512K, used 47565K [0x00000000a0000000, 0x00000000a3f00000, 0x00000000e0000000)
  object space 64512K, 73% used [0x00000000a0000000,0x00000000a2e73600,0x00000000a3f00000)
 Metaspace       used 65906K, committed 67968K, reserved 393216K
  class space    used 9328K, committed 10368K, reserved 327680K
}
Event: 15.301 GC heap before
{Heap before GC invocations=15 (full 3):
 PSYoungGen      total 92160K, used 91848K [0x00000000e0000000, 0x00000000e6d80000, 0x0000000100000000)
  eden space 84480K, 100% used [0x00000000e0000000,0x00000000e5280000,0x00000000e5280000)
  from space 7680K, 95% used [0x00000000e5580000,0x00000000e5cb2018,0x00000000e5d00000)
  to   space 13824K, 0% used [0x00000000e6000000,0x00000000e6000000,0x00000000e6d80000)
 ParOldGen       total 64512K, used 47565K [0x00000000a0000000, 0x00000000a3f00000, 0x00000000e0000000)
  object space 64512K, 73% used [0x00000000a0000000,0x00000000a2e73600,0x00000000a3f00000)
 Metaspace       used 70561K, committed 72640K, reserved 393216K
  class space    used 9976K, committed 11008K, reserved 327680K
}
Event: 15.319 GC heap after
{Heap after GC invocations=15 (full 3):
 PSYoungGen      total 98304K, used 5567K [0x00000000e0000000, 0x00000000e9f00000, 0x0000000100000000)
  eden space 84480K, 0% used [0x00000000e0000000,0x00000000e0000000,0x00000000e5280000)
  from space 13824K, 40% used [0x00000000e6000000,0x00000000e656fd08,0x00000000e6d80000)
  to   space 13824K, 0% used [0x00000000e5280000,0x00000000e5280000,0x00000000e6000000)
 ParOldGen       total 64512K, used 54683K [0x00000000a0000000, 0x00000000a3f00000, 0x00000000e0000000)
  object space 64512K, 84% used [0x00000000a0000000,0x00000000a3566fc0,0x00000000a3f00000)
 Metaspace       used 70561K, committed 72640K, reserved 393216K
  class space    used 9976K, committed 11008K, reserved 327680K
}
Event: 16.678 GC heap before
{Heap before GC invocations=16 (full 3):
 PSYoungGen      total 98304K, used 90047K [0x00000000e0000000, 0x00000000e9f00000, 0x0000000100000000)
  eden space 84480K, 100% used [0x00000000e0000000,0x00000000e5280000,0x00000000e5280000)
  from space 13824K, 40% used [0x00000000e6000000,0x00000000e656fd08,0x00000000e6d80000)
  to   space 13824K, 0% used [0x00000000e5280000,0x00000000e5280000,0x00000000e6000000)
 ParOldGen       total 64512K, used 54683K [0x00000000a0000000, 0x00000000a3f00000, 0x00000000e0000000)
  object space 64512K, 84% used [0x00000000a0000000,0x00000000a3566fc0,0x00000000a3f00000)
 Metaspace       used 75795K, committed 78080K, reserved 458752K
  class space    used 10814K, committed 11904K, reserved 327680K
}
Event: 16.688 GC heap after
{Heap after GC invocations=16 (full 3):
 PSYoungGen      total 98304K, used 7312K [0x00000000e0000000, 0x00000000e9f00000, 0x0000000100000000)
  eden space 84480K, 0% used [0x00000000e0000000,0x00000000e0000000,0x00000000e5280000)
  from space 13824K, 52% used [0x00000000e5280000,0x00000000e59a4288,0x00000000e6000000)
  to   space 13824K, 0% used [0x00000000e9180000,0x00000000e9180000,0x00000000e9f00000)
 ParOldGen       total 64512K, used 59951K [0x00000000a0000000, 0x00000000a3f00000, 0x00000000e0000000)
  object space 64512K, 92% used [0x00000000a0000000,0x00000000a3a8bd08,0x00000000a3f00000)
 Metaspace       used 75795K, committed 78080K, reserved 458752K
  class space    used 10814K, committed 11904K, reserved 327680K
}
Event: 16.688 GC heap before
{Heap before GC invocations=17 (full 4):
 PSYoungGen      total 98304K, used 7312K [0x00000000e0000000, 0x00000000e9f00000, 0x0000000100000000)
  eden space 84480K, 0% used [0x00000000e0000000,0x00000000e0000000,0x00000000e5280000)
  from space 13824K, 52% used [0x00000000e5280000,0x00000000e59a4288,0x00000000e6000000)
  to   space 13824K, 0% used [0x00000000e9180000,0x00000000e9180000,0x00000000e9f00000)
 ParOldGen       total 64512K, used 59951K [0x00000000a0000000, 0x00000000a3f00000, 0x00000000e0000000)
  object space 64512K, 92% used [0x00000000a0000000,0x00000000a3a8bd08,0x00000000a3f00000)
 Metaspace       used 75795K, committed 78080K, reserved 458752K
  class space    used 10814K, committed 11904K, reserved 327680K
}
Event: 16.750 GC heap after
{Heap after GC invocations=17 (full 4):
 PSYoungGen      total 103936K, used 0K [0x00000000e0000000, 0x00000000e9200000, 0x0000000100000000)
  eden space 103424K, 0% used [0x00000000e0000000,0x00000000e0000000,0x00000000e6500000)
  from space 512K, 0% used [0x00000000e9180000,0x00000000e9180000,0x00000000e9200000)
  to   space 13824K, 0% used [0x00000000e7700000,0x00000000e7700000,0x00000000e8480000)
 ParOldGen       total 114176K, used 63966K [0x00000000a0000000, 0x00000000a6f80000, 0x00000000e0000000)
  object space 114176K, 56% used [0x00000000a0000000,0x00000000a3e77be8,0x00000000a6f80000)
 Metaspace       used 75795K, committed 78080K, reserved 458752K
  class space    used 10814K, committed 11904K, reserved 327680K
}
Event: 17.491 GC heap before
{Heap before GC invocations=18 (full 4):
 PSYoungGen      total 103936K, used 103424K [0x00000000e0000000, 0x00000000e9200000, 0x0000000100000000)
  eden space 103424K, 100% used [0x00000000e0000000,0x00000000e6500000,0x00000000e6500000)
  from space 512K, 0% used [0x00000000e9180000,0x00000000e9180000,0x00000000e9200000)
  to   space 13824K, 0% used [0x00000000e7700000,0x00000000e7700000,0x00000000e8480000)
 ParOldGen       total 114176K, used 63966K [0x00000000a0000000, 0x00000000a6f80000, 0x00000000e0000000)
  object space 114176K, 56% used [0x00000000a0000000,0x00000000a3e77be8,0x00000000a6f80000)
 Metaspace       used 77198K, committed 79424K, reserved 458752K
  class space    used 10953K, committed 12032K, reserved 327680K
}
Event: 17.501 GC heap after
{Heap after GC invocations=18 (full 4):
 PSYoungGen      total 135680K, used 7568K [0x00000000e0000000, 0x00000000e9600000, 0x0000000100000000)
  eden space 121856K, 0% used [0x00000000e0000000,0x00000000e0000000,0x00000000e7700000)
  from space 13824K, 54% used [0x00000000e7700000,0x00000000e7e64010,0x00000000e8480000)
  to   space 13312K, 0% used [0x00000000e8900000,0x00000000e8900000,0x00000000e9600000)
 ParOldGen       total 114176K, used 63974K [0x00000000a0000000, 0x00000000a6f80000, 0x00000000e0000000)
  object space 114176K, 56% used [0x00000000a0000000,0x00000000a3e79be8,0x00000000a6f80000)
 Metaspace       used 77198K, committed 79424K, reserved 458752K
  class space    used 10953K, committed 12032K, reserved 327680K
}
Event: 17.951 GC heap before
{Heap before GC invocations=19 (full 4):
 PSYoungGen      total 135680K, used 129424K [0x00000000e0000000, 0x00000000e9600000, 0x0000000100000000)
  eden space 121856K, 100% used [0x00000000e0000000,0x00000000e7700000,0x00000000e7700000)
  from space 13824K, 54% used [0x00000000e7700000,0x00000000e7e64010,0x00000000e8480000)
  to   space 13312K, 0% used [0x00000000e8900000,0x00000000e8900000,0x00000000e9600000)
 ParOldGen       total 114176K, used 63974K [0x00000000a0000000, 0x00000000a6f80000, 0x00000000e0000000)
  object space 114176K, 56% used [0x00000000a0000000,0x00000000a3e79be8,0x00000000a6f80000)
 Metaspace       used 77569K, committed 79808K, reserved 458752K
  class space    used 10996K, committed 12096K, reserved 327680K
}
Event: 17.962 GC heap after
{Heap after GC invocations=19 (full 4):
 PSYoungGen      total 139776K, used 10786K [0x00000000e0000000, 0x00000000eb200000, 0x0000000100000000)
  eden space 126464K, 0% used [0x00000000e0000000,0x00000000e0000000,0x00000000e7b80000)
  from space 13312K, 81% used [0x00000000e8900000,0x00000000e9388938,0x00000000e9600000)
  to   space 13824K, 0% used [0x00000000e7b80000,0x00000000e7b80000,0x00000000e8900000)
 ParOldGen       total 114176K, used 63982K [0x00000000a0000000, 0x00000000a6f80000, 0x00000000e0000000)
  object space 114176K, 56% used [0x00000000a0000000,0x00000000a3e7bbe8,0x00000000a6f80000)
 Metaspace       used 77569K, committed 79808K, reserved 458752K
  class space    used 10996K, committed 12096K, reserved 327680K
}
Event: 19.113 GC heap before
{Heap before GC invocations=20 (full 4):
 PSYoungGen      total 139776K, used 137250K [0x00000000e0000000, 0x00000000eb200000, 0x0000000100000000)
  eden space 126464K, 100% used [0x00000000e0000000,0x00000000e7b80000,0x00000000e7b80000)
  from space 13312K, 81% used [0x00000000e8900000,0x00000000e9388938,0x00000000e9600000)
  to   space 13824K, 0% used [0x00000000e7b80000,0x00000000e7b80000,0x00000000e8900000)
 ParOldGen       total 114176K, used 63982K [0x00000000a0000000, 0x00000000a6f80000, 0x00000000e0000000)
  object space 114176K, 56% used [0x00000000a0000000,0x00000000a3e7bbe8,0x00000000a6f80000)
 Metaspace       used 84196K, committed 86464K, reserved 458752K
  class space    used 11769K, committed 12864K, reserved 327680K
}
Event: 19.134 GC heap after
{Heap after GC invocations=20 (full 4):
 PSYoungGen      total 140288K, used 13809K [0x00000000e0000000, 0x00000000eca00000, 0x0000000100000000)
  eden space 126464K, 0% used [0x00000000e0000000,0x00000000e0000000,0x00000000e7b80000)
  from space 13824K, 99% used [0x00000000e7b80000,0x00000000e88fc468,0x00000000e8900000)
  to   space 22528K, 0% used [0x00000000eb400000,0x00000000eb400000,0x00000000eca00000)
 ParOldGen       total 114176K, used 83266K [0x00000000a0000000, 0x00000000a6f80000, 0x00000000e0000000)
  object space 114176K, 72% used [0x00000000a0000000,0x00000000a5150a88,0x00000000a6f80000)
 Metaspace       used 84196K, committed 86464K, reserved 458752K
  class space    used 11769K, committed 12864K, reserved 327680K
}
Event: 21.027 GC heap before
{Heap before GC invocations=21 (full 4):
 PSYoungGen      total 140288K, used 140273K [0x00000000e0000000, 0x00000000eca00000, 0x0000000100000000)
  eden space 126464K, 99% used [0x00000000e0000000,0x00000000e7b7fff8,0x00000000e7b80000)
  from space 13824K, 99% used [0x00000000e7b80000,0x00000000e88fc468,0x00000000e8900000)
  to   space 22528K, 0% used [0x00000000eb400000,0x00000000eb400000,0x00000000eca00000)
 ParOldGen       total 114176K, used 83266K [0x00000000a0000000, 0x00000000a6f80000, 0x00000000e0000000)
  object space 114176K, 72% used [0x00000000a0000000,0x00000000a5150a88,0x00000000a6f80000)
 Metaspace       used 92225K, committed 94656K, reserved 458752K
  class space    used 12832K, committed 14016K, reserved 327680K
}
Event: 21.042 GC heap after
{Heap after GC invocations=21 (full 4):
 PSYoungGen      total 166400K, used 17467K [0x00000000e0000000, 0x00000000ec580000, 0x0000000100000000)
  eden space 148480K, 0% used [0x00000000e0000000,0x00000000e0000000,0x00000000e9100000)
  from space 17920K, 97% used [0x00000000eb400000,0x00000000ec50ee60,0x00000000ec580000)
  to   space 23552K, 0% used [0x00000000e9780000,0x00000000e9780000,0x00000000eae80000)
 ParOldGen       total 114176K, used 85464K [0x00000000a0000000, 0x00000000a6f80000, 0x00000000e0000000)
  object space 114176K, 74% used [0x00000000a0000000,0x00000000a5376270,0x00000000a6f80000)
 Metaspace       used 92225K, committed 94656K, reserved 458752K
  class space    used 12832K, committed 14016K, reserved 327680K
}
Event: 22.834 GC heap before
{Heap before GC invocations=22 (full 4):
 PSYoungGen      total 166400K, used 165947K [0x00000000e0000000, 0x00000000ec580000, 0x0000000100000000)
  eden space 148480K, 100% used [0x00000000e0000000,0x00000000e9100000,0x00000000e9100000)
  from space 17920K, 97% used [0x00000000eb400000,0x00000000ec50ee60,0x00000000ec580000)
  to   space 23552K, 0% used [0x00000000e9780000,0x00000000e9780000,0x00000000eae80000)
 ParOldGen       total 114176K, used 85464K [0x00000000a0000000, 0x00000000a6f80000, 0x00000000e0000000)
  object space 114176K, 74% used [0x00000000a0000000,0x00000000a5376270,0x00000000a6f80000)
 Metaspace       used 99769K, committed 102272K, reserved 458752K
  class space    used 14003K, committed 15232K, reserved 327680K
}
Event: 22.861 GC heap after
{Heap after GC invocations=22 (full 4):
 PSYoungGen      total 178688K, used 23001K [0x00000000e0000000, 0x00000000ede80000, 0x0000000100000000)
  eden space 155136K, 0% used [0x00000000e0000000,0x00000000e0000000,0x00000000e9780000)
  from space 23552K, 97% used [0x00000000e9780000,0x00000000eadf6560,0x00000000eae80000)
  to   space 26624K, 0% used [0x00000000ec480000,0x00000000ec480000,0x00000000ede80000)
 ParOldGen       total 114176K, used 85472K [0x00000000a0000000, 0x00000000a6f80000, 0x00000000e0000000)
  object space 114176K, 74% used [0x00000000a0000000,0x00000000a5378270,0x00000000a6f80000)
 Metaspace       used 99769K, committed 102272K, reserved 458752K
  class space    used 14003K, committed 15232K, reserved 327680K
}

