# JRE version: Java(TM) SE Runtime Environment (21.0.6+8) (build 21.0.6+8-LTS-188)
# Java VM: Java HotSpot(TM) 64-Bit Server VM (21.0.6+8-LTS-188, mixed mode, sharing, tiered, compressed oops, compressed class ptrs, parallel gc, windows-amd64)
GC Precious Log:
 CardTable entry size: 512
 CPUs: 12 total, 12 available
 Memory: 5996M
 Large Page Support: Disabled
 NUMA Support: Disabled
 Compressed Oops: Enabled (32-bit)
 Alignments: Space 512K, Generation 512K, Heap 2M
 Heap Min Capacity: 8M
 Heap Initial Capacity: 94M
 Heap Max Capacity: 1536M
 Pre-touch: Disabled
 Parallel Workers: 10
Heap:
 PSYoungGen      total 201216K, used 54051K [0x00000000e0000000, 0x00000000ed200000, 0x0000000100000000)
  eden space 188416K, 24% used [0x00000000e0000000,0x00000000e2cb80a8,0x00000000eb800000)
  from space 12800K, 64% used [0x00000000ec580000,0x00000000ecd90de8,0x00000000ed200000)
  to   space 12288K, 0% used [0x00000000eb800000,0x00000000eb800000,0x00000000ec400000)
 ParOldGen       total 64512K, used 47492K [0x00000000a0000000, 0x00000000a3f00000, 0x00000000e0000000)
  object space 64512K, 73% used [0x00000000a0000000,0x00000000a2e61350,0x00000000a3f00000)
 Metaspace       used 73555K, committed 75712K, reserved 393216K
  class space    used 10505K, committed 11584K, reserved 327680K
GC Heap History (20 events):
Event: 6.957 GC heap before
{Heap before GC invocations=6 (full 0):
 PSYoungGen      total 52736K, used 51869K [0x00000000e0000000, 0x00000000e7700000, 0x0000000100000000)
  eden space 49152K, 98% used [0x00000000e0000000,0x00000000e2f27c40,0x00000000e3000000)
  from space 3584K, 99% used [0x00000000e3000000,0x00000000e337f8e0,0x00000000e3380000)
  to   space 11776K, 0% used [0x00000000e6b80000,0x00000000e6b80000,0x00000000e7700000)
 ParOldGen       total 64512K, used 16425K [0x00000000a0000000, 0x00000000a3f00000, 0x00000000e0000000)
  object space 64512K, 25% used [0x00000000a0000000,0x00000000a100a718,0x00000000a3f00000)
 Metaspace       used 20799K, committed 21504K, reserved 393216K
  class space    used 2977K, committed 3328K, reserved 327680K
}
Event: 6.965 GC heap after
{Heap after GC invocations=6 (full 0):
 PSYoungGen      total 109056K, used 6889K [0x00000000e0000000, 0x00000000e7600000, 0x0000000100000000)
  eden space 98304K, 0% used [0x00000000e0000000,0x00000000e0000000,0x00000000e6000000)
  from space 10752K, 64% used [0x00000000e6b80000,0x00000000e723a6a8,0x00000000e7600000)
  to   space 11264K, 0% used [0x00000000e6000000,0x00000000e6000000,0x00000000e6b00000)
 ParOldGen       total 64512K, used 16433K [0x00000000a0000000, 0x00000000a3f00000, 0x00000000e0000000)
  object space 64512K, 25% used [0x00000000a0000000,0x00000000a100c718,0x00000000a3f00000)
 Metaspace       used 20799K, committed 21504K, reserved 393216K
  class space    used 2977K, committed 3328K, reserved 327680K
}
Event: 6.965 GC heap before
{Heap before GC invocations=7 (full 1):
 PSYoungGen      total 109056K, used 6889K [0x00000000e0000000, 0x00000000e7600000, 0x0000000100000000)
  eden space 98304K, 0% used [0x00000000e0000000,0x00000000e0000000,0x00000000e6000000)
  from space 10752K, 64% used [0x00000000e6b80000,0x00000000e723a6a8,0x00000000e7600000)
  to   space 11264K, 0% used [0x00000000e6000000,0x00000000e6000000,0x00000000e6b00000)
 ParOldGen       total 64512K, used 16433K [0x00000000a0000000, 0x00000000a3f00000, 0x00000000e0000000)
  object space 64512K, 25% used [0x00000000a0000000,0x00000000a100c718,0x00000000a3f00000)
 Metaspace       used 20799K, committed 21504K, reserved 393216K
  class space    used 2977K, committed 3328K, reserved 327680K
}
Event: 7.032 GC heap after
{Heap after GC invocations=7 (full 1):
 PSYoungGen      total 109056K, used 0K [0x00000000e0000000, 0x00000000e7600000, 0x0000000100000000)
  eden space 98304K, 0% used [0x00000000e0000000,0x00000000e0000000,0x00000000e6000000)
  from space 10752K, 0% used [0x00000000e6b80000,0x00000000e6b80000,0x00000000e7600000)
  to   space 11264K, 0% used [0x00000000e6000000,0x00000000e6000000,0x00000000e6b00000)
 ParOldGen       total 64512K, used 22181K [0x00000000a0000000, 0x00000000a3f00000, 0x00000000e0000000)
  object space 64512K, 34% used [0x00000000a0000000,0x00000000a15a97d8,0x00000000a3f00000)
 Metaspace       used 20799K, committed 21504K, reserved 393216K
  class space    used 2977K, committed 3328K, reserved 327680K
}
Event: 9.611 GC heap before
{Heap before GC invocations=8 (full 1):
 PSYoungGen      total 109056K, used 98304K [0x00000000e0000000, 0x00000000e7600000, 0x0000000100000000)
  eden space 98304K, 100% used [0x00000000e0000000,0x00000000e6000000,0x00000000e6000000)
  from space 10752K, 0% used [0x00000000e6b80000,0x00000000e6b80000,0x00000000e7600000)
  to   space 11264K, 0% used [0x00000000e6000000,0x00000000e6000000,0x00000000e6b00000)
 ParOldGen       total 64512K, used 22181K [0x00000000a0000000, 0x00000000a3f00000, 0x00000000e0000000)
  object space 64512K, 34% used [0x00000000a0000000,0x00000000a15a97d8,0x00000000a3f00000)
 Metaspace       used 33701K, committed 34688K, reserved 393216K
  class space    used 4710K, committed 5184K, reserved 327680K
}
Event: 9.617 GC heap after
{Heap after GC invocations=8 (full 1):
 PSYoungGen      total 102912K, used 7776K [0x00000000e0000000, 0x00000000e7280000, 0x0000000100000000)
  eden space 94720K, 0% used [0x00000000e0000000,0x00000000e0000000,0x00000000e5c80000)
  from space 8192K, 94% used [0x00000000e6000000,0x00000000e6798368,0x00000000e6800000)
  to   space 10752K, 0% used [0x00000000e6800000,0x00000000e6800000,0x00000000e7280000)
 ParOldGen       total 64512K, used 22189K [0x00000000a0000000, 0x00000000a3f00000, 0x00000000e0000000)
  object space 64512K, 34% used [0x00000000a0000000,0x00000000a15ab7d8,0x00000000a3f00000)
 Metaspace       used 33701K, committed 34688K, reserved 393216K
  class space    used 4710K, committed 5184K, reserved 327680K
}
Event: 9.729 GC heap before
{Heap before GC invocations=9 (full 1):
 PSYoungGen      total 102912K, used 19037K [0x00000000e0000000, 0x00000000e7280000, 0x0000000100000000)
  eden space 94720K, 11% used [0x00000000e0000000,0x00000000e0aff158,0x00000000e5c80000)
  from space 8192K, 94% used [0x00000000e6000000,0x00000000e6798368,0x00000000e6800000)
  to   space 10752K, 0% used [0x00000000e6800000,0x00000000e6800000,0x00000000e7280000)
 ParOldGen       total 64512K, used 22189K [0x00000000a0000000, 0x00000000a3f00000, 0x00000000e0000000)
  object space 64512K, 34% used [0x00000000a0000000,0x00000000a15ab7d8,0x00000000a3f00000)
 Metaspace       used 34761K, committed 35840K, reserved 393216K
  class space    used 4837K, committed 5376K, reserved 327680K
}
Event: 9.735 GC heap after
{Heap after GC invocations=9 (full 1):
 PSYoungGen      total 105472K, used 8948K [0x00000000e0000000, 0x00000000e7280000, 0x0000000100000000)
  eden space 94720K, 0% used [0x00000000e0000000,0x00000000e0000000,0x00000000e5c80000)
  from space 10752K, 83% used [0x00000000e6800000,0x00000000e70bd198,0x00000000e7280000)
  to   space 11264K, 0% used [0x00000000e5c80000,0x00000000e5c80000,0x00000000e6780000)
 ParOldGen       total 64512K, used 22197K [0x00000000a0000000, 0x00000000a3f00000, 0x00000000e0000000)
  object space 64512K, 34% used [0x00000000a0000000,0x00000000a15ad7d8,0x00000000a3f00000)
 Metaspace       used 34761K, committed 35840K, reserved 393216K
  class space    used 4837K, committed 5376K, reserved 327680K
}
Event: 9.735 GC heap before
{Heap before GC invocations=10 (full 2):
 PSYoungGen      total 105472K, used 8948K [0x00000000e0000000, 0x00000000e7280000, 0x0000000100000000)
  eden space 94720K, 0% used [0x00000000e0000000,0x00000000e0000000,0x00000000e5c80000)
  from space 10752K, 83% used [0x00000000e6800000,0x00000000e70bd198,0x00000000e7280000)
  to   space 11264K, 0% used [0x00000000e5c80000,0x00000000e5c80000,0x00000000e6780000)
 ParOldGen       total 64512K, used 22197K [0x00000000a0000000, 0x00000000a3f00000, 0x00000000e0000000)
  object space 64512K, 34% used [0x00000000a0000000,0x00000000a15ad7d8,0x00000000a3f00000)
 Metaspace       used 34761K, committed 35840K, reserved 393216K
  class space    used 4837K, committed 5376K, reserved 327680K
}
Event: 9.761 GC heap after
{Heap after GC invocations=10 (full 2):
 PSYoungGen      total 105472K, used 0K [0x00000000e0000000, 0x00000000e7280000, 0x0000000100000000)
  eden space 94720K, 0% used [0x00000000e0000000,0x00000000e0000000,0x00000000e5c80000)
  from space 10752K, 0% used [0x00000000e6800000,0x00000000e6800000,0x00000000e7280000)
  to   space 11264K, 0% used [0x00000000e5c80000,0x00000000e5c80000,0x00000000e6780000)
 ParOldGen       total 64512K, used 30581K [0x00000000a0000000, 0x00000000a3f00000, 0x00000000e0000000)
  object space 64512K, 47% used [0x00000000a0000000,0x00000000a1ddd760,0x00000000a3f00000)
 Metaspace       used 34761K, committed 35840K, reserved 393216K
  class space    used 4837K, committed 5376K, reserved 327680K
}
Event: 10.867 GC heap before
{Heap before GC invocations=11 (full 2):
 PSYoungGen      total 105472K, used 94720K [0x00000000e0000000, 0x00000000e7280000, 0x0000000100000000)
  eden space 94720K, 100% used [0x00000000e0000000,0x00000000e5c80000,0x00000000e5c80000)
  from space 10752K, 0% used [0x00000000e6800000,0x00000000e6800000,0x00000000e7280000)
  to   space 11264K, 0% used [0x00000000e5c80000,0x00000000e5c80000,0x00000000e6780000)
 ParOldGen       total 64512K, used 30581K [0x00000000a0000000, 0x00000000a3f00000, 0x00000000e0000000)
  object space 64512K, 47% used [0x00000000a0000000,0x00000000a1ddd760,0x00000000a3f00000)
 Metaspace       used 43771K, committed 45376K, reserved 393216K
  class space    used 6122K, committed 6912K, reserved 327680K
}
Event: 10.872 GC heap after
{Heap after GC invocations=11 (full 2):
 PSYoungGen      total 105984K, used 5008K [0x00000000e0000000, 0x00000000ecf00000, 0x0000000100000000)
  eden space 94720K, 0% used [0x00000000e0000000,0x00000000e0000000,0x00000000e5c80000)
  from space 11264K, 44% used [0x00000000e5c80000,0x00000000e6164040,0x00000000e6780000)
  to   space 11264K, 0% used [0x00000000ec400000,0x00000000ec400000,0x00000000ecf00000)
 ParOldGen       total 64512K, used 30589K [0x00000000a0000000, 0x00000000a3f00000, 0x00000000e0000000)
  object space 64512K, 47% used [0x00000000a0000000,0x00000000a1ddf760,0x00000000a3f00000)
 Metaspace       used 43771K, committed 45376K, reserved 393216K
  class space    used 6122K, committed 6912K, reserved 327680K
}
Event: 11.970 GC heap before
{Heap before GC invocations=12 (full 2):
 PSYoungGen      total 105984K, used 99728K [0x00000000e0000000, 0x00000000ecf00000, 0x0000000100000000)
  eden space 94720K, 100% used [0x00000000e0000000,0x00000000e5c80000,0x00000000e5c80000)
  from space 11264K, 44% used [0x00000000e5c80000,0x00000000e6164040,0x00000000e6780000)
  to   space 11264K, 0% used [0x00000000ec400000,0x00000000ec400000,0x00000000ecf00000)
 ParOldGen       total 64512K, used 30589K [0x00000000a0000000, 0x00000000a3f00000, 0x00000000e0000000)
  object space 64512K, 47% used [0x00000000a0000000,0x00000000a1ddf760,0x00000000a3f00000)
 Metaspace       used 50628K, committed 52416K, reserved 393216K
  class space    used 7219K, committed 8128K, reserved 327680K
}
Event: 11.979 GC heap after
{Heap after GC invocations=12 (full 2):
 PSYoungGen      total 199680K, used 10896K [0x00000000e0000000, 0x00000000ed100000, 0x0000000100000000)
  eden space 188416K, 0% used [0x00000000e0000000,0x00000000e0000000,0x00000000eb800000)
  from space 11264K, 96% used [0x00000000ec400000,0x00000000ecea4060,0x00000000ecf00000)
  to   space 12288K, 0% used [0x00000000eb800000,0x00000000eb800000,0x00000000ec400000)
 ParOldGen       total 64512K, used 30597K [0x00000000a0000000, 0x00000000a3f00000, 0x00000000e0000000)
  object space 64512K, 47% used [0x00000000a0000000,0x00000000a1de1760,0x00000000a3f00000)
 Metaspace       used 50628K, committed 52416K, reserved 393216K
  class space    used 7219K, committed 8128K, reserved 327680K
}
Event: 12.966 GC heap before
{Heap before GC invocations=13 (full 2):
 PSYoungGen      total 199680K, used 120284K [0x00000000e0000000, 0x00000000ed100000, 0x0000000100000000)
  eden space 188416K, 58% used [0x00000000e0000000,0x00000000e6ad3290,0x00000000eb800000)
  from space 11264K, 96% used [0x00000000ec400000,0x00000000ecea4060,0x00000000ecf00000)
  to   space 12288K, 0% used [0x00000000eb800000,0x00000000eb800000,0x00000000ec400000)
 ParOldGen       total 64512K, used 30597K [0x00000000a0000000, 0x00000000a3f00000, 0x00000000e0000000)
  object space 64512K, 47% used [0x00000000a0000000,0x00000000a1de1760,0x00000000a3f00000)
 Metaspace       used 57870K, committed 59776K, reserved 393216K
  class space    used 8316K, committed 9280K, reserved 327680K
}
Event: 12.981 GC heap after
{Heap after GC invocations=13 (full 2):
 PSYoungGen      total 200704K, used 10063K [0x00000000e0000000, 0x00000000ed200000, 0x0000000100000000)
  eden space 188416K, 0% used [0x00000000e0000000,0x00000000e0000000,0x00000000eb800000)
  from space 12288K, 81% used [0x00000000eb800000,0x00000000ec1d3e30,0x00000000ec400000)
  to   space 12800K, 0% used [0x00000000ec580000,0x00000000ec580000,0x00000000ed200000)
 ParOldGen       total 64512K, used 40011K [0x00000000a0000000, 0x00000000a3f00000, 0x00000000e0000000)
  object space 64512K, 62% used [0x00000000a0000000,0x00000000a2712fb0,0x00000000a3f00000)
 Metaspace       used 57870K, committed 59776K, reserved 393216K
  class space    used 8316K, committed 9280K, reserved 327680K
}
Event: 12.981 GC heap before
{Heap before GC invocations=14 (full 3):
 PSYoungGen      total 200704K, used 10063K [0x00000000e0000000, 0x00000000ed200000, 0x0000000100000000)
  eden space 188416K, 0% used [0x00000000e0000000,0x00000000e0000000,0x00000000eb800000)
  from space 12288K, 81% used [0x00000000eb800000,0x00000000ec1d3e30,0x00000000ec400000)
  to   space 12800K, 0% used [0x00000000ec580000,0x00000000ec580000,0x00000000ed200000)
 ParOldGen       total 64512K, used 40011K [0x00000000a0000000, 0x00000000a3f00000, 0x00000000e0000000)
  object space 64512K, 62% used [0x00000000a0000000,0x00000000a2712fb0,0x00000000a3f00000)
 Metaspace       used 57870K, committed 59776K, reserved 393216K
  class space    used 8316K, committed 9280K, reserved 327680K
}
Event: 13.044 GC heap after
{Heap after GC invocations=14 (full 3):
 PSYoungGen      total 200704K, used 0K [0x00000000e0000000, 0x00000000ed200000, 0x0000000100000000)
  eden space 188416K, 0% used [0x00000000e0000000,0x00000000e0000000,0x00000000eb800000)
  from space 12288K, 0% used [0x00000000eb800000,0x00000000eb800000,0x00000000ec400000)
  to   space 12800K, 0% used [0x00000000ec580000,0x00000000ec580000,0x00000000ed200000)
 ParOldGen       total 64512K, used 47484K [0x00000000a0000000, 0x00000000a3f00000, 0x00000000e0000000)
  object space 64512K, 73% used [0x00000000a0000000,0x00000000a2e5f350,0x00000000a3f00000)
 Metaspace       used 57868K, committed 59776K, reserved 393216K
  class space    used 8315K, committed 9280K, reserved 327680K
}
Event: 16.842 GC heap before
{Heap before GC invocations=15 (full 3):
 PSYoungGen      total 200704K, used 188416K [0x00000000e0000000, 0x00000000ed200000, 0x0000000100000000)
  eden space 188416K, 100% used [0x00000000e0000000,0x00000000eb800000,0x00000000eb800000)
  from space 12288K, 0% used [0x00000000eb800000,0x00000000eb800000,0x00000000ec400000)
  to   space 12800K, 0% used [0x00000000ec580000,0x00000000ec580000,0x00000000ed200000)
 ParOldGen       total 64512K, used 47484K [0x00000000a0000000, 0x00000000a3f00000, 0x00000000e0000000)
  object space 64512K, 73% used [0x00000000a0000000,0x00000000a2e5f350,0x00000000a3f00000)
 Metaspace       used 71595K, committed 73664K, reserved 393216K
  class space    used 10182K, committed 11200K, reserved 327680K
}
Event: 18.877 GC heap after
{Heap after GC invocations=15 (full 3):
 PSYoungGen      total 201216K, used 8259K [0x00000000e0000000, 0x00000000ed200000, 0x0000000100000000)
  eden space 188416K, 0% used [0x00000000e0000000,0x00000000e0000000,0x00000000eb800000)
  from space 12800K, 64% used [0x00000000ec580000,0x00000000ecd90de8,0x00000000ed200000)
  to   space 12288K, 0% used [0x00000000eb800000,0x00000000eb800000,0x00000000ec400000)
 ParOldGen       total 64512K, used 47492K [0x00000000a0000000, 0x00000000a3f00000, 0x00000000e0000000)
  object space 64512K, 73% used [0x00000000a0000000,0x00000000a2e61350,0x00000000a3f00000)
 Metaspace       used 71595K, committed 73664K, reserved 393216K
  class space    used 10182K, committed 11200K, reserved 327680K
}

