{"E:\\Sunrise Connect\\backend\\src\\app.js": {"path":"E:\\Sunrise Connect\\backend\\src\\app.js","statementMap":{"0":{"start":{"line":20,"column":12},"end":{"line":20,"column":21}},"1":{"start":{"line":23,"column":0},"end":{"line":23,"column":16}},"2":{"start":{"line":24,"column":0},"end":{"line":24,"column":24}},"3":{"start":{"line":25,"column":0},"end":{"line":25,"column":48}},"4":{"start":{"line":26,"column":0},"end":{"line":26,"column":22}},"5":{"start":{"line":29,"column":0},"end":{"line":32,"column":3}},"6":{"start":{"line":30,"column":2},"end":{"line":30,"column":50}},"7":{"start":{"line":31,"column":2},"end":{"line":31,"column":9}},"8":{"start":{"line":35,"column":0},"end":{"line":37,"column":3}},"9":{"start":{"line":36,"column":2},"end":{"line":36,"column":88}},"10":{"start":{"line":40,"column":11},"end":{"line":40,"column":20}},"11":{"start":{"line":41,"column":0},"end":{"line":41,"column":40}},"12":{"start":{"line":42,"column":0},"end":{"line":42,"column":42}},"13":{"start":{"line":43,"column":0},"end":{"line":43,"column":43}},"14":{"start":{"line":44,"column":0},"end":{"line":44,"column":42}},"15":{"start":{"line":45,"column":0},"end":{"line":45,"column":43}},"16":{"start":{"line":46,"column":0},"end":{"line":46,"column":45}},"17":{"start":{"line":47,"column":0},"end":{"line":47,"column":45}},"18":{"start":{"line":48,"column":0},"end":{"line":48,"column":41}},"19":{"start":{"line":51,"column":0},"end":{"line":53,"column":3}},"20":{"start":{"line":52,"column":2},"end":{"line":52,"column":75}},"21":{"start":{"line":56,"column":0},"end":{"line":56,"column":28}}},"fnMap":{"0":{"name":"(anonymous_0)","decl":{"start":{"line":29,"column":8},"end":{"line":29,"column":9}},"loc":{"start":{"line":29,"column":29},"end":{"line":32,"column":1}},"line":29},"1":{"name":"(anonymous_1)","decl":{"start":{"line":35,"column":19},"end":{"line":35,"column":20}},"loc":{"start":{"line":35,"column":34},"end":{"line":37,"column":1}},"line":35},"2":{"name":"(anonymous_2)","decl":{"start":{"line":51,"column":21},"end":{"line":51,"column":22}},"loc":{"start":{"line":51,"column":42},"end":{"line":53,"column":1}},"line":51}},"branchMap":{},"s":{"0":8,"1":8,"2":8,"3":8,"4":8,"5":8,"6":46,"7":46,"8":8,"9":0,"10":8,"11":8,"12":8,"13":8,"14":8,"15":8,"16":8,"17":8,"18":8,"19":8,"20":0,"21":8},"f":{"0":46,"1":0,"2":0},"b":{},"inputSourceMap":null,"_coverageSchema":"1a1c01bbd47fc00a2c39e90264f33305004495a9","hash":"1d37532ec6d15f690bf110e8f041404290a7e4e1"}
,"E:\\Sunrise Connect\\backend\\src\\config\\env.js": {"path":"E:\\Sunrise Connect\\backend\\src\\config\\env.js","statementMap":{"0":{"start":{"line":4,"column":12},"end":{"line":14,"column":1}}},"fnMap":{},"branchMap":{"0":{"loc":{"start":{"line":5,"column":12},"end":{"line":5,"column":49}},"type":"binary-expr","locations":[{"start":{"line":5,"column":12},"end":{"line":5,"column":32}},{"start":{"line":5,"column":36},"end":{"line":5,"column":49}}],"line":5},"1":{"loc":{"start":{"line":6,"column":8},"end":{"line":6,"column":46}},"type":"binary-expr","locations":[{"start":{"line":6,"column":8},"end":{"line":6,"column":38}},{"start":{"line":6,"column":42},"end":{"line":6,"column":46}}],"line":6},"2":{"loc":{"start":{"line":7,"column":15},"end":{"line":7,"column":85}},"type":"binary-expr","locations":[{"start":{"line":7,"column":15},"end":{"line":7,"column":38}},{"start":{"line":7,"column":42},"end":{"line":7,"column":85}}],"line":7},"3":{"loc":{"start":{"line":8,"column":14},"end":{"line":8,"column":56}},"type":"binary-expr","locations":[{"start":{"line":8,"column":14},"end":{"line":8,"column":36}},{"start":{"line":8,"column":40},"end":{"line":8,"column":56}}],"line":8},"4":{"loc":{"start":{"line":9,"column":18},"end":{"line":9,"column":53}},"type":"binary-expr","locations":[{"start":{"line":9,"column":18},"end":{"line":9,"column":44}},{"start":{"line":9,"column":48},"end":{"line":9,"column":53}}],"line":9},"5":{"loc":{"start":{"line":10,"column":28},"end":{"line":10,"column":72}},"type":"binary-expr","locations":[{"start":{"line":10,"column":28},"end":{"line":10,"column":64}},{"start":{"line":10,"column":68},"end":{"line":10,"column":72}}],"line":10},"6":{"loc":{"start":{"line":11,"column":13},"end":{"line":11,"column":44}},"type":"binary-expr","locations":[{"start":{"line":11,"column":13},"end":{"line":11,"column":34}},{"start":{"line":11,"column":38},"end":{"line":11,"column":44}}],"line":11},"7":{"loc":{"start":{"line":12,"column":24},"end":{"line":12,"column":88}},"type":"binary-expr","locations":[{"start":{"line":12,"column":24},"end":{"line":12,"column":70}},{"start":{"line":12,"column":74},"end":{"line":12,"column":88}}],"line":12},"8":{"loc":{"start":{"line":13,"column":18},"end":{"line":13,"column":65}},"type":"binary-expr","locations":[{"start":{"line":13,"column":18},"end":{"line":13,"column":58}},{"start":{"line":13,"column":62},"end":{"line":13,"column":65}}],"line":13}},"s":{"0":11},"f":{},"b":{"0":[11,0],"1":[11,11],"2":[11,11],"3":[11,11],"4":[11,11],"5":[11,11],"6":[11,11],"7":[11,11],"8":[11,11]},"inputSourceMap":null,"_coverageSchema":"1a1c01bbd47fc00a2c39e90264f33305004495a9","hash":"0be1fdfb4563bf31c60394dfa3bb5eb92188ae40"}
,"E:\\Sunrise Connect\\backend\\src\\config\\logger.js": {"path":"E:\\Sunrise Connect\\backend\\src\\config\\logger.js","statementMap":{"0":{"start":{"line":5,"column":57},"end":{"line":5,"column":71}},"1":{"start":{"line":7,"column":18},"end":{"line":9,"column":2}},"2":{"start":{"line":8,"column":2},"end":{"line":8,"column":54}},"3":{"start":{"line":11,"column":22},"end":{"line":17,"column":2}},"4":{"start":{"line":19,"column":15},"end":{"line":29,"column":2}},"5":{"start":{"line":31,"column":0},"end":{"line":37,"column":1}},"6":{"start":{"line":32,"column":2},"end":{"line":36,"column":4}}},"fnMap":{"0":{"name":"(anonymous_0)","decl":{"start":{"line":7,"column":25},"end":{"line":7,"column":26}},"loc":{"start":{"line":7,"column":67},"end":{"line":9,"column":1}},"line":7}},"branchMap":{"0":{"loc":{"start":{"line":8,"column":35},"end":{"line":8,"column":51}},"type":"binary-expr","locations":[{"start":{"line":8,"column":35},"end":{"line":8,"column":40}},{"start":{"line":8,"column":44},"end":{"line":8,"column":51}}],"line":8},"1":{"loc":{"start":{"line":20,"column":9},"end":{"line":20,"column":58}},"type":"cond-expr","locations":[{"start":{"line":20,"column":42},"end":{"line":20,"column":49}},{"start":{"line":20,"column":52},"end":{"line":20,"column":58}}],"line":20},"2":{"loc":{"start":{"line":31,"column":0},"end":{"line":37,"column":1}},"type":"if","locations":[{"start":{"line":31,"column":0},"end":{"line":37,"column":1}},{"start":{},"end":{}}],"line":31}},"s":{"0":11,"1":11,"2":104,"3":11,"4":11,"5":11,"6":11},"f":{"0":104},"b":{"0":[104,92],"1":[0,11],"2":[11,0]},"inputSourceMap":null,"_coverageSchema":"1a1c01bbd47fc00a2c39e90264f33305004495a9","hash":"f0e10012b4384f1ccf79156a4ec42383ca935d11"}
,"E:\\Sunrise Connect\\backend\\src\\controllers\\AuditController.js": {"path":"E:\\Sunrise Connect\\backend\\src\\controllers\\AuditController.js","statementMap":{"0":{"start":{"line":8,"column":18},"end":{"line":12,"column":4}},"1":{"start":{"line":9,"column":48},"end":{"line":9,"column":57}},"2":{"start":{"line":10,"column":17},"end":{"line":10,"column":96}},"3":{"start":{"line":11,"column":4},"end":{"line":11,"column":33}},"4":{"start":{"line":15,"column":20},"end":{"line":18,"column":4}},"5":{"start":{"line":16,"column":16},"end":{"line":16,"column":58}},"6":{"start":{"line":17,"column":4},"end":{"line":17,"column":32}}},"fnMap":{"0":{"name":"(anonymous_0)","decl":{"start":{"line":8,"column":29},"end":{"line":8,"column":30}},"loc":{"start":{"line":8,"column":49},"end":{"line":12,"column":3}},"line":8},"1":{"name":"(anonymous_1)","decl":{"start":{"line":15,"column":31},"end":{"line":15,"column":32}},"loc":{"start":{"line":15,"column":51},"end":{"line":18,"column":3}},"line":15}},"branchMap":{"0":{"loc":{"start":{"line":9,"column":12},"end":{"line":9,"column":22}},"type":"default-arg","locations":[{"start":{"line":9,"column":20},"end":{"line":9,"column":22}}],"line":9},"1":{"loc":{"start":{"line":9,"column":24},"end":{"line":9,"column":32}},"type":"default-arg","locations":[{"start":{"line":9,"column":31},"end":{"line":9,"column":32}}],"line":9}},"s":{"0":8,"1":1,"2":1,"3":1,"4":8,"5":0,"6":0},"f":{"0":1,"1":0},"b":{"0":[1],"1":[1]},"inputSourceMap":null,"_coverageSchema":"1a1c01bbd47fc00a2c39e90264f33305004495a9","hash":"539569a662554ca2c35648baa2a297e460e5c822"}
,"E:\\Sunrise Connect\\backend\\src\\controllers\\AuthController.js": {"path":"E:\\Sunrise Connect\\backend\\src\\controllers\\AuthController.js","statementMap":{"0":{"start":{"line":8,"column":23},"end":{"line":11,"column":4}},"1":{"start":{"line":9,"column":19},"end":{"line":9,"column":58}},"2":{"start":{"line":10,"column":4},"end":{"line":10,"column":35}},"3":{"start":{"line":14,"column":32},"end":{"line":17,"column":4}},"4":{"start":{"line":15,"column":19},"end":{"line":15,"column":67}},"5":{"start":{"line":16,"column":4},"end":{"line":16,"column":35}},"6":{"start":{"line":20,"column":29},"end":{"line":23,"column":4}},"7":{"start":{"line":21,"column":19},"end":{"line":21,"column":64}},"8":{"start":{"line":22,"column":4},"end":{"line":22,"column":35}},"9":{"start":{"line":26,"column":23},"end":{"line":29,"column":4}},"10":{"start":{"line":27,"column":19},"end":{"line":27,"column":58}},"11":{"start":{"line":28,"column":4},"end":{"line":28,"column":35}},"12":{"start":{"line":32,"column":24},"end":{"line":35,"column":4}},"13":{"start":{"line":33,"column":19},"end":{"line":33,"column":65}},"14":{"start":{"line":34,"column":4},"end":{"line":34,"column":35}},"15":{"start":{"line":38,"column":18},"end":{"line":41,"column":4}},"16":{"start":{"line":39,"column":4},"end":{"line":39,"column":123}},"17":{"start":{"line":40,"column":4},"end":{"line":40,"column":60}},"18":{"start":{"line":44,"column":21},"end":{"line":47,"column":4}},"19":{"start":{"line":45,"column":4},"end":{"line":45,"column":113}},"20":{"start":{"line":46,"column":4},"end":{"line":46,"column":57}}},"fnMap":{"0":{"name":"(anonymous_0)","decl":{"start":{"line":8,"column":34},"end":{"line":8,"column":35}},"loc":{"start":{"line":8,"column":54},"end":{"line":11,"column":3}},"line":8},"1":{"name":"(anonymous_1)","decl":{"start":{"line":14,"column":43},"end":{"line":14,"column":44}},"loc":{"start":{"line":14,"column":63},"end":{"line":17,"column":3}},"line":14},"2":{"name":"(anonymous_2)","decl":{"start":{"line":20,"column":40},"end":{"line":20,"column":41}},"loc":{"start":{"line":20,"column":60},"end":{"line":23,"column":3}},"line":20},"3":{"name":"(anonymous_3)","decl":{"start":{"line":26,"column":34},"end":{"line":26,"column":35}},"loc":{"start":{"line":26,"column":54},"end":{"line":29,"column":3}},"line":26},"4":{"name":"(anonymous_4)","decl":{"start":{"line":32,"column":35},"end":{"line":32,"column":36}},"loc":{"start":{"line":32,"column":55},"end":{"line":35,"column":3}},"line":32},"5":{"name":"(anonymous_5)","decl":{"start":{"line":38,"column":29},"end":{"line":38,"column":30}},"loc":{"start":{"line":38,"column":49},"end":{"line":41,"column":3}},"line":38},"6":{"name":"(anonymous_6)","decl":{"start":{"line":44,"column":32},"end":{"line":44,"column":33}},"loc":{"start":{"line":44,"column":52},"end":{"line":47,"column":3}},"line":44}},"branchMap":{"0":{"loc":{"start":{"line":39,"column":73},"end":{"line":39,"column":119}},"type":"cond-expr","locations":[{"start":{"line":39,"column":102},"end":{"line":39,"column":110}},{"start":{"line":39,"column":113},"end":{"line":39,"column":119}}],"line":39},"1":{"loc":{"start":{"line":45,"column":63},"end":{"line":45,"column":109}},"type":"cond-expr","locations":[{"start":{"line":45,"column":92},"end":{"line":45,"column":100}},{"start":{"line":45,"column":103},"end":{"line":45,"column":109}}],"line":45}},"s":{"0":8,"1":2,"2":1,"3":8,"4":1,"5":1,"6":8,"7":0,"8":0,"9":8,"10":0,"11":0,"12":8,"13":0,"14":0,"15":8,"16":0,"17":0,"18":8,"19":0,"20":0},"f":{"0":2,"1":1,"2":0,"3":0,"4":0,"5":0,"6":0},"b":{"0":[0,0],"1":[0,0]},"inputSourceMap":null,"_coverageSchema":"1a1c01bbd47fc00a2c39e90264f33305004495a9","hash":"0aefb31837103f2b9a2ee8719c2c89c7e7dd5956"}
,"E:\\Sunrise Connect\\backend\\src\\controllers\\DashboardController.js": {"path":"E:\\Sunrise Connect\\backend\\src\\controllers\\DashboardController.js","statementMap":{"0":{"start":{"line":8,"column":25},"end":{"line":11,"column":4}},"1":{"start":{"line":9,"column":17},"end":{"line":9,"column":58}},"2":{"start":{"line":10,"column":4},"end":{"line":10,"column":33}},"3":{"start":{"line":14,"column":27},"end":{"line":17,"column":4}},"4":{"start":{"line":15,"column":17},"end":{"line":15,"column":73}},"5":{"start":{"line":16,"column":4},"end":{"line":16,"column":33}},"6":{"start":{"line":20,"column":28},"end":{"line":23,"column":4}},"7":{"start":{"line":21,"column":17},"end":{"line":21,"column":74}},"8":{"start":{"line":22,"column":4},"end":{"line":22,"column":33}}},"fnMap":{"0":{"name":"(anonymous_0)","decl":{"start":{"line":8,"column":36},"end":{"line":8,"column":37}},"loc":{"start":{"line":8,"column":56},"end":{"line":11,"column":3}},"line":8},"1":{"name":"(anonymous_1)","decl":{"start":{"line":14,"column":38},"end":{"line":14,"column":39}},"loc":{"start":{"line":14,"column":58},"end":{"line":17,"column":3}},"line":14},"2":{"name":"(anonymous_2)","decl":{"start":{"line":20,"column":39},"end":{"line":20,"column":40}},"loc":{"start":{"line":20,"column":59},"end":{"line":23,"column":3}},"line":20}},"branchMap":{},"s":{"0":8,"1":1,"2":1,"3":8,"4":1,"5":1,"6":8,"7":0,"8":0},"f":{"0":1,"1":1,"2":0},"b":{},"inputSourceMap":null,"_coverageSchema":"1a1c01bbd47fc00a2c39e90264f33305004495a9","hash":"b4e408b9d500d439e42f044c74cbedf067230092"}
,"E:\\Sunrise Connect\\backend\\src\\controllers\\LedgerController.js": {"path":"E:\\Sunrise Connect\\backend\\src\\controllers\\LedgerController.js","statementMap":{"0":{"start":{"line":8,"column":24},"end":{"line":11,"column":4}},"1":{"start":{"line":9,"column":19},"end":{"line":9,"column":61}},"2":{"start":{"line":10,"column":4},"end":{"line":10,"column":35}},"3":{"start":{"line":14,"column":23},"end":{"line":18,"column":4}},"4":{"start":{"line":15,"column":48},"end":{"line":15,"column":57}},"5":{"start":{"line":16,"column":20},"end":{"line":16,"column":105}},"6":{"start":{"line":17,"column":4},"end":{"line":17,"column":36}},"7":{"start":{"line":21,"column":21},"end":{"line":24,"column":4}},"8":{"start":{"line":22,"column":19},"end":{"line":22,"column":63}},"9":{"start":{"line":23,"column":4},"end":{"line":23,"column":35}},"10":{"start":{"line":27,"column":22},"end":{"line":30,"column":4}},"11":{"start":{"line":28,"column":19},"end":{"line":28,"column":91}},"12":{"start":{"line":29,"column":4},"end":{"line":29,"column":35}},"13":{"start":{"line":33,"column":27},"end":{"line":36,"column":4}},"14":{"start":{"line":34,"column":19},"end":{"line":34,"column":96}},"15":{"start":{"line":35,"column":4},"end":{"line":35,"column":35}},"16":{"start":{"line":39,"column":22},"end":{"line":42,"column":4}},"17":{"start":{"line":40,"column":19},"end":{"line":40,"column":64}},"18":{"start":{"line":41,"column":4},"end":{"line":41,"column":35}}},"fnMap":{"0":{"name":"(anonymous_0)","decl":{"start":{"line":8,"column":35},"end":{"line":8,"column":36}},"loc":{"start":{"line":8,"column":55},"end":{"line":11,"column":3}},"line":8},"1":{"name":"(anonymous_1)","decl":{"start":{"line":14,"column":34},"end":{"line":14,"column":35}},"loc":{"start":{"line":14,"column":54},"end":{"line":18,"column":3}},"line":14},"2":{"name":"(anonymous_2)","decl":{"start":{"line":21,"column":32},"end":{"line":21,"column":33}},"loc":{"start":{"line":21,"column":52},"end":{"line":24,"column":3}},"line":21},"3":{"name":"(anonymous_3)","decl":{"start":{"line":27,"column":33},"end":{"line":27,"column":34}},"loc":{"start":{"line":27,"column":53},"end":{"line":30,"column":3}},"line":27},"4":{"name":"(anonymous_4)","decl":{"start":{"line":33,"column":38},"end":{"line":33,"column":39}},"loc":{"start":{"line":33,"column":58},"end":{"line":36,"column":3}},"line":33},"5":{"name":"(anonymous_5)","decl":{"start":{"line":39,"column":33},"end":{"line":39,"column":34}},"loc":{"start":{"line":39,"column":53},"end":{"line":42,"column":3}},"line":39}},"branchMap":{"0":{"loc":{"start":{"line":15,"column":12},"end":{"line":15,"column":22}},"type":"default-arg","locations":[{"start":{"line":15,"column":20},"end":{"line":15,"column":22}}],"line":15},"1":{"loc":{"start":{"line":15,"column":24},"end":{"line":15,"column":32}},"type":"default-arg","locations":[{"start":{"line":15,"column":31},"end":{"line":15,"column":32}}],"line":15}},"s":{"0":8,"1":0,"2":0,"3":8,"4":1,"5":1,"6":1,"7":8,"8":0,"9":0,"10":8,"11":0,"12":0,"13":8,"14":1,"15":1,"16":8,"17":0,"18":0},"f":{"0":0,"1":1,"2":0,"3":0,"4":1,"5":0},"b":{"0":[1],"1":[1]},"inputSourceMap":null,"_coverageSchema":"1a1c01bbd47fc00a2c39e90264f33305004495a9","hash":"422ff644897f0a861930ce7f72efdca364308b5e"}
,"E:\\Sunrise Connect\\backend\\src\\controllers\\MigrationController.js": {"path":"E:\\Sunrise Connect\\backend\\src\\controllers\\MigrationController.js","statementMap":{"0":{"start":{"line":8,"column":26},"end":{"line":11,"column":4}},"1":{"start":{"line":9,"column":4},"end":{"line":9,"column":60}},"2":{"start":{"line":10,"column":4},"end":{"line":10,"column":95}},"3":{"start":{"line":14,"column":27},"end":{"line":17,"column":4}},"4":{"start":{"line":15,"column":4},"end":{"line":15,"column":62}},"5":{"start":{"line":16,"column":4},"end":{"line":16,"column":97}}},"fnMap":{"0":{"name":"(anonymous_0)","decl":{"start":{"line":8,"column":37},"end":{"line":8,"column":38}},"loc":{"start":{"line":8,"column":57},"end":{"line":11,"column":3}},"line":8},"1":{"name":"(anonymous_1)","decl":{"start":{"line":14,"column":38},"end":{"line":14,"column":39}},"loc":{"start":{"line":14,"column":58},"end":{"line":17,"column":3}},"line":14}},"branchMap":{},"s":{"0":8,"1":1,"2":1,"3":8,"4":0,"5":0},"f":{"0":1,"1":0},"b":{},"inputSourceMap":null,"_coverageSchema":"1a1c01bbd47fc00a2c39e90264f33305004495a9","hash":"fb422d22e904cc61bf3a47c52db5580fe49ec708"}
,"E:\\Sunrise Connect\\backend\\src\\controllers\\ParentController.js": {"path":"E:\\Sunrise Connect\\backend\\src\\controllers\\ParentController.js","statementMap":{"0":{"start":{"line":8,"column":24},"end":{"line":11,"column":4}},"1":{"start":{"line":9,"column":19},"end":{"line":9,"column":61}},"2":{"start":{"line":10,"column":4},"end":{"line":10,"column":35}},"3":{"start":{"line":14,"column":23},"end":{"line":18,"column":4}},"4":{"start":{"line":15,"column":48},"end":{"line":15,"column":57}},"5":{"start":{"line":16,"column":20},"end":{"line":16,"column":105}},"6":{"start":{"line":17,"column":4},"end":{"line":17,"column":36}},"7":{"start":{"line":21,"column":21},"end":{"line":24,"column":4}},"8":{"start":{"line":22,"column":19},"end":{"line":22,"column":63}},"9":{"start":{"line":23,"column":4},"end":{"line":23,"column":35}},"10":{"start":{"line":27,"column":24},"end":{"line":30,"column":4}},"11":{"start":{"line":28,"column":19},"end":{"line":28,"column":76}},"12":{"start":{"line":29,"column":4},"end":{"line":29,"column":35}},"13":{"start":{"line":33,"column":31},"end":{"line":36,"column":4}},"14":{"start":{"line":34,"column":4},"end":{"line":34,"column":87}},"15":{"start":{"line":35,"column":4},"end":{"line":35,"column":76}}},"fnMap":{"0":{"name":"(anonymous_0)","decl":{"start":{"line":8,"column":35},"end":{"line":8,"column":36}},"loc":{"start":{"line":8,"column":55},"end":{"line":11,"column":3}},"line":8},"1":{"name":"(anonymous_1)","decl":{"start":{"line":14,"column":34},"end":{"line":14,"column":35}},"loc":{"start":{"line":14,"column":54},"end":{"line":18,"column":3}},"line":14},"2":{"name":"(anonymous_2)","decl":{"start":{"line":21,"column":32},"end":{"line":21,"column":33}},"loc":{"start":{"line":21,"column":52},"end":{"line":24,"column":3}},"line":21},"3":{"name":"(anonymous_3)","decl":{"start":{"line":27,"column":35},"end":{"line":27,"column":36}},"loc":{"start":{"line":27,"column":55},"end":{"line":30,"column":3}},"line":27},"4":{"name":"(anonymous_4)","decl":{"start":{"line":33,"column":42},"end":{"line":33,"column":43}},"loc":{"start":{"line":33,"column":62},"end":{"line":36,"column":3}},"line":33}},"branchMap":{"0":{"loc":{"start":{"line":15,"column":12},"end":{"line":15,"column":22}},"type":"default-arg","locations":[{"start":{"line":15,"column":20},"end":{"line":15,"column":22}}],"line":15},"1":{"loc":{"start":{"line":15,"column":24},"end":{"line":15,"column":32}},"type":"default-arg","locations":[{"start":{"line":15,"column":31},"end":{"line":15,"column":32}}],"line":15}},"s":{"0":8,"1":1,"2":1,"3":8,"4":1,"5":1,"6":1,"7":8,"8":2,"9":2,"10":8,"11":0,"12":0,"13":8,"14":1,"15":1},"f":{"0":1,"1":1,"2":2,"3":0,"4":1},"b":{"0":[1],"1":[1]},"inputSourceMap":null,"_coverageSchema":"1a1c01bbd47fc00a2c39e90264f33305004495a9","hash":"6f8891ee05b9ce3332c079fc807cec02797af258"}
,"E:\\Sunrise Connect\\backend\\src\\controllers\\PaymentController.js": {"path":"E:\\Sunrise Connect\\backend\\src\\controllers\\PaymentController.js","statementMap":{"0":{"start":{"line":8,"column":25},"end":{"line":11,"column":4}},"1":{"start":{"line":9,"column":20},"end":{"line":9,"column":64}},"2":{"start":{"line":10,"column":4},"end":{"line":10,"column":36}},"3":{"start":{"line":14,"column":24},"end":{"line":18,"column":4}},"4":{"start":{"line":15,"column":48},"end":{"line":15,"column":57}},"5":{"start":{"line":16,"column":21},"end":{"line":16,"column":108}},"6":{"start":{"line":17,"column":4},"end":{"line":17,"column":37}},"7":{"start":{"line":21,"column":22},"end":{"line":24,"column":4}},"8":{"start":{"line":22,"column":20},"end":{"line":22,"column":66}},"9":{"start":{"line":23,"column":4},"end":{"line":23,"column":36}},"10":{"start":{"line":27,"column":26},"end":{"line":30,"column":4}},"11":{"start":{"line":28,"column":21},"end":{"line":28,"column":99}},"12":{"start":{"line":29,"column":4},"end":{"line":29,"column":37}}},"fnMap":{"0":{"name":"(anonymous_0)","decl":{"start":{"line":8,"column":36},"end":{"line":8,"column":37}},"loc":{"start":{"line":8,"column":56},"end":{"line":11,"column":3}},"line":8},"1":{"name":"(anonymous_1)","decl":{"start":{"line":14,"column":35},"end":{"line":14,"column":36}},"loc":{"start":{"line":14,"column":55},"end":{"line":18,"column":3}},"line":14},"2":{"name":"(anonymous_2)","decl":{"start":{"line":21,"column":33},"end":{"line":21,"column":34}},"loc":{"start":{"line":21,"column":53},"end":{"line":24,"column":3}},"line":21},"3":{"name":"(anonymous_3)","decl":{"start":{"line":27,"column":37},"end":{"line":27,"column":38}},"loc":{"start":{"line":27,"column":57},"end":{"line":30,"column":3}},"line":27}},"branchMap":{"0":{"loc":{"start":{"line":15,"column":12},"end":{"line":15,"column":22}},"type":"default-arg","locations":[{"start":{"line":15,"column":20},"end":{"line":15,"column":22}}],"line":15},"1":{"loc":{"start":{"line":15,"column":24},"end":{"line":15,"column":32}},"type":"default-arg","locations":[{"start":{"line":15,"column":31},"end":{"line":15,"column":32}}],"line":15}},"s":{"0":8,"1":2,"2":2,"3":8,"4":1,"5":1,"6":1,"7":8,"8":0,"9":0,"10":8,"11":1,"12":1},"f":{"0":2,"1":1,"2":0,"3":1},"b":{"0":[1],"1":[1]},"inputSourceMap":null,"_coverageSchema":"1a1c01bbd47fc00a2c39e90264f33305004495a9","hash":"4956d1747a89e51095e26e07328b3f413310b76f"}
,"E:\\Sunrise Connect\\backend\\src\\controllers\\StudentController.js": {"path":"E:\\Sunrise Connect\\backend\\src\\controllers\\StudentController.js","statementMap":{"0":{"start":{"line":8,"column":25},"end":{"line":11,"column":4}},"1":{"start":{"line":9,"column":20},"end":{"line":9,"column":64}},"2":{"start":{"line":10,"column":4},"end":{"line":10,"column":36}},"3":{"start":{"line":14,"column":24},"end":{"line":18,"column":4}},"4":{"start":{"line":15,"column":48},"end":{"line":15,"column":57}},"5":{"start":{"line":16,"column":21},"end":{"line":16,"column":108}},"6":{"start":{"line":17,"column":4},"end":{"line":17,"column":37}},"7":{"start":{"line":21,"column":22},"end":{"line":24,"column":4}},"8":{"start":{"line":22,"column":20},"end":{"line":22,"column":66}},"9":{"start":{"line":23,"column":4},"end":{"line":23,"column":36}},"10":{"start":{"line":27,"column":25},"end":{"line":30,"column":4}},"11":{"start":{"line":28,"column":20},"end":{"line":28,"column":79}},"12":{"start":{"line":29,"column":4},"end":{"line":29,"column":36}}},"fnMap":{"0":{"name":"(anonymous_0)","decl":{"start":{"line":8,"column":36},"end":{"line":8,"column":37}},"loc":{"start":{"line":8,"column":56},"end":{"line":11,"column":3}},"line":8},"1":{"name":"(anonymous_1)","decl":{"start":{"line":14,"column":35},"end":{"line":14,"column":36}},"loc":{"start":{"line":14,"column":55},"end":{"line":18,"column":3}},"line":14},"2":{"name":"(anonymous_2)","decl":{"start":{"line":21,"column":33},"end":{"line":21,"column":34}},"loc":{"start":{"line":21,"column":53},"end":{"line":24,"column":3}},"line":21},"3":{"name":"(anonymous_3)","decl":{"start":{"line":27,"column":36},"end":{"line":27,"column":37}},"loc":{"start":{"line":27,"column":56},"end":{"line":30,"column":3}},"line":27}},"branchMap":{"0":{"loc":{"start":{"line":15,"column":12},"end":{"line":15,"column":22}},"type":"default-arg","locations":[{"start":{"line":15,"column":20},"end":{"line":15,"column":22}}],"line":15},"1":{"loc":{"start":{"line":15,"column":24},"end":{"line":15,"column":32}},"type":"default-arg","locations":[{"start":{"line":15,"column":31},"end":{"line":15,"column":32}}],"line":15}},"s":{"0":8,"1":1,"2":1,"3":8,"4":1,"5":1,"6":1,"7":8,"8":0,"9":0,"10":8,"11":0,"12":0},"f":{"0":1,"1":1,"2":0,"3":0},"b":{"0":[1],"1":[1]},"inputSourceMap":null,"_coverageSchema":"1a1c01bbd47fc00a2c39e90264f33305004495a9","hash":"cde9722634ec944d5bbc9cd7f6e73e4cbd065d86"}
,"E:\\Sunrise Connect\\backend\\src\\middlewares\\auth.middleware.js": {"path":"E:\\Sunrise Connect\\backend\\src\\middlewares\\auth.middleware.js","statementMap":{"0":{"start":{"line":7,"column":21},"end":{"line":20,"column":1}},"1":{"start":{"line":8,"column":21},"end":{"line":8,"column":46}},"2":{"start":{"line":9,"column":2},"end":{"line":11,"column":3}},"3":{"start":{"line":10,"column":4},"end":{"line":10,"column":80}},"4":{"start":{"line":12,"column":16},"end":{"line":12,"column":40}},"5":{"start":{"line":13,"column":2},"end":{"line":19,"column":3}},"6":{"start":{"line":14,"column":20},"end":{"line":14,"column":53}},"7":{"start":{"line":15,"column":4},"end":{"line":15,"column":23}},"8":{"start":{"line":16,"column":4},"end":{"line":16,"column":18}},"9":{"start":{"line":18,"column":4},"end":{"line":18,"column":63}}},"fnMap":{"0":{"name":"(anonymous_0)","decl":{"start":{"line":7,"column":21},"end":{"line":7,"column":22}},"loc":{"start":{"line":7,"column":41},"end":{"line":20,"column":1}},"line":7}},"branchMap":{"0":{"loc":{"start":{"line":9,"column":2},"end":{"line":11,"column":3}},"type":"if","locations":[{"start":{"line":9,"column":2},"end":{"line":11,"column":3}},{"start":{},"end":{}}],"line":9},"1":{"loc":{"start":{"line":9,"column":6},"end":{"line":9,"column":54}},"type":"binary-expr","locations":[{"start":{"line":9,"column":6},"end":{"line":9,"column":17}},{"start":{"line":9,"column":21},"end":{"line":9,"column":54}}],"line":9}},"s":{"0":8,"1":37,"2":37,"3":6,"4":31,"5":31,"6":31,"7":31,"8":31,"9":0},"f":{"0":37},"b":{"0":[6,31],"1":[37,31]},"inputSourceMap":null,"_coverageSchema":"1a1c01bbd47fc00a2c39e90264f33305004495a9","hash":"c118d4ac63e53f2432eee588e79564da4b6cb183"}
,"E:\\Sunrise Connect\\backend\\src\\middlewares\\authorize.middleware.js": {"path":"E:\\Sunrise Connect\\backend\\src\\middlewares\\authorize.middleware.js","statementMap":{"0":{"start":{"line":6,"column":18},"end":{"line":12,"column":1}},"1":{"start":{"line":6,"column":32},"end":{"line":12,"column":1}},"2":{"start":{"line":7,"column":2},"end":{"line":7,"column":69}},"3":{"start":{"line":7,"column":17},"end":{"line":7,"column":69}},"4":{"start":{"line":8,"column":2},"end":{"line":10,"column":3}},"5":{"start":{"line":9,"column":4},"end":{"line":9,"column":88}},"6":{"start":{"line":11,"column":2},"end":{"line":11,"column":16}}},"fnMap":{"0":{"name":"(anonymous_0)","decl":{"start":{"line":6,"column":18},"end":{"line":6,"column":19}},"loc":{"start":{"line":6,"column":32},"end":{"line":12,"column":1}},"line":6},"1":{"name":"(anonymous_1)","decl":{"start":{"line":6,"column":32},"end":{"line":6,"column":33}},"loc":{"start":{"line":6,"column":52},"end":{"line":12,"column":1}},"line":6}},"branchMap":{"0":{"loc":{"start":{"line":7,"column":2},"end":{"line":7,"column":69}},"type":"if","locations":[{"start":{"line":7,"column":2},"end":{"line":7,"column":69}},{"start":{},"end":{}}],"line":7},"1":{"loc":{"start":{"line":8,"column":2},"end":{"line":10,"column":3}},"type":"if","locations":[{"start":{"line":8,"column":2},"end":{"line":10,"column":3}},{"start":{},"end":{}}],"line":8}},"s":{"0":8,"1":192,"2":31,"3":0,"4":31,"5":8,"6":23},"f":{"0":192,"1":31},"b":{"0":[0,31],"1":[8,23]},"inputSourceMap":null,"_coverageSchema":"1a1c01bbd47fc00a2c39e90264f33305004495a9","hash":"c5b8bcc179965d7ded2a1df0e7d2563a60c1621a"}
,"E:\\Sunrise Connect\\backend\\src\\middlewares\\error.middleware.js": {"path":"E:\\Sunrise Connect\\backend\\src\\middlewares\\error.middleware.js","statementMap":{"0":{"start":{"line":4,"column":34},"end":{"line":35,"column":1}},"1":{"start":{"line":5,"column":2},"end":{"line":5,"column":41}},"2":{"start":{"line":6,"column":2},"end":{"line":6,"column":37}},"3":{"start":{"line":8,"column":2},"end":{"line":34,"column":3}},"4":{"start":{"line":9,"column":4},"end":{"line":9,"column":72}},"5":{"start":{"line":10,"column":4},"end":{"line":16,"column":7}},"6":{"start":{"line":19,"column":4},"end":{"line":33,"column":5}},"7":{"start":{"line":20,"column":6},"end":{"line":24,"column":9}},"8":{"start":{"line":27,"column":6},"end":{"line":27,"column":36}},"9":{"start":{"line":28,"column":6},"end":{"line":32,"column":9}}},"fnMap":{"0":{"name":"(anonymous_0)","decl":{"start":{"line":4,"column":34},"end":{"line":4,"column":35}},"loc":{"start":{"line":4,"column":59},"end":{"line":35,"column":1}},"line":4}},"branchMap":{"0":{"loc":{"start":{"line":5,"column":19},"end":{"line":5,"column":40}},"type":"binary-expr","locations":[{"start":{"line":5,"column":19},"end":{"line":5,"column":33}},{"start":{"line":5,"column":37},"end":{"line":5,"column":40}}],"line":5},"1":{"loc":{"start":{"line":6,"column":15},"end":{"line":6,"column":36}},"type":"binary-expr","locations":[{"start":{"line":6,"column":15},"end":{"line":6,"column":25}},{"start":{"line":6,"column":29},"end":{"line":6,"column":36}}],"line":6},"2":{"loc":{"start":{"line":8,"column":2},"end":{"line":34,"column":3}},"type":"if","locations":[{"start":{"line":8,"column":2},"end":{"line":34,"column":3}},{"start":{"line":17,"column":9},"end":{"line":34,"column":3}}],"line":8},"3":{"loc":{"start":{"line":19,"column":4},"end":{"line":33,"column":5}},"type":"if","locations":[{"start":{"line":19,"column":4},"end":{"line":33,"column":5}},{"start":{"line":25,"column":11},"end":{"line":33,"column":5}}],"line":19}},"s":{"0":8,"1":16,"2":16,"3":16,"4":0,"5":0,"6":16,"7":16,"8":0,"9":0},"f":{"0":16},"b":{"0":[16,0],"1":[16,16],"2":[0,16],"3":[16,0]},"inputSourceMap":null,"_coverageSchema":"1a1c01bbd47fc00a2c39e90264f33305004495a9","hash":"ee7789acfd21469b9d74d0fcffa80194d17316ec"}
,"E:\\Sunrise Connect\\backend\\src\\middlewares\\idempotency.middleware.js": {"path":"E:\\Sunrise Connect\\backend\\src\\middlewares\\idempotency.middleware.js","statementMap":{"0":{"start":{"line":6,"column":22},"end":{"line":6,"column":31}},"1":{"start":{"line":7,"column":15},"end":{"line":7,"column":34}},"2":{"start":{"line":9,"column":20},"end":{"line":29,"column":1}},"3":{"start":{"line":10,"column":14},"end":{"line":10,"column":44}},"4":{"start":{"line":11,"column":2},"end":{"line":13,"column":3}},"5":{"start":{"line":12,"column":4},"end":{"line":12,"column":91}},"6":{"start":{"line":15,"column":19},"end":{"line":15,"column":41}},"7":{"start":{"line":16,"column":2},"end":{"line":19,"column":3}},"8":{"start":{"line":18,"column":4},"end":{"line":18,"column":59}},"9":{"start":{"line":22,"column":23},"end":{"line":22,"column":41}},"10":{"start":{"line":23,"column":2},"end":{"line":26,"column":4}},"11":{"start":{"line":24,"column":4},"end":{"line":24,"column":77}},"12":{"start":{"line":25,"column":4},"end":{"line":25,"column":30}},"13":{"start":{"line":28,"column":2},"end":{"line":28,"column":16}}},"fnMap":{"0":{"name":"(anonymous_0)","decl":{"start":{"line":9,"column":20},"end":{"line":9,"column":21}},"loc":{"start":{"line":9,"column":40},"end":{"line":29,"column":1}},"line":9},"1":{"name":"(anonymous_1)","decl":{"start":{"line":23,"column":13},"end":{"line":23,"column":14}},"loc":{"start":{"line":23,"column":23},"end":{"line":26,"column":3}},"line":23}},"branchMap":{"0":{"loc":{"start":{"line":11,"column":2},"end":{"line":13,"column":3}},"type":"if","locations":[{"start":{"line":11,"column":2},"end":{"line":13,"column":3}},{"start":{},"end":{}}],"line":11},"1":{"loc":{"start":{"line":16,"column":2},"end":{"line":19,"column":3}},"type":"if","locations":[{"start":{"line":16,"column":2},"end":{"line":19,"column":3}},{"start":{},"end":{}}],"line":16},"2":{"loc":{"start":{"line":16,"column":6},"end":{"line":16,"column":51}},"type":"binary-expr","locations":[{"start":{"line":16,"column":6},"end":{"line":16,"column":14}},{"start":{"line":16,"column":18},"end":{"line":16,"column":51}}],"line":16}},"s":{"0":8,"1":8,"2":8,"3":5,"4":5,"5":1,"6":4,"7":4,"8":1,"9":3,"10":3,"11":3,"12":3,"13":3},"f":{"0":5,"1":3},"b":{"0":[1,4],"1":[1,3],"2":[4,1]},"inputSourceMap":null,"_coverageSchema":"1a1c01bbd47fc00a2c39e90264f33305004495a9","hash":"bd637b05397585cee93981d205b710215fde7108"}
,"E:\\Sunrise Connect\\backend\\src\\middlewares\\rateLimit.middleware.js": {"path":"E:\\Sunrise Connect\\backend\\src\\middlewares\\rateLimit.middleware.js","statementMap":{"0":{"start":{"line":6,"column":14},"end":{"line":6,"column":23}},"1":{"start":{"line":12,"column":18},"end":{"line":23,"column":3}},"2":{"start":{"line":13,"column":2},"end":{"line":23,"column":3}},"3":{"start":{"line":14,"column":16},"end":{"line":14,"column":35}},"4":{"start":{"line":15,"column":16},"end":{"line":15,"column":26}},"5":{"start":{"line":16,"column":23},"end":{"line":16,"column":77}},"6":{"start":{"line":16,"column":58},"end":{"line":16,"column":76}},"7":{"start":{"line":17,"column":4},"end":{"line":19,"column":5}},"8":{"start":{"line":18,"column":6},"end":{"line":18,"column":83}},"9":{"start":{"line":20,"column":4},"end":{"line":20,"column":25}},"10":{"start":{"line":21,"column":4},"end":{"line":21,"column":31}},"11":{"start":{"line":22,"column":4},"end":{"line":22,"column":18}},"12":{"start":{"line":26,"column":29},"end":{"line":26,"column":77}},"13":{"start":{"line":29,"column":28},"end":{"line":29,"column":77}}},"fnMap":{"0":{"name":"(anonymous_0)","decl":{"start":{"line":12,"column":18},"end":{"line":12,"column":19}},"loc":{"start":{"line":13,"column":2},"end":{"line":23,"column":3}},"line":13},"1":{"name":"(anonymous_1)","decl":{"start":{"line":13,"column":2},"end":{"line":13,"column":3}},"loc":{"start":{"line":13,"column":22},"end":{"line":23,"column":3}},"line":13},"2":{"name":"(anonymous_2)","decl":{"start":{"line":16,"column":53},"end":{"line":16,"column":54}},"loc":{"start":{"line":16,"column":58},"end":{"line":16,"column":76}},"line":16}},"branchMap":{"0":{"loc":{"start":{"line":12,"column":19},"end":{"line":12,"column":64}},"type":"default-arg","locations":[{"start":{"line":12,"column":62},"end":{"line":12,"column":64}}],"line":12},"1":{"loc":{"start":{"line":12,"column":21},"end":{"line":12,"column":46}},"type":"default-arg","locations":[{"start":{"line":12,"column":32},"end":{"line":12,"column":46}}],"line":12},"2":{"loc":{"start":{"line":12,"column":48},"end":{"line":12,"column":57}},"type":"default-arg","locations":[{"start":{"line":12,"column":54},"end":{"line":12,"column":57}}],"line":12},"3":{"loc":{"start":{"line":14,"column":16},"end":{"line":14,"column":35}},"type":"binary-expr","locations":[{"start":{"line":14,"column":16},"end":{"line":14,"column":22}},{"start":{"line":14,"column":26},"end":{"line":14,"column":35}}],"line":14},"4":{"loc":{"start":{"line":16,"column":24},"end":{"line":16,"column":44}},"type":"binary-expr","locations":[{"start":{"line":16,"column":24},"end":{"line":16,"column":38}},{"start":{"line":16,"column":42},"end":{"line":16,"column":44}}],"line":16},"5":{"loc":{"start":{"line":17,"column":4},"end":{"line":19,"column":5}},"type":"if","locations":[{"start":{"line":17,"column":4},"end":{"line":19,"column":5}},{"start":{},"end":{}}],"line":17}},"s":{"0":8,"1":8,"2":16,"3":55,"4":55,"5":55,"6":292,"7":55,"8":0,"9":55,"10":55,"11":55,"12":8,"13":8},"f":{"0":16,"1":55,"2":292},"b":{"0":[0],"1":[0],"2":[0],"3":[55,0],"4":[55,8],"5":[0,55]},"inputSourceMap":null,"_coverageSchema":"1a1c01bbd47fc00a2c39e90264f33305004495a9","hash":"693b77921cbfb1ac2e1cc852886c2d1f5eaaa192"}
,"E:\\Sunrise Connect\\backend\\src\\middlewares\\validate.middleware.js": {"path":"E:\\Sunrise Connect\\backend\\src\\middlewares\\validate.middleware.js","statementMap":{"0":{"start":{"line":1,"column":24},"end":{"line":27,"column":1}},"1":{"start":{"line":1,"column":36},"end":{"line":27,"column":1}},"2":{"start":{"line":2,"column":2},"end":{"line":26,"column":3}},"3":{"start":{"line":3,"column":4},"end":{"line":5,"column":5}},"4":{"start":{"line":4,"column":6},"end":{"line":4,"column":45}},"5":{"start":{"line":6,"column":4},"end":{"line":11,"column":5}},"6":{"start":{"line":7,"column":6},"end":{"line":10,"column":9}},"7":{"start":{"line":12,"column":4},"end":{"line":17,"column":5}},"8":{"start":{"line":13,"column":6},"end":{"line":16,"column":9}},"9":{"start":{"line":18,"column":4},"end":{"line":18,"column":11}},"10":{"start":{"line":20,"column":4},"end":{"line":20,"column":57}},"11":{"start":{"line":21,"column":4},"end":{"line":25,"column":7}}},"fnMap":{"0":{"name":"(anonymous_0)","decl":{"start":{"line":1,"column":24},"end":{"line":1,"column":25}},"loc":{"start":{"line":1,"column":36},"end":{"line":27,"column":1}},"line":1},"1":{"name":"(anonymous_1)","decl":{"start":{"line":1,"column":36},"end":{"line":1,"column":37}},"loc":{"start":{"line":1,"column":56},"end":{"line":27,"column":1}},"line":1}},"branchMap":{"0":{"loc":{"start":{"line":3,"column":4},"end":{"line":5,"column":5}},"type":"if","locations":[{"start":{"line":3,"column":4},"end":{"line":5,"column":5}},{"start":{},"end":{}}],"line":3},"1":{"loc":{"start":{"line":6,"column":4},"end":{"line":11,"column":5}},"type":"if","locations":[{"start":{"line":6,"column":4},"end":{"line":11,"column":5}},{"start":{},"end":{}}],"line":6},"2":{"loc":{"start":{"line":12,"column":4},"end":{"line":17,"column":5}},"type":"if","locations":[{"start":{"line":12,"column":4},"end":{"line":17,"column":5}},{"start":{},"end":{}}],"line":12}},"s":{"0":8,"1":152,"2":24,"3":24,"4":20,"5":14,"6":4,"7":14,"8":2,"9":14,"10":10,"11":10},"f":{"0":152,"1":24},"b":{"0":[20,4],"1":[4,10],"2":[2,12]},"inputSourceMap":null,"_coverageSchema":"1a1c01bbd47fc00a2c39e90264f33305004495a9","hash":"5ab78427bae51d87d81c755d3cdcd7e3c1eb4714"}
,"E:\\Sunrise Connect\\backend\\src\\models\\AuditLog.js": {"path":"E:\\Sunrise Connect\\backend\\src\\models\\AuditLog.js","statementMap":{"0":{"start":{"line":6,"column":23},"end":{"line":53,"column":1}},"1":{"start":{"line":56,"column":0},"end":{"line":56,"column":51}},"2":{"start":{"line":57,"column":0},"end":{"line":57,"column":59}},"3":{"start":{"line":58,"column":0},"end":{"line":58,"column":59}},"4":{"start":{"line":60,"column":17},"end":{"line":60,"column":59}}},"fnMap":{},"branchMap":{},"s":{"0":12,"1":12,"2":12,"3":12,"4":12},"f":{},"b":{},"inputSourceMap":null,"_coverageSchema":"1a1c01bbd47fc00a2c39e90264f33305004495a9","hash":"6869ac957056f4058214d222abc60f0cafe5a285"}
,"E:\\Sunrise Connect\\backend\\src\\models\\Parent.js": {"path":"E:\\Sunrise Connect\\backend\\src\\models\\Parent.js","statementMap":{"0":{"start":{"line":4,"column":21},"end":{"line":61,"column":1}},"1":{"start":{"line":64,"column":0},"end":{"line":67,"column":2}},"2":{"start":{"line":69,"column":15},"end":{"line":69,"column":53}}},"fnMap":{},"branchMap":{},"s":{"0":12,"1":12,"2":12},"f":{},"b":{},"inputSourceMap":null,"_coverageSchema":"1a1c01bbd47fc00a2c39e90264f33305004495a9","hash":"d4c9a0dfc24a5f9c3a396ff2727d1a541a20ee58"}
,"E:\\Sunrise Connect\\backend\\src\\models\\Payment.js": {"path":"E:\\Sunrise Connect\\backend\\src\\models\\Payment.js","statementMap":{"0":{"start":{"line":6,"column":22},"end":{"line":37,"column":1}},"1":{"start":{"line":40,"column":0},"end":{"line":40,"column":52}},"2":{"start":{"line":42,"column":16},"end":{"line":42,"column":56}}},"fnMap":{},"branchMap":{},"s":{"0":12,"1":12,"2":12},"f":{},"b":{},"inputSourceMap":null,"_coverageSchema":"1a1c01bbd47fc00a2c39e90264f33305004495a9","hash":"1daca2fa9a436e159db3f9e271be4eec0222bc8d"}
,"E:\\Sunrise Connect\\backend\\src\\models\\Student.js": {"path":"E:\\Sunrise Connect\\backend\\src\\models\\Student.js","statementMap":{"0":{"start":{"line":3,"column":22},"end":{"line":62,"column":1}},"1":{"start":{"line":68,"column":0},"end":{"line":68,"column":37}},"2":{"start":{"line":73,"column":0},"end":{"line":73,"column":82}},"3":{"start":{"line":77,"column":0},"end":{"line":77,"column":40}},"4":{"start":{"line":82,"column":0},"end":{"line":82,"column":61}},"5":{"start":{"line":86,"column":0},"end":{"line":86,"column":42}},"6":{"start":{"line":87,"column":0},"end":{"line":87,"column":34}},"7":{"start":{"line":88,"column":0},"end":{"line":88,"column":37}},"8":{"start":{"line":90,"column":16},"end":{"line":90,"column":56}}},"fnMap":{},"branchMap":{},"s":{"0":12,"1":12,"2":12,"3":12,"4":12,"5":12,"6":12,"7":12,"8":12},"f":{},"b":{},"inputSourceMap":null,"_coverageSchema":"1a1c01bbd47fc00a2c39e90264f33305004495a9","hash":"56bebe87815a62ad04f0a482fe5621e48c9b24d6"}
,"E:\\Sunrise Connect\\backend\\src\\models\\StudentFeeLedger.js": {"path":"E:\\Sunrise Connect\\backend\\src\\models\\StudentFeeLedger.js","statementMap":{"0":{"start":{"line":4,"column":23},"end":{"line":14,"column":1}},"1":{"start":{"line":17,"column":31},"end":{"line":111,"column":1}},"2":{"start":{"line":119,"column":0},"end":{"line":119,"column":114}},"3":{"start":{"line":123,"column":0},"end":{"line":123,"column":75}},"4":{"start":{"line":127,"column":0},"end":{"line":127,"column":61}},"5":{"start":{"line":132,"column":0},"end":{"line":132,"column":131}},"6":{"start":{"line":136,"column":0},"end":{"line":136,"column":56}},"7":{"start":{"line":140,"column":0},"end":{"line":140,"column":59}},"8":{"start":{"line":144,"column":0},"end":{"line":144,"column":48}},"9":{"start":{"line":146,"column":25},"end":{"line":146,"column":83}}},"fnMap":{},"branchMap":{},"s":{"0":12,"1":12,"2":12,"3":12,"4":12,"5":12,"6":12,"7":12,"8":12,"9":12},"f":{},"b":{},"inputSourceMap":null,"_coverageSchema":"1a1c01bbd47fc00a2c39e90264f33305004495a9","hash":"2a30b63c01edfd1c34264b32cf246e692d5bc026"}
,"E:\\Sunrise Connect\\backend\\src\\models\\User.js": {"path":"E:\\Sunrise Connect\\backend\\src\\models\\User.js","statementMap":{"0":{"start":{"line":3,"column":19},"end":{"line":57,"column":1}},"1":{"start":{"line":66,"column":0},"end":{"line":66,"column":43}},"2":{"start":{"line":68,"column":13},"end":{"line":68,"column":47}}},"fnMap":{},"branchMap":{},"s":{"0":11,"1":11,"2":11},"f":{},"b":{},"inputSourceMap":null,"_coverageSchema":"1a1c01bbd47fc00a2c39e90264f33305004495a9","hash":"f253a76517674ea8f41240c18f702318d5c0cbc8"}
,"E:\\Sunrise Connect\\backend\\src\\repositories\\auditRepository.js": {"path":"E:\\Sunrise Connect\\backend\\src\\repositories\\auditRepository.js","statementMap":{"0":{"start":{"line":7,"column":24},"end":{"line":23,"column":1}},"1":{"start":{"line":10,"column":17},"end":{"line":10,"column":43}},"2":{"start":{"line":11,"column":18},"end":{"line":11,"column":53}},"3":{"start":{"line":12,"column":4},"end":{"line":12,"column":15}},"4":{"start":{"line":16,"column":4},"end":{"line":16,"column":40}},"5":{"start":{"line":20,"column":63},"end":{"line":20,"column":67}},"6":{"start":{"line":21,"column":4},"end":{"line":21,"column":69}}},"fnMap":{"0":{"name":"(anonymous_0)","decl":{"start":{"line":9,"column":2},"end":{"line":9,"column":3}},"loc":{"start":{"line":9,"column":37},"end":{"line":13,"column":3}},"line":9},"1":{"name":"(anonymous_1)","decl":{"start":{"line":15,"column":2},"end":{"line":15,"column":3}},"loc":{"start":{"line":15,"column":21},"end":{"line":17,"column":3}},"line":15},"2":{"name":"(anonymous_2)","decl":{"start":{"line":19,"column":2},"end":{"line":19,"column":3}},"loc":{"start":{"line":19,"column":37},"end":{"line":22,"column":3}},"line":19}},"branchMap":{"0":{"loc":{"start":{"line":9,"column":21},"end":{"line":9,"column":35}},"type":"default-arg","locations":[{"start":{"line":9,"column":31},"end":{"line":9,"column":35}}],"line":9},"1":{"loc":{"start":{"line":10,"column":17},"end":{"line":10,"column":43}},"type":"cond-expr","locations":[{"start":{"line":10,"column":27},"end":{"line":10,"column":38}},{"start":{"line":10,"column":41},"end":{"line":10,"column":43}}],"line":10},"2":{"loc":{"start":{"line":19,"column":13},"end":{"line":19,"column":24}},"type":"default-arg","locations":[{"start":{"line":19,"column":22},"end":{"line":19,"column":24}}],"line":19},"3":{"loc":{"start":{"line":19,"column":26},"end":{"line":19,"column":35}},"type":"default-arg","locations":[{"start":{"line":19,"column":33},"end":{"line":19,"column":35}}],"line":19},"4":{"loc":{"start":{"line":20,"column":12},"end":{"line":20,"column":22}},"type":"default-arg","locations":[{"start":{"line":20,"column":20},"end":{"line":20,"column":22}}],"line":20},"5":{"loc":{"start":{"line":20,"column":24},"end":{"line":20,"column":32}},"type":"default-arg","locations":[{"start":{"line":20,"column":31},"end":{"line":20,"column":32}}],"line":20},"6":{"loc":{"start":{"line":20,"column":34},"end":{"line":20,"column":58}},"type":"default-arg","locations":[{"start":{"line":20,"column":41},"end":{"line":20,"column":58}}],"line":20}},"s":{"0":12,"1":6,"2":6,"3":6,"4":1,"5":2,"6":2},"f":{"0":6,"1":1,"2":2},"b":{"0":[6],"1":[0,6],"2":[0],"3":[2],"4":[2],"5":[2],"6":[2]},"inputSourceMap":null,"_coverageSchema":"1a1c01bbd47fc00a2c39e90264f33305004495a9","hash":"993d9ac72717b934dd452edd8a897d73f60f8fad"}
,"E:\\Sunrise Connect\\backend\\src\\repositories\\ledgerRepository.js": {"path":"E:\\Sunrise Connect\\backend\\src\\repositories\\ledgerRepository.js","statementMap":{"0":{"start":{"line":6,"column":25},"end":{"line":40,"column":1}},"1":{"start":{"line":8,"column":18},"end":{"line":8,"column":61}},"2":{"start":{"line":9,"column":4},"end":{"line":9,"column":15}},"3":{"start":{"line":13,"column":4},"end":{"line":13,"column":66}},"4":{"start":{"line":17,"column":4},"end":{"line":17,"column":69}},"5":{"start":{"line":21,"column":72},"end":{"line":21,"column":76}},"6":{"start":{"line":22,"column":4},"end":{"line":22,"column":92}},"7":{"start":{"line":26,"column":4},"end":{"line":26,"column":60}},"8":{"start":{"line":30,"column":4},"end":{"line":30,"column":54}},"9":{"start":{"line":34,"column":4},"end":{"line":34,"column":51}},"10":{"start":{"line":38,"column":4},"end":{"line":38,"column":51}}},"fnMap":{"0":{"name":"(anonymous_0)","decl":{"start":{"line":7,"column":2},"end":{"line":7,"column":3}},"loc":{"start":{"line":7,"column":32},"end":{"line":10,"column":3}},"line":7},"1":{"name":"(anonymous_1)","decl":{"start":{"line":12,"column":2},"end":{"line":12,"column":3}},"loc":{"start":{"line":12,"column":51},"end":{"line":14,"column":3}},"line":12},"2":{"name":"(anonymous_2)","decl":{"start":{"line":16,"column":2},"end":{"line":16,"column":3}},"loc":{"start":{"line":16,"column":54},"end":{"line":18,"column":3}},"line":16},"3":{"name":"(anonymous_3)","decl":{"start":{"line":20,"column":2},"end":{"line":20,"column":3}},"loc":{"start":{"line":20,"column":56},"end":{"line":23,"column":3}},"line":20},"4":{"name":"(anonymous_4)","decl":{"start":{"line":25,"column":2},"end":{"line":25,"column":3}},"loc":{"start":{"line":25,"column":45},"end":{"line":27,"column":3}},"line":25},"5":{"name":"(anonymous_5)","decl":{"start":{"line":29,"column":2},"end":{"line":29,"column":3}},"loc":{"start":{"line":29,"column":39},"end":{"line":31,"column":3}},"line":29},"6":{"name":"(anonymous_6)","decl":{"start":{"line":33,"column":2},"end":{"line":33,"column":3}},"loc":{"start":{"line":33,"column":36},"end":{"line":35,"column":3}},"line":33},"7":{"name":"(anonymous_7)","decl":{"start":{"line":37,"column":2},"end":{"line":37,"column":3}},"loc":{"start":{"line":37,"column":36},"end":{"line":39,"column":3}},"line":37}},"branchMap":{"0":{"loc":{"start":{"line":7,"column":21},"end":{"line":7,"column":30}},"type":"default-arg","locations":[{"start":{"line":7,"column":28},"end":{"line":7,"column":30}}],"line":7},"1":{"loc":{"start":{"line":12,"column":21},"end":{"line":12,"column":38}},"type":"default-arg","locations":[{"start":{"line":12,"column":34},"end":{"line":12,"column":38}}],"line":12},"2":{"loc":{"start":{"line":12,"column":40},"end":{"line":12,"column":49}},"type":"default-arg","locations":[{"start":{"line":12,"column":47},"end":{"line":12,"column":49}}],"line":12},"3":{"loc":{"start":{"line":16,"column":24},"end":{"line":16,"column":41}},"type":"default-arg","locations":[{"start":{"line":16,"column":37},"end":{"line":16,"column":41}}],"line":16},"4":{"loc":{"start":{"line":16,"column":43},"end":{"line":16,"column":52}},"type":"default-arg","locations":[{"start":{"line":16,"column":50},"end":{"line":16,"column":52}}],"line":16},"5":{"loc":{"start":{"line":20,"column":13},"end":{"line":20,"column":24}},"type":"default-arg","locations":[{"start":{"line":20,"column":22},"end":{"line":20,"column":24}}],"line":20},"6":{"loc":{"start":{"line":20,"column":26},"end":{"line":20,"column":43}},"type":"default-arg","locations":[{"start":{"line":20,"column":39},"end":{"line":20,"column":43}}],"line":20},"7":{"loc":{"start":{"line":20,"column":45},"end":{"line":20,"column":54}},"type":"default-arg","locations":[{"start":{"line":20,"column":52},"end":{"line":20,"column":54}}],"line":20},"8":{"loc":{"start":{"line":21,"column":12},"end":{"line":21,"column":22}},"type":"default-arg","locations":[{"start":{"line":21,"column":20},"end":{"line":21,"column":22}}],"line":21},"9":{"loc":{"start":{"line":21,"column":24},"end":{"line":21,"column":32}},"type":"default-arg","locations":[{"start":{"line":21,"column":31},"end":{"line":21,"column":32}}],"line":21},"10":{"loc":{"start":{"line":21,"column":34},"end":{"line":21,"column":58}},"type":"default-arg","locations":[{"start":{"line":21,"column":41},"end":{"line":21,"column":58}}],"line":21},"11":{"loc":{"start":{"line":25,"column":34},"end":{"line":25,"column":43}},"type":"default-arg","locations":[{"start":{"line":25,"column":41},"end":{"line":25,"column":43}}],"line":25},"12":{"loc":{"start":{"line":29,"column":28},"end":{"line":29,"column":37}},"type":"default-arg","locations":[{"start":{"line":29,"column":35},"end":{"line":29,"column":37}}],"line":29},"13":{"loc":{"start":{"line":33,"column":23},"end":{"line":33,"column":34}},"type":"default-arg","locations":[{"start":{"line":33,"column":32},"end":{"line":33,"column":34}}],"line":33},"14":{"loc":{"start":{"line":37,"column":25},"end":{"line":37,"column":34}},"type":"default-arg","locations":[{"start":{"line":37,"column":32},"end":{"line":37,"column":34}}],"line":37}},"s":{"0":11,"1":22,"2":22,"3":28,"4":0,"5":0,"6":0,"7":12,"8":1,"9":1,"10":0},"f":{"0":22,"1":28,"2":0,"3":0,"4":12,"5":1,"6":1,"7":0},"b":{"0":[21],"1":[14],"2":[14],"3":[0],"4":[0],"5":[0],"6":[0],"7":[0],"8":[0],"9":[0],"10":[0],"11":[2],"12":[1],"13":[0],"14":[0]},"inputSourceMap":null,"_coverageSchema":"1a1c01bbd47fc00a2c39e90264f33305004495a9","hash":"08892e74ab58dc2156bb09ed6dba262f5e88896a"}
,"E:\\Sunrise Connect\\backend\\src\\repositories\\parentRepository.js": {"path":"E:\\Sunrise Connect\\backend\\src\\repositories\\parentRepository.js","statementMap":{"0":{"start":{"line":7,"column":25},"end":{"line":67,"column":1}},"1":{"start":{"line":10,"column":18},"end":{"line":10,"column":51}},"2":{"start":{"line":11,"column":4},"end":{"line":11,"column":15}},"3":{"start":{"line":16,"column":4},"end":{"line":16,"column":56}},"4":{"start":{"line":21,"column":4},"end":{"line":21,"column":59}},"5":{"start":{"line":26,"column":4},"end":{"line":26,"column":65}},"6":{"start":{"line":31,"column":4},"end":{"line":31,"column":63}},"7":{"start":{"line":36,"column":72},"end":{"line":36,"column":76}},"8":{"start":{"line":37,"column":4},"end":{"line":37,"column":82}},"9":{"start":{"line":42,"column":4},"end":{"line":42,"column":50}},"10":{"start":{"line":47,"column":4},"end":{"line":50,"column":6}},"11":{"start":{"line":55,"column":4},"end":{"line":55,"column":42}},"12":{"start":{"line":60,"column":4},"end":{"line":60,"column":41}},"13":{"start":{"line":65,"column":4},"end":{"line":65,"column":41}}},"fnMap":{"0":{"name":"(anonymous_0)","decl":{"start":{"line":9,"column":2},"end":{"line":9,"column":3}},"loc":{"start":{"line":9,"column":32},"end":{"line":12,"column":3}},"line":9},"1":{"name":"(anonymous_1)","decl":{"start":{"line":15,"column":2},"end":{"line":15,"column":3}},"loc":{"start":{"line":15,"column":51},"end":{"line":17,"column":3}},"line":15},"2":{"name":"(anonymous_2)","decl":{"start":{"line":20,"column":2},"end":{"line":20,"column":3}},"loc":{"start":{"line":20,"column":54},"end":{"line":22,"column":3}},"line":20},"3":{"name":"(anonymous_3)","decl":{"start":{"line":25,"column":2},"end":{"line":25,"column":3}},"loc":{"start":{"line":25,"column":36},"end":{"line":27,"column":3}},"line":25},"4":{"name":"(anonymous_4)","decl":{"start":{"line":30,"column":2},"end":{"line":30,"column":3}},"loc":{"start":{"line":30,"column":31},"end":{"line":32,"column":3}},"line":30},"5":{"name":"(anonymous_5)","decl":{"start":{"line":35,"column":2},"end":{"line":35,"column":3}},"loc":{"start":{"line":35,"column":56},"end":{"line":38,"column":3}},"line":35},"6":{"name":"(anonymous_6)","decl":{"start":{"line":41,"column":2},"end":{"line":41,"column":3}},"loc":{"start":{"line":41,"column":45},"end":{"line":43,"column":3}},"line":41},"7":{"name":"(anonymous_7)","decl":{"start":{"line":46,"column":2},"end":{"line":46,"column":3}},"loc":{"start":{"line":46,"column":50},"end":{"line":51,"column":3}},"line":46},"8":{"name":"(anonymous_8)","decl":{"start":{"line":54,"column":2},"end":{"line":54,"column":3}},"loc":{"start":{"line":54,"column":37},"end":{"line":56,"column":3}},"line":54},"9":{"name":"(anonymous_9)","decl":{"start":{"line":59,"column":2},"end":{"line":59,"column":3}},"loc":{"start":{"line":59,"column":36},"end":{"line":61,"column":3}},"line":59},"10":{"name":"(anonymous_10)","decl":{"start":{"line":64,"column":2},"end":{"line":64,"column":3}},"loc":{"start":{"line":64,"column":36},"end":{"line":66,"column":3}},"line":64}},"branchMap":{"0":{"loc":{"start":{"line":9,"column":21},"end":{"line":9,"column":30}},"type":"default-arg","locations":[{"start":{"line":9,"column":28},"end":{"line":9,"column":30}}],"line":9},"1":{"loc":{"start":{"line":15,"column":21},"end":{"line":15,"column":38}},"type":"default-arg","locations":[{"start":{"line":15,"column":34},"end":{"line":15,"column":38}}],"line":15},"2":{"loc":{"start":{"line":15,"column":40},"end":{"line":15,"column":49}},"type":"default-arg","locations":[{"start":{"line":15,"column":47},"end":{"line":15,"column":49}}],"line":15},"3":{"loc":{"start":{"line":20,"column":24},"end":{"line":20,"column":41}},"type":"default-arg","locations":[{"start":{"line":20,"column":37},"end":{"line":20,"column":41}}],"line":20},"4":{"loc":{"start":{"line":20,"column":43},"end":{"line":20,"column":52}},"type":"default-arg","locations":[{"start":{"line":20,"column":50},"end":{"line":20,"column":52}}],"line":20},"5":{"loc":{"start":{"line":35,"column":13},"end":{"line":35,"column":24}},"type":"default-arg","locations":[{"start":{"line":35,"column":22},"end":{"line":35,"column":24}}],"line":35},"6":{"loc":{"start":{"line":35,"column":26},"end":{"line":35,"column":43}},"type":"default-arg","locations":[{"start":{"line":35,"column":39},"end":{"line":35,"column":43}}],"line":35},"7":{"loc":{"start":{"line":35,"column":45},"end":{"line":35,"column":54}},"type":"default-arg","locations":[{"start":{"line":35,"column":52},"end":{"line":35,"column":54}}],"line":35},"8":{"loc":{"start":{"line":36,"column":12},"end":{"line":36,"column":22}},"type":"default-arg","locations":[{"start":{"line":36,"column":20},"end":{"line":36,"column":22}}],"line":36},"9":{"loc":{"start":{"line":36,"column":24},"end":{"line":36,"column":32}},"type":"default-arg","locations":[{"start":{"line":36,"column":31},"end":{"line":36,"column":32}}],"line":36},"10":{"loc":{"start":{"line":36,"column":34},"end":{"line":36,"column":58}},"type":"default-arg","locations":[{"start":{"line":36,"column":41},"end":{"line":36,"column":58}}],"line":36},"11":{"loc":{"start":{"line":41,"column":34},"end":{"line":41,"column":43}},"type":"default-arg","locations":[{"start":{"line":41,"column":41},"end":{"line":41,"column":43}}],"line":41},"12":{"loc":{"start":{"line":54,"column":26},"end":{"line":54,"column":35}},"type":"default-arg","locations":[{"start":{"line":54,"column":33},"end":{"line":54,"column":35}}],"line":54},"13":{"loc":{"start":{"line":59,"column":23},"end":{"line":59,"column":34}},"type":"default-arg","locations":[{"start":{"line":59,"column":32},"end":{"line":59,"column":34}}],"line":59},"14":{"loc":{"start":{"line":64,"column":25},"end":{"line":64,"column":34}},"type":"default-arg","locations":[{"start":{"line":64,"column":32},"end":{"line":64,"column":34}}],"line":64}},"s":{"0":10,"1":16,"2":16,"3":8,"4":4,"5":0,"6":0,"7":2,"8":2,"9":5,"10":0,"11":1,"12":1,"13":0},"f":{"0":16,"1":8,"2":4,"3":0,"4":0,"5":2,"6":5,"7":0,"8":1,"9":1,"10":0},"b":{"0":[8],"1":[8],"2":[8],"3":[4],"4":[4],"5":[0],"6":[1],"7":[1],"8":[1],"9":[1],"10":[2],"11":[3],"12":[1],"13":[0],"14":[0]},"inputSourceMap":null,"_coverageSchema":"1a1c01bbd47fc00a2c39e90264f33305004495a9","hash":"8de64747a0e83ba94b9dcee13cd72b7caf5186df"}
,"E:\\Sunrise Connect\\backend\\src\\repositories\\paymentRepository.js": {"path":"E:\\Sunrise Connect\\backend\\src\\repositories\\paymentRepository.js","statementMap":{"0":{"start":{"line":6,"column":26},"end":{"line":36,"column":1}},"1":{"start":{"line":8,"column":18},"end":{"line":8,"column":52}},"2":{"start":{"line":9,"column":4},"end":{"line":9,"column":15}},"3":{"start":{"line":13,"column":4},"end":{"line":13,"column":57}},"4":{"start":{"line":17,"column":4},"end":{"line":17,"column":60}},"5":{"start":{"line":21,"column":72},"end":{"line":21,"column":76}},"6":{"start":{"line":22,"column":4},"end":{"line":22,"column":83}},"7":{"start":{"line":26,"column":4},"end":{"line":26,"column":51}},"8":{"start":{"line":30,"column":4},"end":{"line":30,"column":45}},"9":{"start":{"line":34,"column":4},"end":{"line":34,"column":42}}},"fnMap":{"0":{"name":"(anonymous_0)","decl":{"start":{"line":7,"column":2},"end":{"line":7,"column":3}},"loc":{"start":{"line":7,"column":32},"end":{"line":10,"column":3}},"line":7},"1":{"name":"(anonymous_1)","decl":{"start":{"line":12,"column":2},"end":{"line":12,"column":3}},"loc":{"start":{"line":12,"column":51},"end":{"line":14,"column":3}},"line":12},"2":{"name":"(anonymous_2)","decl":{"start":{"line":16,"column":2},"end":{"line":16,"column":3}},"loc":{"start":{"line":16,"column":54},"end":{"line":18,"column":3}},"line":16},"3":{"name":"(anonymous_3)","decl":{"start":{"line":20,"column":2},"end":{"line":20,"column":3}},"loc":{"start":{"line":20,"column":56},"end":{"line":23,"column":3}},"line":20},"4":{"name":"(anonymous_4)","decl":{"start":{"line":25,"column":2},"end":{"line":25,"column":3}},"loc":{"start":{"line":25,"column":45},"end":{"line":27,"column":3}},"line":25},"5":{"name":"(anonymous_5)","decl":{"start":{"line":29,"column":2},"end":{"line":29,"column":3}},"loc":{"start":{"line":29,"column":39},"end":{"line":31,"column":3}},"line":29},"6":{"name":"(anonymous_6)","decl":{"start":{"line":33,"column":2},"end":{"line":33,"column":3}},"loc":{"start":{"line":33,"column":36},"end":{"line":35,"column":3}},"line":33}},"branchMap":{"0":{"loc":{"start":{"line":7,"column":21},"end":{"line":7,"column":30}},"type":"default-arg","locations":[{"start":{"line":7,"column":28},"end":{"line":7,"column":30}}],"line":7},"1":{"loc":{"start":{"line":12,"column":21},"end":{"line":12,"column":38}},"type":"default-arg","locations":[{"start":{"line":12,"column":34},"end":{"line":12,"column":38}}],"line":12},"2":{"loc":{"start":{"line":12,"column":40},"end":{"line":12,"column":49}},"type":"default-arg","locations":[{"start":{"line":12,"column":47},"end":{"line":12,"column":49}}],"line":12},"3":{"loc":{"start":{"line":16,"column":24},"end":{"line":16,"column":41}},"type":"default-arg","locations":[{"start":{"line":16,"column":37},"end":{"line":16,"column":41}}],"line":16},"4":{"loc":{"start":{"line":16,"column":43},"end":{"line":16,"column":52}},"type":"default-arg","locations":[{"start":{"line":16,"column":50},"end":{"line":16,"column":52}}],"line":16},"5":{"loc":{"start":{"line":20,"column":13},"end":{"line":20,"column":24}},"type":"default-arg","locations":[{"start":{"line":20,"column":22},"end":{"line":20,"column":24}}],"line":20},"6":{"loc":{"start":{"line":20,"column":26},"end":{"line":20,"column":43}},"type":"default-arg","locations":[{"start":{"line":20,"column":39},"end":{"line":20,"column":43}}],"line":20},"7":{"loc":{"start":{"line":20,"column":45},"end":{"line":20,"column":54}},"type":"default-arg","locations":[{"start":{"line":20,"column":52},"end":{"line":20,"column":54}}],"line":20},"8":{"loc":{"start":{"line":21,"column":12},"end":{"line":21,"column":22}},"type":"default-arg","locations":[{"start":{"line":21,"column":20},"end":{"line":21,"column":22}}],"line":21},"9":{"loc":{"start":{"line":21,"column":24},"end":{"line":21,"column":32}},"type":"default-arg","locations":[{"start":{"line":21,"column":31},"end":{"line":21,"column":32}}],"line":21},"10":{"loc":{"start":{"line":21,"column":34},"end":{"line":21,"column":58}},"type":"default-arg","locations":[{"start":{"line":21,"column":41},"end":{"line":21,"column":58}}],"line":21},"11":{"loc":{"start":{"line":25,"column":34},"end":{"line":25,"column":43}},"type":"default-arg","locations":[{"start":{"line":25,"column":41},"end":{"line":25,"column":43}}],"line":25},"12":{"loc":{"start":{"line":29,"column":28},"end":{"line":29,"column":37}},"type":"default-arg","locations":[{"start":{"line":29,"column":35},"end":{"line":29,"column":37}}],"line":29},"13":{"loc":{"start":{"line":33,"column":23},"end":{"line":33,"column":34}},"type":"default-arg","locations":[{"start":{"line":33,"column":32},"end":{"line":33,"column":34}}],"line":33}},"s":{"0":10,"1":12,"2":12,"3":8,"4":0,"5":1,"6":1,"7":0,"8":0,"9":1},"f":{"0":12,"1":8,"2":0,"3":1,"4":0,"5":0,"6":1},"b":{"0":[6],"1":[4],"2":[4],"3":[0],"4":[0],"5":[0],"6":[1],"7":[1],"8":[1],"9":[1],"10":[1],"11":[0],"12":[0],"13":[0]},"inputSourceMap":null,"_coverageSchema":"1a1c01bbd47fc00a2c39e90264f33305004495a9","hash":"72c5508b3b3cc318dc021aa3268bafae845d169c"}
,"E:\\Sunrise Connect\\backend\\src\\repositories\\studentRepository.js": {"path":"E:\\Sunrise Connect\\backend\\src\\repositories\\studentRepository.js","statementMap":{"0":{"start":{"line":6,"column":26},"end":{"line":40,"column":1}},"1":{"start":{"line":8,"column":18},"end":{"line":8,"column":52}},"2":{"start":{"line":9,"column":4},"end":{"line":9,"column":15}},"3":{"start":{"line":13,"column":4},"end":{"line":13,"column":57}},"4":{"start":{"line":17,"column":4},"end":{"line":17,"column":60}},"5":{"start":{"line":21,"column":72},"end":{"line":21,"column":76}},"6":{"start":{"line":22,"column":4},"end":{"line":22,"column":83}},"7":{"start":{"line":26,"column":4},"end":{"line":26,"column":51}},"8":{"start":{"line":30,"column":4},"end":{"line":30,"column":43}},"9":{"start":{"line":34,"column":4},"end":{"line":34,"column":42}},"10":{"start":{"line":38,"column":4},"end":{"line":38,"column":42}}},"fnMap":{"0":{"name":"(anonymous_0)","decl":{"start":{"line":7,"column":2},"end":{"line":7,"column":3}},"loc":{"start":{"line":7,"column":32},"end":{"line":10,"column":3}},"line":7},"1":{"name":"(anonymous_1)","decl":{"start":{"line":12,"column":2},"end":{"line":12,"column":3}},"loc":{"start":{"line":12,"column":51},"end":{"line":14,"column":3}},"line":12},"2":{"name":"(anonymous_2)","decl":{"start":{"line":16,"column":2},"end":{"line":16,"column":3}},"loc":{"start":{"line":16,"column":54},"end":{"line":18,"column":3}},"line":16},"3":{"name":"(anonymous_3)","decl":{"start":{"line":20,"column":2},"end":{"line":20,"column":3}},"loc":{"start":{"line":20,"column":56},"end":{"line":23,"column":3}},"line":20},"4":{"name":"(anonymous_4)","decl":{"start":{"line":25,"column":2},"end":{"line":25,"column":3}},"loc":{"start":{"line":25,"column":45},"end":{"line":27,"column":3}},"line":25},"5":{"name":"(anonymous_5)","decl":{"start":{"line":29,"column":2},"end":{"line":29,"column":3}},"loc":{"start":{"line":29,"column":37},"end":{"line":31,"column":3}},"line":29},"6":{"name":"(anonymous_6)","decl":{"start":{"line":33,"column":2},"end":{"line":33,"column":3}},"loc":{"start":{"line":33,"column":36},"end":{"line":35,"column":3}},"line":33},"7":{"name":"(anonymous_7)","decl":{"start":{"line":37,"column":2},"end":{"line":37,"column":3}},"loc":{"start":{"line":37,"column":36},"end":{"line":39,"column":3}},"line":37}},"branchMap":{"0":{"loc":{"start":{"line":7,"column":21},"end":{"line":7,"column":30}},"type":"default-arg","locations":[{"start":{"line":7,"column":28},"end":{"line":7,"column":30}}],"line":7},"1":{"loc":{"start":{"line":12,"column":21},"end":{"line":12,"column":38}},"type":"default-arg","locations":[{"start":{"line":12,"column":34},"end":{"line":12,"column":38}}],"line":12},"2":{"loc":{"start":{"line":12,"column":40},"end":{"line":12,"column":49}},"type":"default-arg","locations":[{"start":{"line":12,"column":47},"end":{"line":12,"column":49}}],"line":12},"3":{"loc":{"start":{"line":16,"column":24},"end":{"line":16,"column":41}},"type":"default-arg","locations":[{"start":{"line":16,"column":37},"end":{"line":16,"column":41}}],"line":16},"4":{"loc":{"start":{"line":16,"column":43},"end":{"line":16,"column":52}},"type":"default-arg","locations":[{"start":{"line":16,"column":50},"end":{"line":16,"column":52}}],"line":16},"5":{"loc":{"start":{"line":20,"column":13},"end":{"line":20,"column":24}},"type":"default-arg","locations":[{"start":{"line":20,"column":22},"end":{"line":20,"column":24}}],"line":20},"6":{"loc":{"start":{"line":20,"column":26},"end":{"line":20,"column":43}},"type":"default-arg","locations":[{"start":{"line":20,"column":39},"end":{"line":20,"column":43}}],"line":20},"7":{"loc":{"start":{"line":20,"column":45},"end":{"line":20,"column":54}},"type":"default-arg","locations":[{"start":{"line":20,"column":52},"end":{"line":20,"column":54}}],"line":20},"8":{"loc":{"start":{"line":21,"column":12},"end":{"line":21,"column":22}},"type":"default-arg","locations":[{"start":{"line":21,"column":20},"end":{"line":21,"column":22}}],"line":21},"9":{"loc":{"start":{"line":21,"column":24},"end":{"line":21,"column":32}},"type":"default-arg","locations":[{"start":{"line":21,"column":31},"end":{"line":21,"column":32}}],"line":21},"10":{"loc":{"start":{"line":21,"column":34},"end":{"line":21,"column":58}},"type":"default-arg","locations":[{"start":{"line":21,"column":41},"end":{"line":21,"column":58}}],"line":21},"11":{"loc":{"start":{"line":25,"column":34},"end":{"line":25,"column":43}},"type":"default-arg","locations":[{"start":{"line":25,"column":41},"end":{"line":25,"column":43}}],"line":25},"12":{"loc":{"start":{"line":29,"column":26},"end":{"line":29,"column":35}},"type":"default-arg","locations":[{"start":{"line":29,"column":33},"end":{"line":29,"column":35}}],"line":29},"13":{"loc":{"start":{"line":33,"column":23},"end":{"line":33,"column":34}},"type":"default-arg","locations":[{"start":{"line":33,"column":32},"end":{"line":33,"column":34}}],"line":33},"14":{"loc":{"start":{"line":37,"column":25},"end":{"line":37,"column":34}},"type":"default-arg","locations":[{"start":{"line":37,"column":32},"end":{"line":37,"column":34}}],"line":37}},"s":{"0":9,"1":5,"2":5,"3":4,"4":0,"5":0,"6":0,"7":1,"8":1,"9":1,"10":0},"f":{"0":5,"1":4,"2":0,"3":0,"4":1,"5":1,"6":1,"7":0},"b":{"0":[5],"1":[4],"2":[4],"3":[0],"4":[0],"5":[0],"6":[0],"7":[0],"8":[0],"9":[0],"10":[0],"11":[1],"12":[1],"13":[0],"14":[0]},"inputSourceMap":null,"_coverageSchema":"1a1c01bbd47fc00a2c39e90264f33305004495a9","hash":"2bb76837a0f1b58a20ffe38016a19ecd7df7b4c1"}
,"E:\\Sunrise Connect\\backend\\src\\repositories\\userRepository.js": {"path":"E:\\Sunrise Connect\\backend\\src\\repositories\\userRepository.js","statementMap":{"0":{"start":{"line":6,"column":23},"end":{"line":54,"column":1}},"1":{"start":{"line":8,"column":18},"end":{"line":8,"column":49}},"2":{"start":{"line":9,"column":4},"end":{"line":9,"column":15}},"3":{"start":{"line":13,"column":4},"end":{"line":13,"column":54}},"4":{"start":{"line":18,"column":4},"end":{"line":18,"column":66}},"5":{"start":{"line":23,"column":4},"end":{"line":23,"column":61}},"6":{"start":{"line":27,"column":4},"end":{"line":27,"column":57}},"7":{"start":{"line":31,"column":72},"end":{"line":31,"column":76}},"8":{"start":{"line":32,"column":4},"end":{"line":32,"column":80}},"9":{"start":{"line":36,"column":4},"end":{"line":36,"column":48}},"10":{"start":{"line":41,"column":4},"end":{"line":44,"column":6}},"11":{"start":{"line":48,"column":4},"end":{"line":48,"column":40}},"12":{"start":{"line":52,"column":4},"end":{"line":52,"column":39}}},"fnMap":{"0":{"name":"(anonymous_0)","decl":{"start":{"line":7,"column":2},"end":{"line":7,"column":3}},"loc":{"start":{"line":7,"column":32},"end":{"line":10,"column":3}},"line":7},"1":{"name":"(anonymous_1)","decl":{"start":{"line":12,"column":2},"end":{"line":12,"column":3}},"loc":{"start":{"line":12,"column":51},"end":{"line":14,"column":3}},"line":12},"2":{"name":"(anonymous_2)","decl":{"start":{"line":17,"column":2},"end":{"line":17,"column":3}},"loc":{"start":{"line":17,"column":39},"end":{"line":19,"column":3}},"line":17},"3":{"name":"(anonymous_3)","decl":{"start":{"line":22,"column":2},"end":{"line":22,"column":3}},"loc":{"start":{"line":22,"column":31},"end":{"line":24,"column":3}},"line":22},"4":{"name":"(anonymous_4)","decl":{"start":{"line":26,"column":2},"end":{"line":26,"column":3}},"loc":{"start":{"line":26,"column":54},"end":{"line":28,"column":3}},"line":26},"5":{"name":"(anonymous_5)","decl":{"start":{"line":30,"column":2},"end":{"line":30,"column":3}},"loc":{"start":{"line":30,"column":56},"end":{"line":33,"column":3}},"line":30},"6":{"name":"(anonymous_6)","decl":{"start":{"line":35,"column":2},"end":{"line":35,"column":3}},"loc":{"start":{"line":35,"column":45},"end":{"line":37,"column":3}},"line":35},"7":{"name":"(anonymous_7)","decl":{"start":{"line":40,"column":2},"end":{"line":40,"column":3}},"loc":{"start":{"line":40,"column":99},"end":{"line":45,"column":3}},"line":40},"8":{"name":"(anonymous_8)","decl":{"start":{"line":47,"column":2},"end":{"line":47,"column":3}},"loc":{"start":{"line":47,"column":37},"end":{"line":49,"column":3}},"line":47},"9":{"name":"(anonymous_9)","decl":{"start":{"line":51,"column":2},"end":{"line":51,"column":3}},"loc":{"start":{"line":51,"column":36},"end":{"line":53,"column":3}},"line":51}},"branchMap":{"0":{"loc":{"start":{"line":7,"column":21},"end":{"line":7,"column":30}},"type":"default-arg","locations":[{"start":{"line":7,"column":28},"end":{"line":7,"column":30}}],"line":7},"1":{"loc":{"start":{"line":12,"column":21},"end":{"line":12,"column":38}},"type":"default-arg","locations":[{"start":{"line":12,"column":34},"end":{"line":12,"column":38}}],"line":12},"2":{"loc":{"start":{"line":12,"column":40},"end":{"line":12,"column":49}},"type":"default-arg","locations":[{"start":{"line":12,"column":47},"end":{"line":12,"column":49}}],"line":12},"3":{"loc":{"start":{"line":26,"column":24},"end":{"line":26,"column":41}},"type":"default-arg","locations":[{"start":{"line":26,"column":37},"end":{"line":26,"column":41}}],"line":26},"4":{"loc":{"start":{"line":26,"column":43},"end":{"line":26,"column":52}},"type":"default-arg","locations":[{"start":{"line":26,"column":50},"end":{"line":26,"column":52}}],"line":26},"5":{"loc":{"start":{"line":30,"column":13},"end":{"line":30,"column":24}},"type":"default-arg","locations":[{"start":{"line":30,"column":22},"end":{"line":30,"column":24}}],"line":30},"6":{"loc":{"start":{"line":30,"column":26},"end":{"line":30,"column":43}},"type":"default-arg","locations":[{"start":{"line":30,"column":39},"end":{"line":30,"column":43}}],"line":30},"7":{"loc":{"start":{"line":30,"column":45},"end":{"line":30,"column":54}},"type":"default-arg","locations":[{"start":{"line":30,"column":52},"end":{"line":30,"column":54}}],"line":30},"8":{"loc":{"start":{"line":31,"column":12},"end":{"line":31,"column":22}},"type":"default-arg","locations":[{"start":{"line":31,"column":20},"end":{"line":31,"column":22}}],"line":31},"9":{"loc":{"start":{"line":31,"column":24},"end":{"line":31,"column":32}},"type":"default-arg","locations":[{"start":{"line":31,"column":31},"end":{"line":31,"column":32}}],"line":31},"10":{"loc":{"start":{"line":31,"column":34},"end":{"line":31,"column":58}},"type":"default-arg","locations":[{"start":{"line":31,"column":41},"end":{"line":31,"column":58}}],"line":31},"11":{"loc":{"start":{"line":35,"column":34},"end":{"line":35,"column":43}},"type":"default-arg","locations":[{"start":{"line":35,"column":41},"end":{"line":35,"column":43}}],"line":35},"12":{"loc":{"start":{"line":40,"column":39},"end":{"line":40,"column":97}},"type":"default-arg","locations":[{"start":{"line":40,"column":51},"end":{"line":40,"column":97}}],"line":40},"13":{"loc":{"start":{"line":47,"column":26},"end":{"line":47,"column":35}},"type":"default-arg","locations":[{"start":{"line":47,"column":33},"end":{"line":47,"column":35}}],"line":47},"14":{"loc":{"start":{"line":51,"column":23},"end":{"line":51,"column":34}},"type":"default-arg","locations":[{"start":{"line":51,"column":32},"end":{"line":51,"column":34}}],"line":51}},"s":{"0":8,"1":0,"2":0,"3":0,"4":0,"5":0,"6":0,"7":0,"8":0,"9":0,"10":0,"11":0,"12":0},"f":{"0":0,"1":0,"2":0,"3":0,"4":0,"5":0,"6":0,"7":0,"8":0,"9":0},"b":{"0":[0],"1":[0],"2":[0],"3":[0],"4":[0],"5":[0],"6":[0],"7":[0],"8":[0],"9":[0],"10":[0],"11":[0],"12":[0],"13":[0],"14":[0]},"inputSourceMap":null,"_coverageSchema":"1a1c01bbd47fc00a2c39e90264f33305004495a9","hash":"25682413290aaeff09ffc087a13872f6f105f59d"}
,"E:\\Sunrise Connect\\backend\\src\\routes\\audit.routes.js": {"path":"E:\\Sunrise Connect\\backend\\src\\routes\\audit.routes.js","statementMap":{"0":{"start":{"line":7,"column":15},"end":{"line":7,"column":23}},"1":{"start":{"line":9,"column":0},"end":{"line":9,"column":45}},"2":{"start":{"line":11,"column":0},"end":{"line":11,"column":43}},"3":{"start":{"line":12,"column":0},"end":{"line":12,"column":45}}},"fnMap":{},"branchMap":{},"s":{"0":8,"1":8,"2":8,"3":8},"f":{},"b":{},"inputSourceMap":null,"_coverageSchema":"1a1c01bbd47fc00a2c39e90264f33305004495a9","hash":"16c280b943c2f41587c9783968848cf39ec5c41f"}
,"E:\\Sunrise Connect\\backend\\src\\routes\\auth.routes.js": {"path":"E:\\Sunrise Connect\\backend\\src\\routes\\auth.routes.js","statementMap":{"0":{"start":{"line":15,"column":15},"end":{"line":15,"column":23}},"1":{"start":{"line":18,"column":0},"end":{"line":18,"column":106}},"2":{"start":{"line":19,"column":0},"end":{"line":19,"column":115}},"3":{"start":{"line":20,"column":0},"end":{"line":20,"column":114}},"4":{"start":{"line":21,"column":0},"end":{"line":21,"column":106}},"5":{"start":{"line":22,"column":0},"end":{"line":22,"column":107}},"6":{"start":{"line":25,"column":0},"end":{"line":25,"column":64}},"7":{"start":{"line":26,"column":0},"end":{"line":26,"column":67}}},"fnMap":{},"branchMap":{},"s":{"0":8,"1":8,"2":8,"3":8,"4":8,"5":8,"6":8,"7":8},"f":{},"b":{},"inputSourceMap":null,"_coverageSchema":"1a1c01bbd47fc00a2c39e90264f33305004495a9","hash":"a2b6fa845577dc62fc860bc553ad8f8ffa93d74b"}
,"E:\\Sunrise Connect\\backend\\src\\routes\\dashboard.routes.js": {"path":"E:\\Sunrise Connect\\backend\\src\\routes\\dashboard.routes.js","statementMap":{"0":{"start":{"line":7,"column":15},"end":{"line":7,"column":23}},"1":{"start":{"line":9,"column":0},"end":{"line":9,"column":25}},"2":{"start":{"line":11,"column":0},"end":{"line":11,"column":104}},"3":{"start":{"line":12,"column":0},"end":{"line":12,"column":106}},"4":{"start":{"line":13,"column":0},"end":{"line":13,"column":107}}},"fnMap":{},"branchMap":{},"s":{"0":8,"1":8,"2":8,"3":8,"4":8},"f":{},"b":{},"inputSourceMap":null,"_coverageSchema":"1a1c01bbd47fc00a2c39e90264f33305004495a9","hash":"57d4c42c4722c97446098e3f4accf0f480c09476"}
,"E:\\Sunrise Connect\\backend\\src\\routes\\ledger.routes.js": {"path":"E:\\Sunrise Connect\\backend\\src\\routes\\ledger.routes.js","statementMap":{"0":{"start":{"line":14,"column":15},"end":{"line":14,"column":23}},"1":{"start":{"line":16,"column":0},"end":{"line":16,"column":25}},"2":{"start":{"line":18,"column":0},"end":{"line":18,"column":122}},"3":{"start":{"line":19,"column":0},"end":{"line":19,"column":121}},"4":{"start":{"line":20,"column":0},"end":{"line":20,"column":99}},"5":{"start":{"line":21,"column":0},"end":{"line":21,"column":119}},"6":{"start":{"line":22,"column":0},"end":{"line":22,"column":125}},"7":{"start":{"line":23,"column":0},"end":{"line":23,"column":90}}},"fnMap":{},"branchMap":{},"s":{"0":8,"1":8,"2":8,"3":8,"4":8,"5":8,"6":8,"7":8},"f":{},"b":{},"inputSourceMap":null,"_coverageSchema":"1a1c01bbd47fc00a2c39e90264f33305004495a9","hash":"949a04860c5947d5677786abe28919300bb5b106"}
,"E:\\Sunrise Connect\\backend\\src\\routes\\migration.routes.js": {"path":"E:\\Sunrise Connect\\backend\\src\\routes\\migration.routes.js","statementMap":{"0":{"start":{"line":7,"column":15},"end":{"line":7,"column":23}},"1":{"start":{"line":9,"column":0},"end":{"line":9,"column":45}},"2":{"start":{"line":11,"column":0},"end":{"line":11,"column":61}},"3":{"start":{"line":12,"column":0},"end":{"line":12,"column":62}}},"fnMap":{},"branchMap":{},"s":{"0":8,"1":8,"2":8,"3":8},"f":{},"b":{},"inputSourceMap":null,"_coverageSchema":"1a1c01bbd47fc00a2c39e90264f33305004495a9","hash":"e1f651a94c5c6a5973cd927de0fd2ec653786cd9"}
,"E:\\Sunrise Connect\\backend\\src\\routes\\parent.routes.js": {"path":"E:\\Sunrise Connect\\backend\\src\\routes\\parent.routes.js","statementMap":{"0":{"start":{"line":14,"column":15},"end":{"line":14,"column":23}},"1":{"start":{"line":17,"column":0},"end":{"line":17,"column":25}},"2":{"start":{"line":19,"column":0},"end":{"line":19,"column":122}},"3":{"start":{"line":20,"column":0},"end":{"line":20,"column":121}},"4":{"start":{"line":21,"column":0},"end":{"line":21,"column":99}},"5":{"start":{"line":22,"column":0},"end":{"line":22,"column":122}},"6":{"start":{"line":23,"column":0},"end":{"line":23,"column":121}}},"fnMap":{},"branchMap":{},"s":{"0":8,"1":8,"2":8,"3":8,"4":8,"5":8,"6":8},"f":{},"b":{},"inputSourceMap":null,"_coverageSchema":"1a1c01bbd47fc00a2c39e90264f33305004495a9","hash":"dc699cfdfdc2d16d58b367c7e2cdf8c0a4ad20ed"}
[...]
6},"end":{"line":47,"column":14}},"22":{"start":{"line":49,"column":6},"end":{"line":49,"column":27}},"23":{"start":{"line":55,"column":20},"end":{"line":55,"column":49}},"24":{"start":{"line":56,"column":4},"end":{"line":56,"column":31}},"25":{"start":{"line":57,"column":4},"end":{"line":98,"column":5}},"26":{"start":{"line":58,"column":22},"end":{"line":58,"column":84}},"27":{"start":{"line":59,"column":6},"end":{"line":59,"column":65}},"28":{"start":{"line":59,"column":20},"end":{"line":59,"column":65}},"29":{"start":{"line":60,"column":6},"end":{"line":60,"column":83}},"30":{"start":{"line":60,"column":30},"end":{"line":60,"column":83}},"31":{"start":{"line":63,"column":21},"end":{"line":63,"column":89}},"32":{"start":{"line":64,"column":6},"end":{"line":64,"column":63}},"33":{"start":{"line":64,"column":19},"end":{"line":64,"column":63}},"34":{"start":{"line":66,"column":22},"end":{"line":66,"column":56}},"35":{"start":{"line":67,"column":6},"end":{"line":67,"column":92}},"36":{"start":{"line":67,"column":23},"end":{"line":67,"column":92}},"37":{"start":{"line":70,"column":23},"end":{"line":76,"column":21}},"38":{"start":{"line":79,"column":21},"end":{"line":83,"column":7}},"39":{"start":{"line":84,"column":6},"end":{"line":84,"column":86}},"40":{"start":{"line":84,"column":38},"end":{"line":84,"column":86}},"41":{"start":{"line":86,"column":6},"end":{"line":89,"column":8}},"42":{"start":{"line":90,"column":6},"end":{"line":90,"column":40}},"43":{"start":{"line":91,"column":6},"end":{"line":91,"column":22}},"44":{"start":{"line":93,"column":6},"end":{"line":93,"column":39}},"45":{"start":{"line":94,"column":6},"end":{"line":94,"column":61}},"46":{"start":{"line":95,"column":6},"end":{"line":95,"column":14}},"47":{"start":{"line":97,"column":6},"end":{"line":97,"column":27}},"48":{"start":{"line":103,"column":20},"end":{"line":103,"column":63}},"49":{"start":{"line":104,"column":4},"end":{"line":104,"column":63}},"50":{"start":{"line":104,"column":18},"end":{"line":104,"column":63}},"51":{"start":{"line":105,"column":4},"end":{"line":105,"column":19}},"52":{"start":{"line":110,"column":4},"end":{"line":110,"column":60}}},"fnMap":{"0":{"name":"(anonymous_0)","decl":{"start":{"line":14,"column":2},"end":{"line":14,"column":3}},"loc":{"start":{"line":14,"column":73},"end":{"line":51,"column":3}},"line":14},"1":{"name":"(anonymous_1)","decl":{"start":{"line":54,"column":2},"end":{"line":54,"column":3}},"loc":{"start":{"line":54,"column":53},"end":{"line":99,"column":3}},"line":54},"2":{"name":"(anonymous_2)","decl":{"start":{"line":102,"column":2},"end":{"line":102,"column":3}},"loc":{"start":{"line":102,"column":37},"end":{"line":106,"column":3}},"line":102},"3":{"name":"(anonymous_3)","decl":{"start":{"line":109,"column":2},"end":{"line":109,"column":3}},"loc":{"start":{"line":109,"column":78},"end":{"line":111,"column":3}},"line":109}},"branchMap":{"0":{"loc":{"start":{"line":14,"column":57},"end":{"line":14,"column":69}},"type":"default-arg","locations":[{"start":{"line":14,"column":67},"end":{"line":14,"column":69}}],"line":14},"1":{"loc":{"start":{"line":15,"column":4},"end":{"line":15,"column":80}},"type":"if","locations":[{"start":{"line":15,"column":4},"end":{"line":15,"column":80}},{"start":{},"end":{}}],"line":15},"2":{"loc":{"start":{"line":21,"column":6},"end":{"line":21,"column":63}},"type":"if","locations":[{"start":{"line":21,"column":6},"end":{"line":21,"column":63}},{"start":{},"end":{}}],"line":21},"3":{"loc":{"start":{"line":25,"column":6},"end":{"line":25,"column":77}},"type":"if","locations":[{"start":{"line":25,"column":6},"end":{"line":25,"column":77}},{"start":{},"end":{}}],"line":25},"4":{"loc":{"start":{"line":36,"column":6},"end":{"line":36,"column":92}},"type":"if","locations":[{"start":{"line":36,"column":6},"end":{"line":36,"column":92}},{"start":{},"end":{}}],"line":36},"5":{"loc":{"start":{"line":59,"column":6},"end":{"line":59,"column":65}},"type":"if","locations":[{"start":{"line":59,"column":6},"end":{"line":59,"column":65}},{"start":{},"end":{}}],"line":59},"6":{"loc":{"start":{"line":60,"column":6},"end":{"line":60,"column":83}},"type":"if","locations":[{"start":{"line":60,"column":6},"end":{"line":60,"column":83}},{"start":{},"end":{}}],"line":60},"7":{"loc":{"start":{"line":64,"column":6},"end":{"line":64,"column":63}},"type":"if","locations":[{"start":{"line":64,"column":6},"end":{"line":64,"column":63}},{"start":{},"end":{}}],"line":64},"8":{"loc":{"start":{"line":67,"column":6},"end":{"line":67,"column":92}},"type":"if","locations":[{"start":{"line":67,"column":6},"end":{"line":67,"column":92}},{"start":{},"end":{}}],"line":67},"9":{"loc":{"start":{"line":84,"column":6},"end":{"line":84,"column":86}},"type":"if","locations":[{"start":{"line":84,"column":6},"end":{"line":84,"column":86}},{"start":{},"end":{}}],"line":84},"10":{"loc":{"start":{"line":104,"column":4},"end":{"line":104,"column":63}},"type":"if","locations":[{"start":{"line":104,"column":4},"end":{"line":104,"column":63}},{"start":{},"end":{}}],"line":104},"11":{"loc":{"start":{"line":109,"column":28},"end":{"line":109,"column":39}},"type":"default-arg","locations":[{"start":{"line":109,"column":37},"end":{"line":109,"column":39}}],"line":109},"12":{"loc":{"start":{"line":109,"column":41},"end":{"line":109,"column":76}},"type":"default-arg","locations":[{"start":{"line":109,"column":54},"end":{"line":109,"column":76}}],"line":109}},"s":{"0":6,"1":1,"2":5,"3":5,"4":5,"5":5,"6":5,"7":0,"8":5,"9":5,"10":5,"11":1,"12":4,"13":4,"14":4,"15":0,"16":4,"17":4,"18":4,"19":1,"20":1,"21":1,"22":5,"23":4,"24":4,"25":4,"26":4,"27":4,"28":1,"29":3,"30":1,"31":2,"32":2,"33":0,"34":2,"35":2,"36":0,"37":2,"38":2,"39":2,"40":0,"41":2,"42":2,"43":2,"44":2,"45":2,"46":2,"47":4,"48":2,"49":2,"50":1,"51":1,"52":0},"f":{"0":6,"1":4,"2":2,"3":0},"b":{"0":[6],"1":[1,5],"2":[0,5],"3":[1,4],"4":[0,4],"5":[1,3],"6":[1,2],"7":[0,2],"8":[0,2],"9":[0,2],"10":[1,1],"11":[0],"12":[0]},"inputSourceMap":null,"_coverageSchema":"1a1c01bbd47fc00a2c39e90264f33305004495a9","hash":"fafb2b9ad7428c57c59950c76d0ffff56987d836"}
,"E:\\Sunrise Connect\\backend\\src\\services\\StudentService.js": {"path":"E:\\Sunrise Connect\\backend\\src\\services\\StudentService.js","statementMap":{"0":{"start":{"line":14,"column":20},"end":{"line":14,"column":49}},"1":{"start":{"line":15,"column":4},"end":{"line":15,"column":31}},"2":{"start":{"line":16,"column":4},"end":{"line":30,"column":5}},"3":{"start":{"line":17,"column":22},"end":{"line":17,"column":71}},"4":{"start":{"line":18,"column":6},"end":{"line":21,"column":8}},"5":{"start":{"line":22,"column":6},"end":{"line":22,"column":40}},"6":{"start":{"line":23,"column":6},"end":{"line":23,"column":21}},"7":{"start":{"line":25,"column":6},"end":{"line":25,"column":39}},"8":{"start":{"line":26,"column":6},"end":{"line":26,"column":62}},"9":{"start":{"line":27,"column":6},"end":{"line":27,"column":16}},"10":{"start":{"line":29,"column":6},"end":{"line":29,"column":27}},"11":{"start":{"line":35,"column":20},"end":{"line":35,"column":49}},"12":{"start":{"line":36,"column":4},"end":{"line":36,"column":31}},"13":{"start":{"line":37,"column":4},"end":{"line":51,"column":5}},"14":{"start":{"line":38,"column":6},"end":{"line":38,"column":92}},"15":{"start":{"line":39,"column":6},"end":{"line":42,"column":8}},"16":{"start":{"line":43,"column":6},"end":{"line":43,"column":40}},"17":{"start":{"line":44,"column":6},"end":{"line":44,"column":51}},"18":{"start":{"line":46,"column":6},"end":{"line":46,"column":39}},"19":{"start":{"line":47,"column":6},"end":{"line":47,"column":60}},"20":{"start":{"line":48,"column":6},"end":{"line":48,"column":14}},"21":{"start":{"line":50,"column":6},"end":{"line":50,"column":27}},"22":{"start":{"line":56,"column":20},"end":{"line":56,"column":63}},"23":{"start":{"line":57,"column":4},"end":{"line":57,"column":63}},"24":{"start":{"line":57,"column":18},"end":{"line":57,"column":63}},"25":{"start":{"line":58,"column":4},"end":{"line":58,"column":19}},"26":{"start":{"line":63,"column":4},"end":{"line":63,"column":60}}},"fnMap":{"0":{"name":"(anonymous_0)","decl":{"start":{"line":13,"column":2},"end":{"line":13,"column":3}},"loc":{"start":{"line":13,"column":35},"end":{"line":31,"column":3}},"line":13},"1":{"name":"(anonymous_1)","decl":{"start":{"line":34,"column":2},"end":{"line":34,"column":3}},"loc":{"start":{"line":34,"column":49},"end":{"line":52,"column":3}},"line":34},"2":{"name":"(anonymous_2)","decl":{"start":{"line":55,"column":2},"end":{"line":55,"column":3}},"loc":{"start":{"line":55,"column":37},"end":{"line":59,"column":3}},"line":55},"3":{"name":"(anonymous_3)","decl":{"start":{"line":62,"column":2},"end":{"line":62,"column":3}},"loc":{"start":{"line":62,"column":78},"end":{"line":64,"column":3}},"line":62}},"branchMap":{"0":{"loc":{"start":{"line":57,"column":4},"end":{"line":57,"column":63}},"type":"if","locations":[{"start":{"line":57,"column":4},"end":{"line":57,"column":63}},{"start":{},"end":{}}],"line":57},"1":{"loc":{"start":{"line":62,"column":28},"end":{"line":62,"column":39}},"type":"default-arg","locations":[{"start":{"line":62,"column":37},"end":{"line":62,"column":39}}],"line":62},"2":{"loc":{"start":{"line":62,"column":41},"end":{"line":62,"column":76}},"type":"default-arg","locations":[{"start":{"line":62,"column":54},"end":{"line":62,"column":76}}],"line":62}},"s":{"0":0,"1":0,"2":0,"3":0,"4":0,"5":0,"6":0,"7":0,"8":0,"9":0,"10":0,"11":0,"12":0,"13":0,"14":0,"15":0,"16":0,"17":0,"18":0,"19":0,"20":0,"21":0,"22":0,"23":0,"24":0,"25":0,"26":0},"f":{"0":0,"1":0,"2":0,"3":0},"b":{"0":[0,0],"1":[0],"2":[0]},"inputSourceMap":null,"_coverageSchema":"1a1c01bbd47fc00a2c39e90264f33305004495a9","hash":"04422195bc504aad0ab5f1c4e8f8bf199d15e1e9"}
,"E:\\Sunrise Connect\\backend\\src\\tests\\helpers\\dbHelper.js": {"path":"E:\\Sunrise Connect\\backend\\src\\tests\\helpers\\dbHelper.js","statementMap":{"0":{"start":{"line":9,"column":2},"end":{"line":9,"column":44}},"1":{"start":{"line":10,"column":14},"end":{"line":10,"column":29}},"2":{"start":{"line":11,"column":2},"end":{"line":11,"column":30}},"3":{"start":{"line":15,"column":2},"end":{"line":15,"column":43}},"4":{"start":{"line":16,"column":2},"end":{"line":16,"column":36}},"5":{"start":{"line":17,"column":2},"end":{"line":17,"column":22}},"6":{"start":{"line":21,"column":22},"end":{"line":21,"column":53}},"7":{"start":{"line":22,"column":2},"end":{"line":24,"column":3}},"8":{"start":{"line":23,"column":4},"end":{"line":23,"column":42}}},"fnMap":{"0":{"name":"connect","decl":{"start":{"line":8,"column":22},"end":{"line":8,"column":29}},"loc":{"start":{"line":8,"column":32},"end":{"line":12,"column":1}},"line":8},"1":{"name":"disconnect","decl":{"start":{"line":14,"column":22},"end":{"line":14,"column":32}},"loc":{"start":{"line":14,"column":35},"end":{"line":18,"column":1}},"line":14},"2":{"name":"clearCollections","decl":{"start":{"line":20,"column":22},"end":{"line":20,"column":38}},"loc":{"start":{"line":20,"column":41},"end":{"line":25,"column":1}},"line":20}},"branchMap":{},"s":{"0":13,"1":13,"2":13,"3":13,"4":13,"5":13,"6":30,"7":30,"8":30},"f":{"0":13,"1":13,"2":30},"b":{},"inputSourceMap":null,"_coverageSchema":"1a1c01bbd47fc00a2c39e90264f33305004495a9","hash":"19fa26beec7fa5a663b9ee2ced3804ee58fd99e7"}
,"E:\\Sunrise Connect\\backend\\src\\tests\\helpers\\replicaHelper.js": {"path":"E:\\Sunrise Connect\\backend\\src\\tests\\helpers\\replicaHelper.js","statementMap":{"0":{"start":{"line":19,"column":2},"end":{"line":19,"column":71}},"1":{"start":{"line":20,"column":14},"end":{"line":20,"column":30}},"2":{"start":{"line":21,"column":2},"end":{"line":21,"column":30}},"3":{"start":{"line":25,"column":2},"end":{"line":27,"column":4}},"4":{"start":{"line":26,"column":55},"end":{"line":26,"column":75}},"5":{"start":{"line":32,"column":2},"end":{"line":34,"column":4}},"6":{"start":{"line":33,"column":55},"end":{"line":33,"column":70}},"7":{"start":{"line":38,"column":2},"end":{"line":38,"column":43}},"8":{"start":{"line":39,"column":2},"end":{"line":39,"column":36}},"9":{"start":{"line":40,"column":2},"end":{"line":40,"column":23}},"10":{"start":{"line":44,"column":22},"end":{"line":44,"column":53}},"11":{"start":{"line":45,"column":2},"end":{"line":47,"column":3}},"12":{"start":{"line":46,"column":4},"end":{"line":46,"column":42}}},"fnMap":{"0":{"name":"connectReplica","decl":{"start":{"line":18,"column":22},"end":{"line":18,"column":36}},"loc":{"start":{"line":18,"column":39},"end":{"line":35,"column":1}},"line":18},"1":{"name":"(anonymous_1)","decl":{"start":{"line":26,"column":50},"end":{"line":26,"column":51}},"loc":{"start":{"line":26,"column":55},"end":{"line":26,"column":75}},"line":26},"2":{"name":"(anonymous_2)","decl":{"start":{"line":33,"column":50},"end":{"line":33,"column":51}},"loc":{"start":{"line":33,"column":55},"end":{"line":33,"column":70}},"line":33},"3":{"name":"disconnectReplica","decl":{"start":{"line":37,"column":22},"end":{"line":37,"column":39}},"loc":{"start":{"line":37,"column":42},"end":{"line":41,"column":1}},"line":37},"4":{"name":"clearCollections","decl":{"start":{"line":43,"column":22},"end":{"line":43,"column":38}},"loc":{"start":{"line":43,"column":41},"end":{"line":48,"column":1}},"line":43}},"branchMap":{},"s":{"0":3,"1":3,"2":3,"3":3,"4":18,"5":3,"6":18,"7":3,"8":3,"9":3,"10":26,"11":26,"12":156},"f":{"0":3,"1":18,"2":18,"3":3,"4":26},"b":{},"inputSourceMap":null,"_coverageSchema":"1a1c01bbd47fc00a2c39e90264f33305004495a9","hash":"870eed452c23d6bb1e9d4850b2b073fdbed75252"}
,"E:\\Sunrise Connect\\backend\\src\\utils\\AppError.js": {"path":"E:\\Sunrise Connect\\backend\\src\\utils\\AppError.js","statementMap":{"0":{"start":{"line":8,"column":4},"end":{"line":8,"column":19}},"1":{"start":{"line":9,"column":4},"end":{"line":9,"column":33}},"2":{"start":{"line":10,"column":4},"end":{"line":10,"column":39}},"3":{"start":{"line":11,"column":4},"end":{"line":11,"column":52}}},"fnMap":{"0":{"name":"(anonymous_0)","decl":{"start":{"line":7,"column":2},"end":{"line":7,"column":3}},"loc":{"start":{"line":7,"column":57},"end":{"line":12,"column":3}},"line":7}},"branchMap":{"0":{"loc":{"start":{"line":7,"column":35},"end":{"line":7,"column":55}},"type":"default-arg","locations":[{"start":{"line":7,"column":51},"end":{"line":7,"column":55}}],"line":7}},"s":{"0":28,"1":28,"2":28,"3":28},"f":{"0":28},"b":{"0":[28]},"inputSourceMap":null,"_coverageSchema":"1a1c01bbd47fc00a2c39e90264f33305004495a9","hash":"1353d457ad1bf95a5c493c0933bed17bcd1d9e37"}
,"E:\\Sunrise Connect\\backend\\src\\utils\\catchAsync.js": {"path":"E:\\Sunrise Connect\\backend\\src\\utils\\catchAsync.js","statementMap":{"0":{"start":{"line":3,"column":19},"end":{"line":5,"column":1}},"1":{"start":{"line":3,"column":25},"end":{"line":5,"column":1}},"2":{"start":{"line":4,"column":2},"end":{"line":4,"column":50}}},"fnMap":{"0":{"name":"(anonymous_0)","decl":{"start":{"line":3,"column":19},"end":{"line":3,"column":20}},"loc":{"start":{"line":3,"column":25},"end":{"line":5,"column":1}},"line":3},"1":{"name":"(anonymous_1)","decl":{"start":{"line":3,"column":25},"end":{"line":3,"column":26}},"loc":{"start":{"line":3,"column":45},"end":{"line":5,"column":1}},"line":3}},"branchMap":{},"s":{"0":8,"1":264,"2":20},"f":{"0":264,"1":20},"b":{},"inputSourceMap":null,"_coverageSchema":"1a1c01bbd47fc00a2c39e90264f33305004495a9","hash":"200c4f8c223c7625eb35cf23e018d14a8fecdec2"}
,"E:\\Sunrise Connect\\backend\\src\\utils\\response.js": {"path":"E:\\Sunrise Connect\\backend\\src\\utils\\response.js","statementMap":{"0":{"start":{"line":9,"column":21},"end":{"line":16,"column":1}},"1":{"start":{"line":10,"column":15},"end":{"line":13,"column":3}},"2":{"start":{"line":14,"column":2},"end":{"line":14,"column":38}},"3":{"start":{"line":14,"column":15},"end":{"line":14,"column":38}},"4":{"start":{"line":15,"column":2},"end":{"line":15,"column":39}}},"fnMap":{"0":{"name":"(anonymous_0)","decl":{"start":{"line":9,"column":21},"end":{"line":9,"column":22}},"loc":{"start":{"line":9,"column":53},"end":{"line":16,"column":1}},"line":9}},"branchMap":{"0":{"loc":{"start":{"line":11,"column":13},"end":{"line":11,"column":42}},"type":"binary-expr","locations":[{"start":{"line":11,"column":13},"end":{"line":11,"column":26}},{"start":{"line":11,"column":30},"end":{"line":11,"column":42}}],"line":11},"1":{"loc":{"start":{"line":14,"column":2},"end":{"line":14,"column":38}},"type":"if","locations":[{"start":{"line":14,"column":2},"end":{"line":14,"column":38}},{"start":{},"end":{}}],"line":14}},"s":{"0":8,"1":19,"2":19,"3":2,"4":19},"f":{"0":19},"b":{"0":[19,19],"1":[2,17]},"inputSourceMap":null,"_coverageSchema":"1a1c01bbd47fc00a2c39e90264f33305004495a9","hash":"c526fa4bd2f0b9a55c7cc8d0a6c9c05b83eae4aa"}
,"E:\\Sunrise Connect\\backend\\src\\validations\\auth.schema.js": {"path":"E:\\Sunrise Connect\\backend\\src\\validations\\auth.schema.js","statementMap":{"0":{"start":{"line":4,"column":33},"end":{"line":9,"column":1}},"1":{"start":{"line":11,"column":34},"end":{"line":16,"column":1}},"2":{"start":{"line":18,"column":33},"end":{"line":23,"column":1}},"3":{"start":{"line":25,"column":33},"end":{"line":30,"column":1}},"4":{"start":{"line":32,"column":34},"end":{"line":38,"column":1}}},"fnMap":{},"branchMap":{},"s":{"0":8,"1":8,"2":8,"3":8,"4":8},"f":{},"b":{},"inputSourceMap":null,"_coverageSchema":"1a1c01bbd47fc00a2c39e90264f33305004495a9","hash":"90073ad551a8f63f8bf6c7623ab0e704d9adc35c"}
,"E:\\Sunrise Connect\\backend\\src\\validations\\ledger.schema.js": {"path":"E:\\Sunrise Connect\\backend\\src\\validations\\ledger.schema.js","statementMap":{"0":{"start":{"line":4,"column":23},"end":{"line":11,"column":2}},"1":{"start":{"line":13,"column":34},"end":{"line":27,"column":1}},"2":{"start":{"line":29,"column":32},"end":{"line":35,"column":1}},"3":{"start":{"line":37,"column":32},"end":{"line":43,"column":1}},"4":{"start":{"line":45,"column":33},"end":{"line":53,"column":1}}},"fnMap":{},"branchMap":{},"s":{"0":8,"1":8,"2":8,"3":8,"4":8},"f":{},"b":{},"inputSourceMap":null,"_coverageSchema":"1a1c01bbd47fc00a2c39e90264f33305004495a9","hash":"1e85633707d56f02e37c5e1043fb9e023aacac43"}
,"E:\\Sunrise Connect\\backend\\src\\validations\\parent.schema.js": {"path":"E:\\Sunrise Connect\\backend\\src\\validations\\parent.schema.js","statementMap":{"0":{"start":{"line":4,"column":20},"end":{"line":4,"column":34}},"1":{"start":{"line":6,"column":34},"end":{"line":14,"column":1}},"2":{"start":{"line":16,"column":34},"end":{"line":24,"column":1}},"3":{"start":{"line":26,"column":35},"end":{"line":31,"column":1}},"4":{"start":{"line":33,"column":33},"end":{"line":38,"column":1}}},"fnMap":{},"branchMap":{},"s":{"0":8,"1":8,"2":8,"3":8,"4":8},"f":{},"b":{},"inputSourceMap":null,"_coverageSchema":"1a1c01bbd47fc00a2c39e90264f33305004495a9","hash":"01aae6f9225f183554a7b8d71a3322efb01daf0f"}
,"E:\\Sunrise Connect\\backend\\src\\validations\\payment.schema.js": {"path":"E:\\Sunrise Connect\\backend\\src\\validations\\payment.schema.js","statementMap":{"0":{"start":{"line":4,"column":35},"end":{"line":11,"column":1}},"1":{"start":{"line":13,"column":36},"end":{"line":18,"column":1}},"2":{"start":{"line":20,"column":34},"end":{"line":27,"column":1}}},"fnMap":{},"branchMap":{},"s":{"0":8,"1":8,"2":8},"f":{},"b":{},"inputSourceMap":null,"_coverageSchema":"1a1c01bbd47fc00a2c39e90264f33305004495a9","hash":"34293deb45f2b320e02e255489af0458bb8e20fe"}
,"E:\\Sunrise Connect\\backend\\src\\validations\\student.schema.js": {"path":"E:\\Sunrise Connect\\backend\\src\\validations\\student.schema.js","statementMap":{"0":{"start":{"line":4,"column":35},"end":{"line":15,"column":1}},"1":{"start":{"line":17,"column":35},"end":{"line":28,"column":1}},"2":{"start":{"line":30,"column":34},"end":{"line":40,"column":1}}},"fnMap":{},"branchMap":{},"s":{"0":8,"1":8,"2":8},"f":{},"b":{},"inputSourceMap":null,"_coverageSchema":"1a1c01bbd47fc00a2c39e90264f33305004495a9","hash":"e47900c2ce68e9061fdef849b3328b84ed278ed5"}
}
