{"D:\\projects\\sunrise-connect\\backend\\src\\app.js": {"path":"D:\\projects\\sunrise-connect\\backend\\src\\app.js","statementMap":{"0":{"start":{"line":24,"column":12},"end":{"line":24,"column":21}},"1":{"start":{"line":27,"column":0},"end":{"line":27,"column":16}},"2":{"start":{"line":28,"column":0},"end":{"line":28,"column":24}},"3":{"start":{"line":29,"column":0},"end":{"line":29,"column":48}},"4":{"start":{"line":30,"column":0},"end":{"line":30,"column":22}},"5":{"start":{"line":33,"column":0},"end":{"line":36,"column":3}},"6":{"start":{"line":34,"column":2},"end":{"line":34,"column":50}},"7":{"start":{"line":35,"column":2},"end":{"line":35,"column":9}},"8":{"start":{"line":39,"column":0},"end":{"line":41,"column":3}},"9":{"start":{"line":40,"column":2},"end":{"line":40,"column":88}},"10":{"start":{"line":44,"column":11},"end":{"line":44,"column":20}},"11":{"start":{"line":45,"column":0},"end":{"line":45,"column":40}},"12":{"start":{"line":46,"column":0},"end":{"line":46,"column":42}},"13":{"start":{"line":47,"column":0},"end":{"line":47,"column":43}},"14":{"start":{"line":48,"column":0},"end":{"line":48,"column":42}},"15":{"start":{"line":49,"column":0},"end":{"line":49,"column":43}},"16":{"start":{"line":50,"column":0},"end":{"line":50,"column":45}},"17":{"start":{"line":51,"column":0},"end":{"line":51,"column":45}},"18":{"start":{"line":52,"column":0},"end":{"line":52,"column":41}},"19":{"start":{"line":53,"column":0},"end":{"line":53,"column":52}},"20":{"start":{"line":54,"column":0},"end":{"line":54,"column":51}},"21":{"start":{"line":55,"column":0},"end":{"line":55,"column":52}},"22":{"start":{"line":56,"column":0},"end":{"line":56,"column":44}},"23":{"start":{"line":59,"column":0},"end":{"line":61,"column":3}},"24":{"start":{"line":60,"column":2},"end":{"line":60,"column":75}},"25":{"start":{"line":64,"column":0},"end":{"line":64,"column":28}}},"fnMap":{"0":{"name":"(anonymous_0)","decl":{"start":{"line":33,"column":8},"end":{"line":33,"column":9}},"loc":{"start":{"line":33,"column":29},"end":{"line":36,"column":1}},"line":33},"1":{"name":"(anonymous_1)","decl":{"start":{"line":39,"column":19},"end":{"line":39,"column":20}},"loc":{"start":{"line":39,"column":34},"end":{"line":41,"column":1}},"line":39},"2":{"name":"(anonymous_2)","decl":{"start":{"line":59,"column":21},"end":{"line":59,"column":22}},"loc":{"start":{"line":59,"column":42},"end":{"line":61,"column":1}},"line":59}},"branchMap":{},"s":{"0":9,"1":9,"2":9,"3":9,"4":9,"5":9,"6":53,"7":53,"8":9,"9":0,"10":9,"11":9,"12":9,"13":9,"14":9,"15":9,"16":9,"17":9,"18":9,"19":9,"20":9,"21":9,"22":9,"23":9,"24":2,"25":9},"f":{"0":53,"1":0,"2":2},"b":{},"inputSourceMap":null,"_coverageSchema":"1a1c01bbd47fc00a2c39e90264f33305004495a9","hash":"42e271b7d58404fe6241e14a4cc9dcac5c36cc8a"}
,"D:\\projects\\sunrise-connect\\backend\\src\\config\\env.js": {"path":"D:\\projects\\sunrise-connect\\backend\\src\\config\\env.js","statementMap":{"0":{"start":{"line":4,"column":12},"end":{"line":14,"column":1}}},"fnMap":{},"branchMap":{"0":{"loc":{"start":{"line":5,"column":12},"end":{"line":5,"column":49}},"type":"binary-expr","locations":[{"start":{"line":5,"column":12},"end":{"line":5,"column":32}},{"start":{"line":5,"column":36},"end":{"line":5,"column":49}}],"line":5},"1":{"loc":{"start":{"line":6,"column":8},"end":{"line":6,"column":46}},"type":"binary-expr","locations":[{"start":{"line":6,"column":8},"end":{"line":6,"column":38}},{"start":{"line":6,"column":42},"end":{"line":6,"column":46}}],"line":6},"2":{"loc":{"start":{"line":7,"column":15},"end":{"line":7,"column":85}},"type":"binary-expr","locations":[{"start":{"line":7,"column":15},"end":{"line":7,"column":38}},{"start":{"line":7,"column":42},"end":{"line":7,"column":85}}],"line":7},"3":{"loc":{"start":{"line":8,"column":14},"end":{"line":8,"column":56}},"type":"binary-expr","locations":[{"start":{"line":8,"column":14},"end":{"line":8,"column":36}},{"start":{"line":8,"column":40},"end":{"line":8,"column":56}}],"line":8},"4":{"loc":{"start":{"line":9,"column":18},"end":{"line":9,"column":53}},"type":"binary-expr","locations":[{"start":{"line":9,"column":18},"end":{"line":9,"column":44}},{"start":{"line":9,"column":48},"end":{"line":9,"column":53}}],"line":9},"5":{"loc":{"start":{"line":10,"column":28},"end":{"line":10,"column":72}},"type":"binary-expr","locations":[{"start":{"line":10,"column":28},"end":{"line":10,"column":64}},{"start":{"line":10,"column":68},"end":{"line":10,"column":72}}],"line":10},"6":{"loc":{"start":{"line":11,"column":13},"end":{"line":11,"column":44}},"type":"binary-expr","locations":[{"start":{"line":11,"column":13},"end":{"line":11,"column":34}},{"start":{"line":11,"column":38},"end":{"line":11,"column":44}}],"line":11},"7":{"loc":{"start":{"line":12,"column":24},"end":{"line":12,"column":88}},"type":"binary-expr","locations":[{"start":{"line":12,"column":24},"end":{"line":12,"column":70}},{"start":{"line":12,"column":74},"end":{"line":12,"column":88}}],"line":12},"8":{"loc":{"start":{"line":13,"column":18},"end":{"line":13,"column":65}},"type":"binary-expr","locations":[{"start":{"line":13,"column":18},"end":{"line":13,"column":58}},{"start":{"line":13,"column":62},"end":{"line":13,"column":65}}],"line":13}},"s":{"0":13},"f":{},"b":{"0":[13,0],"1":[13,0],"2":[13,0],"3":[13,0],"4":[13,0],"5":[13,0],"6":[13,0],"7":[13,0],"8":[13,0]},"inputSourceMap":null,"_coverageSchema":"1a1c01bbd47fc00a2c39e90264f33305004495a9","hash":"a2f595fde0ac48a13d97801c714d14ee4ed04ed5"}
,"D:\\projects\\sunrise-connect\\backend\\src\\config\\logger.js": {"path":"D:\\projects\\sunrise-connect\\backend\\src\\config\\logger.js","statementMap":{"0":{"start":{"line":5,"column":57},"end":{"line":5,"column":71}},"1":{"start":{"line":7,"column":18},"end":{"line":9,"column":2}},"2":{"start":{"line":8,"column":2},"end":{"line":8,"column":54}},"3":{"start":{"line":11,"column":22},"end":{"line":17,"column":2}},"4":{"start":{"line":19,"column":15},"end":{"line":29,"column":2}},"5":{"start":{"line":31,"column":0},"end":{"line":37,"column":1}},"6":{"start":{"line":32,"column":2},"end":{"line":36,"column":4}}},"fnMap":{"0":{"name":"(anonymous_0)","decl":{"start":{"line":7,"column":25},"end":{"line":7,"column":26}},"loc":{"start":{"line":7,"column":67},"end":{"line":9,"column":1}},"line":7}},"branchMap":{"0":{"loc":{"start":{"line":8,"column":35},"end":{"line":8,"column":51}},"type":"binary-expr","locations":[{"start":{"line":8,"column":35},"end":{"line":8,"column":40}},{"start":{"line":8,"column":44},"end":{"line":8,"column":51}}],"line":8},"1":{"loc":{"start":{"line":20,"column":9},"end":{"line":20,"column":58}},"type":"cond-expr","locations":[{"start":{"line":20,"column":42},"end":{"line":20,"column":49}},{"start":{"line":20,"column":52},"end":{"line":20,"column":58}}],"line":20},"2":{"loc":{"start":{"line":31,"column":0},"end":{"line":37,"column":1}},"type":"if","locations":[{"start":{"line":31,"column":0},"end":{"line":37,"column":1}},{"start":{},"end":{}}],"line":31}},"s":{"0":13,"1":13,"2":120,"3":13,"4":13,"5":13,"6":13},"f":{"0":120},"b":{"0":[120,106],"1":[0,13],"2":[13,0]},"inputSourceMap":null,"_coverageSchema":"1a1c01bbd47fc00a2c39e90264f33305004495a9","hash":"f545be057a26bff23d14378067123c3c2dc8ec17"}
,"D:\\projects\\sunrise-connect\\backend\\src\\controllers\\AcademicYearController.js": {"path":"D:\\projects\\sunrise-connect\\backend\\src\\controllers\\AcademicYearController.js","statementMap":{"0":{"start":{"line":5,"column":35},"end":{"line":13,"column":2}},"1":{"start":{"line":6,"column":16},"end":{"line":6,"column":65}},"2":{"start":{"line":8,"column":2},"end":{"line":12,"column":5}},"3":{"start":{"line":15,"column":34},"end":{"line":22,"column":2}},"4":{"start":{"line":16,"column":18},"end":{"line":16,"column":53}},"5":{"start":{"line":18,"column":2},"end":{"line":21,"column":5}},"6":{"start":{"line":24,"column":34},"end":{"line":45,"column":2}},"7":{"start":{"line":25,"column":2},"end":{"line":30,"column":3}},"8":{"start":{"line":26,"column":4},"end":{"line":29,"column":6}},"9":{"start":{"line":32,"column":15},"end":{"line":35,"column":4}},"10":{"start":{"line":37,"column":2},"end":{"line":39,"column":3}},"11":{"start":{"line":38,"column":4},"end":{"line":38,"column":74}},"12":{"start":{"line":41,"column":2},"end":{"line":44,"column":5}},"13":{"start":{"line":47,"column":34},"end":{"line":58,"column":2}},"14":{"start":{"line":48,"column":15},"end":{"line":48,"column":66}},"15":{"start":{"line":50,"column":2},"end":{"line":52,"column":3}},"16":{"start":{"line":51,"column":4},"end":{"line":51,"column":74}},"17":{"start":{"line":54,"column":2},"end":{"line":57,"column":5}}},"fnMap":{"0":{"name":"(anonymous_0)","decl":{"start":{"line":5,"column":46},"end":{"line":5,"column":47}},"loc":{"start":{"line":5,"column":72},"end":{"line":13,"column":1}},"line":5},"1":{"name":"(anonymous_1)","decl":{"start":{"line":15,"column":45},"end":{"line":15,"column":46}},"loc":{"start":{"line":15,"column":71},"end":{"line":22,"column":1}},"line":15},"2":{"name":"(anonymous_2)","decl":{"start":{"line":24,"column":45},"end":{"line":24,"column":46}},"loc":{"start":{"line":24,"column":71},"end":{"line":45,"column":1}},"line":24},"3":{"name":"(anonymous_3)","decl":{"start":{"line":47,"column":45},"end":{"line":47,"column":46}},"loc":{"start":{"line":47,"column":71},"end":{"line":58,"column":1}},"line":47}},"branchMap":{"0":{"loc":{"start":{"line":25,"column":2},"end":{"line":30,"column":3}},"type":"if","locations":[{"start":{"line":25,"column":2},"end":{"line":30,"column":3}},{"start":{},"end":{}}],"line":25},"1":{"loc":{"start":{"line":37,"column":2},"end":{"line":39,"column":3}},"type":"if","locations":[{"start":{"line":37,"column":2},"end":{"line":39,"column":3}},{"start":{},"end":{}}],"line":37},"2":{"loc":{"start":{"line":50,"column":2},"end":{"line":52,"column":3}},"type":"if","locations":[{"start":{"line":50,"column":2},"end":{"line":52,"column":3}},{"start":{},"end":{}}],"line":50}},"s":{"0":9,"1":0,"2":0,"3":9,"4":0,"5":0,"6":9,"7":0,"8":0,"9":0,"10":0,"11":0,"12":0,"13":9,"14":0,"15":0,"16":0,"17":0},"f":{"0":0,"1":0,"2":0,"3":0},"b":{"0":[0,0],"1":[0,0],"2":[0,0]},"inputSourceMap":null,"_coverageSchema":"1a1c01bbd47fc00a2c39e90264f33305004495a9","hash":"6c9f03206f30152c827cfcc1365f169201707d4c"}
,"D:\\projects\\sunrise-connect\\backend\\src\\controllers\\AuditController.js": {"path":"D:\\projects\\sunrise-connect\\backend\\src\\controllers\\AuditController.js","statementMap":{"0":{"start":{"line":8,"column":18},"end":{"line":12,"column":4}},"1":{"start":{"line":9,"column":48},"end":{"line":9,"column":57}},"2":{"start":{"line":10,"column":17},"end":{"line":10,"column":96}},"3":{"start":{"line":11,"column":4},"end":{"line":11,"column":33}},"4":{"start":{"line":15,"column":20},"end":{"line":18,"column":4}},"5":{"start":{"line":16,"column":16},"end":{"line":16,"column":58}},"6":{"start":{"line":17,"column":4},"end":{"line":17,"column":32}}},"fnMap":{"0":{"name":"(anonymous_0)","decl":{"start":{"line":8,"column":29},"end":{"line":8,"column":30}},"loc":{"start":{"line":8,"column":49},"end":{"line":12,"column":3}},"line":8},"1":{"name":"(anonymous_1)","decl":{"start":{"line":15,"column":31},"end":{"line":15,"column":32}},"loc":{"start":{"line":15,"column":51},"end":{"line":18,"column":3}},"line":15}},"branchMap":{"0":{"loc":{"start":{"line":9,"column":12},"end":{"line":9,"column":22}},"type":"default-arg","locations":[{"start":{"line":9,"column":20},"end":{"line":9,"column":22}}],"line":9},"1":{"loc":{"start":{"line":9,"column":24},"end":{"line":9,"column":32}},"type":"default-arg","locations":[{"start":{"line":9,"column":31},"end":{"line":9,"column":32}}],"line":9}},"s":{"0":9,"1":1,"2":1,"3":1,"4":9,"5":0,"6":0},"f":{"0":1,"1":0},"b":{"0":[1],"1":[1]},"inputSourceMap":null,"_coverageSchema":"1a1c01bbd47fc00a2c39e90264f33305004495a9","hash":"f701a1b5b969ebe5d5721ca9ee0e6143094a4d24"}
,"D:\\projects\\sunrise-connect\\backend\\src\\controllers\\AuthController.js": {"path":"D:\\projects\\sunrise-connect\\backend\\src\\controllers\\AuthController.js","statementMap":{"0":{"start":{"line":8,"column":23},"end":{"line":11,"column":4}},"1":{"start":{"line":9,"column":19},"end":{"line":9,"column":58}},"2":{"start":{"line":10,"column":4},"end":{"line":10,"column":35}},"3":{"start":{"line":14,"column":32},"end":{"line":17,"column":4}},"4":{"start":{"line":15,"column":19},"end":{"line":15,"column":67}},"5":{"start":{"line":16,"column":4},"end":{"line":16,"column":35}},"6":{"start":{"line":20,"column":29},"end":{"line":23,"column":4}},"7":{"start":{"line":21,"column":19},"end":{"line":21,"column":64}},"8":{"start":{"line":22,"column":4},"end":{"line":22,"column":35}},"9":{"start":{"line":26,"column":23},"end":{"line":29,"column":4}},"10":{"start":{"line":27,"column":19},"end":{"line":27,"column":58}},"11":{"start":{"line":28,"column":4},"end":{"line":28,"column":35}},"12":{"start":{"line":32,"column":24},"end":{"line":35,"column":4}},"13":{"start":{"line":33,"column":19},"end":{"line":33,"column":65}},"14":{"start":{"line":34,"column":4},"end":{"line":34,"column":35}},"15":{"start":{"line":38,"column":18},"end":{"line":41,"column":4}},"16":{"start":{"line":39,"column":4},"end":{"line":39,"column":123}},"17":{"start":{"line":40,"column":4},"end":{"line":40,"column":60}},"18":{"start":{"line":44,"column":21},"end":{"line":47,"column":4}},"19":{"start":{"line":45,"column":4},"end":{"line":45,"column":113}},"20":{"start":{"line":46,"column":4},"end":{"line":46,"column":57}}},"fnMap":{"0":{"name":"(anonymous_0)","decl":{"start":{"line":8,"column":34},"end":{"line":8,"column":35}},"loc":{"start":{"line":8,"column":54},"end":{"line":11,"column":3}},"line":8},"1":{"name":"(anonymous_1)","decl":{"start":{"line":14,"column":43},"end":{"line":14,"column":44}},"loc":{"start":{"line":14,"column":63},"end":{"line":17,"column":3}},"line":14},"2":{"name":"(anonymous_2)","decl":{"start":{"line":20,"column":40},"end":{"line":20,"column":41}},"loc":{"start":{"line":20,"column":60},"end":{"line":23,"column":3}},"line":20},"3":{"name":"(anonymous_3)","decl":{"start":{"line":26,"column":34},"end":{"line":26,"column":35}},"loc":{"start":{"line":26,"column":54},"end":{"line":29,"column":3}},"line":26},"4":{"name":"(anonymous_4)","decl":{"start":{"line":32,"column":35},"end":{"line":32,"column":36}},"loc":{"start":{"line":32,"column":55},"end":{"line":35,"column":3}},"line":32},"5":{"name":"(anonymous_5)","decl":{"start":{"line":38,"column":29},"end":{"line":38,"column":30}},"loc":{"start":{"line":38,"column":49},"end":{"line":41,"column":3}},"line":38},"6":{"name":"(anonymous_6)","decl":{"start":{"line":44,"column":32},"end":{"line":44,"column":33}},"loc":{"start":{"line":44,"column":52},"end":{"line":47,"column":3}},"line":44}},"branchMap":{"0":{"loc":{"start":{"line":39,"column":73},"end":{"line":39,"column":119}},"type":"cond-expr","locations":[{"start":{"line":39,"column":102},"end":{"line":39,"column":110}},{"start":{"line":39,"column":113},"end":{"line":39,"column":119}}],"line":39},"1":{"loc":{"start":{"line":45,"column":63},"end":{"line":45,"column":109}},"type":"cond-expr","locations":[{"start":{"line":45,"column":92},"end":{"line":45,"column":100}},{"start":{"line":45,"column":103},"end":{"line":45,"column":109}}],"line":45}},"s":{"0":9,"1":2,"2":1,"3":9,"4":1,"5":1,"6":9,"7":0,"8":0,"9":9,"10":0,"11":0,"12":9,"13":0,"14":0,"15":9,"16":0,"17":0,"18":9,"19":0,"20":0},"f":{"0":2,"1":1,"2":0,"3":0,"4":0,"5":0,"6":0},"b":{"0":[0,0],"1":[0,0]},"inputSourceMap":null,"_coverageSchema":"1a1c01bbd47fc00a2c39e90264f33305004495a9","hash":"65d16663e08572010a25783e95ca185327d3370e"}
,"D:\\projects\\sunrise-connect\\backend\\src\\controllers\\DashboardController.js": {"path":"D:\\projects\\sunrise-connect\\backend\\src\\controllers\\DashboardController.js","statementMap":{"0":{"start":{"line":8,"column":25},"end":{"line":11,"column":4}},"1":{"start":{"line":9,"column":17},"end":{"line":9,"column":58}},"2":{"start":{"line":10,"column":4},"end":{"line":10,"column":33}},"3":{"start":{"line":14,"column":27},"end":{"line":17,"column":4}},"4":{"start":{"line":15,"column":17},"end":{"line":15,"column":73}},"5":{"start":{"line":16,"column":4},"end":{"line":16,"column":33}},"6":{"start":{"line":20,"column":28},"end":{"line":23,"column":4}},"7":{"start":{"line":21,"column":17},"end":{"line":21,"column":74}},"8":{"start":{"line":22,"column":4},"end":{"line":22,"column":33}}},"fnMap":{"0":{"name":"(anonymous_0)","decl":{"start":{"line":8,"column":36},"end":{"line":8,"column":37}},"loc":{"start":{"line":8,"column":56},"end":{"line":11,"column":3}},"line":8},"1":{"name":"(anonymous_1)","decl":{"start":{"line":14,"column":38},"end":{"line":14,"column":39}},"loc":{"start":{"line":14,"column":58},"end":{"line":17,"column":3}},"line":14},"2":{"name":"(anonymous_2)","decl":{"start":{"line":20,"column":39},"end":{"line":20,"column":40}},"loc":{"start":{"line":20,"column":59},"end":{"line":23,"column":3}},"line":20}},"branchMap":{},"s":{"0":9,"1":1,"2":1,"3":9,"4":1,"5":1,"6":9,"7":0,"8":0},"f":{"0":1,"1":1,"2":0},"b":{},"inputSourceMap":null,"_coverageSchema":"1a1c01bbd47fc00a2c39e90264f33305004495a9","hash":"25a163df052e63a6112dfe32ae9510321a8ad59e"}
,"D:\\projects\\sunrise-connect\\backend\\src\\controllers\\FeeCategoryController.js": {"path":"D:\\projects\\sunrise-connect\\backend\\src\\controllers\\FeeCategoryController.js","statementMap":{"0":{"start":{"line":5,"column":35},"end":{"line":13,"column":2}},"1":{"start":{"line":6,"column":21},"end":{"line":6,"column":69}},"2":{"start":{"line":8,"column":2},"end":{"line":12,"column":5}},"3":{"start":{"line":15,"column":33},"end":{"line":22,"column":2}},"4":{"start":{"line":16,"column":22},"end":{"line":16,"column":56}},"5":{"start":{"line":18,"column":2},"end":{"line":21,"column":5}},"6":{"start":{"line":24,"column":33},"end":{"line":38,"column":2}},"7":{"start":{"line":25,"column":19},"end":{"line":28,"column":4}},"8":{"start":{"line":30,"column":2},"end":{"line":32,"column":3}},"9":{"start":{"line":31,"column":4},"end":{"line":31,"column":73}},"10":{"start":{"line":34,"column":2},"end":{"line":37,"column":5}},"11":{"start":{"line":40,"column":33},"end":{"line":51,"column":2}},"12":{"start":{"line":41,"column":19},"end":{"line":41,"column":69}},"13":{"start":{"line":43,"column":2},"end":{"line":45,"column":3}},"14":{"start":{"line":44,"column":4},"end":{"line":44,"column":73}},"15":{"start":{"line":47,"column":2},"end":{"line":50,"column":5}}},"fnMap":{"0":{"name":"(anonymous_0)","decl":{"start":{"line":5,"column":46},"end":{"line":5,"column":47}},"loc":{"start":{"line":5,"column":72},"end":{"line":13,"column":1}},"line":5},"1":{"name":"(anonymous_1)","decl":{"start":{"line":15,"column":44},"end":{"line":15,"column":45}},"loc":{"start":{"line":15,"column":70},"end":{"line":22,"column":1}},"line":15},"2":{"name":"(anonymous_2)","decl":{"start":{"line":24,"column":44},"end":{"line":24,"column":45}},"loc":{"start":{"line":24,"column":70},"end":{"line":38,"column":1}},"line":24},"3":{"name":"(anonymous_3)","decl":{"start":{"line":40,"column":44},"end":{"line":40,"column":45}},"loc":{"start":{"line":40,"column":70},"end":{"line":51,"column":1}},"line":40}},"branchMap":{"0":{"loc":{"start":{"line":30,"column":2},"end":{"line":32,"column":3}},"type":"if","locations":[{"start":{"line":30,"column":2},"end":{"line":32,"column":3}},{"start":{},"end":{}}],"line":30},"1":{"loc":{"start":{"line":43,"column":2},"end":{"line":45,"column":3}},"type":"if","locations":[{"start":{"line":43,"column":2},"end":{"line":45,"column":3}},{"start":{},"end":{}}],"line":43}},"s":{"0":9,"1":0,"2":0,"3":9,"4":0,"5":0,"6":9,"7":0,"8":0,"9":0,"10":0,"11":9,"12":0,"13":0,"14":0,"15":0},"f":{"0":0,"1":0,"2":0,"3":0},"b":{"0":[0,0],"1":[0,0]},"inputSourceMap":null,"_coverageSchema":"1a1c01bbd47fc00a2c39e90264f33305004495a9","hash":"f3f1bd2a76afe9d113fa0bea45d4c0cc8ffb1354"}
,"D:\\projects\\sunrise-connect\\backend\\src\\controllers\\FeeStructureController.js": {"path":"D:\\projects\\sunrise-connect\\backend\\src\\controllers\\FeeStructureController.js","statementMap":{"0":{"start":{"line":14,"column":16},"end":{"line":21,"column":4}},"1":{"start":{"line":15,"column":49},"end":{"line":18,"column":6}},"2":{"start":{"line":20,"column":4},"end":{"line":20,"column":67}},"3":{"start":{"line":27,"column":30},"end":{"line":30,"column":4}},"4":{"start":{"line":28,"column":25},"end":{"line":28,"column":60}},"5":{"start":{"line":29,"column":4},"end":{"line":29,"column":41}},"6":{"start":{"line":36,"column":39},"end":{"line":39,"column":4}},"7":{"start":{"line":37,"column":25},"end":{"line":37,"column":69}},"8":{"start":{"line":38,"column":4},"end":{"line":38,"column":41}},"9":{"start":{"line":45,"column":30},"end":{"line":52,"column":4}},"10":{"start":{"line":46,"column":19},"end":{"line":46,"column":29}},"11":{"start":{"line":47,"column":20},"end":{"line":47,"column":106}},"12":{"start":{"line":48,"column":4},"end":{"line":50,"column":5}},"13":{"start":{"line":49,"column":6},"end":{"line":49,"column":57}},"14":{"start":{"line":51,"column":4},"end":{"line":51,"column":36}},"15":{"start":{"line":58,"column":39},"end":{"line":65,"column":4}},"16":{"start":{"line":59,"column":19},"end":{"line":59,"column":29}},"17":{"start":{"line":60,"column":20},"end":{"line":60,"column":115}},"18":{"start":{"line":61,"column":4},"end":{"line":63,"column":5}},"19":{"start":{"line":62,"column":6},"end":{"line":62,"column":67}},"20":{"start":{"line":64,"column":4},"end":{"line":64,"column":36}}},"fnMap":{"0":{"name":"(anonymous_0)","decl":{"start":{"line":14,"column":27},"end":{"line":14,"column":28}},"loc":{"start":{"line":14,"column":48},"end":{"line":21,"column":3}},"line":14},"1":{"name":"(anonymous_1)","decl":{"start":{"line":27,"column":41},"end":{"line":27,"column":42}},"loc":{"start":{"line":27,"column":61},"end":{"line":30,"column":3}},"line":27},"2":{"name":"(anonymous_2)","decl":{"start":{"line":36,"column":50},"end":{"line":36,"column":51}},"loc":{"start":{"line":36,"column":70},"end":{"line":39,"column":3}},"line":36},"3":{"name":"(anonymous_3)","decl":{"start":{"line":45,"column":41},"end":{"line":45,"column":42}},"loc":{"start":{"line":45,"column":61},"end":{"line":52,"column":3}},"line":45},"4":{"name":"(anonymous_4)","decl":{"start":{"line":58,"column":50},"end":{"line":58,"column":51}},"loc":{"start":{"line":58,"column":70},"end":{"line":65,"column":3}},"line":58}},"branchMap":{"0":{"loc":{"start":{"line":48,"column":4},"end":{"line":50,"column":5}},"type":"if","locations":[{"start":{"line":48,"column":4},"end":{"line":50,"column":5}},{"start":{},"end":{}}],"line":48},"1":{"loc":{"start":{"line":61,"column":4},"end":{"line":63,"column":5}},"type":"if","locations":[{"start":{"line":61,"column":4},"end":{"line":63,"column":5}},{"start":{},"end":{}}],"line":61}},"s":{"0":9,"1":0,"2":0,"3":9,"4":0,"5":0,"6":9,"7":0,"8":0,"9":9,"10":0,"11":0,"12":0,"13":0,"14":0,"15":9,"16":0,"17":0,"18":0,"19":0,"20":0},"f":{"0":0,"1":0,"2":0,"3":0,"4":0},"b":{"0":[0,0],"1":[0,0]},"inputSourceMap":null,"_coverageSchema":"1a1c01bbd47fc00a2c39e90264f33305004495a9","hash":"f6084d4b22e56954a60035f731d6bfaafd168d86"}
,"D:\\projects\\sunrise-connect\\backend\\src\\controllers\\LedgerController.js": {"path":"D:\\projects\\sunrise-connect\\backend\\src\\controllers\\LedgerController.js","statementMap":{"0":{"start":{"line":9,"column":24},"end":{"line":12,"column":4}},"1":{"start":{"line":10,"column":19},"end":{"line":10,"column":61}},"2":{"start":{"line":11,"column":4},"end":{"line":11,"column":35}},"3":{"start":{"line":15,"column":23},"end":{"line":30,"column":4}},"4":{"start":{"line":16,"column":48},"end":{"line":16,"column":57}},"5":{"start":{"line":17,"column":4},"end":{"line":27,"column":5}},"6":{"start":{"line":18,"column":23},"end":{"line":18,"column":47}},"7":{"start":{"line":19,"column":25},"end":{"line":19,"column":112}},"8":{"start":{"line":20,"column":6},"end":{"line":26,"column":7}},"9":{"start":{"line":21,"column":8},"end":{"line":23,"column":9}},"10":{"start":{"line":21,"column":34},"end":{"line":21,"column":47}},"11":{"start":{"line":22,"column":10},"end":{"line":22,"column":44}},"12":{"start":{"line":25,"column":8},"end":{"line":25,"column":47}},"13":{"start":{"line":28,"column":20},"end":{"line":28,"column":105}},"14":{"start":{"line":29,"column":4},"end":{"line":29,"column":36}},"15":{"start":{"line":33,"column":21},"end":{"line":43,"column":4}},"16":{"start":{"line":34,"column":19},"end":{"line":34,"column":63}},"17":{"start":{"line":35,"column":4},"end":{"line":41,"column":5}},"18":{"start":{"line":36,"column":23},"end":{"line":36,"column":47}},"19":{"start":{"line":37,"column":22},"end":{"line":37,"column":88}},"20":{"start":{"line":38,"column":6},"end":{"line":40,"column":7}},"21":{"start":{"line":39,"column":8},"end":{"line":39,"column":82}},"22":{"start":{"line":42,"column":4},"end":{"line":42,"column":35}},"23":{"start":{"line":46,"column":22},"end":{"line":49,"column":4}},"24":{"start":{"line":47,"column":19},"end":{"line":47,"column":91}},"25":{"start":{"line":48,"column":4},"end":{"line":48,"column":35}},"26":{"start":{"line":52,"column":27},"end":{"line":55,"column":4}},"27":{"start":{"line":53,"column":19},"end":{"line":53,"column":96}},"28":{"start":{"line":54,"column":4},"end":{"line":54,"column":35}},"29":{"start":{"line":58,"column":22},"end":{"line":61,"column":4}},"30":{"start":{"line":59,"column":19},"end":{"line":59,"column":64}},"31":{"start":{"line":60,"column":4},"end":{"line":60,"column":35}}},"fnMap":{"0":{"name":"(anonymous_0)","decl":{"start":{"line":9,"column":35},"end":{"line":9,"column":36}},"loc":{"start":{"line":9,"column":55},"end":{"line":12,"column":3}},"line":9},"1":{"name":"(anonymous_1)","decl":{"start":{"line":15,"column":34},"end":{"line":15,"column":35}},"loc":{"start":{"line":15,"column":54},"end":{"line":30,"column":3}},"line":15},"2":{"name":"(anonymous_2)","decl":{"start":{"line":21,"column":28},"end":{"line":21,"column":29}},"loc":{"start":{"line":21,"column":34},"end":{"line":21,"column":47}},"line":21},"3":{"name":"(anonymous_3)","decl":{"start":{"line":33,"column":32},"end":{"line":33,"column":33}},"loc":{"start":{"line":33,"column":52},"end":{"line":43,"column":3}},"line":33},"4":{"name":"(anonymous_4)","decl":{"start":{"line":46,"column":33},"end":{"line":46,"column":34}},"loc":{"start":{"line":46,"column":53},"end":{"line":49,"column":3}},"line":46},"5":{"name":"(anonymous_5)","decl":{"start":{"line":52,"column":38},"end":{"line":52,"column":39}},"loc":{"start":{"line":52,"column":58},"end":{"line":55,"column":3}},"line":52},"6":{"name":"(anonymous_6)","decl":{"start":{"line":58,"column":33},"end":{"line":58,"column":34}},"loc":{"start":{"line":58,"column":53},"end":{"line":61,"column":3}},"line":58}},"branchMap":{"0":{"loc":{"start":{"line":16,"column":12},"end":{"line":16,"column":22}},"type":"default-arg","locations":[{"start":{"line":16,"column":20},"end":{"line":16,"column":22}}],"line":16},"1":{"loc":{"start":{"line":16,"column":24},"end":{"line":16,"column":32}},"type":"default-arg","locations":[{"start":{"line":16,"column":31},"end":{"line":16,"column":32}}],"line":16},"2":{"loc":{"start":{"line":17,"column":4},"end":{"line":27,"column":5}},"type":"if","locations":[{"start":{"line":17,"column":4},"end":{"line":27,"column":5}},{"start":{},"end":{}}],"line":17},"3":{"loc":{"start":{"line":20,"column":6},"end":{"line":26,"column":7}},"type":"if","locations":[{"start":{"line":20,"column":6},"end":{"line":26,"column":7}},{"start":{"line":24,"column":13},"end":{"line":26,"column":7}}],"line":20},"4":{"loc":{"start":{"line":21,"column":8},"end":{"line":23,"column":9}},"type":"if","locations":[{"start":{"line":21,"column":8},"end":{"line":23,"column":9}},{"start":{},"end":{}}],"line":21},"5":{"loc":{"start":{"line":35,"column":4},"end":{"line":41,"column":5}},"type":"if","locations":[{"start":{"line":35,"column":4},"end":{"line":41,"column":5}},{"start":{},"end":{}}],"line":35},"6":{"loc":{"start":{"line":38,"column":6},"end":{"line":40,"column":7}},"type":"if","locations":[{"start":{"line":38,"column":6},"end":{"line":40,"column":7}},{"start":{},"end":{}}],"line":38},"7":{"loc":{"start":{"line":38,"column":10},"end":{"line":38,"column":66}},"type":"binary-expr","locations":[{"start":{"line":38,"column":10},"end":{"line":38,"column":18}},{"start":{"line":38,"column":22},"end":{"line":38,"column":66}}],"line":38}},"s":{"0":10,"1":0,"2":0,"3":10,"4":2,"5":2,"6":1,"7":1,"8":1,"9":0,"10":0,"11":0,"12":1,"13":2,"14":2,"15":10,"16":0,"17":0,"18":0,"19":0,"20":0,"21":0,"22":0,"23":10,"24":0,"25":0,"26":10,"27":0,"28":0,"29":10,"30":0,"31":0},"f":{"0":0,"1":2,"2":0,"3":0,"4":0,"5":0,"6":0},"b":{"0":[1],"1":[2],"2":[1,1],"3":[0,1],"4":[0,0],"5":[0,0],"6":[0,0],"7":[0,0]},"inputSourceMap":null,"_coverageSchema":"1a1c01bbd47fc00a2c39e90264f33305004495a9","hash":"1acd551400f9d7f115efd7098aa3a8235fd22fdf"}
,"D:\\projects\\sunrise-connect\\backend\\src\\controllers\\MigrationController.js": {"path":"D:\\projects\\sunrise-connect\\backend\\src\\controllers\\MigrationController.js","statementMap":{"0":{"start":{"line":8,"column":26},"end":{"line":11,"column":4}},"1":{"start":{"line":9,"column":4},"end":{"line":9,"column":60}},"2":{"start":{"line":10,"column":4},"end":{"line":10,"column":95}},"3":{"start":{"line":14,"column":27},"end":{"line":17,"column":4}},"4":{"start":{"line":15,"column":4},"end":{"line":15,"column":62}},"5":{"start":{"line":16,"column":4},"end":{"line":16,"column":97}}},"fnMap":{"0":{"name":"(anonymous_0)","decl":{"start":{"line":8,"column":37},"end":{"line":8,"column":38}},"loc":{"start":{"line":8,"column":57},"end":{"line":11,"column":3}},"line":8},"1":{"name":"(anonymous_1)","decl":{"start":{"line":14,"column":38},"end":{"line":14,"column":39}},"loc":{"start":{"line":14,"column":58},"end":{"line":17,"column":3}},"line":14}},"branchMap":{},"s":{"0":9,"1":1,"2":1,"3":9,"4":0,"5":0},"f":{"0":1,"1":0},"b":{},"inputSourceMap":null,"_coverageSchema":"1a1c01bbd47fc00a2c39e90264f33305004495a9","hash":"642796861d773cd6dd1513480c054ee51af412ed"}
,"D:\\projects\\sunrise-connect\\backend\\src\\controllers\\ParentController.js": {"path":"D:\\projects\\sunrise-connect\\backend\\src\\controllers\\ParentController.js","statementMap":{"0":{"start":{"line":8,"column":24},"end":{"line":11,"column":4}},"1":{"start":{"line":9,"column":19},"end":{"line":9,"column":61}},"2":{"start":{"line":10,"column":4},"end":{"line":10,"column":35}},"3":{"start":{"line":14,"column":23},"end":{"line":17,"column":4}},"4":{"start":{"line":15,"column":19},"end":{"line":15,"column":61}},"5":{"start":{"line":16,"column":4},"end":{"line":16,"column":35}},"6":{"start":{"line":20,"column":23},"end":{"line":24,"column":4}},"7":{"start":{"line":21,"column":48},"end":{"line":21,"column":57}},"8":{"start":{"line":22,"column":20},"end":{"line":22,"column":105}},"9":{"start":{"line":23,"column":4},"end":{"line":23,"column":36}},"10":{"start":{"line":27,"column":21},"end":{"line":30,"column":4}},"11":{"start":{"line":28,"column":19},"end":{"line":28,"column":63}},"12":{"start":{"line":29,"column":4},"end":{"line":29,"column":35}},"13":{"start":{"line":33,"column":24},"end":{"line":36,"column":4}},"14":{"start":{"line":34,"column":19},"end":{"line":34,"column":76}},"15":{"start":{"line":35,"column":4},"end":{"line":35,"column":35}},"16":{"start":{"line":39,"column":31},"end":{"line":42,"column":4}},"17":{"start":{"line":40,"column":4},"end":{"line":40,"column":87}},"18":{"start":{"line":41,"column":4},"end":{"line":41,"column":76}}},"fnMap":{"0":{"name":"(anonymous_0)","decl":{"start":{"line":8,"column":35},"end":{"line":8,"column":36}},"loc":{"start":{"line":8,"column":55},"end":{"line":11,"column":3}},"line":8},"1":{"name":"(anonymous_1)","decl":{"start":{"line":14,"column":34},"end":{"line":14,"column":35}},"loc":{"start":{"line":14,"column":54},"end":{"line":17,"column":3}},"line":14},"2":{"name":"(anonymous_2)","decl":{"start":{"line":20,"column":34},"end":{"line":20,"column":35}},"loc":{"start":{"line":20,"column":54},"end":{"line":24,"column":3}},"line":20},"3":{"name":"(anonymous_3)","decl":{"start":{"line":27,"column":32},"end":{"line":27,"column":33}},"loc":{"start":{"line":27,"column":52},"end":{"line":30,"column":3}},"line":27},"4":{"name":"(anonymous_4)","decl":{"start":{"line":33,"column":35},"end":{"line":33,"column":36}},"loc":{"start":{"line":33,"column":55},"end":{"line":36,"column":3}},"line":33},"5":{"name":"(anonymous_5)","decl":{"start":{"line":39,"column":42},"end":{"line":39,"column":43}},"loc":{"start":{"line":39,"column":62},"end":{"line":42,"column":3}},"line":39}},"branchMap":{"0":{"loc":{"start":{"line":21,"column":12},"end":{"line":21,"column":22}},"type":"default-arg","locations":[{"start":{"line":21,"column":20},"end":{"line":21,"column":22}}],"line":21},"1":{"loc":{"start":{"line":21,"column":24},"end":{"line":21,"column":32}},"type":"default-arg","locations":[{"start":{"line":21,"column":31},"end":{"line":21,"column":32}}],"line":21}},"s":{"0":9,"1":1,"2":1,"3":9,"4":0,"5":0,"6":9,"7":1,"8":1,"9":1,"10":9,"11":2,"12":2,"13":9,"14":0,"15":0,"16":9,"17":1,"18":1},"f":{"0":1,"1":0,"2":1,"3":2,"4":0,"5":1},"b":{"0":[1],"1":[1]},"inputSourceMap":null,"_coverageSchema":"1a1c01bbd47fc00a2c39e90264f33305004495a9","hash":"17d1075eb2581d8f8f16412539ad078a3e080f70"}
,"D:\\projects\\sunrise-connect\\backend\\src\\controllers\\PaymentController.js": {"path":"D:\\projects\\sunrise-connect\\backend\\src\\controllers\\PaymentController.js","statementMap":{"0":{"start":{"line":9,"column":25},"end":{"line":19,"column":4}},"1":{"start":{"line":10,"column":4},"end":{"line":16,"column":5}},"2":{"start":{"line":11,"column":23},"end":{"line":11,"column":47}},"3":{"start":{"line":12,"column":21},"end":{"line":12,"column":97}},"4":{"start":{"line":13,"column":6},"end":{"line":13,"column":63}},"5":{"start":{"line":13,"column":19},"end":{"line":13,"column":63}},"6":{"start":{"line":14,"column":22},"end":{"line":14,"column":119}},"7":{"start":{"line":15,"column":6},"end":{"line":15,"column":97}},"8":{"start":{"line":15,"column":20},"end":{"line":15,"column":97}},"9":{"start":{"line":17,"column":20},"end":{"line":17,"column":106}},"10":{"start":{"line":18,"column":4},"end":{"line":18,"column":36}},"11":{"start":{"line":22,"column":24},"end":{"line":50,"column":4}},"12":{"start":{"line":23,"column":48},"end":{"line":23,"column":57}},"13":{"start":{"line":24,"column":4},"end":{"line":47,"column":5}},"14":{"start":{"line":25,"column":23},"end":{"line":25,"column":47}},"15":{"start":{"line":26,"column":25},"end":{"line":26,"column":112}},"16":{"start":{"line":27,"column":28},"end":{"line":27,"column":133}},"17":{"start":{"line":28,"column":33},"end":{"line":28,"column":71}},"18":{"start":{"line":28,"column":57},"end":{"line":28,"column":70}},"19":{"start":{"line":30,"column":6},"end":{"line":46,"column":7}},"20":{"start":{"line":31,"column":29},"end":{"line":31,"column":93}},"21":{"start":{"line":31,"column":67},"end":{"line":31,"column":76}},"22":{"start":{"line":32,"column":27},"end":{"line":32,"column":85}},"23":{"start":{"line":32,"column":53},"end":{"line":32,"column":84}},"24":{"start":{"line":33,"column":8},"end":{"line":35,"column":9}},"25":{"start":{"line":34,"column":10},"end":{"line":34,"column":44}},"26":{"start":{"line":36,"column":8},"end":{"line":36,"column":48}},"27":{"start":{"line":37,"column":13},"end":{"line":46,"column":7}},"28":{"start":{"line":38,"column":8},"end":{"line":40,"column":9}},"29":{"start":{"line":39,"column":10},"end":{"line":39,"column":44}},"30":{"start":{"line":42,"column":8},"end":{"line":44,"column":9}},"31":{"start":{"line":43,"column":10},"end":{"line":43,"column":44}},"32":{"start":{"line":45,"column":8},"end":{"line":45,"column":56}},"33":{"start":{"line":48,"column":21},"end":{"line":48,"column":108}},"34":{"start":{"line":49,"column":4},"end":{"line":49,"column":37}},"35":{"start":{"line":53,"column":22},"end":{"line":56,"column":4}},"36":{"start":{"line":54,"column":20},"end":{"line":54,"column":66}},"37":{"start":{"line":55,"column":4},"end":{"line":55,"column":36}},"38":{"start":{"line":59,"column":26},"end":{"line":62,"column":4}},"39":{"start":{"line":60,"column":21},"end":{"line":60,"column":134}},"40":{"start":{"line":61,"column":4},"end":{"line":61,"column":37}}},"fnMap":{"0":{"name":"(anonymous_0)","decl":{"start":{"line":9,"column":36},"end":{"line":9,"column":37}},"loc":{"start":{"line":9,"column":56},"end":{"line":19,"column":3}},"line":9},"1":{"name":"(anonymous_1)","decl":{"start":{"line":22,"column":35},"end":{"line":22,"column":36}},"loc":{"start":{"line":22,"column":55},"end":{"line":50,"column":3}},"line":22},"2":{"name":"(anonymous_2)","decl":{"start":{"line":28,"column":51},"end":{"line":28,"column":52}},"loc":{"start":{"line":28,"column":57},"end":{"line":28,"column":70}},"line":28},"3":{"name":"(anonymous_3)","decl":{"start":{"line":31,"column":61},"end":{"line":31,"column":62}},"loc":{"start":{"line":31,"column":67},"end":{"line":31,"column":76}},"line":31},"4":{"name":"(anonymous_4)","decl":{"start":{"line":32,"column":47},"end":{"line":32,"column":48}},"loc":{"start":{"line":32,"column":53},"end":{"line":32,"column":84}},"line":32},"5":{"name":"(anonymous_5)","decl":{"start":{"line":53,"column":33},"end":{"line":53,"column":34}},"loc":{"start":{"line":53,"column":53},"end":{"line":56,"column":3}},"line":53},"6":{"name":"(anonymous_6)","decl":{"start":{"line":59,"column":37},"end":{"line":59,"column":38}},"loc":{"start":{"line":59,"column":57},"end":{"line":62,"column":3}},"line":59}},"branchMap":{"0":{"loc":{"start":{"line":10,"column":4},"end":{"line":16,"column":5}},"type":"if","locations":[{"start":{"line":10,"column":4},"end":{"line":16,"column":5}},{"start":{},"end":{}}],"line":10},"1":{"loc":{"start":{"line":13,"column":6},"end":{"line":13,"column":63}},"type":"if","locations":[{"start":{"line":13,"column":6},"end":{"line":13,"column":63}},{"start":{},"end":{}}],"line":13},"2":{"loc":{"start":{"line":15,"column":6},"end":{"line":15,"column":97}},"type":"if","locations":[{"start":{"line":15,"column":6},"end":{"line":15,"column":97}},{"start":{},"end":{}}],"line":15},"3":{"loc":{"start":{"line":17,"column":83},"end":{"line":17,"column":103}},"type":"binary-expr","locations":[{"start":{"line":17,"column":83},"end":{"line":17,"column":95}},{"start":{"line":17,"column":99},"end":{"line":17,"column":103}}],"line":17},"4":{"loc":{"start":{"line":23,"column":12},"end":{"line":23,"column":22}},"type":"default-arg","locations":[{"start":{"line":23,"column":20},"end":{"line":23,"column":22}}],"line":23},"5":{"loc":{"start":{"line":23,"column":24},"end":{"line":23,"column":32}},"type":"default-arg","locations":[{"start":{"line":23,"column":31},"end":{"line":23,"column":32}}],"line":23},"6":{"loc":{"start":{"line":24,"column":4},"end":{"line":47,"column":5}},"type":"if","locations":[{"start":{"line":24,"column":4},"end":{"line":47,"column":5}},{"start":{},"end":{}}],"line":24},"7":{"loc":{"start":{"line":30,"column":6},"end":{"line":46,"column":7}},"type":"if","locations":[{"start":{"line":30,"column":6},"end":{"line":46,"column":7}},{"start":{"line":37,"column":13},"end":{"line":46,"column":7}}],"line":30},"8":{"loc":{"start":{"line":33,"column":8},"end":{"line":35,"column":9}},"type":"if","locations":[{"start":{"line":33,"column":8},"end":{"line":35,"column":9}},{"start":{},"end":{}}],"line":33},"9":{"loc":{"start":{"line":37,"column":13},"end":{"line":46,"column":7}},"type":"if","locations":[{"start":{"line":37,"column":13},"end":{"line":46,"column":7}},{"start":{"line":41,"column":13},"end":{"line":46,"column":7}}],"line":37},"10":{"loc":{"start":{"line":38,"column":8},"end":{"line":40,"column":9}},"type":"if","locations":[{"start":{"line":38,"column":8},"end":{"line":40,"column":9}},{"start":{},"end":{}}],"line":38},"11":{"loc":{"start":{"line":42,"column":8},"end":{"line":44,"column":9}},"type":"if","locations":[{"start":{"line":42,"column":8},"end":{"line":44,"column":9}},{"start":{},"end":{}}],"line":42},"12":{"loc":{"start":{"line":60,"column":111},"end":{"line":60,"column":131}},"type":"binary-expr","locations":[{"start":{"line":60,"column":111},"end":{"line":60,"column":123}},{"start":{"line":60,"column":127},"end":{"line":60,"column":131}}],"line":60}},"s":{"0":10,"1":3,"2":1,"3":1,"4":1,"5":0,"6":1,"7":1,"8":1,"9":2,"10":2,"11":10,"12":1,"13":1,"14":0,"15":0,"16":0,"17":0,"18":0,"19":0,"20":0,"21":0,"22":0,"23":0,"24":0,"25":0,"26":0,"27":0,"28":0,"29":0,"30":0,"31":0,"32":0,"33":1,"34":1,"35":10,"36":0,"37":0,"38":10,"39":2,"40":2},"f":{"0":3,"1":1,"2":0,"3":0,"4":0,"5":0,"6":2},"b":{"0":[1,2],"1":[0,1],"2":[1,0],"3":[2,0],"4":[1],"5":[1],"6":[0,1],"7":[0,0],"8":[0,0],"9":[0,0],"10":[0,0],"11":[0,0],"12":[2,0]},"inputSourceMap":null,"_coverageSchema":"1a1c01bbd47fc00a2c39e90264f33305004495a9","hash":"d92993b6ecb3c91f1252dc3a37c0dd8d18618309"}
,"D:\\projects\\sunrise-connect\\backend\\src\\controllers\\StudentController.js": {"path":"D:\\projects\\sunrise-connect\\backend\\src\\controllers\\StudentController.js","statementMap":{"0":{"start":{"line":9,"column":25},"end":{"line":12,"column":4}},"1":{"start":{"line":10,"column":20},"end":{"line":10,"column":64}},"2":{"start":{"line":11,"column":4},"end":{"line":11,"column":36}},"3":{"start":{"line":15,"column":24},"end":{"line":22,"column":4}},"4":{"start":{"line":16,"column":48},"end":{"line":16,"column":57}},"5":{"start":{"line":17,"column":4},"end":{"line":19,"column":5}},"6":{"start":{"line":18,"column":6},"end":{"line":18,"column":36}},"7":{"start":{"line":20,"column":21},"end":{"line":20,"column":108}},"8":{"start":{"line":21,"column":4},"end":{"line":21,"column":37}},"9":{"start":{"line":25,"column":22},"end":{"line":32,"column":4}},"10":{"start":{"line":26,"column":20},"end":{"line":26,"column":66}},"11":{"start":{"line":27,"column":24},"end":{"line":27,"column":110}},"12":{"start":{"line":28,"column":4},"end":{"line":30,"column":5}},"13":{"start":{"line":29,"column":6},"end":{"line":29,"column":81}},"14":{"start":{"line":31,"column":4},"end":{"line":31,"column":36}},"15":{"start":{"line":35,"column":25},"end":{"line":38,"column":4}},"16":{"start":{"line":36,"column":20},"end":{"line":36,"column":79}},"17":{"start":{"line":37,"column":4},"end":{"line":37,"column":36}},"18":{"start":{"line":41,"column":25},"end":{"line":44,"column":4}},"19":{"start":{"line":42,"column":4},"end":{"line":42,"column":67}},"20":{"start":{"line":43,"column":4},"end":{"line":43,"column":65}},"21":{"start":{"line":47,"column":29},"end":{"line":50,"column":4}},"22":{"start":{"line":48,"column":19},"end":{"line":48,"column":79}},"23":{"start":{"line":49,"column":4},"end":{"line":49,"column":84}},"24":{"start":{"line":53,"column":24},"end":{"line":58,"column":4}},"25":{"start":{"line":54,"column":32},"end":{"line":54,"column":40}},"26":{"start":{"line":55,"column":4},"end":{"line":55,"column":85}},"27":{"start":{"line":55,"column":29},"end":{"line":55,"column":85}},"28":{"start":{"line":56,"column":19},"end":{"line":56,"column":84}},"29":{"start":{"line":57,"column":4},"end":{"line":57,"column":68}},"30":{"start":{"line":61,"column":27},"end":{"line":68,"column":4}},"31":{"start":{"line":62,"column":79},"end":{"line":62,"column":87}},"32":{"start":{"line":63,"column":4},"end":{"line":65,"column":5}},"33":{"start":{"line":64,"column":6},"end":{"line":64,"column":71}},"34":{"start":{"line":66,"column":19},"end":{"line":66,"column":136}},"35":{"start":{"line":67,"column":4},"end":{"line":67,"column":35}},"36":{"start":{"line":71,"column":26},"end":{"line":78,"column":4}},"37":{"start":{"line":72,"column":25},"end":{"line":72,"column":33}},"38":{"start":{"line":73,"column":4},"end":{"line":75,"column":5}},"39":{"start":{"line":74,"column":6},"end":{"line":74,"column":72}},"40":{"start":{"line":76,"column":19},"end":{"line":76,"column":64}},"41":{"start":{"line":77,"column":4},"end":{"line":77,"column":35}}},"fnMap":{"0":{"name":"(anonymous_0)","decl":{"start":{"line":9,"column":36},"end":{"line":9,"column":37}},"loc":{"start":{"line":9,"column":56},"end":{"line":12,"column":3}},"line":9},"1":{"name":"(anonymous_1)","decl":{"start":{"line":15,"column":35},"end":{"line":15,"column":36}},"loc":{"start":{"line":15,"column":55},"end":{"line":22,"column":3}},"line":15},"2":{"name":"(anonymous_2)","decl":{"start":{"line":25,"column":33},"end":{"line":25,"column":34}},"loc":{"start":{"line":25,"column":53},"end":{"line":32,"column":3}},"line":25},"3":{"name":"(anonymous_3)","decl":{"start":{"line":35,"column":36},"end":{"line":35,"column":37}},"loc":{"start":{"line":35,"column":56},"end":{"line":38,"column":3}},"line":35},"4":{"name":"(anonymous_4)","decl":{"start":{"line":41,"column":36},"end":{"line":41,"column":37}},"loc":{"start":{"line":41,"column":56},"end":{"line":44,"column":3}},"line":41},"5":{"name":"(anonymous_5)","decl":{"start":{"line":47,"column":40},"end":{"line":47,"column":41}},"loc":{"start":{"line":47,"column":60},"end":{"line":50,"column":3}},"line":47},"6":{"name":"(anonymous_6)","decl":{"start":{"line":53,"column":35},"end":{"line":53,"column":36}},"loc":{"start":{"line":53,"column":55},"end":{"line":58,"column":3}},"line":53},"7":{"name":"(anonymous_7)","decl":{"start":{"line":61,"column":38},"end":{"line":61,"column":39}},"loc":{"start":{"line":61,"column":58},"end":{"line":68,"column":3}},"line":61},"8":{"name":"(anonymous_8)","decl":{"start":{"line":71,"column":37},"end":{"line":71,"column":38}},"loc":{"start":{"line":71,"column":57},"end":{"line":78,"column":3}},"line":71}},"branchMap":{"0":{"loc":{"start":{"line":16,"column":12},"end":{"line":16,"column":22}},"type":"default-arg","locations":[{"start":{"line":16,"column":20},"end":{"line":16,"column":22}}],"line":16},"1":{"loc":{"start":{"line":16,"column":24},"end":{"line":16,"column":32}},"type":"default-arg","locations":[{"start":{"line":16,"column":31},"end":{"line":16,"column":32}}],"line":16},"2":{"loc":{"start":{"line":17,"column":4},"end":{"line":19,"column":5}},"type":"if","locations":[{"start":{"line":17,"column":4},"end":{"line":19,"column":5}},{"start":{},"end":{}}],"line":17},"3":{"loc":{"start":{"line":27,"column":24},"end":{"line":27,"column":110}},"type":"cond-expr","locations":[{"start":{"line":27,"column":48},"end":{"line":27,"column":79}},{"start":{"line":27,"column":82},"end":{"line":27,"column":110}}],"line":27},"4":{"loc":{"start":{"line":28,"column":4},"end":{"line":30,"column":5}},"type":"if","locations":[{"start":{"line":28,"column":4},"end":{"line":30,"column":5}},{"start":{},"end":{}}],"line":28},"5":{"loc":{"start":{"line":28,"column":8},"end":{"line":28,"column":66}},"type":"binary-expr","locations":[{"start":{"line":28,"column":8},"end":{"line":28,"column":35}},{"start":{"line":28,"column":39},"end":{"line":28,"column":66}}],"line":28},"6":{"loc":{"start":{"line":55,"column":4},"end":{"line":55,"column":85}},"type":"if","locations":[{"start":{"line":55,"column":4},"end":{"line":55,"column":85}},{"start":{},"end":{}}],"line":55},"7":{"loc":{"start":{"line":55,"column":8},"end":{"line":55,"column":27}},"type":"binary-expr","locations":[{"start":{"line":55,"column":8},"end":{"line":55,"column":16}},{"start":{"line":55,"column":20},"end":{"line":55,"column":27}}],"line":55},"8":{"loc":{"start":{"line":63,"column":4},"end":{"line":65,"column":5}},"type":"if","locations":[{"start":{"line":63,"column":4},"end":{"line":65,"column":5}},{"start":{},"end":{}}],"line":63},"9":{"loc":{"start":{"line":63,"column":8},"end":{"line":63,"column":110}},"type":"binary-expr","locations":[{"start":{"line":63,"column":8},"end":{"line":63,"column":19}},{"start":{"line":63,"column":23},"end":{"line":63,"column":49}},{"start":{"line":63,"column":53},"end":{"line":63,"column":68}},{"start":{"line":63,"column":72},"end":{"line":63,"column":87}},{"start":{"line":63,"column":91},"end":{"line":63,"column":110}}],"line":63},"10":{"loc":{"start":{"line":73,"column":4},"end":{"line":75,"column":5}},"type":"if","locations":[{"start":{"line":73,"column":4},"end":{"line":75,"column":5}},{"start":{},"end":{}}],"line":73},"11":{"loc":{"start":{"line":73,"column":8},"end":{"line":73,"column":45}},"type":"binary-expr","locations":[{"start":{"line":73,"column":8},"end":{"line":73,"column":17}},{"start":{"line":73,"column":21},"end":{"line":73,"column":45}}],"line":73}},"s":{"0":10,"1":1,"2":1,"3":10,"4":3,"5":3,"6":2,"7":3,"8":2,"9":10,"10":1,"11":1,"12":1,"13":1,"14":0,"15":10,"16":0,"17":0,"18":10,"19":0,"20":0,"21":10,"22":0,"23":0,"24":10,"25":0,"26":0,"27":0,"28":0,"29":0,"30":10,"31":0,"32":0,"33":0,"34":0,"35":0,"36":10,"37":0,"38":0,"39":0,"40":0,"41":0},"f":{"0":1,"1":3,"2":1,"3":0,"4":0,"5":0,"6":0,"7":0,"8":0},"b":{"0":[2],"1":[3],"2":[2,1],"3":[1,0],"4":[1,0],"5":[1,1],"6":[0,0],"7":[0,0],"8":[0,0],"9":[0,0,0,0,0],"10":[0,0],"11":[0,0]},"inputSourceMap":null,"_coverageSchema":"1a1c01bbd47fc00a2c39e90264f33305004495a9","hash":"74140f6f0c0778c27f2eab9381520957a2018540"}
,"D:\\projects\\sunrise-connect\\backend\\src\\controllers\\UserController.js": {"path":"D:\\projects\\sunrise-connect\\backend\\src\\controllers\\UserController.js","statementMap":{"0":{"start":{"line":9,"column":23},"end":{"line":16,"column":4}},"1":{"start":{"line":10,"column":38},"end":{"line":10,"column":46}},"2":{"start":{"line":11,"column":4},"end":{"line":11,"column":104}},"3":{"start":{"line":11,"column":38},"end":{"line":11,"column":104}},"4":{"start":{"line":12,"column":4},"end":{"line":12,"column":95}},"5":{"start":{"line":12,"column":29},"end":{"line":12,"column":95}},"6":{"start":{"line":14,"column":17},"end":{"line":14,"column":73}},"7":{"start":{"line":15,"column":4},"end":{"line":15,"column":71}},"8":{"start":{"line":19,"column":21},"end":{"line":22,"column":4}},"9":{"start":{"line":20,"column":18},"end":{"line":20,"column":47}},"10":{"start":{"line":21,"column":4},"end":{"line":21,"column":34}},"11":{"start":{"line":25,"column":24},"end":{"line":28,"column":4}},"12":{"start":{"line":26,"column":19},"end":{"line":26,"column":69}},"13":{"start":{"line":27,"column":4},"end":{"line":27,"column":101}},"14":{"start":{"line":31,"column":25},"end":{"line":36,"column":4}},"15":{"start":{"line":32,"column":28},"end":{"line":32,"column":36}},"16":{"start":{"line":33,"column":4},"end":{"line":33,"column":118}},"17":{"start":{"line":33,"column":48},"end":{"line":33,"column":118}},"18":{"start":{"line":34,"column":19},"end":{"line":34,"column":83}},"19":{"start":{"line":35,"column":4},"end":{"line":35,"column":35}},"20":{"start":{"line":39,"column":23},"end":{"line":42,"column":4}},"21":{"start":{"line":40,"column":19},"end":{"line":40,"column":63}},"22":{"start":{"line":41,"column":4},"end":{"line":41,"column":73}}},"fnMap":{"0":{"name":"(anonymous_0)","decl":{"start":{"line":9,"column":34},"end":{"line":9,"column":35}},"loc":{"start":{"line":9,"column":54},"end":{"line":16,"column":3}},"line":9},"1":{"name":"(anonymous_1)","decl":{"start":{"line":19,"column":32},"end":{"line":19,"column":33}},"loc":{"start":{"line":19,"column":52},"end":{"line":22,"column":3}},"line":19},"2":{"name":"(anonymous_2)","decl":{"start":{"line":25,"column":35},"end":{"line":25,"column":36}},"loc":{"start":{"line":25,"column":55},"end":{"line":28,"column":3}},"line":25},"3":{"name":"(anonymous_3)","decl":{"start":{"line":31,"column":36},"end":{"line":31,"column":37}},"loc":{"start":{"line":31,"column":56},"end":{"line":36,"column":3}},"line":31},"4":{"name":"(anonymous_4)","decl":{"start":{"line":39,"column":34},"end":{"line":39,"column":35}},"loc":{"start":{"line":39,"column":54},"end":{"line":42,"column":3}},"line":39}},"branchMap":{"0":{"loc":{"start":{"line":11,"column":4},"end":{"line":11,"column":104}},"type":"if","locations":[{"start":{"line":11,"column":4},"end":{"line":11,"column":104}},{"start":{},"end":{}}],"line":11},"1":{"loc":{"start":{"line":11,"column":8},"end":{"line":11,"column":36}},"type":"binary-expr","locations":[{"start":{"line":11,"column":8},"end":{"line":11,"column":13}},{"start":{"line":11,"column":17},"end":{"line":11,"column":23}},{"start":{"line":11,"column":27},"end":{"line":11,"column":36}}],"line":11},"2":{"loc":{"start":{"line":12,"column":4},"end":{"line":12,"column":95}},"type":"if","locations":[{"start":{"line":12,"column":4},"end":{"line":12,"column":95}},{"start":{},"end":{}}],"line":12},"3":{"loc":{"start":{"line":27,"column":52},"end":{"line":27,"column":97}},"type":"cond-expr","locations":[{"start":{"line":27,"column":70},"end":{"line":27,"column":81}},{"start":{"line":27,"column":84},"end":{"line":27,"column":97}}],"line":27},"4":{"loc":{"start":{"line":33,"column":4},"end":{"line":33,"column":118}},"type":"if","locations":[{"start":{"line":33,"column":4},"end":{"line":33,"column":118}},{"start":{},"end":{}}],"line":33},"5":{"loc":{"start":{"line":33,"column":8},"end":{"line":33,"column":46}},"type":"binary-expr","locations":[{"start":{"line":33,"column":8},"end":{"line":33,"column":20}},{"start":{"line":33,"column":24},"end":{"line":33,"column":46}}],"line":33}},"s":{"0":9,"1":0,"2":0,"3":0,"4":0,"5":0,"6":0,"7":0,"8":9,"9":0,"10":0,"11":9,"12":0,"13":0,"14":9,"15":0,"16":0,"17":0,"18":0,"19":0,"20":9,"21":0,"22":0},"f":{"0":0,"1":0,"2":0,"3":0,"4":0},"b":{"0":[0,0],"1":[0,0,0],"2":[0,0],"3":[0,0],"4":[0,0],"5":[0,0]},"inputSourceMap":null,"_coverageSchema":"1a1c01bbd47fc00a2c39e90264f33305004495a9","hash":"41f85ac5ccf5d569df9f458304847693aa938155"}
,"D:\\projects\\sunrise-connect\\backend\\src\\middlewares\\auth.middleware.js": {"path":"D:\\projects\\sunrise-connect\\backend\\src\\middlewares\\auth.middleware.js","statementMap":{"0":{"start":{"line":7,"column":21},"end":{"line":20,"column":1}},"1":{"start":{"line":8,"column":21},"end":{"line":8,"column":46}},"2":{"start":{"line":9,"column":2},"end":{"line":11,"column":3}},"3":{"start":{"line":10,"column":4},"end":{"line":10,"column":80}},"4":{"start":{"line":12,"column":16},"end":{"line":12,"column":40}},"5":{"start":{"line":13,"column":2},"end":{"line":19,"column":3}},"6":{"start":{"line":14,"column":20},"end":{"line":14,"column":53}},"7":{"start":{"line":15,"column":4},"end":{"line":15,"column":23}},"8":{"start":{"line":16,"column":4},"end":{"line":16,"column":18}},"9":{"start":{"line":18,"column":4},"end":{"line":18,"column":63}}},"fnMap":{"0":{"name":"(anonymous_0)","decl":{"start":{"line":7,"column":21},"end":{"line":7,"column":22}},"loc":{"start":{"line":7,"column":41},"end":{"line":20,"column":1}},"line":7}},"branchMap":{"0":{"loc":{"start":{"line":9,"column":2},"end":{"line":11,"column":3}},"type":"if","locations":[{"start":{"line":9,"column":2},"end":{"line":11,"column":3}},{"start":{},"end":{}}],"line":9},"1":{"loc":{"start":{"line":9,"column":6},"end":{"line":9,"column":54}},"type":"binary-expr","locations":[{"start":{"line":9,"column":6},"end":{"line":9,"column":17}},{"start":{"line":9,"column":21},"end":{"line":9,"column":54}}],"line":9}},"s":{"0":9,"1":44,"2":44,"3":13,"4":31,"5":31,"6":31,"7":31,"8":31,"9":0},"f":{"0":44},"b":{"0":[13,31],"1":[44,31]},"inputSourceMap":null,"_coverageSchema":"1a1c01bbd47fc00a2c39e90264f33305004495a9","hash":"c4a364bea0b99a8f51e9a041330772266542c14c"}
,"D:\\projects\\sunrise-connect\\backend\\src\\middlewares\\authorize.middleware.js": {"path":"D:\\projects\\sunrise-connect\\backend\\src\\middlewares\\authorize.middleware.js","statementMap":{"0":{"start":{"line":6,"column":18},"end":{"line":12,"column":1}},"1":{"start":{"line":6,"column":32},"end":{"line":12,"column":1}},"2":{"start":{"line":7,"column":2},"end":{"line":7,"column":69}},"3":{"start":{"line":7,"column":17},"end":{"line":7,"column":69}},"4":{"start":{"line":8,"column":2},"end":{"line":10,"column":3}},"5":{"start":{"line":9,"column":4},"end":{"line":9,"column":88}},"6":{"start":{"line":11,"column":2},"end":{"line":11,"column":16}}},"fnMap":{"0":{"name":"(anonymous_0)","decl":{"start":{"line":6,"column":18},"end":{"line":6,"column":19}},"loc":{"start":{"line":6,"column":32},"end":{"line":12,"column":1}},"line":6},"1":{"name":"(anonymous_1)","decl":{"start":{"line":6,"column":32},"end":{"line":6,"column":33}},"loc":{"start":{"line":6,"column":52},"end":{"line":12,"column":1}},"line":6}},"branchMap":{"0":{"loc":{"start":{"line":7,"column":2},"end":{"line":7,"column":69}},"type":"if","locations":[{"start":{"line":7,"column":2},"end":{"line":7,"column":69}},{"start":{},"end":{}}],"line":7},"1":{"loc":{"start":{"line":8,"column":2},"end":{"line":10,"column":3}},"type":"if","locations":[{"start":{"line":8,"column":2},"end":{"line":10,"column":3}},{"start":{},"end":{}}],"line":8}},"s":{"0":9,"1":315,"2":29,"3":0,"4":29,"5":5,"6":24},"f":{"0":315,"1":29},"b":{"0":[0,29],"1":[5,24]},"inputSourceMap":null,"_coverageSchema":"1a1c01bbd47fc00a2c39e90264f33305004495a9","hash":"6e5aeb5c2ff15c3001c4ba588c3489c008aaad57"}
,"D:\\projects\\sunrise-connect\\backend\\src\\middlewares\\error.middleware.js": {"path":"D:\\projects\\sunrise-connect\\backend\\src\\middlewares\\error.middleware.js","statementMap":{"0":{"start":{"line":4,"column":34},"end":{"line":35,"column":1}},"1":{"start":{"line":5,"column":2},"end":{"line":5,"column":41}},"2":{"start":{"line":6,"column":2},"end":{"line":6,"column":37}},"3":{"start":{"line":8,"column":2},"end":{"line":34,"column":3}},"4":{"start":{"line":9,"column":4},"end":{"line":9,"column":72}},"5":{"start":{"line":10,"column":4},"end":{"line":16,"column":7}},"6":{"start":{"line":19,"column":4},"end":{"line":33,"column":5}},"7":{"start":{"line":20,"column":6},"end":{"line":24,"column":9}},"8":{"start":{"line":27,"column":6},"end":{"line":27,"column":36}},"9":{"start":{"line":28,"column":6},"end":{"line":32,"column":9}}},"fnMap":{"0":{"name":"(anonymous_0)","decl":{"start":{"line":4,"column":34},"end":{"line":4,"column":35}},"loc":{"start":{"line":4,"column":59},"end":{"line":35,"column":1}},"line":4}},"branchMap":{"0":{"loc":{"start":{"line":5,"column":19},"end":{"line":5,"column":40}},"type":"binary-expr","locations":[{"start":{"line":5,"column":19},"end":{"line":5,"column":33}},{"start":{"line":5,"column":37},"end":{"line":5,"column":40}}],"line":5},"1":{"loc":{"start":{"line":6,"column":15},"end":{"line":6,"column":36}},"type":"binary-expr","locations":[{"start":{"line":6,"column":15},"end":{"line":6,"column":25}},{"start":{"line":6,"column":29},"end":{"line":6,"column":36}}],"line":6},"2":{"loc":{"start":{"line":8,"column":2},"end":{"line":34,"column":3}},"type":"if","locations":[{"start":{"line":8,"column":2},"end":{"line":34,"column":3}},{"start":{"line":17,"column":9},"end":{"line":34,"column":3}}],"line":8},"3":{"loc":{"start":{"line":19,"column":4},"end":{"line":33,"column":5}},"type":"if","locations":[{"start":{"line":19,"column":4},"end":{"line":33,"column":5}},{"start":{"line":25,"column":11},"end":{"line":33,"column":5}}],"line":19}},"s":{"0":9,"1":23,"2":23,"3":23,"4":0,"5":0,"6":23,"7":22,"8":1,"9":1},"f":{"0":23},"b":{"0":[23,1],"1":[23,23],"2":[0,23],"3":[22,1]},"inputSourceMap":null,"_coverageSchema":"1a1c01bbd47fc00a2c39e90264f33305004495a9","hash":"4259530c794419fe91944641c60d04cae16eec29"}
,"D:\\projects\\sunrise-connect\\backend\\src\\middlewares\\idempotency.middleware.js": {"path":"D:\\projects\\sunrise-connect\\backend\\src\\middlewares\\idempotency.middleware.js","statementMap":{"0":{"start":{"line":6,"column":22},"end":{"line":6,"column":31}},"1":{"start":{"line":7,"column":15},"end":{"line":7,"column":34}},"2":{"start":{"line":9,"column":20},"end":{"line":29,"column":1}},"3":{"start":{"line":10,"column":14},"end":{"line":10,"column":44}},"4":{"start":{"line":11,"column":2},"end":{"line":13,"column":3}},"5":{"start":{"line":12,"column":4},"end":{"line":12,"column":91}},"6":{"start":{"line":15,"column":19},"end":{"line":15,"column":41}},"7":{"start":{"line":16,"column":2},"end":{"line":19,"column":3}},"8":{"start":{"line":18,"column":4},"end":{"line":18,"column":59}},"9":{"start":{"line":22,"column":23},"end":{"line":22,"column":41}},"10":{"start":{"line":23,"column":2},"end":{"line":26,"column":4}},"11":{"start":{"line":24,"column":4},"end":{"line":24,"column":77}},"12":{"start":{"line":25,"column":4},"end":{"line":25,"column":30}},"13":{"start":{"line":28,"column":2},"end":{"line":28,"column":16}}},"fnMap":{"0":{"name":"(anonymous_0)","decl":{"start":{"line":9,"column":20},"end":{"line":9,"column":21}},"loc":{"start":{"line":9,"column":40},"end":{"line":29,"column":1}},"line":9},"1":{"name":"(anonymous_1)","decl":{"start":{"line":23,"column":13},"end":{"line":23,"column":14}},"loc":{"start":{"line":23,"column":23},"end":{"line":26,"column":3}},"line":23}},"branchMap":{"0":{"loc":{"start":{"line":11,"column":2},"end":{"line":13,"column":3}},"type":"if","locations":[{"start":{"line":11,"column":2},"end":{"line":13,"column":3}},{"start":{},"end":{}}],"line":11},"1":{"loc":{"start":{"line":16,"column":2},"end":{"line":19,"column":3}},"type":"if","locations":[{"start":{"line":16,"column":2},"end":{"line":19,"column":3}},{"start":{},"end":{}}],"line":16},"2":{"loc":{"start":{"line":16,"column":6},"end":{"line":16,"column":51}},"type":"binary-expr","locations":[{"start":{"line":16,"column":6},"end":{"line":16,"column":14}},{"start":{"line":16,"column":18},"end":{"line":16,"column":51}}],"line":16}},"s":{"0":9,"1":9,"2":9,"3":5,"4":5,"5":1,"6":4,"7":4,"8":1,"9":3,"10":3,"11":3,"12":3,"13":3},"f":{"0":5,"1":3},"b":{"0":[1,4],"1":[1,3],"2":[4,1]},"inputSourceMap":null,"_coverageSchema":"1a1c01bbd47fc00a2c39e90264f33305004495a9","hash":"187f658afff09262a7463c462cd8a9f3b5c026c3"}
,"D:\\projects\\sunrise-connect\\backend\\src\\middlewares\\rateLimit.middleware.js": {"path":"D:\\projects\\sunrise-connect\\backend\\src\\middlewares\\rateLimit.middleware.js","statementMap":{"0":{"start":{"line":6,"column":14},"end":{"line":6,"column":23}},"1":{"start":{"line":12,"column":18},"end":{"line":23,"column":3}},"2":{"start":{"line":13,"column":2},"end":{"line":23,"column":3}},"3":{"start":{"line":14,"column":16},"end":{"line":14,"column":35}},"4":{"start":{"line":15,"column":16},"end":{"line":15,"column":26}},"5":{"start":{"line":16,"column":23},"end":{"line":16,"column":77}},"6":{"start":{"line":16,"column":58},"end":{"line":16,"column":76}},"7":{"start":{"line":17,"column":4},"end":{"line":19,"column":5}},"8":{"start":{"line":18,"column":6},"end":{"line":18,"column":83}},"9":{"start":{"line":20,"column":4},"end":{"line":20,"column":25}},"10":{"start":{"line":21,"column":4},"end":{"line":21,"column":31}},"11":{"start":{"line":22,"column":4},"end":{"line":22,"column":18}},"12":{"start":{"line":26,"column":29},"end":{"line":26,"column":80}},"13":{"start":{"line":29,"column":28},"end":{"line":29,"column":79}}},"fnMap":{"0":{"name":"(anonymous_0)","decl":{"start":{"line":12,"column":18},"end":{"line":12,"column":19}},"loc":{"start":{"line":13,"column":2},"end":{"line":23,"column":3}},"line":13},"1":{"name":"(anonymous_1)","decl":{"start":{"line":13,"column":2},"end":{"line":13,"column":3}},"loc":{"start":{"line":13,"column":22},"end":{"line":23,"column":3}},"line":13},"2":{"name":"(anonymous_2)","decl":{"start":{"line":16,"column":53},"end":{"line":16,"column":54}},"loc":{"start":{"line":16,"column":58},"end":{"line":16,"column":76}},"line":16}},"branchMap":{"0":{"loc":{"start":{"line":12,"column":19},"end":{"line":12,"column":66}},"type":"default-arg","locations":[{"start":{"line":12,"column":64},"end":{"line":12,"column":66}}],"line":12},"1":{"loc":{"start":{"line":12,"column":21},"end":{"line":12,"column":47}},"type":"default-arg","locations":[{"start":{"line":12,"column":32},"end":{"line":12,"column":47}}],"line":12},"2":{"loc":{"start":{"line":12,"column":49},"end":{"line":12,"column":59}},"type":"default-arg","locations":[{"start":{"line":12,"column":55},"end":{"line":12,"column":59}}],"line":12},"3":{"loc":{"start":{"line":14,"column":16},"end":{"line":14,"column":35}},"type":"binary-expr","locations":[{"start":{"line":14,"column":16},"end":{"line":14,"column":22}},{"start":{"line":14,"column":26},"end":{"line":14,"column":35}}],"line":14},"4":{"loc":{"start":{"line":16,"column":24},"end":{"line":16,"column":44}},"type":"binary-expr","locations":[{"start":{"line":16,"column":24},"end":{"line":16,"column":38}},{"start":{"line":16,"column":42},"end":{"line":16,"column":44}}],"line":16},"5":{"loc":{"start":{"line":17,"column":4},"end":{"line":19,"column":5}},"type":"if","locations":[{"start":{"line":17,"column":4},"end":{"line":19,"column":5}},{"start":{},"end":{}}],"line":17}},"s":{"0":9,"1":9,"2":18,"3":62,"4":62,"5":62,"6":313,"7":62,"8":0,"9":62,"10":62,"11":62,"12":9,"13":9},"f":{"0":18,"1":62,"2":313},"b":{"0":[0],"1":[0],"2":[0],"3":[62,0],"4":[62,9],"5":[0,62]},"inputSourceMap":null,"_coverageSchema":"1a1c01bbd47fc00a2c39e90264f33305004495a9","hash":"fad88c7cea28741ab5926a47700e50183efdf4da"}
,"D:\\projects\\sunrise-connect\\backend\\src\\middlewares\\validate.middleware.js": {"path":"D:\\projects\\sunrise-connect\\backend\\src\\middlewares\\validate.middleware.js","statementMap":{"0":{"start":{"line":1,"column":24},"end":{"line":27,"column":1}},"1":{"start":{"line":1,"column":36},"end":{"line":27,"column":1}},"2":{"start":{"line":2,"column":2},"end":{"line":26,"column":3}},"3":{"start":{"line":3,"column":4},"end":{"line":5,"column":5}},"4":{"start":{"line":4,"column":6},"end":{"line":4,"column":45}},"5":{"start":{"line":6,"column":4},"end":{"line":11,"column":5}},"6":{"start":{"line":7,"column":6},"end":{"line":10,"column":9}},"7":{"start":{"line":12,"column":4},"end":{"line":17,"column":5}},"8":{"start":{"line":13,"column":6},"end":{"line":16,"column":9}},"9":{"start":{"line":18,"column":4},"end":{"line":18,"column":11}},"10":{"start":{"line":20,"column":4},"end":{"line":20,"column":57}},"11":{"start":{"line":21,"column":4},"end":{"line":25,"column":7}}},"fnMap":{"0":{"name":"(anonymous_0)","decl":{"start":{"line":1,"column":24},"end":{"line":1,"column":25}},"loc":{"start":{"line":1,"column":36},"end":{"line":27,"column":1}},"line":1},"1":{"name":"(anonymous_1)","decl":{"start":{"line":1,"column":36},"end":{"line":1,"column":37}},"loc":{"start":{"line":1,"column":56},"end":{"line":27,"column":1}},"line":1}},"branchMap":{"0":{"loc":{"start":{"line":3,"column":4},"end":{"line":5,"column":5}},"type":"if","locations":[{"start":{"line":3,"column":4},"end":{"line":5,"column":5}},{"start":{},"end":{}}],"line":3},"1":{"loc":{"start":{"line":6,"column":4},"end":{"line":11,"column":5}},"type":"if","locations":[{"start":{"line":6,"column":4},"end":{"line":11,"column":5}},{"start":{},"end":{}}],"line":6},"2":{"loc":{"start":{"line":12,"column":4},"end":{"line":17,"column":5}},"type":"if","locations":[{"start":{"line":12,"column":4},"end":{"line":17,"column":5}},{"start":{},"end":{}}],"line":12}},"s":{"0":9,"1":207,"2":25,"3":25,"4":20,"5":15,"6":5,"7":15,"8":2,"9":15,"10":10,"11":10},"f":{"0":207,"1":25},"b":{"0":[20,5],"1":[5,10],"2":[2,13]},"inputSourceMap":null,"_coverageSchema":"1a1c01bbd47fc00a2c39e90264f33305004495a9","hash":"e63557fd5ecc917d7d39b1c5ac486ebeff3c35ef"}
,"D:\\projects\\sunrise-connect\\backend\\src\\models\\AcademicYear.js": {"path":"D:\\projects\\sunrise-connect\\backend\\src\\models\\AcademicYear.js","statementMap":{"0":{"start":{"line":3,"column":27},"end":{"line":27,"column":1}},"1":{"start":{"line":30,"column":0},"end":{"line":37,"column":3}},"2":{"start":{"line":31,"column":2},"end":{"line":36,"column":3}},"3":{"start":{"line":32,"column":4},"end":{"line":35,"column":6}},"4":{"start":{"line":39,"column":21},"end":{"line":39,"column":71}}},"fnMap":{"0":{"name":"(anonymous_0)","decl":{"start":{"line":30,"column":31},"end":{"line":30,"column":32}},"loc":{"start":{"line":30,"column":48},"end":{"line":37,"column":1}},"line":30}},"branchMap":{"0":{"loc":{"start":{"line":31,"column":2},"end":{"line":36,"column":3}},"type":"if","locations":[{"start":{"line":31,"column":2},"end":{"line":36,"column":3}},{"start":{},"end":{}}],"line":31}},"s":{"0":10,"1":10,"2":7,"3":7,"4":10},"f":{"0":7},"b":{"0":[7,0]},"inputSourceMap":null,"_coverageSchema":"1a1c01bbd47fc00a2c39e90264f33305004495a9","hash":"d24049a0544af124371249347980ed3bb7ee4aa2"}
,"D:\\projects\\sunrise-connect\\backend\\src\\models\\AuditLog.js": {"path":"D:\\projects\\sunrise-connect\\backend\\src\\models\\AuditLog.js","statementMap":{"0":{"start":{"line":6,"column":23},"end":{"line":61,"column":1}},"1":{"start":{"line":64,"column":0},"end":{"line":64,"column":51}},"2":{"start":{"line":65,"column":0},"end":{"line":65,"column":59}},"3":{"start":{"line":66,"column":0},"end":{"line":66,"column":59}},"4":{"start":{"line":68,"column":17},"end":{"line":68,"column":59}}},"fnMap":{},"branchMap":{},"s":{"0":14,"1":14,"2":14,"3":14,"4":14},"f":{},"b":{},"inputSourceMap":null,"_coverageSchema":"1a1c01bbd47fc00a2c39e90264f33305004495a9","hash":"bb838c228a54a8dfe527b0679415efb29a0b4796"}
,"D:\\projects\\sunrise-connect\\backend\\src\\models\\FeeCategory.js": {"path":"D:\\projects\\sunrise-connect\\backend\\src\\models\\FeeCategory.js","statementMap":{"0":{"start":{"line":3,"column":26},"end":{"line":34,"column":1}},"1":{"start":{"line":39,"column":0},"end":{"line":39,"column":50}},"2":{"start":{"line":41,"column":20},"end":{"line":41,"column":68}}},"fnMap":{},"branchMap":{},"s":{"0":10,"1":10,"2":10},"f":{},"b":{},"inputSourceMap":null,"_coverageSchema":"1a1c01bbd47fc00a2c39e90264f33305004495a9","hash":"289755e29a62b63dd36e8bee71e45f19ab16c9c5"}
,"D:\\projects\\sunrise-connect\\backend\\src\\models\\FeeStructure.js": {"path":"D:\\projects\\sunrise-connect\\backend\\src\\models\\FeeStructure.js","statementMap":{"0":{"start":{"line":3,"column":27},"end":{"line":66,"column":1}},"1":{"start":{"line":72,"column":0},"end":{"line":72,"column":71}},"2":{"start":{"line":76,"column":0},"end":{"line":76,"column":42}},"3":{"start":{"line":78,"column":21},"end":{"line":78,"column":71}}},"fnMap":{},"branchMap":{},"s":{"0":10,"1":10,"2":10,"3":10},"f":{},"b":{},"inputSourceMap":null,"_coverageSchema":"1a1c01bbd47fc00a2c39e90264f33305004495a9","hash":"7b3cff1fe962cff396d1d8c6c447ac7e86235826"}
,"D:\\projects\\sunrise-connect\\backend\\src\\models\\Parent.js": {"path":"D:\\projects\\sunrise-connect\\backend\\src\\models\\Parent.js","statementMap":{"0":{"start":{"line":4,"column":21},"end":{"line":61,"column":1}},"1":{"start":{"line":64,"column":0},"end":{"line":67,"column":2}},"2":{"start":{"line":69,"column":15},"end":{"line":69,"column":53}}},"fnMap":{},"branchMap":{},"s":{"0":15,"1":15,"2":15},"f":{},"b":{},"inputSourceMap":null,"_coverageSchema":"1a1c01bbd47fc00a2c39e90264f33305004495a9","hash":"ebb87426657efcd0ca8c127a331d9daa4dd99389"}
,"D:\\projects\\sunrise-connect\\backend\\src\\models\\Payment.js": {"path":"D:\\projects\\sunrise-connect\\backend\\src\\models\\Payment.js","statementMap":{"0":{"start":{"line":6,"column":22},"end":{"line":41,"column":1}},"1":{"start":{"line":44,"column":0},"end":{"line":44,"column":52}},"2":{"start":{"line":46,"column":16},"end":{"line":46,"column":56}}},"fnMap":{},"branchMap":{},"s":{"0":14,"1":14,"2":14},"f":{},"b":{},"inputSourceMap":null,"_coverageSchema":"1a1c01bbd47fc00a2c39e90264f33305004495a9","hash":"6ad35ca2d6143b0d1a82b5694955901d28bd6410"}
,"D:\\projects\\sunrise-connect\\backend\\src\\models\\Student.js": {"path":"D:\\projects\\sunrise-connect\\backend\\src\\models\\Student.js","statementMap":{"0":{"start":{"line":3,"column":22},"end":{"line":73,"column":1}},"1":{"start":{"line":79,"column":0},"end":{"line":79,"column":37}},"2":{"start":{"line":84,"column":0},"end":{"line":84,"column":82}},"3":{"start":{"line":88,"column":0},"end":{"line":88,"column":40}},"4":{"start":{"line":93,"column":0},"end":{"line":93,"column":61}},"5":{"start":{"line":97,"column":0},"end":{"line":97,"column":42}},"6":{"start":{"line":98,"column":0},"end":{"line":98,"column":34}},"7":{"start":{"line":99,"column":0},"end":{"line":99,"column":37}},"8":{"start":{"line":101,"column":16},"end":{"line":101,"column":56}}},"fnMap":{},"branchMap":{},"s":{"0":14,"1":14,"2":14,"3":14,"4":14,"5":14,"6":14,"7":14,"8":14},"f":{},"b":{},"inputSourceMap":null,"_coverageSchema":"1a1c01bbd47fc00a2c39e90264f33305004495a9","hash":"fd1cbe0c974892a0e47c0cc566392726dec1cdd6"}
,"D:\\projects\\sunrise-connect\\backend\\src\\models\\StudentFeeLedger.js": {"path":"D:\\projects\\sunrise-connect\\backend\\src\\models\\StudentFeeLedger.js","statementMap":{"0":{"start":{"line":4,"column":23},"end":{"line":14,"column":1}},"1":{"start":{"line":17,"column":31},"end":{"line":119,"column":1}},"2":{"start":{"line":127,"column":0},"end":{"line":127,"column":114}},"3":{"start":{"line":131,"column":0},"end":{"line":131,"column":75}},"4":{"start":{"line":135,"column":0},"end":{"line":135,"column":61}},"5":{"start":{"line":140,"column":0},"end":{"line":140,"column":131}},"6":{"start":{"line":144,"column":0},"end":{"line":144,"column":56}},"7":{"start":{"line":148,"column":0},"end":{"line":148,"column":59}},"8":{"start":{"line":152,"column":0},"end":{"line":152,"column":48}},"9":{"start":{"line":154,"column":25},"end":{"line":154,"column":83}}},"fnMap":{},"branchMap":{},"s":{"0":14,"1":14,"2":14,"3":14,"4":14,"5":14,"6":14,"7":14,"8":14,"9":14},"f":{},"b":{},"inputSourceMap":null,"_coverageSchema":"1a1c01bbd47fc00a2c39e90264f33305004495a9","hash":"231193d1fb90714d24b50ccd7985b0a40f052039"}
,"D:\\projects\\sunrise-connect\\backend\\src\\models\\TransportFeeStructure.js": {"path":"D:\\projects\\sunrise-connect\\backend\\src\\models\\TransportFeeStructure.js","statementMap":{"0":{"start":{"line":3,"column":36},"end":{"line":35,"column":1}},"1":{"start":{"line":42,"column":0},"end":{"line":48,"column":2}},"2":{"start":{"line":52,"column":0},"end":{"line":52,"column":69}},"3":{"start":{"line":54,"column":30},"end":{"line":54,"column":98}}},"fnMap":{},"branchMap":{},"s":{"0":10,"1":10,"2":10,"3":10},"f":{},"b":{},"inputSourceMap":null,"_coverageSchema":"1a1c01bbd47fc00a2c39e90264f33305004495a9","hash":"b0ab7a73ac5c7c5f41870d461ff233de1966d82a"}
,"D:\\projects\\sunrise-connect\\backend\\src\\models\\User.js": {"path":"D:\\projects\\sunrise-connect\\backend\\src\\models\\User.js","statementMap":{"0":{"start":{"line":3,"column":19},"end":{"line":57,"column":1}},"1":{"start":{"line":66,"column":0},"end":{"line":66,"column":43}},"2":{"start":{"line":68,"column":13},"end":{"line":68,"column":47}}},"fnMap":{},"branchMap":{},"s":{"0":13,"1":13,"2":13},"f":{},"b":{},"inputSourceMap":null,"_coverageSchema":"1a1c01bbd47fc00a2c39e90264f33305004495a9","hash":"adfef7fe14fef238c39017a00ac66813c3a23349"}
,"D:\\projects\\sunrise-connect\\backend\\src\\repositories\\auditRepository.js": {"path":"D:\\projects\\sunrise-connect\\backend\\src\\repositories\\auditRepository.js","statementMap":{"0":{"start":{"line":7,"column":24},"end":{"line":25,"column":1}},"1":{"start":{"line":10,"column":17},"end":{"line":10,"column":43}},"2":{"start":{"line":11,"column":18},"end":{"line":11,"column":53}},"3":{"start":{"line":12,"column":4},"end":{"line":12,"column":15}},"4":{"start":{"line":16,"column":4},"end":{"line":16,"column":40}},"5":{"start":{"line":20,"column":63},"end":{"line":20,"column":67}},"6":{"start":{"line":21,"column":4},"end":{"line":23,"column":14}}},"fnMap":{"0":{"name":"(anonymous_0)","decl":{"start":{"line":9,"column":2},"end":{"line":9,"column":3}},"loc":{"start":{"line":9,"column":37},"end":{"line":13,"column":3}},"line":9},"1":{"name":"(anonymous_1)","decl":{"start":{"line":15,"column":2},"end":{"line":15,"column":3}},"loc":{"start":{"line":15,"column":21},"end":{"line":17,"column":3}},"line":15},"2":{"name":"(anonymous_2)","decl":{"start":{"line":19,"column":2},"end":{"line":19,"column":3}},"loc":{"start":{"line":19,"column":37},"end":{"line":24,"column":3}},"line":19}},"branchMap":{"0":{"loc":{"start":{"line":9,"column":21},"end":{"line":9,"column":35}},"type":"default-arg","locations":[{"start":{"line":9,"column":31},"end":{"line":9,"column":35}}],"line":9},"1":{"loc":{"start":{"line":10,"column":17},"end":{"line":10,"column":43}},"type":"cond-expr","locations":[{"start":{"line":10,"column":27},"end":{"line":10,"column":38}},{"start":{"line":10,"column":41},"end":{"line":10,"column":43}}],"line":10},"2":{"loc":{"start":{"line":19,"column":13},"end":{"line":19,"column":24}},"type":"default-arg","locations":[{"start":{"line":19,"column":22},"end":{"line":19,"column":24}}],"line":19},"3":{"loc":{"start":{"line":19,"column":26},"end":{"line":19,"column":35}},"type":"default-arg","locations":[{"start":{"line":19,"column":33},"end":{"line":19,"column":35}}],"line":19},"4":{"loc":{"start":{"line":20,"column":12},"end":{"line":20,"column":22}},"type":"default-arg","locations":[{"start":{"line":20,"column":20},"end":{"line":20,"column":22}}],"line":20},"5":{"loc":{"start":{"line":20,"column":24},"end":{"line":20,"column":32}},"type":"default-arg","locations":[{"start":{"line":20,"column":31},"end":{"line":20,"column":32}}],"line":20},"6":{"loc":{"start":{"line":20,"column":34},"end":{"line":20,"column":58}},"type":"default-arg","locations":[{"start":{"line":20,"column":41},"end":{"line":20,"column":58}}],"line":20}},"s":{"0":14,"1":20,"2":20,"3":20,"4":1,"5":2,"6":2},"f":{"0":20,"1":1,"2":2},"b":{"0":[6],"1":[14,6],"2":[0],"3":[2],"4":[2],"5":[2],"6":[2]},"inputSourceMap":null,"_coverageSchema":"1a1c01bbd47fc00a2c39e90264f33305004495a9","hash":"ad8ad11f7dfa084d58fbdaaffd6a92302ff1a803"}
,"D:\\projects\\sunrise-connect\\backend\\src\\repositories\\ledgerRepository.js": {"path":"D:\\projects\\sunrise-connect\\backend\\src\\repositories\\ledgerRepository.js","statementMap":{"0":{"start":{"line":6,"column":25},"end":{"line":40,"column":1}},"1":{"start":{"line":8,"column":18},"end":{"line":8,"column":61}},"2":{"start":{"line":9,"column":4},"end":{"line":9,"column":15}},"3":{"start":{"line":13,"column":4},"end":{"line":13,"column":66}},"4":{"start":{"line":17,"column":4},"end":{"line":17,"column":69}},"5":{"start":{"line":21,"column":72},"end":{"line":21,"column":76}},"6":{"start":{"line":22,"column":4},"end":{"line":22,"column":92}},"7":{"start":{"line":26,"column":4},"end":{"line":26,"column":60}},"8":{"start":{"line":30,"column":4},"end":{"line":30,"column":54}},"9":{"start":{"line":34,"column":4},"end":{"line":34,"column":51}},"10":{"start":{"line":38,"column":4},"end":{"line":38,"column":51}}},"fnMap":{"0":{"name":"(anonymous_0)","decl":{"start":{"line":7,"column":2},"end":{"line":7,"column":3}},"loc":{"start":{"line":7,"column":32},"end":{"line":10,"column":3}},"line":7},"1":{"name":"(anonymous_1)","decl":{"start":{"line":12,"column":2},"end":{"line":12,"column":3}},"loc":{"start":{"line":12,"column":51},"end":{"line":14,"column":3}},"line":12},"2":{"name":"(anonymous_2)","decl":{"start":{"line":16,"column":2},"end":{"line":16,"column":3}},"loc":{"start":{"line":16,"column":54},"end":{"line":18,"column":3}},"line":16},"3":{"name":"(anonymous_3)","decl":{"start":{"line":20,"column":2},"end":{"line":20,"column":3}},"loc":{"start":{"line":20,"column":56},"end":{"line":23,"column":3}},"line":20},"4":{"name":"(anonymous_4)","decl":{"start":{"line":25,"column":2},"end":{"line":25,"column":3}},"loc":{"start":{"line":25,"column":45},"end":{"line":27,"column":3}},"line":25},"5":{"name":"(anonymous_5)","decl":{"start":{"line":29,"column":2},"end":{"line":29,"column":3}},"loc":{"start":{"line":29,"column":39},"end":{"line":31,"column":3}},"line":29},"6":{"name":"(anonymous_6)","decl":{"start":{"line":33,"column":2},"end":{"line":33,"column":3}},"loc":{"start":{"line":33,"column":36},"end":{"line":35,"column":3}},"line":33},"7":{"name":"(anonymous_7)","decl":{"start":{"line":37,"column":2},"end":{"line":37,"column":3}},"loc":{"start":{"line":37,"column":36},"end":{"line":39,"column":3}},"line":37}},"branchMap":{"0":{"loc":{"start":{"line":7,"column":21},"end":{"line":7,"column":30}},"type":"default-arg","locations":[{"start":{"line":7,"column":28},"end":{"line":7,"column":30}}],"line":7},"1":{"loc":{"start":{"line":12,"column":21},"end":{"line":12,"column":38}},"type":"default-arg
[...]
,"D:\\projects\\sunrise-connect\\backend\\src\\services\\UserService.js": {"path":"D:\\projects\\sunrise-connect\\backend\\src\\services\\UserService.js","statementMap":{"0":{"start":{"line":14,"column":4},"end":{"line":14,"column":110}},"1":{"start":{"line":14,"column":26},"end":{"line":14,"column":110}},"2":{"start":{"line":16,"column":21},"end":{"line":16,"column":60}},"3":{"start":{"line":17,"column":4},"end":{"line":17,"column":83}},"4":{"start":{"line":17,"column":18},"end":{"line":17,"column":83}},"5":{"start":{"line":19,"column":25},"end":{"line":19,"column":56}},"6":{"start":{"line":20,"column":17},"end":{"line":20,"column":81}},"7":{"start":{"line":22,"column":4},"end":{"line":26,"column":7}},"8":{"start":{"line":28,"column":4},"end":{"line":28,"column":48}},"9":{"start":{"line":29,"column":4},"end":{"line":29,"column":107}},"10":{"start":{"line":36,"column":4},"end":{"line":36,"column":127}},"11":{"start":{"line":43,"column":17},"end":{"line":43,"column":54}},"12":{"start":{"line":44,"column":4},"end":{"line":44,"column":57}},"13":{"start":{"line":44,"column":15},"end":{"line":44,"column":57}},"14":{"start":{"line":45,"column":4},"end":{"line":45,"column":93}},"15":{"start":{"line":45,"column":31},"end":{"line":45,"column":93}},"16":{"start":{"line":47,"column":22},"end":{"line":47,"column":36}},"17":{"start":{"line":48,"column":4},"end":{"line":48,"column":87}},"18":{"start":{"line":50,"column":4},"end":{"line":54,"column":7}},"19":{"start":{"line":56,"column":4},"end":{"line":56,"column":66}},"20":{"start":{"line":57,"column":4},"end":{"line":57,"column":48}},"21":{"start":{"line":64,"column":17},"end":{"line":64,"column":54}},"22":{"start":{"line":65,"column":4},"end":{"line":65,"column":57}},"23":{"start":{"line":65,"column":15},"end":{"line":65,"column":57}},"24":{"start":{"line":66,"column":4},"end":{"line":66,"column":108}},"25":{"start":{"line":66,"column":31},"end":{"line":66,"column":108}},"26":{"start":{"line":68,"column":25},"end":{"line":68,"column":59}},"27":{"start":{"line":69,"column":4},"end":{"line":69,"column":80}},"28":{"start":{"line":71,"column":4},"end":{"line":75,"column":7}},"29":{"start":{"line":77,"column":4},"end":{"line":77,"column":55}},"30":{"start":{"line":78,"column":4},"end":{"line":78,"column":54}},"31":{"start":{"line":85,"column":17},"end":{"line":85,"column":54}},"32":{"start":{"line":86,"column":4},"end":{"line":86,"column":57}},"33":{"start":{"line":86,"column":15},"end":{"line":86,"column":57}},"34":{"start":{"line":87,"column":4},"end":{"line":87,"column":89}},"35":{"start":{"line":87,"column":31},"end":{"line":87,"column":89}},"36":{"start":{"line":89,"column":4},"end":{"line":89,"column":52}},"37":{"start":{"line":91,"column":4},"end":{"line":99,"column":5}},"38":{"start":{"line":92,"column":6},"end":{"line":96,"column":9}},"39":{"start":{"line":98,"column":6},"end":{"line":98,"column":82}},"40":{"start":{"line":101,"column":4},"end":{"line":101,"column":49}},"41":{"start":{"line":102,"column":4},"end":{"line":102,"column":61}}},"fnMap":{"0":{"name":"(anonymous_0)","decl":{"start":{"line":12,"column":2},"end":{"line":12,"column":3}},"loc":{"start":{"line":12,"column":70},"end":{"line":30,"column":3}},"line":12},"1":{"name":"(anonymous_1)","decl":{"start":{"line":35,"column":2},"end":{"line":35,"column":3}},"loc":{"start":{"line":35,"column":27},"end":{"line":37,"column":3}},"line":35},"2":{"name":"(anonymous_2)","decl":{"start":{"line":42,"column":2},"end":{"line":42,"column":3}},"loc":{"start":{"line":42,"column":41},"end":{"line":58,"column":3}},"line":42},"3":{"name":"(anonymous_3)","decl":{"start":{"line":63,"column":2},"end":{"line":63,"column":3}},"loc":{"start":{"line":63,"column":55},"end":{"line":79,"column":3}},"line":63},"4":{"name":"(anonymous_4)","decl":{"start":{"line":84,"column":2},"end":{"line":84,"column":3}},"loc":{"start":{"line":84,"column":35},"end":{"line":103,"column":3}},"line":84}},"branchMap":{"0":{"loc":{"start":{"line":12,"column":52},"end":{"line":12,"column":66}},"type":"default-arg","locations":[{"start":{"line":12,"column":59},"end":{"line":12,"column":66}}],"line":12},"1":{"loc":{"start":{"line":14,"column":4},"end":{"line":14,"column":110}},"type":"if","locations":[{"start":{"line":14,"column":4},"end":{"line":14,"column":110}},{"start":{},"end":{}}],"line":14},"2":{"loc":{"start":{"line":17,"column":4},"end":{"line":17,"column":83}},"type":"if","locations":[{"start":{"line":17,"column":4},"end":{"line":17,"column":83}},{"start":{},"end":{}}],"line":17},"3":{"loc":{"start":{"line":44,"column":4},"end":{"line":44,"column":57}},"type":"if","locations":[{"start":{"line":44,"column":4},"end":{"line":44,"column":57}},{"start":{},"end":{}}],"line":44},"4":{"loc":{"start":{"line":45,"column":4},"end":{"line":45,"column":93}},"type":"if","locations":[{"start":{"line":45,"column":4},"end":{"line":45,"column":93}},{"start":{},"end":{}}],"line":45},"5":{"loc":{"start":{"line":52,"column":14},"end":{"line":52,"column":65}},"type":"cond-expr","locations":[{"start":{"line":52,"column":26},"end":{"line":52,"column":43}},{"start":{"line":52,"column":46},"end":{"line":52,"column":65}}],"line":52},"6":{"loc":{"start":{"line":65,"column":4},"end":{"line":65,"column":57}},"type":"if","locations":[{"start":{"line":65,"column":4},"end":{"line":65,"column":57}},{"start":{},"end":{}}],"line":65},"7":{"loc":{"start":{"line":66,"column":4},"end":{"line":66,"column":108}},"type":"if","locations":[{"start":{"line":66,"column":4},"end":{"line":66,"column":108}},{"start":{},"end":{}}],"line":66},"8":{"loc":{"start":{"line":86,"column":4},"end":{"line":86,"column":57}},"type":"if","locations":[{"start":{"line":86,"column":4},"end":{"line":86,"column":57}},{"start":{},"end":{}}],"line":86},"9":{"loc":{"start":{"line":87,"column":4},"end":{"line":87,"column":89}},"type":"if","locations":[{"start":{"line":87,"column":4},"end":{"line":87,"column":89}},{"start":{},"end":{}}],"line":87}},"s":{"0":0,"1":0,"2":0,"3":0,"4":0,"5":0,"6":0,"7":0,"8":0,"9":0,"10":0,"11":0,"12":0,"13":0,"14":0,"15":0,"16":0,"17":0,"18":0,"19":0,"20":0,"21":0,"22":0,"23":0,"24":0,"25":0,"26":0,"27":0,"28":0,"29":0,"30":0,"31":0,"32":0,"33":0,"34":0,"35":0,"36":0,"37":0,"38":0,"39":0,"40":0,"41":0},"f":{"0":0,"1":0,"2":0,"3":0,"4":0},"b":{"0":[0],"1":[0,0],"2":[0,0],"3":[0,0],"4":[0,0],"5":[0,0],"6":[0,0],"7":[0,0],"8":[0,0],"9":[0,0]},"inputSourceMap":null,"_coverageSchema":"1a1c01bbd47fc00a2c39e90264f33305004495a9","hash":"8200bd92816dda5bad218a544aacf83cf2f93817"}
,"D:\\projects\\sunrise-connect\\backend\\src\\tests\\helpers\\dbHelper.js": {"path":"D:\\projects\\sunrise-connect\\backend\\src\\tests\\helpers\\dbHelper.js","statementMap":{"0":{"start":{"line":9,"column":2},"end":{"line":9,"column":44}},"1":{"start":{"line":10,"column":14},"end":{"line":10,"column":29}},"2":{"start":{"line":11,"column":2},"end":{"line":11,"column":30}},"3":{"start":{"line":15,"column":2},"end":{"line":15,"column":43}},"4":{"start":{"line":16,"column":2},"end":{"line":16,"column":36}},"5":{"start":{"line":17,"column":2},"end":{"line":17,"column":22}},"6":{"start":{"line":21,"column":22},"end":{"line":21,"column":53}},"7":{"start":{"line":22,"column":2},"end":{"line":24,"column":3}},"8":{"start":{"line":23,"column":4},"end":{"line":23,"column":42}}},"fnMap":{"0":{"name":"connect","decl":{"start":{"line":8,"column":22},"end":{"line":8,"column":29}},"loc":{"start":{"line":8,"column":32},"end":{"line":12,"column":1}},"line":8},"1":{"name":"disconnect","decl":{"start":{"line":14,"column":22},"end":{"line":14,"column":32}},"loc":{"start":{"line":14,"column":35},"end":{"line":18,"column":1}},"line":14},"2":{"name":"clearCollections","decl":{"start":{"line":20,"column":22},"end":{"line":20,"column":38}},"loc":{"start":{"line":20,"column":41},"end":{"line":25,"column":1}},"line":20}},"branchMap":{},"s":{"0":14,"1":14,"2":14,"3":14,"4":14,"5":14,"6":37,"7":37,"8":106},"f":{"0":14,"1":14,"2":37},"b":{},"inputSourceMap":null,"_coverageSchema":"1a1c01bbd47fc00a2c39e90264f33305004495a9","hash":"8f00791a32a6b9458d08243c7f414f26a0b4955a"}
,"D:\\projects\\sunrise-connect\\backend\\src\\tests\\helpers\\replicaHelper.js": {"path":"D:\\projects\\sunrise-connect\\backend\\src\\tests\\helpers\\replicaHelper.js","statementMap":{"0":{"start":{"line":19,"column":2},"end":{"line":19,"column":71}},"1":{"start":{"line":20,"column":14},"end":{"line":20,"column":30}},"2":{"start":{"line":21,"column":2},"end":{"line":21,"column":30}},"3":{"start":{"line":25,"column":2},"end":{"line":27,"column":4}},"4":{"start":{"line":26,"column":55},"end":{"line":26,"column":75}},"5":{"start":{"line":32,"column":2},"end":{"line":34,"column":4}},"6":{"start":{"line":33,"column":55},"end":{"line":33,"column":70}},"7":{"start":{"line":38,"column":2},"end":{"line":38,"column":43}},"8":{"start":{"line":39,"column":2},"end":{"line":39,"column":36}},"9":{"start":{"line":40,"column":2},"end":{"line":40,"column":23}},"10":{"start":{"line":44,"column":22},"end":{"line":44,"column":53}},"11":{"start":{"line":45,"column":2},"end":{"line":47,"column":3}},"12":{"start":{"line":46,"column":4},"end":{"line":46,"column":42}}},"fnMap":{"0":{"name":"connectReplica","decl":{"start":{"line":18,"column":22},"end":{"line":18,"column":36}},"loc":{"start":{"line":18,"column":39},"end":{"line":35,"column":1}},"line":18},"1":{"name":"(anonymous_1)","decl":{"start":{"line":26,"column":50},"end":{"line":26,"column":51}},"loc":{"start":{"line":26,"column":55},"end":{"line":26,"column":75}},"line":26},"2":{"name":"(anonymous_2)","decl":{"start":{"line":33,"column":50},"end":{"line":33,"column":51}},"loc":{"start":{"line":33,"column":55},"end":{"line":33,"column":70}},"line":33},"3":{"name":"disconnectReplica","decl":{"start":{"line":37,"column":22},"end":{"line":37,"column":39}},"loc":{"start":{"line":37,"column":42},"end":{"line":41,"column":1}},"line":37},"4":{"name":"clearCollections","decl":{"start":{"line":43,"column":22},"end":{"line":43,"column":38}},"loc":{"start":{"line":43,"column":41},"end":{"line":48,"column":1}},"line":43}},"branchMap":{},"s":{"0":4,"1":4,"2":4,"3":4,"4":28,"5":4,"6":28,"7":4,"8":4,"9":4,"10":33,"11":33,"12":226},"f":{"0":4,"1":28,"2":28,"3":4,"4":33},"b":{},"inputSourceMap":null,"_coverageSchema":"1a1c01bbd47fc00a2c39e90264f33305004495a9","hash":"46796d854831166523dcd53822b900cf12ac13c8"}
,"D:\\projects\\sunrise-connect\\backend\\src\\utils\\AppError.js": {"path":"D:\\projects\\sunrise-connect\\backend\\src\\utils\\AppError.js","statementMap":{"0":{"start":{"line":8,"column":4},"end":{"line":8,"column":19}},"1":{"start":{"line":9,"column":4},"end":{"line":9,"column":33}},"2":{"start":{"line":10,"column":4},"end":{"line":10,"column":39}},"3":{"start":{"line":11,"column":4},"end":{"line":11,"column":52}}},"fnMap":{"0":{"name":"(anonymous_0)","decl":{"start":{"line":7,"column":2},"end":{"line":7,"column":3}},"loc":{"start":{"line":7,"column":57},"end":{"line":12,"column":3}},"line":7}},"branchMap":{"0":{"loc":{"start":{"line":7,"column":35},"end":{"line":7,"column":55}},"type":"default-arg","locations":[{"start":{"line":7,"column":51},"end":{"line":7,"column":55}}],"line":7}},"s":{"0":36,"1":36,"2":36,"3":36},"f":{"0":36},"b":{"0":[36]},"inputSourceMap":null,"_coverageSchema":"1a1c01bbd47fc00a2c39e90264f33305004495a9","hash":"ba21a10dd49fef447fc2f98f543ee4f7411af269"}
,"D:\\projects\\sunrise-connect\\backend\\src\\utils\\catchAsync.js": {"path":"D:\\projects\\sunrise-connect\\backend\\src\\utils\\catchAsync.js","statementMap":{"0":{"start":{"line":3,"column":19},"end":{"line":5,"column":1}},"1":{"start":{"line":3,"column":25},"end":{"line":5,"column":1}},"2":{"start":{"line":4,"column":2},"end":{"line":4,"column":57}}},"fnMap":{"0":{"name":"(anonymous_0)","decl":{"start":{"line":3,"column":19},"end":{"line":3,"column":20}},"loc":{"start":{"line":3,"column":25},"end":{"line":5,"column":1}},"line":3},"1":{"name":"(anonymous_1)","decl":{"start":{"line":3,"column":25},"end":{"line":3,"column":26}},"loc":{"start":{"line":3,"column":45},"end":{"line":5,"column":1}},"line":3}},"branchMap":{},"s":{"0":10,"1":532,"2":25},"f":{"0":532,"1":25},"b":{},"inputSourceMap":null,"_coverageSchema":"1a1c01bbd47fc00a2c39e90264f33305004495a9","hash":"8323169f71a4d881a0909e77d95ad284229118c7"}
,"D:\\projects\\sunrise-connect\\backend\\src\\utils\\response.js": {"path":"D:\\projects\\sunrise-connect\\backend\\src\\utils\\response.js","statementMap":{"0":{"start":{"line":9,"column":21},"end":{"line":16,"column":1}},"1":{"start":{"line":10,"column":15},"end":{"line":13,"column":3}},"2":{"start":{"line":14,"column":2},"end":{"line":14,"column":38}},"3":{"start":{"line":14,"column":15},"end":{"line":14,"column":38}},"4":{"start":{"line":15,"column":2},"end":{"line":15,"column":39}}},"fnMap":{"0":{"name":"(anonymous_0)","decl":{"start":{"line":9,"column":21},"end":{"line":9,"column":22}},"loc":{"start":{"line":9,"column":53},"end":{"line":16,"column":1}},"line":9}},"branchMap":{"0":{"loc":{"start":{"line":11,"column":13},"end":{"line":11,"column":42}},"type":"binary-expr","locations":[{"start":{"line":11,"column":13},"end":{"line":11,"column":26}},{"start":{"line":11,"column":30},"end":{"line":11,"column":42}}],"line":11},"1":{"loc":{"start":{"line":14,"column":2},"end":{"line":14,"column":38}},"type":"if","locations":[{"start":{"line":14,"column":2},"end":{"line":14,"column":38}},{"start":{},"end":{}}],"line":14}},"s":{"0":10,"1":21,"2":21,"3":2,"4":21},"f":{"0":21},"b":{"0":[21,21],"1":[2,19]},"inputSourceMap":null,"_coverageSchema":"1a1c01bbd47fc00a2c39e90264f33305004495a9","hash":"77b91c1fa6a48cda0f993c9eb2e58ae9a692317c"}
,"D:\\projects\\sunrise-connect\\backend\\src\\validations\\auth.schema.js": {"path":"D:\\projects\\sunrise-connect\\backend\\src\\validations\\auth.schema.js","statementMap":{"0":{"start":{"line":4,"column":33},"end":{"line":9,"column":1}},"1":{"start":{"line":11,"column":34},"end":{"line":16,"column":1}},"2":{"start":{"line":18,"column":33},"end":{"line":23,"column":1}},"3":{"start":{"line":25,"column":33},"end":{"line":30,"column":1}},"4":{"start":{"line":32,"column":34},"end":{"line":38,"column":1}}},"fnMap":{},"branchMap":{},"s":{"0":9,"1":9,"2":9,"3":9,"4":9},"f":{},"b":{},"inputSourceMap":null,"_coverageSchema":"1a1c01bbd47fc00a2c39e90264f33305004495a9","hash":"254fc5bdfec17f955e40ebc6ece15d64ab006ca9"}
,"D:\\projects\\sunrise-connect\\backend\\src\\validations\\fee-structure.schema.js": {"path":"D:\\projects\\sunrise-connect\\backend\\src\\validations\\fee-structure.schema.js","statementMap":{"0":{"start":{"line":3,"column":40},"end":{"line":15,"column":1}},"1":{"start":{"line":17,"column":49},"end":{"line":23,"column":1}},"2":{"start":{"line":25,"column":40},"end":{"line":38,"column":1}},"3":{"start":{"line":40,"column":49},"end":{"line":49,"column":1}}},"fnMap":{},"branchMap":{},"s":{"0":9,"1":9,"2":9,"3":9},"f":{},"b":{},"inputSourceMap":null,"_coverageSchema":"1a1c01bbd47fc00a2c39e90264f33305004495a9","hash":"cc58e4bbe08d6dc4ca2142f30fcd6908a634de00"}
,"D:\\projects\\sunrise-connect\\backend\\src\\validations\\ledger.schema.js": {"path":"D:\\projects\\sunrise-connect\\backend\\src\\validations\\ledger.schema.js","statementMap":{"0":{"start":{"line":4,"column":23},"end":{"line":11,"column":2}},"1":{"start":{"line":13,"column":34},"end":{"line":28,"column":1}},"2":{"start":{"line":30,"column":32},"end":{"line":36,"column":1}},"3":{"start":{"line":38,"column":32},"end":{"line":44,"column":1}},"4":{"start":{"line":46,"column":33},"end":{"line":54,"column":1}}},"fnMap":{},"branchMap":{},"s":{"0":9,"1":9,"2":9,"3":9,"4":9},"f":{},"b":{},"inputSourceMap":null,"_coverageSchema":"1a1c01bbd47fc00a2c39e90264f33305004495a9","hash":"f183e4f6533cefa680a4989dcfd86fb44a51b78c"}
,"D:\\projects\\sunrise-connect\\backend\\src\\validations\\parent.schema.js": {"path":"D:\\projects\\sunrise-connect\\backend\\src\\validations\\parent.schema.js","statementMap":{"0":{"start":{"line":4,"column":20},"end":{"line":4,"column":34}},"1":{"start":{"line":6,"column":34},"end":{"line":14,"column":1}},"2":{"start":{"line":16,"column":34},"end":{"line":24,"column":1}},"3":{"start":{"line":26,"column":35},"end":{"line":31,"column":1}},"4":{"start":{"line":33,"column":33},"end":{"line":38,"column":1}},"5":{"start":{"line":40,"column":33},"end":{"line":47,"column":1}},"6":{"start":{"line":44,"column":20},"end":{"line":44,"column":62}}},"fnMap":{"0":{"name":"(anonymous_0)","decl":{"start":{"line":44,"column":12},"end":{"line":44,"column":13}},"loc":{"start":{"line":44,"column":20},"end":{"line":44,"column":62}},"line":44}},"branchMap":{"0":{"loc":{"start":{"line":44,"column":20},"end":{"line":44,"column":62}},"type":"binary-expr","locations":[{"start":{"line":44,"column":20},"end":{"line":44,"column":38}},{"start":{"line":44,"column":42},"end":{"line":44,"column":62}}],"line":44}},"s":{"0":9,"1":9,"2":9,"3":9,"4":9,"5":9,"6":0},"f":{"0":0},"b":{"0":[0,0]},"inputSourceMap":null,"_coverageSchema":"1a1c01bbd47fc00a2c39e90264f33305004495a9","hash":"201963e01f1e8ea70a5714ef6e3925a3ad775bec"}
,"D:\\projects\\sunrise-connect\\backend\\src\\validations\\payment.schema.js": {"path":"D:\\projects\\sunrise-connect\\backend\\src\\validations\\payment.schema.js","statementMap":{"0":{"start":{"line":4,"column":35},"end":{"line":12,"column":1}},"1":{"start":{"line":14,"column":36},"end":{"line":19,"column":1}},"2":{"start":{"line":21,"column":34},"end":{"line":29,"column":1}}},"fnMap":{},"branchMap":{},"s":{"0":9,"1":9,"2":9},"f":{},"b":{},"inputSourceMap":null,"_coverageSchema":"1a1c01bbd47fc00a2c39e90264f33305004495a9","hash":"201fd3337c37d195fad4a6b0b68df8ea8b24fd2e"}
,"D:\\projects\\sunrise-connect\\backend\\src\\validations\\student.schema.js": {"path":"D:\\projects\\sunrise-connect\\backend\\src\\validations\\student.schema.js","statementMap":{"0":{"start":{"line":4,"column":35},"end":{"line":20,"column":1}},"1":{"start":{"line":22,"column":35},"end":{"line":36,"column":1}},"2":{"start":{"line":38,"column":34},"end":{"line":48,"column":1}},"3":{"start":{"line":50,"column":35},"end":{"line":52,"column":1}}},"fnMap":{},"branchMap":{},"s":{"0":9,"1":9,"2":9,"3":9},"f":{},"b":{},"inputSourceMap":null,"_coverageSchema":"1a1c01bbd47fc00a2c39e90264f33305004495a9","hash":"e57fd881f7a19d9415f9f6fd98772ddcd561bacd"}
}
