TN:
SF:src\app.js
FN:33,(anonymous_0)
FN:39,(anonymous_1)
FN:59,(anonymous_2)
FNF:3
FNH:2
FNDA:53,(anonymous_0)
FNDA:0,(anonymous_1)
FNDA:2,(anonymous_2)
DA:24,9
DA:27,9
DA:28,9
DA:29,9
DA:30,9
DA:33,9
DA:34,53
DA:35,53
DA:39,9
DA:40,0
DA:44,9
DA:45,9
DA:46,9
DA:47,9
DA:48,9
DA:49,9
DA:50,9
DA:51,9
DA:52,9
DA:53,9
DA:54,9
DA:55,9
DA:56,9
DA:59,9
DA:60,2
DA:64,9
LF:26
LH:25
BRF:0
BRH:0
end_of_record
TN:
SF:src\config\env.js
FNF:0
FNH:0
DA:4,13
LF:1
LH:1
BRDA:5,0,0,13
BRDA:5,0,1,0
BRDA:6,1,0,13
BRDA:6,1,1,0
BRDA:7,2,0,13
BRDA:7,2,1,0
BRDA:8,3,0,13
BRDA:8,3,1,0
BRDA:9,4,0,13
BRDA:9,4,1,0
BRDA:10,5,0,13
BRDA:10,5,1,0
BRDA:11,6,0,13
BRDA:11,6,1,0
BRDA:12,7,0,13
BRDA:12,7,1,0
BRDA:13,8,0,13
BRDA:13,8,1,0
BRF:18
BRH:9
end_of_record
TN:
SF:src\config\logger.js
FN:7,(anonymous_0)
FNF:1
FNH:1
FNDA:120,(anonymous_0)
DA:5,13
DA:7,13
DA:8,120
DA:11,13
DA:19,13
DA:31,13
DA:32,13
LF:7
LH:7
BRDA:8,0,0,120
BRDA:8,0,1,106
BRDA:20,1,0,0
BRDA:20,1,1,13
BRDA:31,2,0,13
BRDA:31,2,1,0
BRF:6
BRH:4
end_of_record
TN:
SF:src\controllers\AcademicYearController.js
FN:5,(anonymous_0)
FN:15,(anonymous_1)
FN:24,(anonymous_2)
FN:47,(anonymous_3)
FNF:4
FNH:0
FNDA:0,(anonymous_0)
FNDA:0,(anonymous_1)
FNDA:0,(anonymous_2)
FNDA:0,(anonymous_3)
DA:5,9
DA:6,0
DA:8,0
DA:15,9
DA:16,0
DA:18,0
DA:24,9
DA:25,0
DA:26,0
DA:32,0
DA:37,0
DA:38,0
DA:41,0
DA:47,9
DA:48,0
DA:50,0
DA:51,0
DA:54,0
LF:18
LH:4
BRDA:25,0,0,0
BRDA:25,0,1,0
BRDA:37,1,0,0
BRDA:37,1,1,0
BRDA:50,2,0,0
BRDA:50,2,1,0
BRF:6
BRH:0
end_of_record
TN:
SF:src\controllers\AuditController.js
FN:8,(anonymous_0)
FN:15,(anonymous_1)
FNF:2
FNH:1
FNDA:1,(anonymous_0)
FNDA:0,(anonymous_1)
DA:8,9
DA:9,1
DA:10,1
DA:11,1
DA:15,9
DA:16,0
DA:17,0
LF:7
LH:5
BRDA:9,0,0,1
BRDA:9,1,0,1
BRF:2
BRH:2
end_of_record
TN:
SF:src\controllers\AuthController.js
FN:8,(anonymous_0)
FN:14,(anonymous_1)
FN:20,(anonymous_2)
FN:26,(anonymous_3)
FN:32,(anonymous_4)
FN:38,(anonymous_5)
FN:44,(anonymous_6)
FNF:7
FNH:2
FNDA:2,(anonymous_0)
FNDA:1,(anonymous_1)
FNDA:0,(anonymous_2)
FNDA:0,(anonymous_3)
FNDA:0,(anonymous_4)
FNDA:0,(anonymous_5)
FNDA:0,(anonymous_6)
DA:8,9
DA:9,2
DA:10,1
DA:14,9
DA:15,1
DA:16,1
DA:20,9
DA:21,0
DA:22,0
DA:26,9
DA:27,0
DA:28,0
DA:32,9
DA:33,0
DA:34,0
DA:38,9
DA:39,0
DA:40,0
DA:44,9
DA:45,0
DA:46,0
LF:21
LH:11
BRDA:39,0,0,0
BRDA:39,0,1,0
BRDA:45,1,0,0
BRDA:45,1,1,0
BRF:4
BRH:0
end_of_record
TN:
SF:src\controllers\DashboardController.js
FN:8,(anonymous_0)
FN:14,(anonymous_1)
FN:20,(anonymous_2)
FNF:3
FNH:2
FNDA:1,(anonymous_0)
FNDA:1,(anonymous_1)
FNDA:0,(anonymous_2)
DA:8,9
DA:9,1
DA:10,1
DA:14,9
DA:15,1
DA:16,1
DA:20,9
DA:21,0
DA:22,0
LF:9
LH:7
BRF:0
BRH:0
end_of_record
TN:
SF:src\controllers\FeeCategoryController.js
FN:5,(anonymous_0)
FN:15,(anonymous_1)
FN:24,(anonymous_2)
FN:40,(anonymous_3)
FNF:4
FNH:0
FNDA:0,(anonymous_0)
FNDA:0,(anonymous_1)
FNDA:0,(anonymous_2)
FNDA:0,(anonymous_3)
DA:5,9
DA:6,0
DA:8,0
DA:15,9
DA:16,0
DA:18,0
DA:24,9
DA:25,0
DA:30,0
DA:31,0
DA:34,0
DA:40,9
DA:41,0
DA:43,0
DA:44,0
DA:47,0
LF:16
LH:4
BRDA:30,0,0,0
BRDA:30,0,1,0
BRDA:43,1,0,0
BRDA:43,1,1,0
BRF:4
BRH:0
end_of_record
TN:
SF:src\controllers\FeeStructureController.js
FN:14,(anonymous_0)
FN:27,(anonymous_1)
FN:36,(anonymous_2)
FN:45,(anonymous_3)
FN:58,(anonymous_4)
FNF:5
FNH:0
FNDA:0,(anonymous_0)
FNDA:0,(anonymous_1)
FNDA:0,(anonymous_2)
FNDA:0,(anonymous_3)
FNDA:0,(anonymous_4)
DA:14,9
DA:15,0
DA:20,0
DA:27,9
DA:28,0
DA:29,0
DA:36,9
DA:37,0
DA:38,0
DA:45,9
DA:46,0
DA:47,0
DA:48,0
DA:49,0
DA:51,0
DA:58,9
DA:59,0
DA:60,0
DA:61,0
DA:62,0
DA:64,0
LF:21
LH:5
BRDA:48,0,0,0
BRDA:48,0,1,0
BRDA:61,1,0,0
BRDA:61,1,1,0
BRF:4
BRH:0
end_of_record
TN:
SF:src\controllers\LedgerController.js
FN:9,(anonymous_0)
FN:15,(anonymous_1)
FN:21,(anonymous_2)
FN:33,(anonymous_3)
FN:46,(anonymous_4)
FN:52,(anonymous_5)
FN:58,(anonymous_6)
FNF:7
FNH:1
FNDA:0,(anonymous_0)
FNDA:2,(anonymous_1)
FNDA:0,(anonymous_2)
FNDA:0,(anonymous_3)
FNDA:0,(anonymous_4)
FNDA:0,(anonymous_5)
FNDA:0,(anonymous_6)
DA:9,10
DA:10,0
DA:11,0
DA:15,10
DA:16,2
DA:17,2
DA:18,1
DA:19,1
DA:20,1
DA:21,0
DA:22,0
DA:25,1
DA:28,2
DA:29,2
DA:33,10
DA:34,0
DA:35,0
DA:36,0
DA:37,0
DA:38,0
DA:39,0
DA:42,0
DA:46,10
DA:47,0
DA:48,0
DA:52,10
DA:53,0
DA:54,0
DA:58,10
DA:59,0
DA:60,0
LF:31
LH:14
BRDA:16,0,0,1
BRDA:16,1,0,2
BRDA:17,2,0,1
BRDA:17,2,1,1
BRDA:20,3,0,0
BRDA:20,3,1,1
BRDA:21,4,0,0
BRDA:21,4,1,0
BRDA:35,5,0,0
BRDA:35,5,1,0
BRDA:38,6,0,0
BRDA:38,6,1,0
BRDA:38,7,0,0
BRDA:38,7,1,0
BRF:14
BRH:5
end_of_record
TN:
SF:src\controllers\MigrationController.js
FN:8,(anonymous_0)
FN:14,(anonymous_1)
FNF:2
FNH:1
FNDA:1,(anonymous_0)
FNDA:0,(anonymous_1)
DA:8,9
DA:9,1
DA:10,1
DA:14,9
DA:15,0
DA:16,0
LF:6
LH:4
BRF:0
BRH:0
end_of_record
TN:
SF:src\controllers\ParentController.js
FN:8,(anonymous_0)
FN:14,(anonymous_1)
FN:20,(anonymous_2)
FN:27,(anonymous_3)
FN:33,(anonymous_4)
FN:39,(anonymous_5)
FNF:6
FNH:4
FNDA:1,(anonymous_0)
FNDA:0,(anonymous_1)
FNDA:1,(anonymous_2)
FNDA:2,(anonymous_3)
FNDA:0,(anonymous_4)
FNDA:1,(anonymous_5)
DA:8,9
DA:9,1
DA:10,1
DA:14,9
DA:15,0
DA:16,0
DA:20,9
DA:21,1
DA:22,1
DA:23,1
DA:27,9
DA:28,2
DA:29,2
DA:33,9
DA:34,0
DA:35,0
DA:39,9
DA:40,1
DA:41,1
LF:19
LH:15
BRDA:21,0,0,1
BRDA:21,1,0,1
BRF:2
BRH:2
end_of_record
TN:
SF:src\controllers\PaymentController.js
FN:9,(anonymous_0)
FN:22,(anonymous_1)
FN:28,(anonymous_2)
FN:31,(anonymous_3)
FN:32,(anonymous_4)
FN:53,(anonymous_5)
FN:59,(anonymous_6)
FNF:7
FNH:3
FNDA:3,(anonymous_0)
FNDA:1,(anonymous_1)
FNDA:0,(anonymous_2)
FNDA:0,(anonymous_3)
FNDA:0,(anonymous_4)
FNDA:0,(anonymous_5)
FNDA:1,(anonymous_6)
DA:9,10
DA:10,3
DA:11,1
DA:12,1
DA:13,1
DA:14,1
DA:15,1
DA:17,2
DA:18,2
DA:22,10
DA:23,1
DA:24,1
DA:25,0
DA:26,0
DA:27,0
DA:28,0
DA:30,0
DA:31,0
DA:32,0
DA:33,0
DA:34,0
DA:36,0
DA:37,0
DA:38,0
DA:39,0
DA:42,0
DA:43,0
DA:45,0
DA:48,1
DA:49,1
DA:53,10
DA:54,0
DA:55,0
DA:59,10
DA:60,1
DA:61,1
LF:36
LH:18
BRDA:10,0,0,1
BRDA:10,0,1,2
BRDA:13,1,0,0
BRDA:13,1,1,1
BRDA:15,2,0,1
BRDA:15,2,1,0
BRDA:17,3,0,2
BRDA:17,3,1,0
BRDA:23,4,0,1
BRDA:23,5,0,1
BRDA:24,6,0,0
BRDA:24,6,1,1
BRDA:30,7,0,0
BRDA:30,7,1,0
BRDA:33,8,0,0
BRDA:33,8,1,0
BRDA:37,9,0,0
BRDA:37,9,1,0
BRDA:38,10,0,0
BRDA:38,10,1,0
BRDA:42,11,0,0
BRDA:42,11,1,0
BRDA:60,12,0,1
BRDA:60,12,1,0
BRF:24
BRH:9
end_of_record
TN:
SF:src\controllers\StudentController.js
FN:9,(anonymous_0)
FN:15,(anonymous_1)
FN:25,(anonymous_2)
FN:35,(anonymous_3)
FN:41,(anonymous_4)
FN:47,(anonymous_5)
FN:53,(anonymous_6)
FN:61,(anonymous_7)
FN:71,(anonymous_8)
FNF:9
FNH:3
FNDA:1,(anonymous_0)
FNDA:3,(anonymous_1)
FNDA:1,(anonymous_2)
FNDA:0,(anonymous_3)
FNDA:0,(anonymous_4)
FNDA:0,(anonymous_5)
FNDA:0,(anonymous_6)
FNDA:0,(anonymous_7)
FNDA:0,(anonymous_8)
DA:9,10
DA:10,1
DA:11,1
DA:15,10
DA:16,3
DA:17,3
DA:18,2
DA:20,3
DA:21,2
DA:25,10
DA:26,1
DA:27,1
DA:28,1
DA:29,1
DA:31,0
DA:35,10
DA:36,0
DA:37,0
DA:41,10
DA:42,0
DA:43,0
DA:47,10
DA:48,0
DA:49,0
DA:53,10
DA:54,0
DA:55,0
DA:56,0
DA:57,0
DA:61,10
DA:62,0
DA:63,0
DA:64,0
DA:66,0
DA:67,0
DA:71,10
DA:72,0
DA:73,0
DA:74,0
DA:76,0
DA:77,0
LF:41
LH:20
BRDA:16,0,0,2
BRDA:16,1,0,3
BRDA:17,2,0,2
BRDA:17,2,1,1
BRDA:27,3,0,0
BRDA:27,3,1,1
BRDA:28,4,0,1
BRDA:28,4,1,0
BRDA:28,5,0,1
BRDA:28,5,1,1
BRDA:55,6,0,0
BRDA:55,6,1,0
BRDA:55,7,0,0
BRDA:55,7,1,0
BRDA:63,8,0,0
BRDA:63,8,1,0
BRDA:63,9,0,0
BRDA:63,9,1,0
BRDA:63,9,2,0
BRDA:63,9,3,0
BRDA:63,9,4,0
BRDA:73,10,0,0
BRDA:73,10,1,0
BRDA:73,11,0,0
BRDA:73,11,1,0
BRF:25
BRH:8
end_of_record
TN:
SF:src\controllers\UserController.js
FN:9,(anonymous_0)
FN:19,(anonymous_1)
FN:25,(anonymous_2)
FN:31,(anonymous_3)
FNF:4
FNH:0
FNDA:0,(anonymous_0)
FNDA:0,(anonymous_1)
FNDA:0,(anonymous_2)
FNDA:0,(anonymous_3)
DA:9,9
DA:10,0
DA:11,0
DA:12,0
DA:14,0
DA:15,0
DA:19,9
DA:20,0
DA:21,0
DA:25,9
DA:26,0
DA:27,0
DA:31,9
DA:32,0
DA:33,0
DA:34,0
DA:35,0
LF:17
LH:4
BRDA:11,0,0,0
BRDA:11,0,1,0
BRDA:11,1,0,0
BRDA:11,1,1,0
BRDA:11,1,2,0
BRDA:12,2,0,0
BRDA:12,2,1,0
BRDA:27,3,0,0
BRDA:27,3,1,0
BRDA:33,4,0,0
BRDA:33,4,1,0
BRDA:33,5,0,0
BRDA:33,5,1,0
BRF:13
BRH:0
end_of_record
TN:
SF:src\middlewares\auth.middleware.js
FN:7,(anonymous_0)
FNF:1
FNH:1
FNDA:44,(anonymous_0)
DA:7,9
DA:8,44
DA:9,44
DA:10,13
DA:12,31
DA:13,31
DA:14,31
DA:15,31
DA:16,31
DA:18,0
LF:10
LH:9
BRDA:9,0,0,13
BRDA:9,0,1,31
BRDA:9,1,0,44
BRDA:9,1,1,31
BRF:4
BRH:4
end_of_record
TN:
SF:src\middlewares\authorize.middleware.js
FN:6,(anonymous_0)
FN:6,(anonymous_1)
FNF:2
FNH:2
FNDA:315,(anonymous_0)
FNDA:29,(anonymous_1)
DA:6,315
DA:7,29
DA:8,29
DA:9,6
DA:11,23
LF:5
LH:5
BRDA:7,0,0,0
BRDA:7,0,1,29
BRDA:8,1,0,6
BRDA:8,1,1,23
BRF:4
BRH:3
end_of_record
TN:
SF:src\middlewares\error.middleware.js
FN:4,(anonymous_0)
FNF:1
FNH:1
FNDA:24,(anonymous_0)
DA:4,9
DA:5,24
DA:6,24
DA:8,24
DA:9,0
DA:10,0
DA:19,24
DA:20,23
DA:27,1
DA:28,1
LF:10
LH:8
BRDA:5,0,0,24
BRDA:5,0,1,1
BRDA:6,1,0,24
BRDA:6,1,1,24
BRDA:8,2,0,0
BRDA:8,2,1,24
BRDA:19,3,0,23
BRDA:19,3,1,1
BRF:8
BRH:7
end_of_record
TN:
SF:src\middlewares\idempotency.middleware.js
FN:9,(anonymous_0)
FN:23,(anonymous_1)
FNF:2
FNH:2
FNDA:5,(anonymous_0)
FNDA:3,(anonymous_1)
DA:6,9
DA:7,9
DA:9,9
DA:10,5
DA:11,5
DA:12,1
DA:15,4
DA:16,4
DA:18,1
DA:22,3
DA:23,3
DA:24,3
DA:25,3
DA:28,3
LF:14
LH:14
BRDA:11,0,0,1
BRDA:11,0,1,4
BRDA:16,1,0,1
BRDA:16,1,1,3
BRDA:16,2,0,4
BRDA:16,2,1,1
BRF:6
BRH:6
end_of_record
TN:
SF:src\middlewares\rateLimit.middleware.js
FN:12,(anonymous_0)
FN:13,(anonymous_1)
FN:16,(anonymous_2)
FNF:3
FNH:3
FNDA:18,(anonymous_0)
FNDA:62,(anonymous_1)
FNDA:313,(anonymous_2)
DA:6,9
DA:12,9
DA:13,18
DA:14,62
DA:15,62
DA:16,313
DA:17,62
DA:18,0
DA:20,62
DA:21,62
DA:22,62
DA:26,9
DA:29,9
LF:13
LH:12
BRDA:12,0,0,0
BRDA:12,1,0,0
BRDA:12,2,0,0
BRDA:14,3,0,62
BRDA:14,3,1,0
BRDA:16,4,0,62
BRDA:16,4,1,9
BRDA:17,5,0,0
BRDA:17,5,1,62
BRF:9
BRH:4
end_of_record
TN:
SF:src\middlewares\validate.middleware.js
FN:1,(anonymous_0)
FN:1,(anonymous_1)
FNF:2
FNH:2
FNDA:207,(anonymous_0)
FNDA:24,(anonymous_1)
DA:1,207
DA:2,24
DA:3,24
DA:4,19
DA:6,14
DA:7,5
DA:12,14
DA:13,1
DA:18,14
DA:20,10
DA:21,10
LF:11
LH:11
BRDA:3,0,0,19
BRDA:3,0,1,5
BRDA:6,1,0,5
BRDA:6,1,1,9
BRDA:12,2,0,1
BRDA:12,2,1,13
BRF:6
BRH:6
end_of_record
TN:
SF:src\models\AcademicYear.js
FN:30,(anonymous_0)
FNF:1
FNH:1
FNDA:1,(anonymous_0)
DA:3,10
DA:30,10
DA:31,1
DA:32,1
DA:39,10
LF:5
LH:5
BRDA:31,0,0,1
BRDA:31,0,1,0
BRF:2
BRH:1
end_of_record
TN:
SF:src\models\AuditLog.js
FNF:0
FNH:0
DA:6,14
DA:63,14
DA:64,14
DA:65,14
DA:67,14
LF:5
LH:5
BRF:0
BRH:0
end_of_record
TN:
SF:src\models\FeeCategory.js
FNF:0
FNH:0
DA:3,10
DA:39,10
DA:41,10
LF:3
LH:3
BRF:0
BRH:0
end_of_record
TN:
SF:src\models\FeeStructure.js
FNF:0
FNH:0
DA:3,10
DA:72,10
DA:76,10
DA:78,10
LF:4
LH:4
BRF:0
BRH:0
end_of_record
TN:
SF:src\models\Parent.js
FNF:0
FNH:0
DA:4,15
DA:64,15
DA:69,15
LF:3
LH:3
BRF:0
BRH:0
end_of_record
TN:
SF:src\models\Payment.js
FNF:0
FNH:0
DA:6,14
DA:44,14
DA:46,14
LF:3
LH:3
BRF:0
BRH:0
end_of_record
TN:
SF:src\models\Student.js
FNF:0
FNH:0
DA:3,14
DA:79,14
DA:84,14
DA:88,14
DA:93,14
DA:97,14
DA:98,14
DA:99,14
DA:101,14
LF:9
LH:9
BRF:0
BRH:0
end_of_record
TN:
SF:src\models\StudentFeeLedger.js
FNF:0
FNH:0
DA:4,14
DA:17,14
DA:127,14
DA:131,14
DA:135,14
DA:140,14
DA:144,14
DA:148,14
DA:152,14
DA:154,14
LF:10
LH:10
BRF:0
BRH:0
end_of_record
TN:
SF:src\models\TransportFeeStructure.js
FNF:0
FNH:0
DA:3,10
DA:42,10
DA:52,10
DA:54,10
LF:4
LH:4
BRF:0
BRH:0
end_of_record
TN:
SF:src\models\User.js
FNF:0
FNH:0
DA:3,13
DA:66,13
DA:68,13
LF:3
LH:3
BRF:0
BRH:0
end_of_record
TN:
SF:src\repositories\auditRepository.js
FN:9,(anonymous_0)
FN:15,(anonymous_1)
FN:19,(anonymous_2)
FNF:3
FNH:3
FNDA:17,(anonymous_0)
FNDA:1,(anonymous_1)
FNDA:2,(anonymous_2)
DA:7,14
DA:10,17
DA:11,17
DA:12,17
DA:16,1
DA:20,2
DA:21,2
LF:7
LH:7
BRDA:9,0,0,6
BRDA:10,1,0,11
BRDA:10,1,1,6
BRDA:19,2,0,0
BRDA:19,3,0,2
BRDA:20,4,0,2
BRDA:20,5,0,2
BRDA:20,6,0,2
BRF:8
BRH:7
end_of_record
TN:
SF:src\repositories\ledgerRepository.js
FN:7,(anonymous_0)
FN:12,(anonymous_1)
FN:16,(anonymous_2)
FN:20,(anonymous_3)
FN:25,(anonymous_4)
FN:29,(anonymous_5)
FN:33,(anonymous_6)
FN:37,(anonymous_7)
FNF:8
FNH:6
FNDA:22,(anonymous_0)
FNDA:28,(anonymous_1)
FNDA:0,(anonymous_2)
FNDA:1,(anonymous_3)
FNDA:12,(anonymous_4)
FNDA:1,(anonymous_5)
FNDA:1,(anonymous_6)
FNDA:0,(anonymous_7)
DA:6,13
DA:8,22
DA:9,22
DA:13,28
DA:17,0
DA:21,1
DA:22,1
DA:26,12
DA:30,1
DA:34,1
DA:38,0
LF:11
LH:9
BRDA:7,0,0,21
BRDA:12,1,0,14
BRDA:12,2,0,14
BRDA:16,3,0,0
BRDA:16,4,0,0
BRDA:20,5,0,0
BRDA:20,6,0,0
BRDA:20,7,0,0
BRDA:21,8,0,0
BRDA:21,9,0,0
BRDA:21,10,0,1
BRDA:25,11,0,2
BRDA:29,12,0,1
BRDA:33,13,0,0
BRDA:37,14,0,0
BRF:15
BRH:6
end_of_record
TN:
SF:src\repositories\parentRepository.js
FN:9,(anonymous_0)
FN:15,(anonymous_1)
FN:20,(anonymous_2)
FN:25,(anonymous_3)
FN:30,(anonymous_4)
FN:35,(anonymous_5)
FN:41,(anonymous_6)
FN:46,(anonymous_7)
FN:54,(anonymous_8)
FN:59,(anonymous_9)
FN:64,(anonymous_10)
FNF:11
FNH:7
FNDA:16,(anonymous_0)
FNDA:8,(anonymous_1)
FNDA:4,(anonymous_2)
FNDA:0,(anonymous_3)
FNDA:0,(anonymous_4)
FNDA:2,(anonymous_5)
FNDA:5,(anonymous_6)
FNDA:0,(anonymous_7)
FNDA:1,(anonymous_8)
FNDA:1,(anonymous_9)
FNDA:0,(anonymous_10)
DA:7,11
DA:10,16
DA:11,16
DA:16,8
DA:21,4
DA:26,0
DA:31,0
DA:36,2
DA:37,2
DA:42,5
DA:47,0
DA:55,1
DA:60,1
DA:65,0
LF:14
LH:10
BRDA:9,0,0,8
BRDA:15,1,0,8
BRDA:15,2,0,8
BRDA:20,3,0,4
BRDA:20,4,0,4
BRDA:35,5,0,0
BRDA:35,6,0,1
BRDA:35,7,0,1
BRDA:36,8,0,1
BRDA:36,9,0,1
BRDA:36,10,0,2
BRDA:41,11,0,3
BRDA:54,12,0,1
BRDA:59,13,0,0
BRDA:64,14,0,0
BRF:15
BRH:12
end_of_record
TN:
SF:src\repositories\paymentRepository.js
FN:7,(anonymous_0)
FN:12,(anonymous_1)
FN:16,(anonymous_2)
FN:20,(anonymous_3)
FN:25,(anonymous_4)
FN:29,(anonymous_5)
FN:33,(anonymous_6)
FN:41,(anonymous_7)
FN:46,(anonymous_8)
FN:50,(anonymous_9)
FNF:10
FNH:7
FNDA:12,(anonymous_0)
FNDA:8,(anonymous_1)
FNDA:0,(anonymous_2)
FNDA:1,(anonymous_3)
FNDA:0,(anonymous_4)
FNDA:0,(anonymous_5)
FNDA:1,(anonymous_6)
FNDA:1,(anonymous_7)
FNDA:2,(anonymous_8)
FNDA:2,(anonymous_9)
DA:6,12
DA:8,12
DA:9,12
DA:13,8
DA:17,0
DA:21,1
DA:22,1
DA:26,0
DA:30,0
DA:34,1
DA:42,1
DA:43,1
DA:44,1
DA:45,1
DA:46,2
DA:50,2
DA:51,0
DA:52,0
DA:53,0
DA:55,1
DA:56,0
DA:59,1
LF:22
LH:15
BRDA:7,0,0,6
BRDA:12,1,0,4
BRDA:12,2,0,4
BRDA:16,3,0,0
BRDA:16,4,0,0
BRDA:20,5,0,0
BRDA:20,6,0,1
BRDA:20,7,0,1
BRDA:21,8,0,1
BRDA:21,9,0,1
BRDA:21,10,0,1
BRDA:25,11,0,0
BRDA:29,12,0,0
BRDA:33,13,0,0
BRDA:41,14,0,0
BRDA:41,15,0,0
BRDA:41,16,0,0
BRDA:41,17,0,0
BRDA:43,18,0,1
BRDA:43,18,1,0
BRDA:45,19,0,1
BRDA:45,19,1,0
BRDA:47,20,0,0
BRDA:47,20,1,0
BRDA:51,21,0,0
BRDA:51,21,1,0
BRDA:55,22,0,0
BRDA:55,22,1,1
BRF:28
BRH:11
end_of_record
TN:
SF:src\repositories\studentRepository.js
FN:7,(anonymous_0)
FN:12,(anonymous_1)
FN:16,(anonymous_2)
FN:20,(anonymous_3)
FN:25,(anonymous_4)
FN:29,(anonymous_5)
FN:33,(anonymous_6)
FN:37,(anonymous_7)
FNF:8
FNH:6
FNDA:12,(anonymous_0)
FNDA:9,(anonymous_1)
FNDA:0,(anonymous_2)
FNDA:2,(anonymous_3)
FNDA:3,(anonymous_4)
FNDA:1,(anonymous_5)
FNDA:1,(anonymous_6)
FNDA:0,(anonymous_7)
DA:6,11
DA:8,12
DA:9,12
DA:13,9
DA:17,0
DA:21,2
DA:22,2
DA:26,3
DA:30,1
DA:34,1
DA:38,0
LF:11
LH:9
BRDA:7,0,0,5
BRDA:12,1,0,9
BRDA:12,2,0,9
BRDA:16,3,0,0
BRDA:16,4,0,0
BRDA:20,5,0,0
BRDA:20,6,0,0
BRDA:20,7,0,0
BRDA:21,8,0,0
BRDA:21,9,0,0
BRDA:21,10,0,2
BRDA:25,11,0,1
BRDA:29,12,0,1
BRDA:33,13,0,0
BRDA:37,14,0,0
BRF:15
BRH:6
end_of_record
TN:
SF:src\repositories\userRepository.js
FN:7,(anonymous_0)
FN:12,(anonymous_1)
FN:17,(anonymous_2)
FN:22,(anonymous_3)
FN:26,(anonymous_4)
FN:30,(anonymous_5)
FN:35,(anonymous_6)
FN:40,(anonymous_7)
FN:47,(anonymous_8)
FN:51,(anonymous_9)
FNF:10
FNH:0
FNDA:0,(anonymous_0)
FNDA:0,(anonymous_1)
FNDA:0,(anonymous_2)
FNDA:0,(anonymous_3)
FNDA:0,(anonymous_4)
FNDA:0,(anonymous_5)
FNDA:0,(anonymous_6)
FNDA:0,(anonymous_7)
FNDA:0,(anonymous_8)
FNDA:0,(anonymous_9)
DA:6,9
DA:8,0
DA:9,0
DA:13,0
DA:18,0
DA:23,0
DA:27,0
DA:31,0
DA:32,0
DA:36,0
DA:41,0
DA:48,0
DA:52,0
LF:13
LH:1
BRDA:7,0,0,0
BRDA:12,1,0,0
BRDA:12,2,0,0
BRDA:26,3,0,0
BRDA:26,4,0,0
BRDA:30,5,0,0
BRDA:30,6,0,0
BRDA:30,7,0,0
BRDA:31,8,0,0
BRDA:31,9,0,0
BRDA:31,10,0,0
BRDA:35,11,0,0
BRDA:40,12,0,0
BRDA:47,13,0,0
BRDA:51,14,0,0
BRF:15
BRH:0
end_of_record
TN:
SF:src\routes\academic-year.routes.js
FNF:0
FNH:0
DA:7,9
DA:9,9
DA:12,9
DA:15,9
DA:16,9
DA:17,9
LF:6
LH:6
BRF:0
BRH:0
end_of_record
TN:
SF:src\routes\audit.routes.js
FNF:0
FNH:0
DA:7,9
DA:9,9
DA:11,9
DA:12,9
LF:4
LH:4
BRF:0
BRH:0
end_of_record
TN:
SF:src\routes\auth.routes.js
FNF:0
FNH:0
DA:15,9
DA:18,9
DA:19,9
DA:20,9
DA:21,9
DA:22,9
DA:25,9
DA:26,9
LF:8
LH:8
BRF:0
BRH:0
end_of_record
TN:
SF:src\routes\dashboard.routes.js
FNF:0
FNH:0
DA:7,9
DA:9,9
DA:11,9
DA:12,9
DA:13,9
LF:5
LH:5
BRF:0
BRH:0
end_of_record
TN:
SF:src\routes\fee-category.routes.js
FNF:0
FNH:0
DA:4,9
DA:6,9
DA:11,9
LF:3
LH:3
BRF:0
BRH:0
end_of_record
TN:
SF:src\routes\fee-structure.routes.js
FNF:0
FNH:0
DA:14,9
DA:16,9
DA:19,9
DA:22,9
DA:23,9
DA:24,9
DA:25,9
LF:7
LH:7
BRF:0
BRH:0
end_of_record
TN:
SF:src\routes\ledger.routes.js
FNF:0
FNH:0
DA:14,9
DA:16,9
DA:18,9
DA:19,9
DA:20,9
LF:5
LH:5
BRF:0
BRH:0
end_of_record
TN:
SF:src\routes\migration.routes.js
FNF:0
FNH:0
DA:7,9
DA:9,9
DA:11,9
DA:12,9
LF:4
LH:4
BRF:0
BRH:0
end_of_record
TN:
SF:src\routes\parent.routes.js
FNF:0
FNH:0
DA:15,9
DA:18,9
DA:20,9
DA:21,9
DA:22,9
DA:23,9
DA:24,9
DA:25,9
LF:8
LH:8
BRF:0
BRH:0
end_of_record
TN:
SF:src\routes\payment.routes.js
FNF:0
FNH:0
DA:16,9
DA:18,9
DA:21,9
DA:22,9
DA:23,9
DA:24,9
LF:6
LH:6
BRF:0
BRH:0
end_of_record
TN:
SF:src\routes\student.routes.js
FNF:0
FNH:0
DA:14,9
DA:16,9
DA:18,9
DA:19,9
DA:20,9
DA:21,9
DA:22,9
DA:23,9
DA:24,9
DA:25,9
DA:26,9
LF:11
LH:11
BRF:0
BRH:0
end_of_record
TN:
SF:src\routes\user.routes.js
FNF:0
FNH:0
DA:7,9
DA:10,9
DA:11,9
DA:13,9
DA:14,9
DA:15,9
DA:16,9
LF:7
LH:7
BRF:0
BRH:0
end_of_record
TN:
SF:src\services\AuditService.js
FN:18,(anonymous_0)
FN:38,(anonymous_1)
FN:47,(anonymous_2)
FNF:3
FNH:1
FNDA:11,(anonymous_0)
FNDA:0,(anonymous_1)
FNDA:0,(anonymous_2)
DA:19,11
DA:27,11
DA:28,11
DA:30,0
DA:32,11
DA:39,0
DA:40,0
DA:41,0
DA:48,0
DA:49,0
DA:50,0
LF:11
LH:4
BRDA:18,0,0,0
BRDA:18,1,0,0
BRDA:38,2,0,0
BRDA:38,3,0,0
BRDA:39,4,0,0
BRDA:39,4,1,0
BRDA:40,5,0,0
BRDA:40,5,1,0
BRDA:49,6,0,0
BRDA:49,6,1,0
BRF:10
BRH:0
end_of_record
TN:
SF:src\services\AuthService.js
FN:14,cleanExpiredRefreshTokens
FN:25,(anonymous_1)
FN:50,(anonymous_2)
FN:62,(anonymous_3)
FN:94,(anonymous_4)
FN:136,(anonymous_5)
FN:141,(anonymous_6)
FN:157,(anonymous_7)
FN:178,(anonymous_8)
FN:182,(anonymous_9)
FN:196,(anonymous_10)
FNF:11
FNH:0
FNDA:0,cleanExpiredRefreshTokens
FNDA:0,(anonymous_1)
FNDA:0,(anonymous_2)
FNDA:0,(anonymous_3)
FNDA:0,(anonymous_4)
FNDA:0,(anonymous_5)
FNDA:0,(anonymous_6)
FNDA:0,(anonymous_7)
FNDA:0,(anonymous_8)
FNDA:0,(anonymous_9)
FNDA:0,(anonymous_10)
DA:15,0
DA:26,0
DA:27,0
DA:28,0
DA:29,0
DA:30,0
DA:32,0
DA:33,0
DA:35,0
DA:36,0
DA:37,0
DA:38,0
DA:41,0
DA:43,0
DA:44,0
DA:51,0
DA:52,0
DA:53,0
DA:54,0
DA:55,0
DA:56,0
DA:63,0
DA:64,0
DA:65,0
DA:66,0
DA:67,0
DA:68,0
DA:70,0
DA:71,0
DA:77,0
DA:81,0
DA:82,0
DA:84,0
DA:85,0
DA:87,0
DA:95,0
DA:101,0
DA:102,0
DA:103,0
DA:105,0
DA:106,0
DA:108,0
DA:110,0
DA:111,0
DA:112,0
DA:114,0
DA:115,0
DA:116,0
DA:117,0
DA:122,0
DA:123,0
DA:124,0
DA:126,0
DA:127,0
DA:129,0
DA:137,0
DA:138,0
DA:139,0
DA:141,0
DA:142,0
DA:144,0
DA:145,0
DA:147,0
DA:148,0
DA:149,0
DA:151,0
DA:152,0
DA:153,0
DA:156,0
DA:157,0
DA:158,0
DA:159,0
DA:161,0
DA:162,0
DA:164,0
DA:165,0
DA:166,0
DA:168,0
DA:169,0
DA:171,0
DA:179,0
DA:180,0
DA:181,0
DA:182,0
DA:183,0
DA:185,0
DA:186,0
DA:190,0
DA:197,0
DA:198,0
DA:199,0
LF:91
LH:0
BRDA:27,0,0,0
BRDA:27,0,1,0
BRDA:28,1,0,0
BRDA:28,1,1,0
BRDA:30,2,0,0
BRDA:30,2,1,0
BRDA:52,3,0,0
BRDA:52,3,1,0
BRDA:53,4,0,0
BRDA:53,4,1,0
BRDA:55,5,0,0
BRDA:55,5,1,0
BRDA:67,6,0,0
BRDA:67,6,1,0
BRDA:68,7,0,0
BRDA:68,7,1,0
BRDA:101,8,0,0
BRDA:101,8,1,0
BRDA:103,9,0,0
BRDA:103,9,1,0
BRDA:137,10,0,0
BRDA:137,10,1,0
BRDA:139,11,0,0
BRDA:139,11,1,0
BRDA:141,12,0,0
BRDA:141,12,1,0
BRDA:144,13,0,0
BRDA:144,13,1,0
BRDA:145,14,0,0
BRDA:145,14,1,0
BRDA:161,15,0,0
BRDA:161,15,1,0
BRDA:161,16,0,0
BRDA:161,16,1,0
BRDA:179,17,0,0
BRDA:179,17,1,0
BRDA:181,18,0,0
BRDA:181,18,1,0
BRDA:182,19,0,0
BRDA:182,19,1,0
BRDA:185,20,0,0
BRDA:185,20,1,0
BRDA:197,21,0,0
BRDA:197,21,1,0
BRF:44
BRH:0
end_of_record
TN:
SF:src\services\DashboardService.js
FN:12,(anonymous_0)
FN:15,(anonymous_1)
FN:15,(anonymous_2)
FN:32,(anonymous_3)
FN:51,(anonymous_4)
FNF:5
FNH:0
FNDA:0,(anonymous_0)
FNDA:0,(anonymous_1)
FNDA:0,(anonymous_2)
FNDA:0,(anonymous_3)
FNDA:0,(anonymous_4)
DA:13,0
DA:14,0
DA:15,0
DA:26,0
DA:27,0
DA:28,0
DA:33,0
DA:34,0
DA:46,0
DA:47,0
DA:52,0
DA:63,0
LF:12
LH:0
BRDA:26,0,0,0
BRDA:26,0,1,0
BRDA:46,1,0,0
BRDA:46,1,1,0
BRDA:66,2,0,0
BRDA:66,2,1,0
BRDA:67,3,0,0
BRDA:67,3,1,0
BRF:8
BRH:0
end_of_record
TN:
SF:src\services\LedgerService.js
FN:12,(anonymous_0)
FN:33,(anonymous_1)
FN:40,(anonymous_2)
FN:45,(anonymous_3)
FN:83,(anonymous_4)
FN:120,(anonymous_5)
FNF:6
FNH:6
FNDA:1,(anonymous_0)
FNDA:2,(anonymous_1)
FNDA:1,(anonymous_2)
FNDA:4,(anonymous_3)
FNDA:2,(anonymous_4)
FNDA:2,(anonymous_5)
DA:13,1
DA:14,1
DA:15,1
DA:16,1
DA:17,1
DA:21,1
DA:22,1
DA:24,0
DA:25,0
DA:26,0
DA:28,1
DA:34,2
DA:35,2
DA:36,1
DA:41,1
DA:46,4
DA:47,3
DA:48,3
DA:49,3
DA:50,3
DA:51,3
DA:52,3
DA:54,3
DA:55,3
DA:56,3
DA:58,2
DA:60,2
DA:65,2
DA:67,2
DA:71,2
DA:72,2
DA:74,1
DA:75,1
DA:76,1
DA:78,3
DA:84,2
DA:85,2
DA:86,2
DA:87,2
DA:88,2
DA:89,2
DA:91,2
DA:92,2
DA:93,2
DA:95,1
DA:97,1
DA:102,1
DA:104,1
DA:108,1
DA:109,1
DA:111,1
DA:112,1
DA:113,1
DA:115,2
DA:121,2
DA:122,2
DA:123,2
DA:124,2
DA:125,2
DA:126,2
DA:127,2
DA:129,1
DA:134,1
DA:136,1
DA:140,1
DA:141,1
DA:143,1
DA:144,1
DA:145,1
DA:147,2
LF:70
LH:67
BRDA:35,0,0,1
BRDA:35,0,1,1
BRDA:40,1,0,0
BRDA:40,2,0,0
BRDA:45,3,0,4
BRDA:45,4,0,4
BRDA:46,5,0,1
BRDA:46,5,1,3
BRDA:47,6,0,3
BRDA:47,6,1,3
BRDA:49,7,0,3
BRDA:49,7,1,0
BRDA:52,8,0,0
BRDA:52,8,1,3
BRDA:56,9,0,1
BRDA:56,9,1,2
BRDA:58,10,0,1
BRDA:58,10,1,1
BRDA:65,11,0,0
BRDA:65,11,1,2
BRDA:71,12,0,2
BRDA:71,12,1,0
BRDA:74,13,0,1
BRDA:74,13,1,0
BRDA:78,14,0,3
BRDA:78,14,1,0
BRDA:84,15,0,0
BRDA:84,15,1,2
BRDA:89,16,0,0
BRDA:89,16,1,2
BRDA:93,17,0,1
BRDA:93,17,1,1
BRDA:95,18,0,0
BRDA:95,18,1,1
BRDA:95,19,0,0
BRDA:95,19,1,1
BRDA:102,20,0,0
BRDA:102,20,1,1
BRDA:125,21,0,0
BRDA:125,21,1,2
BRDA:127,22,0,1
BRDA:127,22,1,1
BRDA:134,23,0,0
BRDA:134,23,1,1
BRF:44
BRH:29
end_of_record
TN:
SF:src\services\MigrationService.js
FN:13,(anonymous_0)
FN:34,(anonymous_1)
FNF:2
FNH:0
FNDA:0,(anonymous_0)
FNDA:0,(anonymous_1)
DA:14,0
DA:15,0
DA:16,0
DA:17,0
DA:18,0
DA:19,0
DA:23,0
DA:25,0
DA:26,0
DA:27,0
DA:29,0
DA:35,0
DA:36,0
DA:37,0
DA:38,0
DA:39,0
DA:40,0
DA:44,0
DA:46,0
DA:47,0
DA:48,0
DA:50,0
LF:22
LH:0
BRDA:14,0,0,0
BRDA:14,0,1,0
BRDA:14,1,0,0
BRDA:14,1,1,0
BRDA:35,2,0,0
BRDA:35,2,1,0
BRDA:35,3,0,0
BRDA:35,3,1,0
BRF:8
BRH:0
end_of_record
TN:
SF:src\services\ParentService.js
FN:14,(anonymous_0)
FN:35,(anonymous_1)
FN:56,(anonymous_2)
FN:63,(anonymous_3)
FN:68,(anonymous_4)
FN:100,(anonymous_5)
FNF:6
FNH:5
FNDA:8,(anonymous_0)
FNDA:1,(anonymous_1)
FNDA:2,(anonymous_2)
FNDA:1,(anonymous_3)
FNDA:0,(anonymous_4)
FNDA:3,(anonymous_5)
DA:15,8
DA:16,8
DA:17,8
DA:18,8
DA:19,8
DA:23,8
DA:24,8
DA:26,0
DA:27,0
DA:28,0
DA:30,8
DA:36,1
DA:37,1
DA:38,1
DA:39,1
DA:40,1
DA:44,1
DA:45,1
DA:47,0
DA:48,0
DA:49,0
DA:51,1
DA:57,2
DA:58,2
DA:59,1
DA:64,1
DA:69,0
DA:70,0
DA:71,0
DA:72,0
DA:73,0
DA:74,0
DA:76,0
DA:77,0
DA:78,0
DA:79,0
DA:80,0
DA:83,0
DA:85,0
DA:92,0
DA:101,3
DA:102,3
DA:104,3
DA:105,3
DA:106,2
DA:108,1
DA:109,1
DA:110,1
DA:111,1
DA:116,1
DA:120,1
DA:121,1
DA:123,0
DA:124,0
DA:125,0
DA:127,1
LF:56
LH:33
BRDA:58,0,0,1
BRDA:58,0,1,1
BRDA:63,1,0,1
BRDA:63,2,0,1
BRDA:70,3,0,0
BRDA:70,3,1,0
BRDA:72,4,0,0
BRDA:72,4,1,0
BRDA:73,5,0,0
BRDA:73,5,1,0
BRDA:76,6,0,0
BRDA:76,6,1,0
BRDA:78,7,0,0
BRDA:78,7,1,0
BRDA:79,8,0,0
BRDA:79,8,1,0
BRDA:83,9,0,0
BRDA:83,9,1,0
BRDA:100,10,0,3
BRDA:102,11,0,0
BRDA:102,11,1,3
BRDA:105,12,0,1
BRDA:105,12,1,2
BRDA:106,13,0,1
BRDA:106,13,1,1
BRF:25
BRH:10
end_of_record
TN:
SF:src\services\PaymentService.js
FN:14,(anonymous_0)
FN:56,(anonymous_1)
FN:110,(anonymous_2)
FN:117,(anonymous_3)
FNF:4
FNH:4
FNDA:6,(anonymous_0)
FNDA:4,(anonymous_1)
FNDA:2,(anonymous_2)
FNDA:1,(anonymous_3)
DA:15,6
DA:16,5
DA:17,5
DA:18,5
DA:20,5
DA:21,5
DA:23,5
DA:24,5
DA:25,5
DA:26,5
DA:28,4
DA:30,4
DA:33,4
DA:38,4
DA:40,4
DA:44,4
DA:45,4
DA:47,1
DA:48,1
DA:49,1
DA:51,5
DA:57,4
DA:58,4
DA:59,4
DA:60,4
DA:61,4
DA:62,3
DA:65,2
DA:66,2
DA:68,2
DA:69,2
DA:71,2
DA:72,2
DA:74,2
DA:75,2
DA:78,2
DA:87,2
DA:92,2
DA:94,2
DA:98,2
DA:99,2
DA:101,2
DA:102,2
DA:103,2
DA:105,4
DA:111,2
DA:112,2
DA:113,1
DA:118,1
LF:49
LH:49
BRDA:14,0,0,6
BRDA:14,1,0,6
BRDA:14,2,0,6
BRDA:15,3,0,1
BRDA:15,3,1,5
BRDA:21,4,0,0
BRDA:21,4,1,5
BRDA:26,5,0,1
BRDA:26,5,1,4
BRDA:28,6,0,0
BRDA:28,6,1,4
BRDA:38,7,0,0
BRDA:38,7,1,4
BRDA:56,8,0,4
BRDA:61,9,0,1
BRDA:61,9,1,3
BRDA:62,10,0,1
BRDA:62,10,1,2
BRDA:66,11,0,0
BRDA:66,11,1,2
BRDA:69,12,0,0
BRDA:69,12,1,2
BRDA:71,13,0,2
BRDA:71,13,1,2
BRDA:75,14,0,0
BRDA:75,14,1,2
BRDA:75,15,0,0
BRDA:75,15,1,2
BRDA:92,16,0,0
BRDA:92,16,1,2
BRDA:112,17,0,1
BRDA:112,17,1,1
BRDA:117,18,0,0
BRDA:117,19,0,0
BRF:34
BRH:24
end_of_record
TN:
SF:src\services\StudentService.js
FN:13,(anonymous_0)
FN:45,(anonymous_1)
FN:77,(anonymous_2)
FN:87,(anonymous_3)
FN:97,(anonymous_4)
FN:107,(anonymous_5)
FN:117,(anonymous_6)
FN:137,(anonymous_7)
FN:343,(anonymous_8)
FN:399,(anonymous_9)
FN:408,(anonymous_10)
FN:417,(anonymous_11)
FN:461,(anonymous_12)
FN:494,(anonymous_13)
FN:501,(anonymous_14)
FN:506,(anonymous_15)
FN:515,(anonymous_16)
FN:546,(anonymous_17)
FN:580,(anonymous_18)
FN:619,(anonymous_19)
FN:619,(anonymous_20)
FN:637,(anonymous_21)
FN:803,(anonymous_22)
FN:816,(anonymous_23)
FN:868,(anonymous_24)
FN:908,(anonymous_25)
FNF:26
FNH:14
FNDA:7,(anonymous_0)
FNDA:0,(anonymous_1)
FNDA:4,(anonymous_2)
FNDA:4,(anonymous_3)
FNDA:4,(anonymous_4)
FNDA:5,(anonymous_5)
FNDA:5,(anonymous_6)
FNDA:7,(anonymous_7)
FNDA:2,(anonymous_8)
FNDA:24,(anonymous_9)
FNDA:24,(anonymous_10)
FNDA:78,(anonymous_11)
FNDA:78,(anonymous_12)
FNDA:1,(anonymous_13)
FNDA:2,(anonymous_14)
FNDA:0,(anonymous_15)
FNDA:0,(anonymous_16)
FNDA:0,(anonymous_17)
FNDA:0,(anonymous_18)
FNDA:0,(anonymous_19)
FNDA:0,(anonymous_20)
FNDA:0,(anonymous_21)
FNDA:0,(anonymous_22)
FNDA:0,(anonymous_23)
FNDA:0,(anonymous_24)
FNDA:0,(anonymous_25)
DA:14,7
DA:15,7
DA:16,7
DA:17,7
DA:18,7
DA:20,0
DA:21,0
DA:22,0
DA:24,0
DA:25,0
DA:28,0
DA:29,0
DA:30,0
DA:36,0
DA:37,0
DA:38,0
DA:39,0
DA:40,0
DA:42,0
DA:45,0
DA:47,0
DA:50,7
DA:51,7
DA:52,7
DA:53,7
DA:54,7
DA:57,7
DA:63,7
DA:64,7
DA:70,7
DA:71,7
DA:72,4
DA:77,4
DA:80,7
DA:81,7
DA:82,4
DA:87,4
DA:90,7
DA:91,7
DA:92,4
DA:97,4
DA:100,7
DA:101,7
DA:102,5
DA:107,5
DA:110,7
DA:111,7
DA:112,5
DA:117,5
DA:120,7
DA:121,7
DA:136,7
DA:137,7
DA:138,7
DA:139,7
DA:142,7
DA:148,7
DA:149,7
DA:150,7
DA:151,7
DA:152,7
DA:156,7
DA:160,7
DA:164,7
DA:169,7
DA:170,7
DA:171,1
DA:176,1
DA:177,0
DA:179,1
DA:182,7
DA:185,7
DA:186,84
DA:213,7
DA:214,1
DA:215,12
DA:243,7
DA:247,7
DA:248,7
DA:249,14
DA:276,7
DA:277,0
DA:302,0
DA:329,7
DA:331,7
DA:332,7
DA:334,0
DA:335,0
DA:336,0
DA:338,7
DA:344,2
DA:345,2
DA:346,2
DA:347,2
DA:348,2
DA:350,2
DA:351,2
DA:352,2
DA:353,2
DA:355,2
DA:358,2
DA:359,2
DA:362,2
DA:363,2
DA:365,2
DA:366,2
DA:367,2
DA:369,2
DA:370,1
DA:371,1
DA:372,0
DA:374,1
DA:376,2
DA:377,1
DA:378,1
DA:379,0
DA:381,1
DA:384,2
DA:399,24
DA:400,2
DA:401,2
DA:403,2
DA:408,24
DA:409,2
DA:411,2
DA:412,24
DA:414,24
DA:415,12
DA:417,78
DA:418,12
DA:419,12
DA:420,12
DA:421,12
DA:422,12
DA:423,0
DA:424,12
DA:425,0
DA:427,12
DA:429,12
DA:433,0
DA:460,12
DA:461,78
DA:462,12
DA:463,12
DA:464,12
DA:465,12
DA:471,2
DA:472,0
DA:474,2
DA:478,2
DA:482,2
DA:483,2
DA:485,0
DA:486,0
DA:487,0
DA:489,2
DA:495,1
DA:496,1
DA:497,1
DA:502,2
DA:507,0
DA:508,0
DA:509,0
DA:510,0
DA:511,0
DA:514,0
DA:515,0
DA:518,0
DA:519,0
DA:523,0
DA:526,0
DA:529,0
DA:534,0
DA:535,0
DA:537,0
DA:538,0
DA:539,0
DA:541,0
DA:547,0
DA:548,0
DA:549,0
DA:550,0
DA:551,0
DA:553,0
DA:554,0
DA:555,0
DA:560,0
DA:562,0
DA:568,0
DA:569,0
DA:571,0
DA:572,0
DA:573,0
DA:575,0
DA:581,0
DA:582,0
DA:583,0
DA:584,0
DA:585,0
DA:587,0
DA:590,0
DA:591,0
DA:592,0
DA:593,0
DA:594,0
DA:597,0
DA:602,0
DA:603,0
DA:604,0
DA:605,0
DA:607,0
DA:608,0
DA:609,0
DA:614,0
DA:618,0
DA:619,0
DA:621,0
DA:636,0
DA:637,0
DA:638,0
DA:639,0
DA:641,0
DA:645,0
DA:647,0
DA:656,0
DA:657,0
DA:660,0
DA:661,0
DA:662,0
DA:663,0
DA:685,0
DA:686,0
DA:687,0
DA:688,0
DA:710,0
DA:711,0
DA:712,0
DA:713,0
DA:735,0
DA:737,0
DA:738,0
DA:757,0
DA:758,0
DA:778,0
DA:779,0
DA:780,0
DA:783,0
DA:788,0
DA:789,0
DA:791,0
DA:792,0
DA:793,0
DA:795,0
DA:804,0
DA:805,0
DA:806,0
DA:807,0
DA:808,0
DA:810,0
DA:811,0
DA:812,0
DA:816,0
DA:819,0
DA:820,0
DA:822,0
DA:847,0
DA:849,0
DA:856,0
DA:857,0
DA:859,0
DA:860,0
DA:861,0
DA:863,0
DA:869,0
DA:870,0
DA:873,0
DA:874,0
DA:875,0
DA:877,0
DA:878,0
DA:879,0
DA:881,0
DA:882,0
DA:883,0
DA:885,0
DA:886,0
DA:888,0
DA:889,0
DA:891,0
DA:892,0
DA:895,0
DA:896,0
DA:897,0
DA:899,0
DA:900,0
DA:901,0
DA:902,0
DA:905,0
DA:908,0
DA:909,0
DA:910,0
DA:911,0
DA:912,0
DA:914,0
DA:915,0
DA:918,0
DA:919,0
DA:921,0
DA:922,0
DA:923,0
DA:924,0
DA:926,0
DA:927,0
DA:930,0
DA:933,0
DA:934,0
DA:935,0
DA:936,0
DA:938,0
DA:939,0
DA:943,0
DA:945,0
DA:952,0
DA:954,0
DA:955,0
DA:956,0
DA:957,0
DA:959,0
DA:962,0
DA:968,0
DA:972,0
LF:331
LH:129
BRDA:18,0,0,0
BRDA:18,0,1,7
BRDA:18,1,0,7
BRDA:18,1,1,0
BRDA:21,2,0,0
BRDA:21,2,1,0
BRDA:24,3,0,0
BRDA:24,3,1,0
BRDA:29,4,0,0
BRDA:29,4,1,0
BRDA:31,5,0,0
BRDA:31,5,1,0
BRDA:36,6,0,0
BRDA:36,6,1,0
BRDA:38,7,0,0
BRDA:38,7,1,0
BRDA:39,8,0,0
BRDA:39,8,1,0
BRDA:51,9,0,7
BRDA:51,9,1,0
BRDA:71,10,0,4
BRDA:71,10,1,3
BRDA:81,11,0,4
BRDA:81,11,1,3
BRDA:91,12,0,4
BRDA:91,12,1,3
BRDA:101,13,0,5
BRDA:101,13,1,2
BRDA:111,14,0,5
BRDA:111,14,1,2
BRDA:136,15,0,7
BRDA:136,15,1,0
BRDA:138,16,0,7
BRDA:138,16,1,0
BRDA:148,17,0,7
BRDA:148,17,1,7
BRDA:149,18,0,7
BRDA:149,18,1,7
BRDA:150,19,0,7
BRDA:150,19,1,7
BRDA:150,20,0,7
BRDA:150,20,1,0
BRDA:156,21,0,0
BRDA:156,21,1,7
BRDA:156,22,0,7
BRDA:156,22,1,0
BRDA:160,23,0,0
BRDA:160,23,1,7
BRDA:160,24,0,7
BRDA:160,24,1,0
BRDA:164,25,0,0
BRDA:164,25,1,7
BRDA:164,26,0,7
BRDA:164,26,1,0
BRDA:170,27,0,1
BRDA:170,27,1,6
BRDA:170,28,0,7
BRDA:170,28,1,7
BRDA:176,29,0,0
BRDA:176,29,1,1
BRDA:182,30,0,7
BRDA:182,30,1,7
BRDA:192,31,0,0
BRDA:192,31,1,84
BRDA:193,32,0,0
BRDA:193,32,1,84
BRDA:195,33,0,0
BRDA:195,33,1,84
BRDA:200,34,0,84
BRDA:200,34,1,0
BRDA:206,35,0,84
BRDA:206,35,1,0
BRDA:213,36,0,1
BRDA:213,36,1,6
BRDA:213,37,0,7
BRDA:213,37,1,7
BRDA:229,38,0,12
BRDA:229,38,1,0
BRDA:247,39,0,0
BRDA:247,39,1,7
BRDA:255,40,0,0
BRDA:255,40,1,14
BRDA:256,41,0,0
BRDA:256,41,1,14
BRDA:258,42,0,0
BRDA:258,42,1,14
BRDA:263,43,0,14
BRDA:263,43,1,0
BRDA:269,44,0,14
BRDA:269,44,1,0
BRDA:276,45,0,0
BRDA:276,45,1,7
BRDA:291,46,0,0
BRDA:291,46,1,0
BRDA:297,47,0,0
BRDA:297,47,1,0
BRDA:316,48,0,0
BRDA:316,48,1,0
BRDA:322,49,0,0
BRDA:322,49,1,0
BRDA:348,50,0,0
BRDA:348,50,1,2
BRDA:359,51,0,2
BRDA:359,51,1,0
BRDA:362,52,0,2
BRDA:362,52,1,0
BRDA:362,53,0,2
BRDA:362,53,1,2
BRDA:365,54,0,2
BRDA:365,54,1,0
BRDA:369,55,0,1
BRDA:369,55,1,1
BRDA:371,56,0,0
BRDA:371,56,1,1
BRDA:376,57,0,1
BRDA:376,57,1,1
BRDA:378,58,0,0
BRDA:378,58,1,1
BRDA:400,59,0,2
BRDA:400,59,1,0
BRDA:414,60,0,12
BRDA:414,60,1,12
BRDA:415,61,0,12
BRDA:415,61,1,0
BRDA:418,62,0,12
BRDA:418,62,1,0
BRDA:418,63,0,12
BRDA:418,63,1,12
BRDA:419,64,0,12
BRDA:419,64,1,12
BRDA:421,65,0,12
BRDA:421,65,1,12
BRDA:422,66,0,0
BRDA:422,66,1,12
BRDA:424,67,0,0
BRDA:424,67,1,12
BRDA:447,68,0,0
BRDA:447,68,1,0
BRDA:460,69,0,12
BRDA:460,69,1,0
BRDA:462,70,0,12
BRDA:462,70,1,0
BRDA:462,71,0,12
BRDA:462,71,1,12
BRDA:471,72,0,0
BRDA:471,72,1,2
BRDA:496,73,0,0
BRDA:496,73,1,1
BRDA:501,74,0,0
BRDA:501,75,0,0
BRDA:511,76,0,0
BRDA:511,76,1,0
BRDA:518,77,0,0
BRDA:518,77,1,0
BRDA:551,78,0,0
BRDA:551,78,1,0
BRDA:585,79,0,0
BRDA:585,79,1,0
BRDA:587,80,0,0
BRDA:587,80,1,0
BRDA:602,81,0,0
BRDA:602,81,1,0
BRDA:602,82,0,0
BRDA:602,82,1,0
BRDA:602,83,0,0
BRDA:602,83,1,0
BRDA:603,84,0,0
BRDA:603,84,1,0
BRDA:604,85,0,0
BRDA:604,85,1,0
BRDA:605,86,0,0
BRDA:605,86,1,0
BRDA:608,87,0,0
BRDA:608,87,1,0
BRDA:608,88,0,0
BRDA:608,88,1,0
BRDA:614,89,0,0
BRDA:614,89,1,0
BRDA:619,90,0,0
BRDA:619,90,1,0
BRDA:636,91,0,0
BRDA:636,91,1,0
BRDA:638,92,0,0
BRDA:638,92,1,0
BRDA:645,93,0,0
BRDA:645,93,1,0
BRDA:652,94,0,0
BRDA:652,94,1,0
BRDA:660,95,0,0
BRDA:660,95,1,0
BRDA:662,96,0,0
BRDA:662,96,1,0
BRDA:669,97,0,0
BRDA:669,97,1,0
BRDA:670,98,0,0
BRDA:670,98,1,0
BRDA:672,99,0,0
BRDA:672,99,1,0
BRDA:677,100,0,0
BRDA:677,100,1,0
BRDA:685,101,0,0
BRDA:685,101,1,0
BRDA:685,102,0,0
BRDA:685,102,1,0
BRDA:685,102,2,0
BRDA:687,103,0,0
BRDA:687,103,1,0
BRDA:702,104,0,0
BRDA:702,104,1,0
BRDA:710,105,0,0
BRDA:710,105,1,0
BRDA:712,106,0,0
BRDA:712,106,1,0
BRDA:719,107,0,0
BRDA:719,107,1,0
BRDA:720,108,0,0
BRDA:720,108,1,0
BRDA:722,109,0,0
BRDA:722,109,1,0
BRDA:727,110,0,0
BRDA:727,110,1,0
BRDA:735,111,0,0
BRDA:735,111,1,0
BRDA:737,112,0,0
BRDA:737,112,1,0
BRDA:737,113,0,0
BRDA:737,113,1,0
BRDA:737,113,2,0
BRDA:752,114,0,0
BRDA:752,114,1,0
BRDA:757,115,0,0
BRDA:757,115,1,0
BRDA:757,116,0,0
BRDA:757,116,1,0
BRDA:757,116,2,0
BRDA:772,117,0,0
BRDA:772,117,1,0
BRDA:778,118,0,0
BRDA:778,118,1,0
BRDA:808,119,0,0
BRDA:808,119,1,0
BRDA:811,120,0,0
BRDA:811,120,1,0
BRDA:820,121,0,0
BRDA:820,121,1,0
BRDA:836,122,0,0
BRDA:836,122,1,0
BRDA:869,123,0,0
BRDA:869,123,1,0
BRDA:882,124,0,0
BRDA:882,124,1,0
BRDA:882,125,0,0
BRDA:882,125,1,0
BRDA:882,125,2,0
BRDA:885,126,0,0
BRDA:885,126,1,0
BRDA:885,127,0,0
BRDA:885,127,1,0
BRDA:886,128,0,0
BRDA:886,128,1,0
BRDA:888,129,0,0
BRDA:888,129,1,0
BRDA:891,130,0,0
BRDA:891,130,1,0
BRDA:899,131,0,0
BRDA:899,131,1,0
BRDA:901,132,0,0
BRDA:901,132,1,0
BRDA:909,133,0,0
BRDA:909,133,1,0
BRDA:910,134,0,0
BRDA:910,134,1,0
BRDA:912,135,0,0
BRDA:912,135,1,0
BRDA:912,135,2,0
BRDA:914,136,0,0
BRDA:914,136,1,0
BRDA:921,137,0,0
BRDA:921,137,1,0
BRDA:923,138,0,0
BRDA:923,138,1,0
BRDA:926,139,0,0
BRDA:926,139,1,0
BRDA:933,140,0,0
BRDA:933,140,1,0
BRDA:935,141,0,0
BRDA:935,141,1,0
BRDA:938,142,0,0
BRDA:938,142,1,0
BRDA:955,143,0,0
BRDA:955,143,1,0
BRDA:956,144,0,0
BRDA:956,144,1,0
BRDA:956,145,0,0
BRDA:956,145,1,0
BRDA:964,146,0,0
BRDA:964,146,1,0
BRF:297
BRH:83
end_of_record
TN:
SF:src\services\UserService.js
FN:12,(anonymous_0)
FN:35,(anonymous_1)
FN:42,(anonymous_2)
FN:63,(anonymous_3)
FNF:4
FNH:0
FNDA:0,(anonymous_0)
FNDA:0,(anonymous_1)
FNDA:0,(anonymous_2)
FNDA:0,(anonymous_3)
DA:14,0
DA:16,0
DA:17,0
DA:19,0
DA:20,0
DA:22,0
DA:28,0
DA:29,0
DA:36,0
DA:43,0
DA:44,0
DA:45,0
DA:47,0
DA:48,0
DA:50,0
DA:56,0
DA:57,0
DA:64,0
DA:65,0
DA:66,0
DA:68,0
DA:69,0
DA:71,0
DA:77,0
DA:78,0
LF:25
LH:0
BRDA:12,0,0,0
BRDA:14,1,0,0
BRDA:14,1,1,0
BRDA:17,2,0,0
BRDA:17,2,1,0
BRDA:44,3,0,0
BRDA:44,3,1,0
BRDA:45,4,0,0
BRDA:45,4,1,0
BRDA:52,5,0,0
BRDA:52,5,1,0
BRDA:65,6,0,0
BRDA:65,6,1,0
BRDA:66,7,0,0
BRDA:66,7,1,0
BRF:15
BRH:0
end_of_record
TN:
SF:src\tests\helpers\dbHelper.js
FN:8,connect
FN:14,disconnect
FN:20,clearCollections
FNF:3
FNH:3
FNDA:14,connect
FNDA:14,disconnect
FNDA:37,clearCollections
DA:9,14
DA:10,14
DA:11,14
DA:15,14
DA:16,14
DA:17,14
DA:21,37
DA:22,37
DA:23,106
LF:9
LH:9
BRF:0
BRH:0
end_of_record
TN:
SF:src\tests\helpers\replicaHelper.js
FN:18,connectReplica
FN:26,(anonymous_1)
FN:33,(anonymous_2)
FN:37,disconnectReplica
FN:43,clearCollections
FNF:5
FNH:5
FNDA:4,connectReplica
FNDA:28,(anonymous_1)
FNDA:28,(anonymous_2)
FNDA:4,disconnectReplica
FNDA:32,clearCollections
DA:19,4
DA:20,4
DA:21,4
DA:25,4
DA:26,28
DA:32,4
DA:33,28
DA:38,4
DA:39,4
DA:40,4
DA:44,32
DA:45,32
DA:46,216
LF:13
LH:13
BRF:0
BRH:0
end_of_record
TN:
SF:src\utils\AppError.js
FN:7,(anonymous_0)
FNF:1
FNH:1
FNDA:37,(anonymous_0)
DA:8,37
DA:9,37
DA:10,37
DA:11,37
LF:4
LH:4
BRDA:7,0,0,37
BRF:1
BRH:1
end_of_record
TN:
SF:src\utils\catchAsync.js
FN:3,(anonymous_0)
FN:3,(anonymous_1)
FNF:2
FNH:2
FNDA:523,(anonymous_0)
FNDA:24,(anonymous_1)
DA:3,523
DA:4,24
LF:2
LH:2
BRF:0
BRH:0
end_of_record
TN:
SF:src\utils\response.js
FN:9,(anonymous_0)
FNF:1
FNH:1
FNDA:20,(anonymous_0)
DA:9,10
DA:10,20
DA:14,20
DA:15,20
LF:4
LH:4
BRDA:11,0,0,20
BRDA:11,0,1,20
BRDA:14,1,0,2
BRDA:14,1,1,18
BRF:4
BRH:4
end_of_record
TN:
SF:src\validations\auth.schema.js
FNF:0
FNH:0
DA:4,9
DA:11,9
DA:18,9
DA:25,9
DA:32,9
LF:5
LH:5
BRF:0
BRH:0
end_of_record
TN:
SF:src\validations\fee-structure.schema.js
FNF:0
FNH:0
DA:3,9
DA:17,9
DA:25,9
DA:40,9
LF:4
LH:4
BRF:0
BRH:0
end_of_record
TN:
SF:src\validations\ledger.schema.js
FNF:0
FNH:0
DA:4,9
DA:13,9
DA:30,9
DA:38,9
DA:46,9
LF:5
LH:5
BRF:0
BRH:0
end_of_record
TN:
SF:src\validations\parent.schema.js
FN:44,(anonymous_0)
FNF:1
FNH:0
FNDA:0,(anonymous_0)
DA:4,9
DA:6,9
DA:16,9
DA:26,9
DA:33,9
DA:40,9
DA:44,0
LF:7
LH:6
BRDA:44,0,0,0
BRDA:44,0,1,0
BRF:2
BRH:0
end_of_record
TN:
SF:src\validations\payment.schema.js
FNF:0
FNH:0
DA:4,9
DA:14,9
DA:21,9
LF:3
LH:3
BRF:0
BRH:0
end_of_record
TN:
SF:src\validations\student.schema.js
FNF:0
FNH:0
DA:4,9
DA:22,9
DA:37,9
DA:49,9
LF:4
LH:4
BRF:0
BRH:0
end_of_record
