TN:
SF:src\app.js
FN:33,(anonymous_0)
FN:39,(anonymous_1)
FN:59,(anonymous_2)
FNF:3
FNH:2
FNDA:53,(anonymous_0)
FNDA:0,(anonymous_1)
FNDA:2,(anonymous_2)
DA:24,9
DA:27,9
DA:28,9
DA:29,9
DA:30,9
DA:33,9
DA:34,53
DA:35,53
DA:39,9
DA:40,0
DA:44,9
DA:45,9
DA:46,9
DA:47,9
DA:48,9
DA:49,9
DA:50,9
DA:51,9
DA:52,9
DA:53,9
DA:54,9
DA:55,9
DA:56,9
DA:59,9
DA:60,2
DA:64,9
LF:26
LH:25
BRF:0
BRH:0
end_of_record
TN:
SF:src\config\env.js
FNF:0
FNH:0
DA:4,12
LF:1
LH:1
BRDA:5,0,0,12
BRDA:5,0,1,0
BRDA:6,1,0,12
BRDA:6,1,1,0
BRDA:7,2,0,12
BRDA:7,2,1,0
BRDA:8,3,0,12
BRDA:8,3,1,0
BRDA:9,4,0,12
BRDA:9,4,1,0
BRDA:10,5,0,12
BRDA:10,5,1,0
BRDA:11,6,0,12
BRDA:11,6,1,0
BRDA:12,7,0,12
BRDA:12,7,1,0
BRDA:13,8,0,12
BRDA:13,8,1,0
BRF:18
BRH:9
end_of_record
TN:
SF:src\config\logger.js
FN:7,(anonymous_0)
FNF:1
FNH:1
FNDA:118,(anonymous_0)
DA:5,12
DA:7,12
DA:8,118
DA:11,12
DA:19,12
DA:31,12
DA:32,12
LF:7
LH:7
BRDA:8,0,0,118
BRDA:8,0,1,106
BRDA:20,1,0,0
BRDA:20,1,1,12
BRDA:31,2,0,12
BRDA:31,2,1,0
BRF:6
BRH:4
end_of_record
TN:
SF:src\controllers\AcademicYearController.js
FN:5,(anonymous_0)
FN:15,(anonymous_1)
FN:24,(anonymous_2)
FN:47,(anonymous_3)
FNF:4
FNH:0
FNDA:0,(anonymous_0)
FNDA:0,(anonymous_1)
FNDA:0,(anonymous_2)
FNDA:0,(anonymous_3)
DA:5,9
DA:6,0
DA:8,0
DA:15,9
DA:16,0
DA:18,0
DA:24,9
DA:25,0
DA:26,0
DA:32,0
DA:37,0
DA:38,0
DA:41,0
DA:47,9
DA:48,0
DA:50,0
DA:51,0
DA:54,0
LF:18
LH:4
BRDA:25,0,0,0
BRDA:25,0,1,0
BRDA:37,1,0,0
BRDA:37,1,1,0
BRDA:50,2,0,0
BRDA:50,2,1,0
BRF:6
BRH:0
end_of_record
TN:
SF:src\controllers\AuditController.js
FN:8,(anonymous_0)
FN:15,(anonymous_1)
FNF:2
FNH:1
FNDA:1,(anonymous_0)
FNDA:0,(anonymous_1)
DA:8,9
DA:9,1
DA:10,1
DA:11,1
DA:15,9
DA:16,0
DA:17,0
LF:7
LH:5
BRDA:9,0,0,1
BRDA:9,1,0,1
BRF:2
BRH:2
end_of_record
TN:
SF:src\controllers\AuthController.js
FN:8,(anonymous_0)
FN:14,(anonymous_1)
FN:20,(anonymous_2)
FN:26,(anonymous_3)
FN:32,(anonymous_4)
FN:38,(anonymous_5)
FN:44,(anonymous_6)
FNF:7
FNH:2
FNDA:2,(anonymous_0)
FNDA:1,(anonymous_1)
FNDA:0,(anonymous_2)
FNDA:0,(anonymous_3)
FNDA:0,(anonymous_4)
FNDA:0,(anonymous_5)
FNDA:0,(anonymous_6)
DA:8,9
DA:9,2
DA:10,1
DA:14,9
DA:15,1
DA:16,1
DA:20,9
DA:21,0
DA:22,0
DA:26,9
DA:27,0
DA:28,0
DA:32,9
DA:33,0
DA:34,0
DA:38,9
DA:39,0
DA:40,0
DA:44,9
DA:45,0
DA:46,0
LF:21
LH:11
BRDA:39,0,0,0
BRDA:39,0,1,0
BRDA:45,1,0,0
BRDA:45,1,1,0
BRF:4
BRH:0
end_of_record
TN:
SF:src\controllers\DashboardController.js
FN:8,(anonymous_0)
FN:14,(anonymous_1)
FN:20,(anonymous_2)
FNF:3
FNH:2
FNDA:1,(anonymous_0)
FNDA:1,(anonymous_1)
FNDA:0,(anonymous_2)
DA:8,9
DA:9,1
DA:10,1
DA:14,9
DA:15,1
DA:16,1
DA:20,9
DA:21,0
DA:22,0
LF:9
LH:7
BRF:0
BRH:0
end_of_record
TN:
SF:src\controllers\FeeCategoryController.js
FN:5,(anonymous_0)
FN:15,(anonymous_1)
FN:24,(anonymous_2)
FN:40,(anonymous_3)
FNF:4
FNH:0
FNDA:0,(anonymous_0)
FNDA:0,(anonymous_1)
FNDA:0,(anonymous_2)
FNDA:0,(anonymous_3)
DA:5,9
DA:6,0
DA:8,0
DA:15,9
DA:16,0
DA:18,0
DA:24,9
DA:25,0
DA:30,0
DA:31,0
DA:34,0
DA:40,9
DA:41,0
DA:43,0
DA:44,0
DA:47,0
LF:16
LH:4
BRDA:30,0,0,0
BRDA:30,0,1,0
BRDA:43,1,0,0
BRDA:43,1,1,0
BRF:4
BRH:0
end_of_record
TN:
SF:src\controllers\FeeStructureController.js
FN:14,(anonymous_0)
FN:27,(anonymous_1)
FN:36,(anonymous_2)
FN:45,(anonymous_3)
FN:58,(anonymous_4)
FNF:5
FNH:0
FNDA:0,(anonymous_0)
FNDA:0,(anonymous_1)
FNDA:0,(anonymous_2)
FNDA:0,(anonymous_3)
FNDA:0,(anonymous_4)
DA:14,9
DA:15,0
DA:20,0
DA:27,9
DA:28,0
DA:29,0
DA:36,9
DA:37,0
DA:38,0
DA:45,9
DA:46,0
DA:47,0
DA:48,0
DA:49,0
DA:51,0
DA:58,9
DA:59,0
DA:60,0
DA:61,0
DA:62,0
DA:64,0
LF:21
LH:5
BRDA:48,0,0,0
BRDA:48,0,1,0
BRDA:61,1,0,0
BRDA:61,1,1,0
BRF:4
BRH:0
end_of_record
TN:
SF:src\controllers\LedgerController.js
FN:8,(anonymous_0)
FN:14,(anonymous_1)
FN:21,(anonymous_2)
FN:27,(anonymous_3)
FN:33,(anonymous_4)
FN:39,(anonymous_5)
FNF:6
FNH:1
FNDA:0,(anonymous_0)
FNDA:1,(anonymous_1)
FNDA:0,(anonymous_2)
FNDA:0,(anonymous_3)
FNDA:0,(anonymous_4)
FNDA:0,(anonymous_5)
DA:8,9
DA:9,0
DA:10,0
DA:14,9
DA:15,1
DA:16,1
DA:17,1
DA:21,9
DA:22,0
DA:23,0
DA:27,9
DA:28,0
DA:29,0
DA:33,9
DA:34,0
DA:35,0
DA:39,9
DA:40,0
DA:41,0
LF:19
LH:9
BRDA:15,0,0,1
BRDA:15,1,0,1
BRF:2
BRH:2
end_of_record
TN:
SF:src\controllers\MigrationController.js
FN:8,(anonymous_0)
FN:14,(anonymous_1)
FNF:2
FNH:1
FNDA:1,(anonymous_0)
FNDA:0,(anonymous_1)
DA:8,9
DA:9,1
DA:10,1
DA:14,9
DA:15,0
DA:16,0
LF:6
LH:4
BRF:0
BRH:0
end_of_record
TN:
SF:src\controllers\ParentController.js
FN:8,(anonymous_0)
FN:14,(anonymous_1)
FN:20,(anonymous_2)
FN:27,(anonymous_3)
FN:33,(anonymous_4)
FN:39,(anonymous_5)
FNF:6
FNH:4
FNDA:1,(anonymous_0)
FNDA:0,(anonymous_1)
FNDA:1,(anonymous_2)
FNDA:2,(anonymous_3)
FNDA:0,(anonymous_4)
FNDA:1,(anonymous_5)
DA:8,9
DA:9,1
DA:10,1
DA:14,9
DA:15,0
DA:16,0
DA:20,9
DA:21,1
DA:22,1
DA:23,1
DA:27,9
DA:28,2
DA:29,2
DA:33,9
DA:34,0
DA:35,0
DA:39,9
DA:40,1
DA:41,1
LF:19
LH:15
BRDA:21,0,0,1
BRDA:21,1,0,1
BRF:2
BRH:2
end_of_record
TN:
SF:src\controllers\PaymentController.js
FN:8,(anonymous_0)
FN:14,(anonymous_1)
FN:21,(anonymous_2)
FN:27,(anonymous_3)
FNF:4
FNH:3
FNDA:2,(anonymous_0)
FNDA:1,(anonymous_1)
FNDA:0,(anonymous_2)
FNDA:1,(anonymous_3)
DA:8,9
DA:9,2
DA:10,2
DA:14,9
DA:15,1
DA:16,1
DA:17,1
DA:21,9
DA:22,0
DA:23,0
DA:27,9
DA:28,1
DA:29,1
LF:13
LH:11
BRDA:9,0,0,2
BRDA:9,0,1,0
BRDA:15,1,0,1
BRDA:15,2,0,1
BRDA:28,3,0,1
BRDA:28,3,1,0
BRF:6
BRH:4
end_of_record
TN:
SF:src\controllers\StudentController.js
FN:9,(anonymous_0)
FN:15,(anonymous_1)
FN:22,(anonymous_2)
FN:28,(anonymous_3)
FN:34,(anonymous_4)
FN:40,(anonymous_5)
FN:46,(anonymous_6)
FN:54,(anonymous_7)
FN:64,(anonymous_8)
FNF:9
FNH:2
FNDA:1,(anonymous_0)
FNDA:1,(anonymous_1)
FNDA:0,(anonymous_2)
FNDA:0,(anonymous_3)
FNDA:0,(anonymous_4)
FNDA:0,(anonymous_5)
FNDA:0,(anonymous_6)
FNDA:0,(anonymous_7)
FNDA:0,(anonymous_8)
DA:9,9
DA:10,1
DA:11,1
DA:15,9
DA:16,1
DA:17,1
DA:18,1
DA:22,9
DA:23,0
DA:24,0
DA:28,9
DA:29,0
DA:30,0
DA:34,9
DA:35,0
DA:36,0
DA:40,9
DA:41,0
DA:42,0
DA:46,9
DA:47,0
DA:48,0
DA:49,0
DA:50,0
DA:54,9
DA:55,0
DA:56,0
DA:57,0
DA:59,0
DA:60,0
DA:64,9
DA:65,0
DA:66,0
DA:67,0
DA:69,0
DA:70,0
LF:36
LH:14
BRDA:16,0,0,1
BRDA:16,1,0,1
BRDA:48,2,0,0
BRDA:48,2,1,0
BRDA:48,3,0,0
BRDA:48,3,1,0
BRDA:56,4,0,0
BRDA:56,4,1,0
BRDA:56,5,0,0
BRDA:56,5,1,0
BRDA:56,5,2,0
BRDA:56,5,3,0
BRDA:56,5,4,0
BRDA:66,6,0,0
BRDA:66,6,1,0
BRDA:66,7,0,0
BRDA:66,7,1,0
BRF:17
BRH:2
end_of_record
TN:
SF:src\controllers\UserController.js
FN:9,(anonymous_0)
FN:19,(anonymous_1)
FN:25,(anonymous_2)
FN:31,(anonymous_3)
FNF:4
FNH:0
FNDA:0,(anonymous_0)
FNDA:0,(anonymous_1)
FNDA:0,(anonymous_2)
FNDA:0,(anonymous_3)
DA:9,9
DA:10,0
DA:11,0
DA:12,0
DA:14,0
DA:15,0
DA:19,9
DA:20,0
DA:21,0
DA:25,9
DA:26,0
DA:27,0
DA:31,9
DA:32,0
DA:33,0
DA:34,0
DA:35,0
LF:17
LH:4
BRDA:11,0,0,0
BRDA:11,0,1,0
BRDA:11,1,0,0
BRDA:11,1,1,0
BRDA:11,1,2,0
BRDA:12,2,0,0
BRDA:12,2,1,0
BRDA:27,3,0,0
BRDA:27,3,1,0
BRDA:33,4,0,0
BRDA:33,4,1,0
BRDA:33,5,0,0
BRDA:33,5,1,0
BRF:13
BRH:0
end_of_record
TN:
SF:src\middlewares\auth.middleware.js
FN:7,(anonymous_0)
FNF:1
FNH:1
FNDA:44,(anonymous_0)
DA:7,9
DA:8,44
DA:9,44
DA:10,13
DA:12,31
DA:13,31
DA:14,31
DA:15,31
DA:16,31
DA:18,0
LF:10
LH:9
BRDA:9,0,0,13
BRDA:9,0,1,31
BRDA:9,1,0,44
BRDA:9,1,1,31
BRF:4
BRH:4
end_of_record
TN:
SF:src\middlewares\authorize.middleware.js
FN:6,(anonymous_0)
FN:6,(anonymous_1)
FNF:2
FNH:2
FNDA:315,(anonymous_0)
FNDA:29,(anonymous_1)
DA:6,315
DA:7,29
DA:8,29
DA:9,7
DA:11,22
LF:5
LH:5
BRDA:7,0,0,0
BRDA:7,0,1,29
BRDA:8,1,0,7
BRDA:8,1,1,22
BRF:4
BRH:3
end_of_record
TN:
SF:src\middlewares\error.middleware.js
FN:4,(anonymous_0)
FNF:1
FNH:1
FNDA:24,(anonymous_0)
DA:4,9
DA:5,24
DA:6,24
DA:8,24
DA:9,0
DA:10,0
DA:19,24
DA:20,24
DA:27,0
DA:28,0
LF:10
LH:6
BRDA:5,0,0,24
BRDA:5,0,1,0
BRDA:6,1,0,24
BRDA:6,1,1,24
BRDA:8,2,0,0
BRDA:8,2,1,24
BRDA:19,3,0,24
BRDA:19,3,1,0
BRF:8
BRH:5
end_of_record
TN:
SF:src\middlewares\idempotency.middleware.js
FN:9,(anonymous_0)
FN:23,(anonymous_1)
FNF:2
FNH:2
FNDA:5,(anonymous_0)
FNDA:3,(anonymous_1)
DA:6,9
DA:7,9
DA:9,9
DA:10,5
DA:11,5
DA:12,1
DA:15,4
DA:16,4
DA:18,1
DA:22,3
DA:23,3
DA:24,3
DA:25,3
DA:28,3
LF:14
LH:14
BRDA:11,0,0,1
BRDA:11,0,1,4
BRDA:16,1,0,1
BRDA:16,1,1,3
BRDA:16,2,0,4
BRDA:16,2,1,1
BRF:6
BRH:6
end_of_record
TN:
SF:src\middlewares\rateLimit.middleware.js
FN:12,(anonymous_0)
FN:13,(anonymous_1)
FN:16,(anonymous_2)
FNF:3
FNH:3
FNDA:18,(anonymous_0)
FNDA:62,(anonymous_1)
FNDA:313,(anonymous_2)
DA:6,9
DA:12,9
DA:13,18
DA:14,62
DA:15,62
DA:16,313
DA:17,62
DA:18,0
DA:20,62
DA:21,62
DA:22,62
DA:26,9
DA:29,9
LF:13
LH:12
BRDA:12,0,0,0
BRDA:12,1,0,0
BRDA:12,2,0,0
BRDA:14,3,0,62
BRDA:14,3,1,0
BRDA:16,4,0,62
BRDA:16,4,1,9
BRDA:17,5,0,0
BRDA:17,5,1,62
BRF:9
BRH:4
end_of_record
TN:
SF:src\middlewares\validate.middleware.js
FN:1,(anonymous_0)
FN:1,(anonymous_1)
FNF:2
FNH:2
FNDA:207,(anonymous_0)
FNDA:23,(anonymous_1)
DA:1,207
DA:2,23
DA:3,23
DA:4,19
DA:6,13
DA:7,4
DA:12,13
DA:13,1
DA:18,13
DA:20,10
DA:21,10
LF:11
LH:11
BRDA:3,0,0,19
BRDA:3,0,1,4
BRDA:6,1,0,4
BRDA:6,1,1,9
BRDA:12,2,0,1
BRDA:12,2,1,12
BRF:6
BRH:6
end_of_record
TN:
SF:src\models\AcademicYear.js
FN:30,(anonymous_0)
FNF:1
FNH:0
FNDA:0,(anonymous_0)
DA:3,9
DA:30,9
DA:31,0
DA:32,0
DA:39,9
LF:5
LH:3
BRDA:31,0,0,0
BRDA:31,0,1,0
BRF:2
BRH:0
end_of_record
TN:
SF:src\models\AuditLog.js
FNF:0
FNH:0
DA:6,13
DA:63,13
DA:64,13
DA:65,13
DA:67,13
LF:5
LH:5
BRF:0
BRH:0
end_of_record
TN:
SF:src\models\FeeCategory.js
FNF:0
FNH:0
DA:3,9
DA:39,9
DA:41,9
LF:3
LH:3
BRF:0
BRH:0
end_of_record
TN:
SF:src\models\FeeStructure.js
FNF:0
FNH:0
DA:3,9
DA:72,9
DA:76,9
DA:78,9
LF:4
LH:4
BRF:0
BRH:0
end_of_record
TN:
SF:src\models\Parent.js
FNF:0
FNH:0
DA:4,14
DA:64,14
DA:69,14
LF:3
LH:3
BRF:0
BRH:0
end_of_record
TN:
SF:src\models\Payment.js
FNF:0
FNH:0
DA:6,13
DA:44,13
DA:46,13
LF:3
LH:3
BRF:0
BRH:0
end_of_record
TN:
SF:src\models\Student.js
FNF:0
FNH:0
DA:3,13
DA:71,13
DA:76,13
DA:80,13
DA:85,13
DA:89,13
DA:90,13
DA:91,13
DA:93,13
LF:9
LH:9
BRF:0
BRH:0
end_of_record
TN:
SF:src\models\StudentFeeLedger.js
FNF:0
FNH:0
DA:4,13
DA:17,13
DA:127,13
DA:131,13
DA:135,13
DA:140,13
DA:144,13
DA:148,13
DA:152,13
DA:154,13
LF:10
LH:10
BRF:0
BRH:0
end_of_record
TN:
SF:src\models\TransportFeeStructure.js
FNF:0
FNH:0
DA:3,9
DA:42,9
DA:52,9
DA:54,9
LF:4
LH:4
BRF:0
BRH:0
end_of_record
TN:
SF:src\models\User.js
FNF:0
FNH:0
DA:3,12
DA:66,12
DA:68,12
LF:3
LH:3
BRF:0
BRH:0
end_of_record
TN:
SF:src\repositories\auditRepository.js
FN:9,(anonymous_0)
FN:15,(anonymous_1)
FN:19,(anonymous_2)
FNF:3
FNH:3
FNDA:6,(anonymous_0)
FNDA:1,(anonymous_1)
FNDA:2,(anonymous_2)
DA:7,13
DA:10,6
DA:11,6
DA:12,6
DA:16,1
DA:20,2
DA:21,2
LF:7
LH:7
BRDA:9,0,0,6
BRDA:10,1,0,0
BRDA:10,1,1,6
BRDA:19,2,0,0
BRDA:19,3,0,2
BRDA:20,4,0,2
BRDA:20,5,0,2
BRDA:20,6,0,2
BRF:8
BRH:6
end_of_record
TN:
SF:src\repositories\ledgerRepository.js
FN:7,(anonymous_0)
FN:12,(anonymous_1)
FN:16,(anonymous_2)
FN:20,(anonymous_3)
FN:25,(anonymous_4)
FN:29,(anonymous_5)
FN:33,(anonymous_6)
FN:37,(anonymous_7)
FNF:8
FNH:5
FNDA:22,(anonymous_0)
FNDA:28,(anonymous_1)
FNDA:0,(anonymous_2)
FNDA:0,(anonymous_3)
FNDA:12,(anonymous_4)
FNDA:1,(anonymous_5)
FNDA:1,(anonymous_6)
FNDA:0,(anonymous_7)
DA:6,12
DA:8,22
DA:9,22
DA:13,28
DA:17,0
DA:21,0
DA:22,0
DA:26,12
DA:30,1
DA:34,1
DA:38,0
LF:11
LH:7
BRDA:7,0,0,21
BRDA:12,1,0,14
BRDA:12,2,0,14
BRDA:16,3,0,0
BRDA:16,4,0,0
BRDA:20,5,0,0
BRDA:20,6,0,0
BRDA:20,7,0,0
BRDA:21,8,0,0
BRDA:21,9,0,0
BRDA:21,10,0,0
BRDA:25,11,0,2
BRDA:29,12,0,1
BRDA:33,13,0,0
BRDA:37,14,0,0
BRF:15
BRH:5
end_of_record
TN:
SF:src\repositories\parentRepository.js
FN:9,(anonymous_0)
FN:15,(anonymous_1)
FN:20,(anonymous_2)
FN:25,(anonymous_3)
FN:30,(anonymous_4)
FN:35,(anonymous_5)
FN:41,(anonymous_6)
FN:46,(anonymous_7)
FN:54,(anonymous_8)
FN:59,(anonymous_9)
FN:64,(anonymous_10)
FNF:11
FNH:7
FNDA:16,(anonymous_0)
FNDA:8,(anonymous_1)
FNDA:4,(anonymous_2)
FNDA:0,(anonymous_3)
FNDA:0,(anonymous_4)
FNDA:2,(anonymous_5)
FNDA:5,(anonymous_6)
FNDA:0,(anonymous_7)
FNDA:1,(anonymous_8)
FNDA:1,(anonymous_9)
FNDA:0,(anonymous_10)
DA:7,11
DA:10,16
DA:11,16
DA:16,8
DA:21,4
DA:26,0
DA:31,0
DA:36,2
DA:37,2
DA:42,5
DA:47,0
DA:55,1
DA:60,1
DA:65,0
LF:14
LH:10
BRDA:9,0,0,8
BRDA:15,1,0,8
BRDA:15,2,0,8
BRDA:20,3,0,4
BRDA:20,4,0,4
BRDA:35,5,0,0
BRDA:35,6,0,1
BRDA:35,7,0,1
BRDA:36,8,0,1
BRDA:36,9,0,1
BRDA:36,10,0,2
BRDA:41,11,0,3
BRDA:54,12,0,1
BRDA:59,13,0,0
BRDA:64,14,0,0
BRF:15
BRH:12
end_of_record
TN:
SF:src\repositories\paymentRepository.js
FN:7,(anonymous_0)
FN:12,(anonymous_1)
FN:16,(anonymous_2)
FN:20,(anonymous_3)
FN:25,(anonymous_4)
FN:29,(anonymous_5)
FN:33,(anonymous_6)
FN:41,(anonymous_7)
FNF:8
FNH:4
FNDA:12,(anonymous_0)
FNDA:8,(anonymous_1)
FNDA:0,(anonymous_2)
FNDA:1,(anonymous_3)
FNDA:0,(anonymous_4)
FNDA:0,(anonymous_5)
FNDA:1,(anonymous_6)
FNDA:0,(anonymous_7)
DA:6,11
DA:8,12
DA:9,12
DA:13,8
DA:17,0
DA:21,1
DA:22,1
DA:26,0
DA:30,0
DA:34,1
DA:42,0
DA:43,0
DA:44,0
DA:45,0
DA:47,0
DA:48,0
DA:51,0
LF:17
LH:7
BRDA:7,0,0,6
BRDA:12,1,0,4
BRDA:12,2,0,4
BRDA:16,3,0,0
BRDA:16,4,0,0
BRDA:20,5,0,0
BRDA:20,6,0,1
BRDA:20,7,0,1
BRDA:21,8,0,1
BRDA:21,9,0,1
BRDA:21,10,0,1
BRDA:25,11,0,0
BRDA:29,12,0,0
BRDA:33,13,0,0
BRDA:41,14,0,0
BRDA:41,15,0,0
BRDA:41,16,0,0
BRDA:41,17,0,0
BRDA:43,18,0,0
BRDA:43,18,1,0
BRDA:47,19,0,0
BRDA:47,19,1,0
BRF:22
BRH:8
end_of_record
TN:
SF:src\repositories\studentRepository.js
FN:7,(anonymous_0)
FN:12,(anonymous_1)
FN:16,(anonymous_2)
FN:20,(anonymous_3)
FN:25,(anonymous_4)
FN:29,(anonymous_5)
FN:33,(anonymous_6)
FN:37,(anonymous_7)
FNF:8
FNH:5
FNDA:5,(anonymous_0)
FNDA:4,(anonymous_1)
FNDA:0,(anonymous_2)
FNDA:0,(anonymous_3)
FNDA:1,(anonymous_4)
FNDA:1,(anonymous_5)
FNDA:1,(anonymous_6)
FNDA:0,(anonymous_7)
DA:6,10
DA:8,5
DA:9,5
DA:13,4
DA:17,0
DA:21,0
DA:22,0
DA:26,1
DA:30,1
DA:34,1
DA:38,0
LF:11
LH:7
BRDA:7,0,0,5
BRDA:12,1,0,4
BRDA:12,2,0,4
BRDA:16,3,0,0
BRDA:16,4,0,0
BRDA:20,5,0,0
BRDA:20,6,0,0
BRDA:20,7,0,0
BRDA:21,8,0,0
BRDA:21,9,0,0
BRDA:21,10,0,0
BRDA:25,11,0,1
BRDA:29,12,0,1
BRDA:33,13,0,0
BRDA:37,14,0,0
BRF:15
BRH:5
end_of_record
TN:
SF:src\repositories\userRepository.js
FN:7,(anonymous_0)
FN:12,(anonymous_1)
FN:17,(anonymous_2)
FN:22,(anonymous_3)
FN:26,(anonymous_4)
FN:30,(anonymous_5)
FN:35,(anonymous_6)
FN:40,(anonymous_7)
FN:47,(anonymous_8)
FN:51,(anonymous_9)
FNF:10
FNH:0
FNDA:0,(anonymous_0)
FNDA:0,(anonymous_1)
FNDA:0,(anonymous_2)
FNDA:0,(anonymous_3)
FNDA:0,(anonymous_4)
FNDA:0,(anonymous_5)
FNDA:0,(anonymous_6)
FNDA:0,(anonymous_7)
FNDA:0,(anonymous_8)
FNDA:0,(anonymous_9)
DA:6,9
DA:8,0
DA:9,0
DA:13,0
DA:18,0
DA:23,0
DA:27,0
DA:31,0
DA:32,0
DA:36,0
DA:41,0
DA:48,0
DA:52,0
LF:13
LH:1
BRDA:7,0,0,0
BRDA:12,1,0,0
BRDA:12,2,0,0
BRDA:26,3,0,0
BRDA:26,4,0,0
BRDA:30,5,0,0
BRDA:30,6,0,0
BRDA:30,7,0,0
BRDA:31,8,0,0
BRDA:31,9,0,0
BRDA:31,10,0,0
BRDA:35,11,0,0
BRDA:40,12,0,0
BRDA:47,13,0,0
BRDA:51,14,0,0
BRF:15
BRH:0
end_of_record
TN:
SF:src\routes\academic-year.routes.js
FNF:0
FNH:0
DA:7,9
DA:9,9
DA:12,9
DA:15,9
DA:16,9
DA:17,9
LF:6
LH:6
BRF:0
BRH:0
end_of_record
TN:
SF:src\routes\audit.routes.js
FNF:0
FNH:0
DA:7,9
DA:9,9
DA:11,9
DA:12,9
LF:4
LH:4
BRF:0
BRH:0
end_of_record
TN:
SF:src\routes\auth.routes.js
FNF:0
FNH:0
DA:15,9
DA:18,9
DA:19,9
DA:20,9
DA:21,9
DA:22,9
DA:25,9
DA:26,9
LF:8
LH:8
BRF:0
BRH:0
end_of_record
TN:
SF:src\routes\dashboard.routes.js
FNF:0
FNH:0
DA:7,9
DA:9,9
DA:11,9
DA:12,9
DA:13,9
LF:5
LH:5
BRF:0
BRH:0
end_of_record
TN:
SF:src\routes\fee-category.routes.js
FNF:0
FNH:0
DA:4,9
DA:6,9
DA:11,9
LF:3
LH:3
BRF:0
BRH:0
end_of_record
TN:
SF:src\routes\fee-structure.routes.js
FNF:0
FNH:0
DA:14,9
DA:16,9
DA:19,9
DA:22,9
DA:23,9
DA:24,9
DA:25,9
LF:7
LH:7
BRF:0
BRH:0
end_of_record
TN:
SF:src\routes\ledger.routes.js
FNF:0
FNH:0
DA:14,9
DA:16,9
DA:18,9
DA:19,9
DA:20,9
LF:5
LH:5
BRF:0
BRH:0
end_of_record
TN:
SF:src\routes\migration.routes.js
FNF:0
FNH:0
DA:7,9
DA:9,9
DA:11,9
DA:12,9
LF:4
LH:4
BRF:0
BRH:0
end_of_record
TN:
SF:src\routes\parent.routes.js
FNF:0
FNH:0
DA:15,9
DA:18,9
DA:20,9
DA:21,9
DA:22,9
DA:23,9
DA:24,9
DA:25,9
LF:8
LH:8
BRF:0
BRH:0
end_of_record
TN:
SF:src\routes\payment.routes.js
FNF:0
FNH:0
DA:14,9
DA:16,9
DA:19,9
DA:20,9
DA:21,9
DA:22,9
LF:6
LH:6
BRF:0
BRH:0
end_of_record
TN:
SF:src\routes\student.routes.js
FNF:0
FNH:0
DA:14,9
DA:16,9
DA:18,9
DA:19,9
DA:20,9
DA:21,9
DA:22,9
DA:23,9
DA:24,9
DA:25,9
DA:26,9
LF:11
LH:11
BRF:0
BRH:0
end_of_record
TN:
SF:src\routes\user.routes.js
FNF:0
FNH:0
DA:7,9
DA:10,9
DA:11,9
DA:13,9
DA:14,9
DA:15,9
DA:16,9
LF:7
LH:7
BRF:0
BRH:0
end_of_record
TN:
SF:src\services\AuditService.js
FN:18,(anonymous_0)
FN:38,(anonymous_1)
FN:47,(anonymous_2)
FNF:3
FNH:0
FNDA:0,(anonymous_0)
FNDA:0,(anonymous_1)
FNDA:0,(anonymous_2)
DA:19,0
DA:27,0
DA:28,0
DA:30,0
DA:32,0
DA:39,0
DA:40,0
DA:41,0
DA:48,0
DA:49,0
DA:50,0
LF:11
LH:0
BRDA:18,0,0,0
BRDA:18,1,0,0
BRDA:38,2,0,0
BRDA:38,3,0,0
BRDA:39,4,0,0
BRDA:39,4,1,0
BRDA:40,5,0,0
BRDA:40,5,1,0
BRDA:49,6,0,0
BRDA:49,6,1,0
BRF:10
BRH:0
end_of_record
TN:
SF:src\services\AuthService.js
FN:14,cleanExpiredRefreshTokens
FN:25,(anonymous_1)
FN:50,(anonymous_2)
FN:62,(anonymous_3)
FN:94,(anonymous_4)
FN:136,(anonymous_5)
FN:141,(anonymous_6)
FN:157,(anonymous_7)
FN:178,(anonymous_8)
FN:182,(anonymous_9)
FN:196,(anonymous_10)
FNF:11
FNH:0
FNDA:0,cleanExpiredRefreshTokens
FNDA:0,(anonymous_1)
FNDA:0,(anonymous_2)
FNDA:0,(anonymous_3)
FNDA:0,(anonymous_4)
FNDA:0,(anonymous_5)
FNDA:0,(anonymous_6)
FNDA:0,(anonymous_7)
FNDA:0,(anonymous_8)
FNDA:0,(anonymous_9)
FNDA:0,(anonymous_10)
DA:15,0
DA:26,0
DA:27,0
DA:28,0
DA:29,0
DA:30,0
DA:32,0
DA:33,0
DA:35,0
DA:36,0
DA:37,0
DA:38,0
DA:41,0
DA:43,0
DA:44,0
DA:51,0
DA:52,0
DA:53,0
DA:54,0
DA:55,0
DA:56,0
DA:63,0
DA:64,0
DA:65,0
DA:66,0
DA:67,0
DA:68,0
DA:70,0
DA:71,0
DA:77,0
DA:81,0
DA:82,0
DA:84,0
DA:85,0
DA:87,0
DA:95,0
DA:101,0
DA:102,0
DA:103,0
DA:105,0
DA:106,0
DA:108,0
DA:110,0
DA:111,0
DA:112,0
DA:114,0
DA:115,0
DA:116,0
DA:117,0
DA:122,0
DA:123,0
DA:124,0
DA:126,0
DA:127,0
DA:129,0
DA:137,0
DA:138,0
DA:139,0
DA:141,0
DA:142,0
DA:144,0
DA:145,0
DA:147,0
DA:148,0
DA:149,0
DA:151,0
DA:152,0
DA:153,0
DA:156,0
DA:157,0
DA:158,0
DA:159,0
DA:161,0
DA:162,0
DA:164,0
DA:165,0
DA:166,0
DA:168,0
DA:169,0
DA:171,0
DA:179,0
DA:180,0
DA:181,0
DA:182,0
DA:183,0
DA:185,0
DA:186,0
DA:190,0
DA:197,0
DA:198,0
DA:199,0
LF:91
LH:0
BRDA:27,0,0,0
BRDA:27,0,1,0
BRDA:28,1,0,0
BRDA:28,1,1,0
BRDA:30,2,0,0
BRDA:30,2,1,0
BRDA:52,3,0,0
BRDA:52,3,1,0
BRDA:53,4,0,0
BRDA:53,4,1,0
BRDA:55,5,0,0
BRDA:55,5,1,0
BRDA:67,6,0,0
BRDA:67,6,1,0
BRDA:68,7,0,0
BRDA:68,7,1,0
BRDA:101,8,0,0
BRDA:101,8,1,0
BRDA:103,9,0,0
BRDA:103,9,1,0
BRDA:137,10,0,0
BRDA:137,10,1,0
BRDA:139,11,0,0
BRDA:139,11,1,0
BRDA:141,12,0,0
BRDA:141,12,1,0
BRDA:144,13,0,0
BRDA:144,13,1,0
BRDA:145,14,0,0
BRDA:145,14,1,0
BRDA:161,15,0,0
BRDA:161,15,1,0
BRDA:161,16,0,0
BRDA:161,16,1,0
BRDA:179,17,0,0
BRDA:179,17,1,0
BRDA:181,18,0,0
BRDA:181,18,1,0
BRDA:182,19,0,0
BRDA:182,19,1,0
BRDA:185,20,0,0
BRDA:185,20,1,0
BRDA:197,21,0,0
BRDA:197,21,1,0
BRF:44
BRH:0
end_of_record
TN:
SF:src\services\DashboardService.js
FN:12,(anonymous_0)
FN:15,(anonymous_1)
FN:15,(anonymous_2)
FN:32,(anonymous_3)
FN:51,(anonymous_4)
FNF:5
FNH:0
FNDA:0,(anonymous_0)
FNDA:0,(anonymous_1)
FNDA:0,(anonymous_2)
FNDA:0,(anonymous_3)
FNDA:0,(anonymous_4)
DA:13,0
DA:14,0
DA:15,0
DA:26,0
DA:27,0
DA:28,0
DA:33,0
DA:34,0
DA:46,0
DA:47,0
DA:52,0
DA:63,0
LF:12
LH:0
BRDA:26,0,0,0
BRDA:26,0,1,0
BRDA:46,1,0,0
BRDA:46,1,1,0
BRDA:66,2,0,0
BRDA:66,2,1,0
BRDA:67,3,0,0
BRDA:67,3,1,0
BRF:8
BRH:0
end_of_record
TN:
SF:src\services\LedgerService.js
FN:12,(anonymous_0)
FN:33,(anonymous_1)
FN:40,(anonymous_2)
FN:45,(anonymous_3)
FN:83,(anonymous_4)
FN:120,(anonymous_5)
FNF:6
FNH:5
FNDA:1,(anonymous_0)
FNDA:2,(anonymous_1)
FNDA:0,(anonymous_2)
FNDA:4,(anonymous_3)
FNDA:2,(anonymous_4)
FNDA:2,(anonymous_5)
DA:13,1
DA:14,1
DA:15,1
DA:16,1
DA:17,1
DA:21,1
DA:22,1
DA:24,0
DA:25,0
DA:26,0
DA:28,1
DA:34,2
DA:35,2
DA:36,1
DA:41,0
DA:46,4
DA:47,3
DA:48,3
DA:49,3
DA:50,3
DA:51,3
DA:52,3
DA:54,3
DA:55,3
DA:56,3
DA:58,2
DA:60,2
DA:65,2
DA:67,2
DA:71,2
DA:72,2
DA:74,1
DA:75,1
DA:76,1
DA:78,3
DA:84,2
DA:85,2
DA:86,2
DA:87,2
DA:88,2
DA:89,2
DA:91,2
DA:92,2
DA:93,2
DA:95,1
DA:97,1
DA:102,1
DA:104,1
DA:108,1
DA:109,1
DA:111,1
DA:112,1
DA:113,1
DA:115,2
DA:121,2
DA:122,2
DA:123,2
DA:124,2
DA:125,2
DA:126,2
DA:127,2
DA:129,1
DA:134,1
DA:136,1
DA:140,1
DA:141,1
DA:143,1
DA:144,1
DA:145,1
DA:147,2
LF:70
LH:66
BRDA:35,0,0,1
BRDA:35,0,1,1
BRDA:40,1,0,0
BRDA:40,2,0,0
BRDA:45,3,0,4
BRDA:45,4,0,4
BRDA:46,5,0,1
BRDA:46,5,1,3
BRDA:47,6,0,3
BRDA:47,6,1,3
BRDA:49,7,0,3
BRDA:49,7,1,0
BRDA:52,8,0,0
BRDA:52,8,1,3
BRDA:56,9,0,1
BRDA:56,9,1,2
BRDA:58,10,0,1
BRDA:58,10,1,1
BRDA:65,11,0,0
BRDA:65,11,1,2
BRDA:71,12,0,2
BRDA:71,12,1,0
BRDA:74,13,0,1
BRDA:74,13,1,0
BRDA:78,14,0,3
BRDA:78,14,1,0
BRDA:84,15,0,0
BRDA:84,15,1,2
BRDA:89,16,0,0
BRDA:89,16,1,2
BRDA:93,17,0,1
BRDA:93,17,1,1
BRDA:95,18,0,0
BRDA:95,18,1,1
BRDA:95,19,0,0
BRDA:95,19,1,1
BRDA:102,20,0,0
BRDA:102,20,1,1
BRDA:125,21,0,0
BRDA:125,21,1,2
BRDA:127,22,0,1
BRDA:127,22,1,1
BRDA:134,23,0,0
BRDA:134,23,1,1
BRF:44
BRH:29
end_of_record
TN:
SF:src\services\MigrationService.js
FN:13,(anonymous_0)
FN:34,(anonymous_1)
FNF:2
FNH:0
FNDA:0,(anonymous_0)
FNDA:0,(anonymous_1)
DA:14,0
DA:15,0
DA:16,0
DA:17,0
DA:18,0
DA:19,0
DA:23,0
DA:25,0
DA:26,0
DA:27,0
DA:29,0
DA:35,0
DA:36,0
DA:37,0
DA:38,0
DA:39,0
DA:40,0
DA:44,0
DA:46,0
DA:47,0
DA:48,0
DA:50,0
LF:22
LH:0
BRDA:14,0,0,0
BRDA:14,0,1,0
BRDA:14,1,0,0
BRDA:14,1,1,0
BRDA:35,2,0,0
BRDA:35,2,1,0
BRDA:35,3,0,0
BRDA:35,3,1,0
BRF:8
BRH:0
end_of_record
TN:
SF:src\services\ParentService.js
FN:14,(anonymous_0)
FN:35,(anonymous_1)
FN:56,(anonymous_2)
FN:63,(anonymous_3)
FN:68,(anonymous_4)
FN:100,(anonymous_5)
FNF:6
FNH:5
FNDA:8,(anonymous_0)
FNDA:1,(anonymous_1)
FNDA:2,(anonymous_2)
FNDA:1,(anonymous_3)
FNDA:0,(anonymous_4)
FNDA:3,(anonymous_5)
DA:15,8
DA:16,8
DA:17,8
DA:18,8
DA:19,8
DA:23,8
DA:24,8
DA:26,0
DA:27,0
DA:28,0
DA:30,8
DA:36,1
DA:37,1
DA:38,1
DA:39,1
DA:40,1
DA:44,1
DA:45,1
DA:47,0
DA:48,0
DA:49,0
DA:51,1
DA:57,2
DA:58,2
DA:59,1
DA:64,1
DA:69,0
DA:70,0
DA:71,0
DA:72,0
DA:73,0
DA:74,0
DA:76,0
DA:77,0
DA:78,0
DA:79,0
DA:80,0
DA:83,0
DA:85,0
DA:92,0
DA:101,3
DA:102,3
DA:104,3
DA:105,3
DA:106,2
DA:108,1
DA:109,1
DA:110,1
DA:111,1
DA:116,1
DA:120,1
DA:121,1
DA:123,0
DA:124,0
DA:125,0
DA:127,1
LF:56
LH:33
BRDA:58,0,0,1
BRDA:58,0,1,1
BRDA:63,1,0,1
BRDA:63,2,0,1
BRDA:70,3,0,0
BRDA:70,3,1,0
BRDA:72,4,0,0
BRDA:72,4,1,0
BRDA:73,5,0,0
BRDA:73,5,1,0
BRDA:76,6,0,0
BRDA:76,6,1,0
BRDA:78,7,0,0
BRDA:78,7,1,0
BRDA:79,8,0,0
BRDA:79,8,1,0
BRDA:83,9,0,0
BRDA:83,9,1,0
BRDA:100,10,0,3
BRDA:102,11,0,0
BRDA:102,11,1,3
BRDA:105,12,0,1
BRDA:105,12,1,2
BRDA:106,13,0,1
BRDA:106,13,1,1
BRF:25
BRH:10
end_of_record
TN:
SF:src\services\PaymentService.js
FN:14,(anonymous_0)
FN:56,(anonymous_1)
FN:110,(anonymous_2)
FN:117,(anonymous_3)
FNF:4
FNH:3
FNDA:6,(anonymous_0)
FNDA:4,(anonymous_1)
FNDA:2,(anonymous_2)
FNDA:0,(anonymous_3)
DA:15,6
DA:16,5
DA:17,5
DA:18,5
DA:20,5
DA:21,5
DA:23,5
DA:24,5
DA:25,5
DA:26,5
DA:28,4
DA:30,4
DA:33,4
DA:38,4
DA:40,4
DA:44,4
DA:45,4
DA:47,1
DA:48,1
DA:49,1
DA:51,5
DA:57,4
DA:58,4
DA:59,4
DA:60,4
DA:61,4
DA:62,3
DA:65,2
DA:66,2
DA:68,2
DA:69,2
DA:71,2
DA:72,2
DA:74,2
DA:75,2
DA:78,2
DA:87,2
DA:92,2
DA:94,2
DA:98,2
DA:99,2
DA:101,2
DA:102,2
DA:103,2
DA:105,4
DA:111,2
DA:112,2
DA:113,1
DA:118,0
LF:49
LH:48
BRDA:14,0,0,6
BRDA:14,1,0,6
BRDA:14,2,0,6
BRDA:15,3,0,1
BRDA:15,3,1,5
BRDA:21,4,0,0
BRDA:21,4,1,5
BRDA:26,5,0,1
BRDA:26,5,1,4
BRDA:28,6,0,0
BRDA:28,6,1,4
BRDA:38,7,0,0
BRDA:38,7,1,4
BRDA:56,8,0,4
BRDA:61,9,0,1
BRDA:61,9,1,3
BRDA:62,10,0,1
BRDA:62,10,1,2
BRDA:66,11,0,0
BRDA:66,11,1,2
BRDA:69,12,0,0
BRDA:69,12,1,2
BRDA:71,13,0,2
BRDA:71,13,1,2
BRDA:75,14,0,0
BRDA:75,14,1,2
BRDA:75,15,0,0
BRDA:75,15,1,2
BRDA:92,16,0,0
BRDA:92,16,1,2
BRDA:112,17,0,1
BRDA:112,17,1,1
BRDA:117,18,0,0
BRDA:117,19,0,0
BRF:34
BRH:24
end_of_record
TN:
SF:src\services\StudentService.js
FN:13,(anonymous_0)
FN:45,(anonymous_1)
FN:77,(anonymous_2)
FN:87,(anonymous_3)
FN:97,(anonymous_4)
FN:107,(anonymous_5)
FN:117,(anonymous_6)
FN:334,(anonymous_7)
FN:406,(anonymous_8)
FN:415,(anonymous_9)
FN:453,(anonymous_10)
FN:486,(anonymous_11)
FN:493,(anonymous_12)
FN:498,(anonymous_13)
FN:507,(anonymous_14)
FN:538,(anonymous_15)
FN:572,(anonymous_16)
FN:611,(anonymous_17)
FN:611,(anonymous_18)
FN:789,(anonymous_19)
FN:802,(anonymous_20)
FN:854,(anonymous_21)
FN:894,(anonymous_22)
FNF:23
FNH:0
FNDA:0,(anonymous_0)
FNDA:0,(anonymous_1)
FNDA:0,(anonymous_2)
FNDA:0,(anonymous_3)
FNDA:0,(anonymous_4)
FNDA:0,(anonymous_5)
FNDA:0,(anonymous_6)
FNDA:0,(anonymous_7)
FNDA:0,(anonymous_8)
FNDA:0,(anonymous_9)
FNDA:0,(anonymous_10)
FNDA:0,(anonymous_11)
FNDA:0,(anonymous_12)
FNDA:0,(anonymous_13)
FNDA:0,(anonymous_14)
FNDA:0,(anonymous_15)
FNDA:0,(anonymous_16)
FNDA:0,(anonymous_17)
FNDA:0,(anonymous_18)
FNDA:0,(anonymous_19)
FNDA:0,(anonymous_20)
FNDA:0,(anonymous_21)
FNDA:0,(anonymous_22)
DA:14,0
DA:15,0
DA:16,0
DA:17,0
DA:18,0
DA:20,0
DA:21,0
DA:22,0
DA:24,0
DA:25,0
DA:28,0
DA:29,0
DA:30,0
DA:36,0
DA:37,0
DA:38,0
DA:39,0
DA:40,0
DA:42,0
DA:45,0
DA:47,0
DA:50,0
DA:51,0
DA:52,0
DA:53,0
DA:54,0
DA:57,0
DA:63,0
DA:64,0
DA:70,0
DA:71,0
DA:72,0
DA:77,0
DA:80,0
DA:81,0
DA:82,0
DA:87,0
DA:90,0
DA:91,0
DA:92,0
DA:97,0
DA:100,0
DA:101,0
DA:102,0
DA:107,0
DA:110,0
DA:111,0
DA:112,0
DA:117,0
DA:120,0
DA:121,0
DA:137,0
DA:143,0
DA:144,0
DA:145,0
DA:146,0
DA:147,0
DA:151,0
DA:155,0
DA:159,0
DA:164,0
DA:165,0
DA:166,0
DA:171,0
DA:174,0
DA:177,0
DA:178,0
DA:205,0
DA:206,0
DA:207,0
DA:235,0
DA:239,0
DA:240,0
DA:267,0
DA:268,0
DA:293,0
DA:320,0
DA:322,0
DA:323,0
DA:325,0
DA:326,0
DA:327,0
DA:329,0
DA:335,0
DA:336,0
DA:337,0
DA:338,0
DA:339,0
DA:341,0
DA:342,0
DA:343,0
DA:344,0
DA:346,0
DA:349,0
DA:350,0
DA:351,0
DA:353,0
DA:354,0
DA:355,0
DA:356,0
DA:357,0
DA:359,0
DA:360,0
DA:361,0
DA:362,0
DA:363,0
DA:368,0
DA:369,0
DA:371,0
DA:372,0
DA:373,0
DA:375,0
DA:376,0
DA:377,0
DA:379,0
DA:380,0
DA:381,0
DA:384,0
DA:399,0
DA:401,0
DA:406,0
DA:407,0
DA:409,0
DA:410,0
DA:412,0
DA:413,0
DA:415,0
DA:416,0
DA:417,0
DA:418,0
DA:419,0
DA:420,0
DA:421,0
DA:425,0
DA:452,0
DA:453,0
DA:454,0
DA:455,0
DA:456,0
DA:457,0
DA:463,0
DA:464,0
DA:466,0
DA:470,0
DA:474,0
DA:475,0
DA:477,0
DA:478,0
DA:479,0
DA:481,0
DA:487,0
DA:488,0
DA:489,0
DA:494,0
DA:499,0
DA:500,0
DA:501,0
DA:502,0
DA:503,0
DA:506,0
DA:507,0
DA:510,0
DA:511,0
DA:515,0
DA:518,0
DA:521,0
DA:526,0
DA:527,0
DA:529,0
DA:530,0
DA:531,0
DA:533,0
DA:539,0
DA:540,0
DA:541,0
DA:542,0
DA:543,0
DA:545,0
DA:546,0
DA:547,0
DA:552,0
DA:554,0
DA:560,0
DA:561,0
DA:563,0
DA:564,0
DA:565,0
DA:567,0
DA:573,0
DA:574,0
DA:575,0
DA:576,0
DA:577,0
DA:579,0
DA:582,0
DA:583,0
DA:584,0
DA:585,0
DA:586,0
DA:589,0
DA:594,0
DA:595,0
DA:596,0
DA:597,0
DA:599,0
DA:600,0
DA:601,0
DA:606,0
DA:610,0
DA:611,0
DA:613,0
DA:628,0
DA:633,0
DA:642,0
DA:643,0
DA:646,0
DA:647,0
DA:648,0
DA:649,0
DA:671,0
DA:672,0
DA:673,0
DA:674,0
DA:696,0
DA:697,0
DA:698,0
DA:699,0
DA:721,0
DA:723,0
DA:724,0
DA:743,0
DA:744,0
DA:764,0
DA:765,0
DA:766,0
DA:769,0
DA:774,0
DA:775,0
DA:777,0
DA:778,0
DA:779,0
DA:781,0
DA:790,0
DA:791,0
DA:792,0
DA:793,0
DA:794,0
DA:796,0
DA:797,0
DA:798,0
DA:802,0
DA:805,0
DA:806,0
DA:808,0
DA:833,0
DA:835,0
DA:842,0
DA:843,0
DA:845,0
DA:846,0
DA:847,0
DA:849,0
DA:855,0
DA:856,0
DA:859,0
DA:860,0
DA:861,0
DA:863,0
DA:864,0
DA:865,0
DA:867,0
DA:868,0
DA:869,0
DA:871,0
DA:872,0
DA:874,0
DA:875,0
DA:877,0
DA:878,0
DA:881,0
DA:882,0
DA:883,0
DA:885,0
DA:886,0
DA:887,0
DA:888,0
DA:891,0
DA:894,0
DA:895,0
DA:896,0
DA:897,0
DA:898,0
DA:900,0
DA:901,0
DA:904,0
DA:905,0
DA:907,0
DA:908,0
DA:909,0
DA:910,0
DA:912,0
DA:913,0
DA:916,0
DA:919,0
DA:920,0
DA:921,0
DA:922,0
DA:924,0
DA:925,0
DA:929,0
DA:931,0
DA:938,0
DA:940,0
DA:941,0
DA:942,0
DA:943,0
DA:945,0
DA:948,0
DA:954,0
DA:958,0
LF:320
LH:0
BRDA:18,0,0,0
BRDA:18,0,1,0
BRDA:18,1,0,0
BRDA:18,1,1,0
BRDA:21,2,0,0
BRDA:21,2,1,0
BRDA:24,3,0,0
BRDA:24,3,1,0
BRDA:29,4,0,0
BRDA:29,4,1,0
BRDA:31,5,0,0
BRDA:31,5,1,0
BRDA:36,6,0,0
BRDA:36,6,1,0
BRDA:38,7,0,0
BRDA:38,7,1,0
BRDA:39,8,0,0
BRDA:39,8,1,0
BRDA:51,9,0,0
BRDA:51,9,1,0
BRDA:71,10,0,0
BRDA:71,10,1,0
BRDA:81,11,0,0
BRDA:81,11,1,0
BRDA:91,12,0,0
BRDA:91,12,1,0
BRDA:101,13,0,0
BRDA:101,13,1,0
BRDA:111,14,0,0
BRDA:111,14,1,0
BRDA:143,15,0,0
BRDA:143,15,1,0
BRDA:144,16,0,0
BRDA:144,16,1,0
BRDA:145,17,0,0
BRDA:145,17,1,0
BRDA:145,18,0,0
BRDA:145,18,1,0
BRDA:151,19,0,0
BRDA:151,19,1,0
BRDA:151,20,0,0
BRDA:151,20,1,0
BRDA:155,21,0,0
BRDA:155,21,1,0
BRDA:155,22,0,0
BRDA:155,22,1,0
BRDA:159,23,0,0
BRDA:159,23,1,0
BRDA:159,24,0,0
BRDA:159,24,1,0
BRDA:165,25,0,0
BRDA:165,25,1,0
BRDA:165,26,0,0
BRDA:165,26,1,0
BRDA:171,27,0,0
BRDA:171,27,1,0
BRDA:171,28,0,0
BRDA:171,28,1,0
BRDA:174,29,0,0
BRDA:174,29,1,0
BRDA:184,30,0,0
BRDA:184,30,1,0
BRDA:185,31,0,0
BRDA:185,31,1,0
BRDA:187,32,0,0
BRDA:187,32,1,0
BRDA:192,33,0,0
BRDA:192,33,1,0
BRDA:198,34,0,0
BRDA:198,34,1,0
BRDA:205,35,0,0
BRDA:205,35,1,0
BRDA:205,36,0,0
BRDA:205,36,1,0
BRDA:221,37,0,0
BRDA:221,37,1,0
BRDA:246,38,0,0
BRDA:246,38,1,0
BRDA:247,39,0,0
BRDA:247,39,1,0
BRDA:249,40,0,0
BRDA:249,40,1,0
BRDA:254,41,0,0
BRDA:254,41,1,0
BRDA:260,42,0,0
BRDA:260,42,1,0
BRDA:267,43,0,0
BRDA:267,43,1,0
BRDA:282,44,0,0
BRDA:282,44,1,0
BRDA:288,45,0,0
BRDA:288,45,1,0
BRDA:307,46,0,0
BRDA:307,46,1,0
BRDA:313,47,0,0
BRDA:313,47,1,0
BRDA:339,48,0,0
BRDA:339,48,1,0
BRDA:353,49,0,0
BRDA:353,49,1,0
BRDA:357,50,0,0
BRDA:357,50,1,0
BRDA:362,51,0,0
BRDA:362,51,1,0
BRDA:363,52,0,0
BRDA:363,52,1,0
BRDA:368,53,0,0
BRDA:368,53,1,0
BRDA:368,54,0,0
BRDA:368,54,1,0
BRDA:368,54,2,0
BRDA:371,55,0,0
BRDA:371,55,1,0
BRDA:375,56,0,0
BRDA:375,56,1,0
BRDA:377,57,0,0
BRDA:377,57,1,0
BRDA:379,58,0,0
BRDA:379,58,1,0
BRDA:381,59,0,0
BRDA:381,59,1,0
BRDA:412,60,0,0
BRDA:412,60,1,0
BRDA:413,61,0,0
BRDA:413,61,1,0
BRDA:416,62,0,0
BRDA:416,62,1,0
BRDA:416,63,0,0
BRDA:416,63,1,0
BRDA:417,64,0,0
BRDA:417,64,1,0
BRDA:419,65,0,0
BRDA:419,65,1,0
BRDA:420,66,0,0
BRDA:420,66,1,0
BRDA:439,67,0,0
BRDA:439,67,1,0
BRDA:452,68,0,0
BRDA:452,68,1,0
BRDA:454,69,0,0
BRDA:454,69,1,0
BRDA:454,70,0,0
BRDA:454,70,1,0
BRDA:463,71,0,0
BRDA:463,71,1,0
BRDA:488,72,0,0
BRDA:488,72,1,0
BRDA:493,73,0,0
BRDA:493,74,0,0
BRDA:503,75,0,0
BRDA:503,75,1,0
BRDA:510,76,0,0
BRDA:510,76,1,0
BRDA:543,77,0,0
BRDA:543,77,1,0
BRDA:577,78,0,0
BRDA:577,78,1,0
BRDA:579,79,0,0
BRDA:579,79,1,0
BRDA:594,80,0,0
BRDA:594,80,1,0
BRDA:594,81,0,0
BRDA:594,81,1,0
BRDA:594,82,0,0
BRDA:594,82,1,0
BRDA:595,83,0,0
BRDA:595,83,1,0
BRDA:596,84,0,0
BRDA:596,84,1,0
BRDA:597,85,0,0
BRDA:597,85,1,0
BRDA:600,86,0,0
BRDA:600,86,1,0
BRDA:600,87,0,0
BRDA:600,87,1,0
BRDA:606,88,0,0
BRDA:606,88,1,0
BRDA:611,89,0,0
BRDA:611,89,1,0
BRDA:638,90,0,0
BRDA:638,90,1,0
BRDA:646,91,0,0
BRDA:646,91,1,0
BRDA:648,92,0,0
BRDA:648,92,1,0
BRDA:655,93,0,0
BRDA:655,93,1,0
BRDA:656,94,0,0
BRDA:656,94,1,0
BRDA:658,95,0,0
BRDA:658,95,1,0
BRDA:663,96,0,0
BRDA:663,96,1,0
BRDA:671,97,0,0
BRDA:671,97,1,0
BRDA:671,98,0,0
BRDA:671,98,1,0
BRDA:671,98,2,0
BRDA:673,99,0,0
BRDA:673,99,1,0
BRDA:688,100,0,0
BRDA:688,100,1,0
BRDA:696,101,0,0
BRDA:696,101,1,0
BRDA:698,102,0,0
BRDA:698,102,1,0
BRDA:705,103,0,0
BRDA:705,103,1,0
BRDA:706,104,0,0
BRDA:706,104,1,0
BRDA:708,105,0,0
BRDA:708,105,1,0
BRDA:713,106,0,0
BRDA:713,106,1,0
BRDA:721,107,0,0
BRDA:721,107,1,0
BRDA:723,108,0,0
BRDA:723,108,1,0
BRDA:723,109,0,0
BRDA:723,109,1,0
BRDA:723,109,2,0
BRDA:738,110,0,0
BRDA:738,110,1,0
BRDA:743,111,0,0
BRDA:743,111,1,0
BRDA:743,112,0,0
BRDA:743,112,1,0
BRDA:743,112,2,0
BRDA:758,113,0,0
BRDA:758,113,1,0
BRDA:764,114,0,0
BRDA:764,114,1,0
BRDA:794,115,0,0
BRDA:794,115,1,0
BRDA:797,116,0,0
BRDA:797,116,1,0
BRDA:806,117,0,0
BRDA:806,117,1,0
BRDA:822,118,0,0
BRDA:822,118,1,0
BRDA:855,119,0,0
BRDA:855,119,1,0
BRDA:868,120,0,0
BRDA:868,120,1,0
BRDA:868,121,0,0
BRDA:868,121,1,0
BRDA:868,121,2,0
BRDA:871,122,0,0
BRDA:871,122,1,0
BRDA:871,123,0,0
BRDA:871,123,1,0
BRDA:872,124,0,0
BRDA:872,124,1,0
BRDA:874,125,0,0
BRDA:874,125,1,0
BRDA:877,126,0,0
BRDA:877,126,1,0
BRDA:885,127,0,0
BRDA:885,127,1,0
BRDA:887,128,0,0
BRDA:887,128,1,0
BRDA:895,129,0,0
BRDA:895,129,1,0
BRDA:896,130,0,0
BRDA:896,130,1,0
BRDA:898,131,0,0
BRDA:898,131,1,0
BRDA:898,131,2,0
BRDA:900,132,0,0
BRDA:900,132,1,0
BRDA:907,133,0,0
BRDA:907,133,1,0
BRDA:909,134,0,0
BRDA:909,134,1,0
BRDA:912,135,0,0
BRDA:912,135,1,0
BRDA:919,136,0,0
BRDA:919,136,1,0
BRDA:921,137,0,0
BRDA:921,137,1,0
BRDA:924,138,0,0
BRDA:924,138,1,0
BRDA:941,139,0,0
BRDA:941,139,1,0
BRDA:942,140,0,0
BRDA:942,140,1,0
BRDA:942,141,0,0
BRDA:942,141,1,0
BRDA:950,142,0,0
BRDA:950,142,1,0
BRF:290
BRH:0
end_of_record
TN:
SF:src\services\UserService.js
FN:12,(anonymous_0)
FN:35,(anonymous_1)
FN:42,(anonymous_2)
FN:63,(anonymous_3)
FNF:4
FNH:0
FNDA:0,(anonymous_0)
FNDA:0,(anonymous_1)
FNDA:0,(anonymous_2)
FNDA:0,(anonymous_3)
DA:14,0
DA:16,0
DA:17,0
DA:19,0
DA:20,0
DA:22,0
DA:28,0
DA:29,0
DA:36,0
DA:43,0
DA:44,0
DA:45,0
DA:47,0
DA:48,0
DA:50,0
DA:56,0
DA:57,0
DA:64,0
DA:65,0
DA:66,0
DA:68,0
DA:69,0
DA:71,0
DA:77,0
DA:78,0
LF:25
LH:0
BRDA:12,0,0,0
BRDA:14,1,0,0
BRDA:14,1,1,0
BRDA:17,2,0,0
BRDA:17,2,1,0
BRDA:44,3,0,0
BRDA:44,3,1,0
BRDA:45,4,0,0
BRDA:45,4,1,0
BRDA:52,5,0,0
BRDA:52,5,1,0
BRDA:65,6,0,0
BRDA:65,6,1,0
BRDA:66,7,0,0
BRDA:66,7,1,0
BRF:15
BRH:0
end_of_record
TN:
SF:src\tests\helpers\dbHelper.js
FN:8,connect
FN:14,disconnect
FN:20,clearCollections
FNF:3
FNH:3
FNDA:14,connect
FNDA:14,disconnect
FNDA:37,clearCollections
DA:9,14
DA:10,14
DA:11,14
DA:15,14
DA:16,14
DA:17,14
DA:21,37
DA:22,37
DA:23,106
LF:9
LH:9
BRF:0
BRH:0
end_of_record
TN:
SF:src\tests\helpers\replicaHelper.js
FN:18,connectReplica
FN:26,(anonymous_1)
FN:33,(anonymous_2)
FN:37,disconnectReplica
FN:43,clearCollections
FNF:5
FNH:5
FNDA:3,connectReplica
FNDA:18,(anonymous_1)
FNDA:18,(anonymous_2)
FNDA:3,disconnectReplica
FNDA:26,clearCollections
DA:19,3
DA:20,3
DA:21,3
DA:25,3
DA:26,18
DA:32,3
DA:33,18
DA:38,3
DA:39,3
DA:40,3
DA:44,26
DA:45,26
DA:46,156
LF:13
LH:13
BRF:0
BRH:0
end_of_record
TN:
SF:src\utils\AppError.js
FN:7,(anonymous_0)
FNF:1
FNH:1
FNDA:36,(anonymous_0)
DA:8,36
DA:9,36
DA:10,36
DA:11,36
LF:4
LH:4
BRDA:7,0,0,36
BRF:1
BRH:1
end_of_record
TN:
SF:src\utils\catchAsync.js
FN:3,(anonymous_0)
FN:3,(anonymous_1)
FNF:2
FNH:2
FNDA:504,(anonymous_0)
FNDA:19,(anonymous_1)
DA:3,504
DA:4,19
LF:2
LH:2
BRF:0
BRH:0
end_of_record
TN:
SF:src\utils\response.js
FN:9,(anonymous_0)
FNF:1
FNH:1
FNDA:18,(anonymous_0)
DA:9,9
DA:10,18
DA:14,18
DA:15,18
LF:4
LH:4
BRDA:11,0,0,18
BRDA:11,0,1,18
BRDA:14,1,0,2
BRDA:14,1,1,16
BRF:4
BRH:4
end_of_record
TN:
SF:src\validations\auth.schema.js
FNF:0
FNH:0
DA:4,9
DA:11,9
DA:18,9
DA:25,9
DA:32,9
LF:5
LH:5
BRF:0
BRH:0
end_of_record
TN:
SF:src\validations\fee-structure.schema.js
FNF:0
FNH:0
DA:3,9
DA:17,9
DA:25,9
DA:40,9
LF:4
LH:4
BRF:0
BRH:0
end_of_record
TN:
SF:src\validations\ledger.schema.js
FNF:0
FNH:0
DA:4,9
DA:13,9
DA:30,9
DA:38,9
DA:46,9
LF:5
LH:5
BRF:0
BRH:0
end_of_record
TN:
SF:src\validations\parent.schema.js
FN:44,(anonymous_0)
FNF:1
FNH:0
FNDA:0,(anonymous_0)
DA:4,9
DA:6,9
DA:16,9
DA:26,9
DA:33,9
DA:40,9
DA:44,0
LF:7
LH:6
BRDA:44,0,0,0
BRDA:44,0,1,0
BRF:2
BRH:0
end_of_record
TN:
SF:src\validations\payment.schema.js
FNF:0
FNH:0
DA:4,9
DA:14,9
DA:21,9
LF:3
LH:3
BRF:0
BRH:0
end_of_record
TN:
SF:src\validations\student.schema.js
FNF:0
FNH:0
DA:4,9
DA:21,9
DA:35,9
DA:47,9
LF:4
LH:4
BRF:0
BRH:0
end_of_record
